-=-=-=-=-=-=-=-=-=-=-=-=-=-=-=-=-=-=-=-=-=-=-=-=-=-=-=-=-=-=-=-=
CLIntercept (64-bit) is loading...
CLIntercept file location: C:\Users\Local_Admin\Downloads\clintercept-3.0.6-win64\Release\opencl.dll
CLIntercept URL: https://github.com/intel/opencl-intercept-layer
CLIntercept git description: v3.0.6
CLIntercept git refspec: 
CLIntercept git hash: 1c86da258a3de21c88abb8d81953febcef50991f
CLIntercept optional features:
    cliloader(supported)
    cliprof(supported)
    kernel overrides(supported)
    ITT tracing(NOT supported)
    MDAPI(supported)
    Demangling(NOT supported)
    clock(steady_clock)
CLIntercept environment variable prefix: CLI_
CLIntercept registry key: SOFTWARE\INTEL\IGFX\CLINTERCEPT
Trying to load dispatch from: real_opencl.dll
Couldn't get exported function pointer to: clGetGLContextInfoKHR
... success!
Control ReportToStderr is set to non-default value: true
Control DevicePerformanceTiming is set to non-default value: true
Timer Started!
... loading complete.
Total Enqueues: 0

=== FC Benchmark (precision=u4) ===
M=1 K=4096 N=4096 group_size=128 iters=5000 warmup=200 bufs=8 flush_mb=64
Dynamic quantization: OFF (decode mode, group_size=0)
Input tensors allocated in USM_DEVICE (VRAM) via RemoteContext.
L2/L3 flush kernel: 64 MB f16 Relu between every FC infer.
Median_ms: 0.1244
Min_ms: 0.1178
Avg_ms: 0.129395
GFLOPS: 269.73
BW_GBs: 69.6715
AI: 3.87146
WeightBytes: 8.38861e+06
TotalBytes: 8.66714e+06
TotalFLOPs: 3.35544e+07
Total Enqueues: 15607


Device Performance Timing Results for Intel(R) Arc(TM) B390 GPU (96CUs, 2400MHz):

Total Time (ns): 6816655008

                        Function Name,  Calls,     Time (ns), Time (%),  Average (ns),      Min (ns),      Max (ns)
activation_opt_477147924471330069_0_0,   5201,    6358432170,   93.28%,       1222540,       1195000,       2239062
           clEnqueueMemFillINTEL( H ),      5,       2148435,    0.03%,        429687,          1250,       1072187
                          gemm_kernel,   5200,     456020653,    6.69%,         87696,         85104,        211979
 reorder_data_8022986047467355601_0_0,      1,         53750,    0.00%,         53750,         53750,         53750
CLIntercept is shutting down...
... shutdown complete.
