-=-=-=-=-=-=-=-=-=-=-=-=-=-=-=-=-=-=-=-=-=-=-=-=-=-=-=-=-=-=-=-=
CLIntercept (64-bit) is loading...
CLIntercept file location: C:\Users\Local_Admin\Downloads\clintercept-3.0.6-win64\Release\opencl.dll
CLIntercept URL: https://github.com/intel/opencl-intercept-layer
CLIntercept git description: v3.0.6
CLIntercept git refspec: 
CLIntercept git hash: 1c86da258a3de21c88abb8d81953febcef50991f
CLIntercept optional features:
    cliloader(supported)
    cliprof(supported)
    kernel overrides(supported)
    ITT tracing(NOT supported)
    MDAPI(supported)
    Demangling(NOT supported)
    clock(steady_clock)
CLIntercept environment variable prefix: CLI_
CLIntercept registry key: SOFTWARE\INTEL\IGFX\CLINTERCEPT
Trying to load dispatch from: real_opencl.dll
Couldn't get exported function pointer to: clGetGLContextInfoKHR
... success!
Control ReportToStderr is set to non-default value: true
Control DevicePerformanceTiming is set to non-default value: true
Timer Started!
... loading complete.
Total Enqueues: 0

=== FC Benchmark (precision=u4) ===
M=2048 K=4096 N=6144 group_size=128 iters=20 warmup=5 bufs=4 flush_mb=64
Dynamic quantization: ON (group_size=128)
Input tensors allocated in USM_DEVICE (VRAM) via RemoteContext.
L2/L3 flush kernel: 64 MB f16 Relu between every FC infer.
Median_ms: 1.6873
Min_ms: 1.6275
Avg_ms: 1.68548
GFLOPS: 61091.2
BW_GBs: 32.5485
AI: 1876.93
WeightBytes: 1.25829e+07
TotalBytes: 5.49192e+07
TotalFLOPs: 1.03079e+11
Total Enqueues: 110


Device Performance Timing Results for Intel(R) Arc(TM) B390 GPU (96CUs, 2400MHz):

Total Time (ns): 78716842

                                   Function Name,  Calls,     Time (ns), Time (%),  Average (ns),      Min (ns),      Max (ns)
           activation_opt_477147924471330069_0_0,     26,      35018949,   44.49%,       1346882,       1208020,       1778020
                      clEnqueueMemFillINTEL( D ),      3,         48852,    0.06%,         16284,          4687,         36145
                      clEnqueueMemFillINTEL( H ),      5,       2437602,    3.10%,        487520,         11875,       1061354
dynamic_quantize_gpu_opt_9457747167103641236_0_0,     25,       5677072,    7.21%,        227082,        172604,        412812
                                     gemm_kernel,     25,      35472388,   45.06%,       1418895,       1334583,       1677708
           reorder_data_12503675069433754659_0_0,      1,         61979,    0.08%,         61979,         61979,         61979
CLIntercept is shutting down...
... shutdown complete.
