-=-=-=-=-=-=-=-=-=-=-=-=-=-=-=-=-=-=-=-=-=-=-=-=-=-=-=-=-=-=-=-=
CLIntercept (64-bit) is loading...
CLIntercept file location: C:\Users\Local_Admin\Downloads\clintercept-3.0.6-win64\Release\opencl.dll
CLIntercept URL: https://github.com/intel/opencl-intercept-layer
CLIntercept git description: v3.0.6
CLIntercept git refspec: 
CLIntercept git hash: 1c86da258a3de21c88abb8d81953febcef50991f
CLIntercept optional features:
    cliloader(supported)
    cliprof(supported)
    kernel overrides(supported)
    ITT tracing(NOT supported)
    MDAPI(supported)
    Demangling(NOT supported)
    clock(steady_clock)
CLIntercept environment variable prefix: CLI_
CLIntercept registry key: SOFTWARE\INTEL\IGFX\CLINTERCEPT
Trying to load dispatch from: real_opencl.dll
Couldn't get exported function pointer to: clGetGLContextInfoKHR
... success!
Control ReportToStderr is set to non-default value: true
Control DevicePerformanceTiming is set to non-default value: true
Timer Started!
... loading complete.
Total Enqueues: 0

=== FC Benchmark (precision=u8) ===
M=1 K=4096 N=128256 group_size=128 iters=500 warmup=50 bufs=8 flush_mb=64
Dynamic quantization: OFF (decode mode, group_size=0)
Input tensors allocated in USM_DEVICE (VRAM) via RemoteContext.
L2/L3 flush kernel: 64 MB f16 Relu between every FC infer.
Median_ms: 5.1079
Min_ms: 5.0914
Avg_ms: 5.13018
GFLOPS: 205.696
BW_GBs: 104.507
AI: 1.96825
WeightBytes: 5.25337e+08
TotalBytes: 5.3381e+08
TotalFLOPs: 1.05067e+09
Total Enqueues: 1657


Device Performance Timing Results for Intel(R) Arc(TM) B390 GPU (96CUs, 2400MHz):

Total Time (ns): 3474549955

                        Function Name,  Calls,     Time (ns), Time (%),  Average (ns),      Min (ns),      Max (ns)
activation_opt_477147924471330069_0_0,    551,     673212903,   19.38%,       1221802,       1199791,       1732708
           clEnqueueMemFillINTEL( H ),      5,       2207706,    0.06%,        441541,          1666,       1069062
                          gemm_kernel,    550,    2798177367,   80.53%,       5087595,       5053125,       5687187
 reorder_data_5282069906274786971_0_0,      1,        951979,    0.03%,        951979,        951979,        951979
CLIntercept is shutting down...
... shutdown complete.
