-=-=-=-=-=-=-=-=-=-=-=-=-=-=-=-=-=-=-=-=-=-=-=-=-=-=-=-=-=-=-=-=
CLIntercept (64-bit) is loading...
CLIntercept file location: C:\Users\Local_Admin\Downloads\clintercept-3.0.6-win64\Release\opencl.dll
CLIntercept URL: https://github.com/intel/opencl-intercept-layer
CLIntercept git description: v3.0.6
CLIntercept git refspec: 
CLIntercept git hash: 1c86da258a3de21c88abb8d81953febcef50991f
CLIntercept optional features:
    cliloader(supported)
    cliprof(supported)
    kernel overrides(supported)
    ITT tracing(NOT supported)
    MDAPI(supported)
    Demangling(NOT supported)
    clock(steady_clock)
CLIntercept environment variable prefix: CLI_
CLIntercept registry key: SOFTWARE\INTEL\IGFX\CLINTERCEPT
Trying to load dispatch from: real_opencl.dll
Couldn't get exported function pointer to: clGetGLContextInfoKHR
... success!
Control ReportToStderr is set to non-default value: true
Control DevicePerformanceTiming is set to non-default value: true
Timer Started!
... loading complete.
Total Enqueues: 0

=== FC Benchmark (precision=u4) ===
M=1 K=4096 N=2560 group_size=128 iters=5000 warmup=200 bufs=8 flush_mb=64
Dynamic quantization: OFF (decode mode, group_size=0)
Input tensors allocated in USM_DEVICE (VRAM) via RemoteContext.
L2/L3 flush kernel: 64 MB f16 Relu between every FC infer.
Median_ms: 0.0932
Min_ms: 0.0868
Avg_ms: 0.0969744
GFLOPS: 225.016
BW_GBs: 58.1548
AI: 3.86926
WeightBytes: 5.24288e+06
TotalBytes: 5.42003e+06
TotalFLOPs: 2.09715e+07
Total Enqueues: 15607


Device Performance Timing Results for Intel(R) Arc(TM) B390 GPU (96CUs, 2400MHz):

Total Time (ns): 6604311867

                        Function Name,  Calls,     Time (ns), Time (%),  Average (ns),      Min (ns),      Max (ns)
activation_opt_477147924471330069_0_0,   5201,    6312113913,   95.58%,       1213634,       1197395,       1794166
           clEnqueueMemFillINTEL( H ),      5,       2126248,    0.03%,        425249,          1458,       1057187
                          gemm_kernel,   5200,     290043790,    4.39%,         55777,         54270,        131354
 reorder_data_2298583441816391150_0_0,      1,         27916,    0.00%,         27916,         27916,         27916
CLIntercept is shutting down...
... shutdown complete.
