-=-=-=-=-=-=-=-=-=-=-=-=-=-=-=-=-=-=-=-=-=-=-=-=-=-=-=-=-=-=-=-=
CLIntercept (64-bit) is loading...
CLIntercept file location: C:\Users\Local_Admin\Downloads\clintercept-3.0.6-win64\Release\opencl.dll
CLIntercept URL: https://github.com/intel/opencl-intercept-layer
CLIntercept git description: v3.0.6
CLIntercept git refspec: 
CLIntercept git hash: 1c86da258a3de21c88abb8d81953febcef50991f
CLIntercept optional features:
    cliloader(supported)
    cliprof(supported)
    kernel overrides(supported)
    ITT tracing(NOT supported)
    MDAPI(supported)
    Demangling(NOT supported)
    clock(steady_clock)
CLIntercept environment variable prefix: CLI_
CLIntercept registry key: SOFTWARE\INTEL\IGFX\CLINTERCEPT
Trying to load dispatch from: real_opencl.dll
Couldn't get exported function pointer to: clGetGLContextInfoKHR
... success!
Control ReportToStderr is set to non-default value: true
Control DevicePerformanceTiming is set to non-default value: true
Timer Started!
... loading complete.
Total Enqueues: 0

=== FC Benchmark (precision=u4) ===
M=4096 K=2560 N=9728 group_size=128 iters=60 warmup=10 bufs=4 flush_mb=64
Dynamic quantization: ON (group_size=128)
Input tensors allocated in USM_DEVICE (VRAM) via RemoteContext.
L2/L3 flush kernel: 64 MB f16 Relu between every FC infer.
Median_ms: 3.7708
Min_ms: 3.5567
Avg_ms: 3.76906
GFLOPS: 54102.8
BW_GBs: 30.1008
AI: 1797.39
WeightBytes: 1.24518e+07
TotalBytes: 1.13504e+08
TotalFLOPs: 2.04011e+11
Total Enqueues: 290


Device Performance Timing Results for Intel(R) Arc(TM) B390 GPU (96CUs, 2400MHz):

Total Time (ns): 346519076

                                   Function Name,  Calls,     Time (ns), Time (%),  Average (ns),      Min (ns),      Max (ns)
           activation_opt_477147924471330069_0_0,     71,      89733197,   25.90%,       1263847,       1218541,       1782812
                      clEnqueueMemFillINTEL( D ),      3,         58540,    0.02%,         19513,          4895,         46250
                      clEnqueueMemFillINTEL( H ),      5,       3582185,    1.03%,        716437,          9895,       1323437
dynamic_quantize_gpu_opt_7482964750673173894_0_0,     70,      17025388,    4.91%,        243219,        220937,        526875
                                     gemm_kernel,     70,     236071850,   68.13%,       3372455,       3174166,       3974375
            reorder_data_4950135032675216203_0_0,      1,         47916,    0.01%,         47916,         47916,         47916
CLIntercept is shutting down...
... shutdown complete.
