-=-=-=-=-=-=-=-=-=-=-=-=-=-=-=-=-=-=-=-=-=-=-=-=-=-=-=-=-=-=-=-=
CLIntercept (64-bit) is loading...
CLIntercept file location: C:\Users\Local_Admin\Downloads\clintercept-3.0.6-win64\Release\opencl.dll
CLIntercept URL: https://github.com/intel/opencl-intercept-layer
CLIntercept git description: v3.0.6
CLIntercept git refspec: 
CLIntercept git hash: 1c86da258a3de21c88abb8d81953febcef50991f
CLIntercept optional features:
    cliloader(supported)
    cliprof(supported)
    kernel overrides(supported)
    ITT tracing(NOT supported)
    MDAPI(supported)
    Demangling(NOT supported)
    clock(steady_clock)
CLIntercept environment variable prefix: CLI_
CLIntercept registry key: SOFTWARE\INTEL\IGFX\CLINTERCEPT
Trying to load dispatch from: real_opencl.dll
Couldn't get exported function pointer to: clGetGLContextInfoKHR
... success!
Control ReportToStderr is set to non-default value: true
Control DevicePerformanceTiming is set to non-default value: true
Timer Started!
... loading complete.
Total Enqueues: 0

=== FC Benchmark (precision=u4) ===
M=2048 K=4096 N=2560 group_size=128 iters=120 warmup=10 bufs=4 flush_mb=64
Dynamic quantization: ON (group_size=128)
Input tensors allocated in USM_DEVICE (VRAM) via RemoteContext.
L2/L3 flush kernel: 64 MB f16 Relu between every FC infer.
Median_ms: 0.8617
Min_ms: 0.8322
Avg_ms: 0.872953
GFLOPS: 49843
BW_GBs: 37.9131
AI: 1314.66
WeightBytes: 5.24288e+06
TotalBytes: 3.26697e+07
TotalFLOPs: 4.29497e+10
Total Enqueues: 530


Device Performance Timing Results for Intel(R) Arc(TM) B390 GPU (96CUs, 2400MHz):

Total Time (ns): 266552018

                                   Function Name,  Calls,     Time (ns), Time (%),  Average (ns),      Min (ns),      Max (ns)
           activation_opt_477147924471330069_0_0,    131,     163662342,   61.40%,       1249330,       1203645,       1748541
                      clEnqueueMemFillINTEL( D ),      3,         53227,    0.02%,         17742,          4895,         40416
                      clEnqueueMemFillINTEL( H ),      5,       2291456,    0.86%,        458291,         11875,       1073958
dynamic_quantize_gpu_opt_9457747167103641236_0_0,    130,      24536197,    9.21%,        188739,        170416,        408958
                                     gemm_kernel,    130,      75981817,   28.51%,        584475,        553645,        796458
            reorder_data_2298583441816391150_0_0,      1,         26979,    0.01%,         26979,         26979,         26979
CLIntercept is shutting down...
... shutdown complete.
