-=-=-=-=-=-=-=-=-=-=-=-=-=-=-=-=-=-=-=-=-=-=-=-=-=-=-=-=-=-=-=-=
CLIntercept (64-bit) is loading...
CLIntercept file location: C:\Users\Local_Admin\Downloads\clintercept-3.0.6-win64\Release\opencl.dll
CLIntercept URL: https://github.com/intel/opencl-intercept-layer
CLIntercept git description: v3.0.6
CLIntercept git refspec: 
CLIntercept git hash: 1c86da258a3de21c88abb8d81953febcef50991f
CLIntercept optional features:
    cliloader(supported)
    cliprof(supported)
    kernel overrides(supported)
    ITT tracing(NOT supported)
    MDAPI(supported)
    Demangling(NOT supported)
    clock(steady_clock)
CLIntercept environment variable prefix: CLI_
CLIntercept registry key: SOFTWARE\INTEL\IGFX\CLINTERCEPT
Trying to load dispatch from: real_opencl.dll
Couldn't get exported function pointer to: clGetGLContextInfoKHR
... success!
Control ReportToStderr is set to non-default value: true
Control DevicePerformanceTiming is set to non-default value: true
Timer Started!
... loading complete.
Total Enqueues: 0

=== FC Benchmark (precision=u4) ===
M=4096 K=2560 N=6144 group_size=128 iters=60 warmup=10 bufs=4 flush_mb=64
Dynamic quantization: ON (group_size=128)
Input tensors allocated in USM_DEVICE (VRAM) via RemoteContext.
L2/L3 flush kernel: 64 MB f16 Relu between every FC infer.
Median_ms: 2.4051
Min_ms: 2.3183
Avg_ms: 2.40559
GFLOPS: 53573.2
BW_GBs: 33.0187
AI: 1622.51
WeightBytes: 7.86432e+06
TotalBytes: 7.94132e+07
TotalFLOPs: 1.28849e+11
Total Enqueues: 290


Device Performance Timing Results for Intel(R) Arc(TM) B390 GPU (96CUs, 2400MHz):

Total Time (ns): 250912295

                                   Function Name,  Calls,     Time (ns), Time (%),  Average (ns),      Min (ns),      Max (ns)
           activation_opt_477147924471330069_0_0,     71,      88724447,   35.36%,       1249640,       1210104,       1745416
                      clEnqueueMemFillINTEL( D ),      3,         57707,    0.02%,         19235,          4583,         45520
                      clEnqueueMemFillINTEL( H ),      5,       3047705,    1.21%,        609541,         10729,       1067916
dynamic_quantize_gpu_opt_7482964750673173894_0_0,     70,      16282366,    6.49%,        232605,        218645,        528750
                                     gemm_kernel,     70,     142764654,   56.90%,       2039495,       1940729,       2359166
            reorder_data_2612619380033832560_0_0,      1,         35416,    0.01%,         35416,         35416,         35416
CLIntercept is shutting down...
... shutdown complete.
