-=-=-=-=-=-=-=-=-=-=-=-=-=-=-=-=-=-=-=-=-=-=-=-=-=-=-=-=-=-=-=-=
CLIntercept (64-bit) is loading...
CLIntercept file location: C:\Users\Local_Admin\Downloads\clintercept-3.0.6-win64\Release\opencl.dll
CLIntercept URL: https://github.com/intel/opencl-intercept-layer
CLIntercept git description: v3.0.6
CLIntercept git refspec: 
CLIntercept git hash: 1c86da258a3de21c88abb8d81953febcef50991f
CLIntercept optional features:
    cliloader(supported)
    cliprof(supported)
    kernel overrides(supported)
    ITT tracing(NOT supported)
    MDAPI(supported)
    Demangling(NOT supported)
    clock(steady_clock)
CLIntercept environment variable prefix: CLI_
CLIntercept registry key: SOFTWARE\INTEL\IGFX\CLINTERCEPT
Trying to load dispatch from: real_opencl.dll
Couldn't get exported function pointer to: clGetGLContextInfoKHR
... success!
Control ReportToStderr is set to non-default value: true
Control DevicePerformanceTiming is set to non-default value: true
Timer Started!
... loading complete.
Total Enqueues: 0

=== FC Benchmark (precision=u4) ===
M=8192 K=2560 N=6144 group_size=128 iters=30 warmup=10 bufs=4 flush_mb=64
Dynamic quantization: ON (group_size=128)
Input tensors allocated in USM_DEVICE (VRAM) via RemoteContext.
L2/L3 flush kernel: 64 MB f16 Relu between every FC infer.
Median_ms: 4.7098
Min_ms: 4.5775
Avg_ms: 4.72298
GFLOPS: 54715.3
BW_GBs: 32.0006
AI: 1709.82
WeightBytes: 7.86432e+06
TotalBytes: 1.50716e+08
TotalFLOPs: 2.57698e+11
Total Enqueues: 170


Device Performance Timing Results for Intel(R) Arc(TM) B390 GPU (96CUs, 2400MHz):

Total Time (ns): 239820674

                                   Function Name,  Calls,     Time (ns), Time (%),  Average (ns),      Min (ns),      Max (ns)
           activation_opt_477147924471330069_0_0,     41,      51899463,   21.64%,       1265840,       1222604,       1762500
                      clEnqueueMemFillINTEL( D ),      3,         98853,    0.04%,         32951,          6458,         85208
                      clEnqueueMemFillINTEL( H ),      5,       4454061,    1.86%,        890812,         10104,       1737395
dynamic_quantize_gpu_opt_3030784253358914582_0_0,     40,      18606442,    7.76%,        465161,        440416,        551458
                                     gemm_kernel,     40,     164726960,   68.69%,       4118174,       3989479,       4357500
            reorder_data_2612619380033832560_0_0,      1,         34895,    0.01%,         34895,         34895,         34895
CLIntercept is shutting down...
... shutdown complete.
