-=-=-=-=-=-=-=-=-=-=-=-=-=-=-=-=-=-=-=-=-=-=-=-=-=-=-=-=-=-=-=-=
CLIntercept (64-bit) is loading...
CLIntercept file location: C:\Users\Local_Admin\Downloads\clintercept-3.0.6-win64\Release\opencl.dll
CLIntercept URL: https://github.com/intel/opencl-intercept-layer
CLIntercept git description: v3.0.6
CLIntercept git refspec: 
CLIntercept git hash: 1c86da258a3de21c88abb8d81953febcef50991f
CLIntercept optional features:
    cliloader(supported)
    cliprof(supported)
    kernel overrides(supported)
    ITT tracing(NOT supported)
    MDAPI(supported)
    Demangling(NOT supported)
    clock(steady_clock)
CLIntercept environment variable prefix: CLI_
CLIntercept registry key: SOFTWARE\INTEL\IGFX\CLINTERCEPT
Trying to load dispatch from: real_opencl.dll
Couldn't get exported function pointer to: clGetGLContextInfoKHR
... success!
Control ReportToStderr is set to non-default value: true
Control DevicePerformanceTiming is set to non-default value: true
Timer Started!
... loading complete.
Total Enqueues: 0

=== FC Benchmark (precision=u4) ===
M=8192 K=4096 N=2560 group_size=128 iters=30 warmup=10 bufs=4 flush_mb=64
Dynamic quantization: ON (group_size=128)
Input tensors allocated in USM_DEVICE (VRAM) via RemoteContext.
L2/L3 flush kernel: 64 MB f16 Relu between every FC infer.
Median_ms: 3.0624
Min_ms: 2.9336
Avg_ms: 3.06371
GFLOPS: 56099.4
BW_GBs: 37.3755
AI: 1500.97
WeightBytes: 5.24288e+06
TotalBytes: 1.14459e+08
TotalFLOPs: 1.71799e+11
Total Enqueues: 170


Device Performance Timing Results for Intel(R) Arc(TM) B390 GPU (96CUs, 2400MHz):

Total Time (ns): 174165676

                                   Function Name,  Calls,     Time (ns), Time (%),  Average (ns),      Min (ns),      Max (ns)
           activation_opt_477147924471330069_0_0,     41,      51891754,   29.79%,       1265652,       1211562,       1765104
                      clEnqueueMemFillINTEL( D ),      3,        154062,    0.09%,         51354,          8958,        135104
                      clEnqueueMemFillINTEL( H ),      5,       3739789,    2.15%,        747957,         10416,       1079791
dynamic_quantize_gpu_opt_1534384422443530166_0_0,     40,      29804566,   17.11%,        745114,        685104,       1623750
                                     gemm_kernel,     40,      88547276,   50.84%,       2213681,       2049062,       2491979
            reorder_data_2298583441816391150_0_0,      1,         28229,    0.02%,         28229,         28229,         28229
CLIntercept is shutting down...
... shutdown complete.
