-=-=-=-=-=-=-=-=-=-=-=-=-=-=-=-=-=-=-=-=-=-=-=-=-=-=-=-=-=-=-=-=
CLIntercept (64-bit) is loading...
CLIntercept file location: C:\Users\Local_Admin\Downloads\clintercept-3.0.6-win64\Release\opencl.dll
CLIntercept URL: https://github.com/intel/opencl-intercept-layer
CLIntercept git description: v3.0.6
CLIntercept git refspec: 
CLIntercept git hash: 1c86da258a3de21c88abb8d81953febcef50991f
CLIntercept optional features:
    cliloader(supported)
    cliprof(supported)
    kernel overrides(supported)
    ITT tracing(NOT supported)
    MDAPI(supported)
    Demangling(NOT supported)
    clock(steady_clock)
CLIntercept environment variable prefix: CLI_
CLIntercept registry key: SOFTWARE\INTEL\IGFX\CLINTERCEPT
Trying to load dispatch from: real_opencl.dll
Couldn't get exported function pointer to: clGetGLContextInfoKHR
... success!
Control ReportToStderr is set to non-default value: true
Control DevicePerformanceTiming is set to non-default value: true
Timer Started!
... loading complete.
Total Enqueues: 0

=== PA Benchmark ===
NH=32 NKV=8 HD=128
Mode=decode S_q=1 S_kv=1024 blocks=65 kv_type=i8 impl=ocl iters=300 warmup=30 bufs=4
[1;30mGPU_Debug: [1;34mexecution_config.cpp:[1;35m233:[1;36moperator (): [0m[Warning] BY_CHANNEL quant mode is not supported for cache rotation yet. Switching to BY_TOKEN mode.
[1;30mGPU_Debug: [1;34mexecution_config.cpp:[1;35m233:[1;36moperator (): [0m[Warning] BY_CHANNEL quant mode is not supported for cache rotation yet. Switching to BY_TOKEN mode.
KV cache key type=i8 shape=[?,8,128,20]
KV cache val type=i8 shape=[?,8,16,132]
Resolved KC shape: [65,8,128,20]
Median_ms: 0.3451
Min_ms: 0.3252
Avg_ms: 0.348692
GFLOPS: 51.0391
BW_GBs: 6.23124
AI: 8.19085
TotalFLOPs: 1.76136e+07
TotalBytes: 2.1504e+06
Total Enqueues: 4208


Device Performance Timing Results for Intel(R) Arc(TM) B390 GPU (96CUs, 2400MHz):

Total Time (ns): 43470920

                                                          Function Name,  Calls,     Time (ns), Time (%),  Average (ns),      Min (ns),      Max (ns)
                                             clEnqueueMemFillINTEL( H ),      1,          4166,    0.01%,          4166,          4166,          4166
                                           clEnqueueMemcpyINTEL( HtoH ),    247,        378919,    0.87%,          1534,          1041,          4166
                                           clEnqueueMemcpyINTEL( MtoD ),   2310,      22330216,   51.37%,          9666,           937,         66979
                                           clEnqueueMemcpyINTEL( MtoH ),    660,        679033,    1.56%,          1028,           937,          4166
                       pa_kv_cache_update_ref__10292547650165516455__sa,    330,       1300637,    2.99%,          3941,          3541,         12812
             paged_attention_opt__single_token_10292547650165516455__sa,    330,      17745382,   40.82%,         53773,         48229,         83541
paged_attention_opt__single_token_finalization_10292547650165516455__sa,    330,       1032567,    2.38%,          3128,          2916,         10729
CLIntercept is shutting down...
... shutdown complete.
