-=-=-=-=-=-=-=-=-=-=-=-=-=-=-=-=-=-=-=-=-=-=-=-=-=-=-=-=-=-=-=-=
CLIntercept (64-bit) is loading...
CLIntercept file location: C:\Users\Local_Admin\Downloads\clintercept-3.0.6-win64\Release\opencl.dll
CLIntercept URL: https://github.com/intel/opencl-intercept-layer
CLIntercept git description: v3.0.6
CLIntercept git refspec: 
CLIntercept git hash: 1c86da258a3de21c88abb8d81953febcef50991f
CLIntercept optional features:
    cliloader(supported)
    cliprof(supported)
    kernel overrides(supported)
    ITT tracing(NOT supported)
    MDAPI(supported)
    Demangling(NOT supported)
    clock(steady_clock)
CLIntercept environment variable prefix: CLI_
CLIntercept registry key: SOFTWARE\INTEL\IGFX\CLINTERCEPT
Trying to load dispatch from: real_opencl.dll
Couldn't get exported function pointer to: clGetGLContextInfoKHR
... success!
Control ReportToStderr is set to non-default value: true
Control DevicePerformanceTiming is set to non-default value: true
Timer Started!
... loading complete.
Total Enqueues: 0

=== PA Benchmark ===
NH=32 NKV=8 HD=128
Mode=decode S_q=1 S_kv=4096 blocks=257 kv_type=i8 impl=ocl iters=200 warmup=20 bufs=4
[1;30mGPU_Debug: [1;34mexecution_config.cpp:[1;35m233:[1;36moperator (): [0m[Warning] BY_CHANNEL quant mode is not supported for cache rotation yet. Switching to BY_TOKEN mode.
[1;30mGPU_Debug: [1;34mexecution_config.cpp:[1;35m233:[1;36moperator (): [0m[Warning] BY_CHANNEL quant mode is not supported for cache rotation yet. Switching to BY_TOKEN mode.
KV cache key type=i8 shape=[?,8,128,20]
KV cache val type=i8 shape=[?,8,16,132]
Resolved KC shape: [257,8,128,20]
Median_ms: 0.8222
Min_ms: 0.7749
Avg_ms: 0.855932
GFLOPS: 85.6274
BW_GBs: 10.2674
AI: 8.33974
TotalFLOPs: 7.04028e+07
TotalBytes: 8.44186e+06
Total Enqueues: 2806


Device Performance Timing Results for Intel(R) Arc(TM) B390 GPU (96CUs, 2400MHz):

Total Time (ns): 115003013

                                                          Function Name,  Calls,     Time (ns), Time (%),  Average (ns),      Min (ns),      Max (ns)
                                             clEnqueueMemFillINTEL( H ),      1,          4375,    0.00%,          4375,          4375,          4375
                                           clEnqueueMemcpyINTEL( HtoH ),    165,        206976,    0.18%,          1254,          1041,          2968
                                           clEnqueueMemcpyINTEL( MtoD ),   1540,      88473446,   76.93%,         57450,           937,        855729
                                           clEnqueueMemcpyINTEL( MtoH ),    440,        453071,    0.39%,          1029,           937,          4010
                       pa_kv_cache_update_ref__10292547650165516455__sa,    220,        894734,    0.78%,          4066,          3541,         12812
         paged_attention_opt__gqa_single_token_10292547650165516455__sa,    220,      23775011,   20.67%,        108068,         99895,        232083
paged_attention_opt__single_token_finalization_10292547650165516455__sa,    220,       1195400,    1.04%,          5433,          5208,         19687
CLIntercept is shutting down...
... shutdown complete.
