-=-=-=-=-=-=-=-=-=-=-=-=-=-=-=-=-=-=-=-=-=-=-=-=-=-=-=-=-=-=-=-=
CLIntercept (64-bit) is loading...
CLIntercept file location: C:\Users\Local_Admin\Downloads\clintercept-3.0.6-win64\Release\opencl.dll
CLIntercept URL: https://github.com/intel/opencl-intercept-layer
CLIntercept git description: v3.0.6
CLIntercept git refspec: 
CLIntercept git hash: 1c86da258a3de21c88abb8d81953febcef50991f
CLIntercept optional features:
    cliloader(supported)
    cliprof(supported)
    kernel overrides(supported)
    ITT tracing(NOT supported)
    MDAPI(supported)
    Demangling(NOT supported)
    clock(steady_clock)
CLIntercept environment variable prefix: CLI_
CLIntercept registry key: SOFTWARE\INTEL\IGFX\CLINTERCEPT
Trying to load dispatch from: real_opencl.dll
Couldn't get exported function pointer to: clGetGLContextInfoKHR
... success!
Control ReportToStderr is set to non-default value: true
Control DevicePerformanceTiming is set to non-default value: true
Timer Started!
... loading complete.
Total Enqueues: 0

=== PA Benchmark ===
NH=32 NKV=8 HD=128
Mode=prefill S_q=1024 S_kv=0 blocks=64 kv_type=i8 impl=ocl iters=100 warmup=10 bufs=4
[1;30mGPU_Debug: [1;34mexecution_config.cpp:[1;35m233:[1;36moperator (): [0m[Warning] BY_CHANNEL quant mode is not supported for cache rotation yet. Switching to BY_TOKEN mode.
[1;30mGPU_Debug: [1;34mexecution_config.cpp:[1;35m233:[1;36moperator (): [0m[Warning] BY_CHANNEL quant mode is not supported for cache rotation yet. Switching to BY_TOKEN mode.
KV cache key type=i8 shape=[?,8,128,20]
KV cache val type=i8 shape=[?,8,16,132]
Resolved KC shape: [64,8,128,20]
Median_ms: 1.9212
Min_ms: 1.7073
Avg_ms: 1.90154
GFLOPS: 9378.89
BW_GBs: 12.0074
AI: 781.091
TotalFLOPs: 1.80187e+10
TotalBytes: 2.30687e+07
Total Enqueues: 1293


Device Performance Timing Results for Intel(R) Arc(TM) B390 GPU (96CUs, 2400MHz):

Total Time (ns): 148058569

                                   Function Name,  Calls,     Time (ns), Time (%),  Average (ns),      Min (ns),      Max (ns)
                      clEnqueueMemFillINTEL( H ),      1,         40937,    0.03%,         40937,         40937,         40937
                    clEnqueueMemcpyINTEL( HtoH ),     82,      13911994,    9.40%,        169658,        160000,        338697
                    clEnqueueMemcpyINTEL( MtoD ),    770,      57896593,   39.10%,         75190,           937,        457291
                    clEnqueueMemcpyINTEL( MtoH ),    220,        234869,    0.16%,          1067,           937,          8385
pa_kv_cache_update_ref__10292547650165516455__sa,    110,       6035264,    4.08%,         54866,         51250,        111770
    sdpa_micro__prefill_10292547650165516455__sa,    110,      69938912,   47.24%,        635808,        611770,       1043958
CLIntercept is shutting down...
... shutdown complete.
