-=-=-=-=-=-=-=-=-=-=-=-=-=-=-=-=-=-=-=-=-=-=-=-=-=-=-=-=-=-=-=-=
CLIntercept (64-bit) is loading...
CLIntercept file location: C:\Users\Local_Admin\Downloads\clintercept-3.0.6-win64\Release\opencl.dll
CLIntercept URL: https://github.com/intel/opencl-intercept-layer
CLIntercept git description: v3.0.6
CLIntercept git refspec: 
CLIntercept git hash: 1c86da258a3de21c88abb8d81953febcef50991f
CLIntercept optional features:
    cliloader(supported)
    cliprof(supported)
    kernel overrides(supported)
    ITT tracing(NOT supported)
    MDAPI(supported)
    Demangling(NOT supported)
    clock(steady_clock)
CLIntercept environment variable prefix: CLI_
CLIntercept registry key: SOFTWARE\INTEL\IGFX\CLINTERCEPT
Trying to load dispatch from: real_opencl.dll
Couldn't get exported function pointer to: clGetGLContextInfoKHR
... success!
Control ReportToStderr is set to non-default value: true
Control DevicePerformanceTiming is set to non-default value: true
Timer Started!
... loading complete.
Total Enqueues: 0

=== Small Ops Benchmark ===
RMSNorm3D M=4096 NH=32 HD=128 iters=400 warmup=30 bufs=8
Input tensors allocated in USM_DEVICE (VRAM) via RemoteContext.
Median_us: 863.9
Min_us: 852.4
Avg_us: 872.307
BW_GBs: 77.6816
TotalBytes: 6.71091e+07
Total Enqueues: 432


Device Performance Timing Results for Intel(R) Arc(TM) B390 GPU (96CUs, 2400MHz):

Total Time (ns): 331919293

                            Function Name,  Calls,     Time (ns), Time (%),  Average (ns),      Min (ns),      Max (ns)
               clEnqueueMemFillINTEL( H ),      2,        782186,    0.24%,        391093,        374270,        407916
rms_gpu_bfyx_opt_15350684385920600468_0_0,    430,     331137107,   99.76%,        770086,        745208,       1177083
CLIntercept is shutting down...
... shutdown complete.
