-=-=-=-=-=-=-=-=-=-=-=-=-=-=-=-=-=-=-=-=-=-=-=-=-=-=-=-=-=-=-=-=
CLIntercept (64-bit) is loading...
CLIntercept file location: C:\Users\Local_Admin\Downloads\clintercept-3.0.6-win64\Release\opencl.dll
CLIntercept URL: https://github.com/intel/opencl-intercept-layer
CLIntercept git description: v3.0.6
CLIntercept git refspec: 
CLIntercept git hash: 1c86da258a3de21c88abb8d81953febcef50991f
CLIntercept optional features:
    cliloader(supported)
    cliprof(supported)
    kernel overrides(supported)
    ITT tracing(NOT supported)
    MDAPI(supported)
    Demangling(NOT supported)
    clock(steady_clock)
CLIntercept environment variable prefix: CLI_
CLIntercept registry key: SOFTWARE\INTEL\IGFX\CLINTERCEPT
Trying to load dispatch from: real_opencl.dll
Couldn't get exported function pointer to: clGetGLContextInfoKHR
... success!
Control ReportToStderr is set to non-default value: true
Control DevicePerformanceTiming is set to non-default value: true
Timer Started!
... loading complete.
Total Enqueues: 0

=== Small Ops Benchmark ===
RMSNorm M=1 H=2560 iters=5000 warmup=200 bufs=8
Input tensors allocated in USM_DEVICE (VRAM) via RemoteContext.
Median_us: 19.3
Min_us: 18.3
Avg_us: 19.8987
BW_GBs: 0.795855
TotalBytes: 15360
Total Enqueues: 5202


Device Performance Timing Results for Intel(R) Arc(TM) B390 GPU (96CUs, 2400MHz):

Total Time (ns): 15191817

                            Function Name,  Calls,     Time (ns), Time (%),  Average (ns),      Min (ns),      Max (ns)
               clEnqueueMemFillINTEL( H ),      2,          8228,    0.05%,          4114,          1145,          7083
rms_gpu_bfyx_opt_11799480473199302495_0_0,   5200,      15183589,   99.95%,          2919,          2708,        132812
CLIntercept is shutting down...
... shutdown complete.
