-=-=-=-=-=-=-=-=-=-=-=-=-=-=-=-=-=-=-=-=-=-=-=-=-=-=-=-=-=-=-=-=
CLIntercept (64-bit) is loading...
CLIntercept file location: C:\Users\Local_Admin\Downloads\clintercept-3.0.6-win64\Release\opencl.dll
CLIntercept URL: https://github.com/intel/opencl-intercept-layer
CLIntercept git description: v3.0.6
CLIntercept git refspec: 
CLIntercept git hash: 1c86da258a3de21c88abb8d81953febcef50991f
CLIntercept optional features:
    cliloader(supported)
    cliprof(supported)
    kernel overrides(supported)
    ITT tracing(NOT supported)
    MDAPI(supported)
    Demangling(NOT supported)
    clock(steady_clock)
CLIntercept environment variable prefix: CLI_
CLIntercept registry key: SOFTWARE\INTEL\IGFX\CLINTERCEPT
Trying to load dispatch from: real_opencl.dll
Couldn't get exported function pointer to: clGetGLContextInfoKHR
... success!
Control ReportToStderr is set to non-default value: true
Control DevicePerformanceTiming is set to non-default value: true
Timer Started!
... loading complete.
Total Enqueues: 0

=== Small Ops Benchmark ===
Multiply M=2048 H=9728 iters=800 warmup=30 bufs=8
Input tensors allocated in USM_DEVICE (VRAM) via RemoteContext.
Median_us: 1182.6
Min_us: 1168.5
Avg_us: 1191.33
BW_GBs: 101.08
TotalBytes: 1.19538e+08
Total Enqueues: 833


Device Performance Timing Results for Intel(R) Arc(TM) B390 GPU (96CUs, 2400MHz):

Total Time (ns): 923399653

                               Function Name,  Calls,     Time (ns), Time (%),  Average (ns),      Min (ns),      Max (ns)
                  clEnqueueMemFillINTEL( H ),      3,       1571978,    0.17%,        523992,        516770,        535625
eltwise_simple_vload8_368341936969963738_0_0,    830,     921827675,   99.83%,       1110635,       1085312,       1848645
CLIntercept is shutting down...
... shutdown complete.
