-=-=-=-=-=-=-=-=-=-=-=-=-=-=-=-=-=-=-=-=-=-=-=-=-=-=-=-=-=-=-=-=
CLIntercept (64-bit) is loading...
CLIntercept file location: C:\Users\Local_Admin\Downloads\clintercept-3.0.6-win64\Release\opencl.dll
CLIntercept URL: https://github.com/intel/opencl-intercept-layer
CLIntercept git description: v3.0.6
CLIntercept git refspec: 
CLIntercept git hash: 1c86da258a3de21c88abb8d81953febcef50991f
CLIntercept optional features:
    cliloader(supported)
    cliprof(supported)
    kernel overrides(supported)
    ITT tracing(NOT supported)
    MDAPI(supported)
    Demangling(NOT supported)
    clock(steady_clock)
CLIntercept environment variable prefix: CLI_
CLIntercept registry key: SOFTWARE\INTEL\IGFX\CLINTERCEPT
Trying to load dispatch from: real_opencl.dll
Couldn't get exported function pointer to: clGetGLContextInfoKHR
... success!
Control ReportToStderr is set to non-default value: true
Control DevicePerformanceTiming is set to non-default value: true
Timer Started!
... loading complete.
Total Enqueues: 0

=== Small Ops Benchmark ===
RoPE M=8192 NH=8 HD=128 iters=200 warmup=30 bufs=8
Input tensors allocated in USM_DEVICE (VRAM) via RemoteContext.
Median_us: 394.2
Min_us: 384.2
Avg_us: 397.319
BW_GBs: 95.7604
TotalBytes: 3.77487e+07
Total Enqueues: 234


Device Performance Timing Results for Intel(R) Arc(TM) B390 GPU (96CUs, 2400MHz):

Total Time (ns): 70062711

                   Function Name,  Calls,     Time (ns), Time (%),  Average (ns),      Min (ns),      Max (ns)
      clEnqueueMemFillINTEL( H ),      4,        568019,    0.81%,        142004,         15937,        432291
  rope_opt__10749753493569567720,    230,      69494692,   99.19%,        302150,        278541,        517083
CLIntercept is shutting down...
... shutdown complete.
