-=-=-=-=-=-=-=-=-=-=-=-=-=-=-=-=-=-=-=-=-=-=-=-=-=-=-=-=-=-=-=-=
CLIntercept (64-bit) is loading...
CLIntercept file location: C:\Users\Local_Admin\Downloads\clintercept-3.0.6-win64\Release\opencl.dll
CLIntercept URL: https://github.com/intel/opencl-intercept-layer
CLIntercept git description: v3.0.6
CLIntercept git refspec: 
CLIntercept git hash: 1c86da258a3de21c88abb8d81953febcef50991f
CLIntercept optional features:
    cliloader(supported)
    cliprof(supported)
    kernel overrides(supported)
    ITT tracing(NOT supported)
    MDAPI(supported)
    Demangling(NOT supported)
    clock(steady_clock)
CLIntercept environment variable prefix: CLI_
CLIntercept registry key: SOFTWARE\INTEL\IGFX\CLINTERCEPT
Trying to load dispatch from: real_opencl.dll
Couldn't get exported function pointer to: clGetGLContextInfoKHR
... success!
Control ReportToStderr is set to non-default value: true
Control DevicePerformanceTiming is set to non-default value: true
Timer Started!
... loading complete.
Total Enqueues: 0

=== FC Benchmark (precision=u4) ===
M=65536 K=4096 N=2048 group_size=128 iters=4 warmup=1 bufs=1 flush_mb=32
Dynamic quantization: ON (group_size=128)
Input tensors allocated in USM_DEVICE (VRAM) via RemoteContext.
L2/L3 flush kernel: 32 MB f16 Relu between every FC infer.
Median_ms: 19.9221
Min_ms: 19.8675
Avg_ms: 20.1066
GFLOPS: 55190.5
BW_GBs: 40.6399
AI: 1358.04
WeightBytes: 4.1943e+06
TotalBytes: 8.09632e+08
TotalFLOPs: 1.09951e+12
Total Enqueues: 30


Device Performance Timing Results for Intel(R) Arc(TM) B390 GPU (96CUs, 2400MHz):

Total Time (ns): 122296656

                                    Function Name,  Calls,     Time (ns), Time (%),  Average (ns),      Min (ns),      Max (ns)
           activation_opt_8800612436721346785_0_0,      6,       3967914,    3.24%,        661319,        572916,        845833
                       clEnqueueMemFillINTEL( D ),      3,       1231874,    1.01%,        410624,         26562,       1165312
                       clEnqueueMemFillINTEL( H ),      5,      14126873,   11.55%,       2825374,         11562,       8247395
dynamic_quantize_gpu_opt_12117265296633979035_0_0,      5,      34292810,   28.04%,       6858562,       5972291,       9335937
                                      gemm_kernel,      5,      68648852,   56.13%,      13729770,      13630625,      13809166
            reorder_data_17535196316214898668_0_0,      1,         28333,    0.02%,         28333,         28333,         28333
CLIntercept is shutting down...
... shutdown complete.
