-=-=-=-=-=-=-=-=-=-=-=-=-=-=-=-=-=-=-=-=-=-=-=-=-=-=-=-=-=-=-=-=
CLIntercept (64-bit) is loading...
CLIntercept file location: C:\Users\Local_Admin\Downloads\clintercept-3.0.6-win64\Release\opencl.dll
CLIntercept URL: https://github.com/intel/opencl-intercept-layer
CLIntercept git description: v3.0.6
CLIntercept git refspec: 
CLIntercept git hash: 1c86da258a3de21c88abb8d81953febcef50991f
CLIntercept optional features:
    cliloader(supported)
    cliprof(supported)
    kernel overrides(supported)
    ITT tracing(NOT supported)
    MDAPI(supported)
    Demangling(NOT supported)
    clock(steady_clock)
CLIntercept environment variable prefix: CLI_
CLIntercept registry key: SOFTWARE\INTEL\IGFX\CLINTERCEPT
Trying to load dispatch from: real_opencl.dll
Couldn't get exported function pointer to: clGetGLContextInfoKHR
... success!
Control ReportToStderr is set to non-default value: true
Control DevicePerformanceTiming is set to non-default value: true
Timer Started!
... loading complete.
Total Enqueues: 0

=== FC Benchmark (precision=u4) ===
M=16384 K=4096 N=2048 group_size=128 iters=15 warmup=2 bufs=1 flush_mb=32
Dynamic quantization: ON (group_size=128)
Input tensors allocated in USM_DEVICE (VRAM) via RemoteContext.
L2/L3 flush kernel: 32 MB f16 Relu between every FC infer.
Median_ms: 5.1175
Min_ms: 4.9185
Avg_ms: 5.44524
GFLOPS: 53713.3
BW_GBs: 40.186
AI: 1336.62
WeightBytes: 4.1943e+06
TotalBytes: 2.05652e+08
TotalFLOPs: 2.74878e+11
Total Enqueues: 78


Device Performance Timing Results for Intel(R) Arc(TM) B390 GPU (96CUs, 2400MHz):

Total Time (ns): 108138412

                                   Function Name,  Calls,     Time (ns), Time (%),  Average (ns),      Min (ns),      Max (ns)
          activation_opt_8800612436721346785_0_0,     18,      12340825,   11.41%,        685601,        569166,       1073020
                      clEnqueueMemFillINTEL( D ),      3,        317499,    0.29%,        105833,         13854,        286458
                      clEnqueueMemFillINTEL( H ),      5,       4280207,    3.96%,        856041,          9375,       2435416
dynamic_quantize_gpu_opt_5790446330686255747_0_0,     17,      29306139,   27.10%,       1723890,       1384895,       3276562
                                     gemm_kernel,     17,      61868222,   57.21%,       3639307,       3327187,       4286562
           reorder_data_17535196316214898668_0_0,      1,         25520,    0.02%,         25520,         25520,         25520
CLIntercept is shutting down...
... shutdown complete.
