-=-=-=-=-=-=-=-=-=-=-=-=-=-=-=-=-=-=-=-=-=-=-=-=-=-=-=-=-=-=-=-=
CLIntercept (64-bit) is loading...
CLIntercept file location: C:\Users\Local_Admin\Downloads\clintercept-3.0.6-win64\Release\opencl.dll
CLIntercept URL: https://github.com/intel/opencl-intercept-layer
CLIntercept git description: v3.0.6
CLIntercept git refspec: 
CLIntercept git hash: 1c86da258a3de21c88abb8d81953febcef50991f
CLIntercept optional features:
    cliloader(supported)
    cliprof(supported)
    kernel overrides(supported)
    ITT tracing(NOT supported)
    MDAPI(supported)
    Demangling(NOT supported)
    clock(steady_clock)
CLIntercept environment variable prefix: CLI_
CLIntercept registry key: SOFTWARE\INTEL\IGFX\CLINTERCEPT
Trying to load dispatch from: real_opencl.dll
Couldn't get exported function pointer to: clGetGLContextInfoKHR
... success!
Control ReportToStderr is set to non-default value: true
Control DevicePerformanceTiming is set to non-default value: true
Timer Started!
... loading complete.
Total Enqueues: 0

=== FC Benchmark (precision=u4) ===
M=131072 K=2048 N=5120 group_size=128 iters=1 warmup=1 bufs=1 flush_mb=32
Dynamic quantization: ON (group_size=128)
Input tensors allocated in USM_DEVICE (VRAM) via RemoteContext.
L2/L3 flush kernel: 32 MB f16 Relu between every FC infer.
Median_ms: 54.9638
Min_ms: 54.9638
Avg_ms: 54.9638
GFLOPS: 50010.7
BW_GBs: 34.2854
AI: 1458.66
WeightBytes: 5.24288e+06
TotalBytes: 1.88445e+09
TotalFLOPs: 2.74878e+12
Total Enqueues: 18


Device Performance Timing Results for Intel(R) Arc(TM) B390 GPU (96CUs, 2400MHz):

Total Time (ns): 141991972

                                    Function Name,  Calls,     Time (ns), Time (%),  Average (ns),      Min (ns),      Max (ns)
           activation_opt_8800612436721346785_0_0,      3,       2254791,    1.59%,        751597,        580312,        861979
                       clEnqueueMemFillINTEL( D ),      3,       1260936,    0.89%,        420312,         27291,       1194479
                       clEnqueueMemFillINTEL( H ),      5,      26361039,   18.57%,       5272207,         17395,      17581562
dynamic_quantize_gpu_opt_12302449436175351242_0_0,      2,      16914270,   11.91%,       8457135,       7028437,       9885833
                                      gemm_kernel,      2,      95172395,   67.03%,      47586197,      47410937,      47761458
            reorder_data_12169823518499039792_0_0,      1,         28541,    0.02%,         28541,         28541,         28541
CLIntercept is shutting down...
... shutdown complete.
