-=-=-=-=-=-=-=-=-=-=-=-=-=-=-=-=-=-=-=-=-=-=-=-=-=-=-=-=-=-=-=-=
CLIntercept (64-bit) is loading...
CLIntercept file location: C:\Users\Local_Admin\Downloads\clintercept-3.0.6-win64\Release\opencl.dll
CLIntercept URL: https://github.com/intel/opencl-intercept-layer
CLIntercept git description: v3.0.6
CLIntercept git refspec: 
CLIntercept git hash: 1c86da258a3de21c88abb8d81953febcef50991f
CLIntercept optional features:
    cliloader(supported)
    cliprof(supported)
    kernel overrides(supported)
    ITT tracing(NOT supported)
    MDAPI(supported)
    Demangling(NOT supported)
    clock(steady_clock)
CLIntercept environment variable prefix: CLI_
CLIntercept registry key: SOFTWARE\INTEL\IGFX\CLINTERCEPT
Trying to load dispatch from: real_opencl.dll
Couldn't get exported function pointer to: clGetGLContextInfoKHR
... success!
Control ReportToStderr is set to non-default value: true
Control DevicePerformanceTiming is set to non-default value: true
Timer Started!
... loading complete.
Total Enqueues: 0

=== FC Benchmark (precision=u4) ===
M=16384 K=2048 N=5120 group_size=128 iters=8 warmup=1 bufs=1 flush_mb=32
Dynamic quantization: ON (group_size=128)
Input tensors allocated in USM_DEVICE (VRAM) via RemoteContext.
L2/L3 flush kernel: 32 MB f16 Relu between every FC infer.
Median_ms: 6.8739
Min_ms: 6.8039
Avg_ms: 6.92814
GFLOPS: 49985.8
BW_GBs: 34.9565
AI: 1429.94
WeightBytes: 5.24288e+06
TotalBytes: 2.40288e+08
TotalFLOPs: 3.43597e+11
Total Enqueues: 46


Device Performance Timing Results for Intel(R) Arc(TM) B390 GPU (96CUs, 2400MHz):

Total Time (ns): 74022278

                                    Function Name,  Calls,     Time (ns), Time (%),  Average (ns),      Min (ns),      Max (ns)
           activation_opt_8800612436721346785_0_0,     10,       6202913,    8.38%,        620291,        560000,        853125
                       clEnqueueMemFillINTEL( D ),      3,        164582,    0.22%,         54860,          8541,        146458
                       clEnqueueMemFillINTEL( H ),      5,       4965206,    6.71%,        993041,         10625,       3100416
dynamic_quantize_gpu_opt_18175967313154158316_0_0,      9,       7355621,    9.94%,        817291,        673229,       1713437
                                      gemm_kernel,      9,      55304373,   74.71%,       6144930,       5980208,       6701875
            reorder_data_12169823518499039792_0_0,      1,         29583,    0.04%,         29583,         29583,         29583
CLIntercept is shutting down...
... shutdown complete.
