-=-=-=-=-=-=-=-=-=-=-=-=-=-=-=-=-=-=-=-=-=-=-=-=-=-=-=-=-=-=-=-=
CLIntercept (64-bit) is loading...
CLIntercept file location: C:\Users\Local_Admin\Downloads\clintercept-3.0.6-win64\Release\opencl.dll
CLIntercept URL: https://github.com/intel/opencl-intercept-layer
CLIntercept git description: v3.0.6
CLIntercept git refspec: 
CLIntercept git hash: 1c86da258a3de21c88abb8d81953febcef50991f
CLIntercept optional features:
    cliloader(supported)
    cliprof(supported)
    kernel overrides(supported)
    ITT tracing(NOT supported)
    MDAPI(supported)
    Demangling(NOT supported)
    clock(steady_clock)
CLIntercept environment variable prefix: CLI_
CLIntercept registry key: SOFTWARE\INTEL\IGFX\CLINTERCEPT
Trying to load dispatch from: real_opencl.dll
Couldn't get exported function pointer to: clGetGLContextInfoKHR
... success!
Control ReportToStderr is set to non-default value: true
Control DevicePerformanceTiming is set to non-default value: true
Timer Started!
... loading complete.
Total Enqueues: 0

=== FC Benchmark (precision=u4) ===
M=4096 K=2048 N=32 group_size=128 iters=500 warmup=25 bufs=4 flush_mb=32
Dynamic quantization: ON (group_size=128)
Input tensors allocated in USM_DEVICE (VRAM) via RemoteContext.
L2/L3 flush kernel: 32 MB f16 Relu between every FC infer.
Median_ms: 0.2674
Min_ms: 0.2593
Avg_ms: 0.270914
GFLOPS: 2007.74
BW_GBs: 63.8487
AI: 31.4453
WeightBytes: 32768
TotalBytes: 1.70732e+07
TotalFLOPs: 5.36871e+08
Total Enqueues: 2110


Device Performance Timing Results for Intel(R) Arc(TM) B390 GPU (96CUs, 2400MHz):

Total Time (ns): 410221838

                                   Function Name,  Calls,     Time (ns), Time (%),  Average (ns),      Min (ns),      Max (ns)
          activation_opt_8800612436721346785_0_0,    526,     293996655,   71.67%,        558929,        546666,        864791
                      clEnqueueMemFillINTEL( D ),      3,         47811,    0.01%,         15937,          4687,         36666
                      clEnqueueMemFillINTEL( H ),      5,        860727,    0.21%,        172145,          5000,        390937
dynamic_quantize_gpu_opt_6678991754660010091_0_0,    525,      91314889,   22.26%,        173933,        165000,        426875
                                     gemm_kernel,    525,      23993527,    5.85%,         45701,         43125,         58333
             reorder_data_964725575834984869_0_0,      1,          8229,    0.00%,          8229,          8229,          8229
CLIntercept is shutting down...
... shutdown complete.
