-=-=-=-=-=-=-=-=-=-=-=-=-=-=-=-=-=-=-=-=-=-=-=-=-=-=-=-=-=-=-=-=
CLIntercept (64-bit) is loading...
CLIntercept file location: C:\Users\Local_Admin\Downloads\clintercept-3.0.6-win64\Release\opencl.dll
CLIntercept URL: https://github.com/intel/opencl-intercept-layer
CLIntercept git description: v3.0.6
CLIntercept git refspec: 
CLIntercept git hash: 1c86da258a3de21c88abb8d81953febcef50991f
CLIntercept optional features:
    cliloader(supported)
    cliprof(supported)
    kernel overrides(supported)
    ITT tracing(NOT supported)
    MDAPI(supported)
    Demangling(NOT supported)
    clock(steady_clock)
CLIntercept environment variable prefix: CLI_
CLIntercept registry key: SOFTWARE\INTEL\IGFX\CLINTERCEPT
Trying to load dispatch from: real_opencl.dll
Couldn't get exported function pointer to: clGetGLContextInfoKHR
... success!
Control ReportToStderr is set to non-default value: true
Control DevicePerformanceTiming is set to non-default value: true
Timer Started!
... loading complete.
Total Enqueues: 0

=== FC Benchmark (precision=u4) ===
M=8192 K=2048 N=32 group_size=128 iters=200 warmup=10 bufs=2 flush_mb=32
Dynamic quantization: ON (group_size=128)
Input tensors allocated in USM_DEVICE (VRAM) via RemoteContext.
L2/L3 flush kernel: 32 MB f16 Relu between every FC infer.
Median_ms: 0.4635
Min_ms: 0.4481
Avg_ms: 0.482214
GFLOPS: 2316.6
BW_GBs: 73.5977
AI: 31.4765
WeightBytes: 32768
TotalBytes: 3.41125e+07
TotalFLOPs: 1.07374e+09
Total Enqueues: 850


Device Performance Timing Results for Intel(R) Arc(TM) B390 GPU (96CUs, 2400MHz):

Total Time (ns): 216825568

                                   Function Name,  Calls,     Time (ns), Time (%),  Average (ns),      Min (ns),      Max (ns)
          activation_opt_8800612436721346785_0_0,    211,     123752311,   57.07%,        586503,        550104,        956562
                      clEnqueueMemFillINTEL( D ),      3,         79374,    0.04%,         26458,          5625,         65833
                      clEnqueueMemFillINTEL( H ),      5,       1186768,    0.55%,        237353,          6145,        402916
dynamic_quantize_gpu_opt_8502581394328941662_0_0,    210,      76382304,   35.23%,        363725,        327083,        855520
                                     gemm_kernel,    210,      15416686,    7.11%,         73412,         67604,        275625
             reorder_data_964725575834984869_0_0,      1,          8125,    0.00%,          8125,          8125,          8125
CLIntercept is shutting down...
... shutdown complete.
