-=-=-=-=-=-=-=-=-=-=-=-=-=-=-=-=-=-=-=-=-=-=-=-=-=-=-=-=-=-=-=-=
CLIntercept (64-bit) is loading...
CLIntercept file location: C:\Users\Local_Admin\Downloads\clintercept-3.0.6-win64\Release\opencl.dll
CLIntercept URL: https://github.com/intel/opencl-intercept-layer
CLIntercept git description: v3.0.6
CLIntercept git refspec: 
CLIntercept git hash: 1c86da258a3de21c88abb8d81953febcef50991f
CLIntercept optional features:
    cliloader(supported)
    cliprof(supported)
    kernel overrides(supported)
    ITT tracing(NOT supported)
    MDAPI(supported)
    Demangling(NOT supported)
    clock(steady_clock)
CLIntercept environment variable prefix: CLI_
CLIntercept registry key: SOFTWARE\INTEL\IGFX\CLINTERCEPT
Trying to load dispatch from: real_opencl.dll
Couldn't get exported function pointer to: clGetGLContextInfoKHR
... success!
Control ReportToStderr is set to non-default value: true
Control DevicePerformanceTiming is set to non-default value: true
Timer Started!
... loading complete.
Total Enqueues: 0

=== FC Benchmark (precision=u4) ===
M=2048 K=4096 N=2048 group_size=128 iters=100 warmup=10 bufs=4 flush_mb=32
Dynamic quantization: ON (group_size=128)
Input tensors allocated in USM_DEVICE (VRAM) via RemoteContext.
L2/L3 flush kernel: 32 MB f16 Relu between every FC infer.
Median_ms: 0.7473
Min_ms: 0.7224
Avg_ms: 0.75312
GFLOPS: 45978.5
BW_GBs: 39.4637
AI: 1165.08
WeightBytes: 4.1943e+06
TotalBytes: 2.94912e+07
TotalFLOPs: 3.43597e+10
Total Enqueues: 450


Device Performance Timing Results for Intel(R) Arc(TM) B390 GPU (96CUs, 2400MHz):

Total Time (ns): 137891516

                                   Function Name,  Calls,     Time (ns), Time (%),  Average (ns),      Min (ns),      Max (ns)
          activation_opt_8800612436721346785_0_0,    111,      63908387,   46.35%,        575751,        545937,        861250
                      clEnqueueMemFillINTEL( D ),      3,         50520,    0.04%,         16840,          4791,         37500
                      clEnqueueMemFillINTEL( H ),      5,        909789,    0.66%,        181957,          9583,        385000
dynamic_quantize_gpu_opt_9457747167103641236_0_0,    110,      20626933,   14.96%,        187517,        166145,        411041
                                     gemm_kernel,    110,      52370262,   37.98%,        476093,        450416,        584375
           reorder_data_17535196316214898668_0_0,      1,         25625,    0.02%,         25625,         25625,         25625
CLIntercept is shutting down...
... shutdown complete.
