-=-=-=-=-=-=-=-=-=-=-=-=-=-=-=-=-=-=-=-=-=-=-=-=-=-=-=-=-=-=-=-=
CLIntercept (64-bit) is loading...
CLIntercept file location: C:\Users\Local_Admin\Downloads\clintercept-3.0.6-win64\Release\opencl.dll
CLIntercept URL: https://github.com/intel/opencl-intercept-layer
CLIntercept git description: v3.0.6
CLIntercept git refspec: 
CLIntercept git hash: 1c86da258a3de21c88abb8d81953febcef50991f
CLIntercept optional features:
    cliloader(supported)
    cliprof(supported)
    kernel overrides(supported)
    ITT tracing(NOT supported)
    MDAPI(supported)
    Demangling(NOT supported)
    clock(steady_clock)
CLIntercept environment variable prefix: CLI_
CLIntercept registry key: SOFTWARE\INTEL\IGFX\CLINTERCEPT
Trying to load dispatch from: real_opencl.dll
Couldn't get exported function pointer to: clGetGLContextInfoKHR
... success!
Control ReportToStderr is set to non-default value: true
Control DevicePerformanceTiming is set to non-default value: true
Timer Started!
... loading complete.
Total Enqueues: 0

=== FC Benchmark (precision=u4) ===
M=1024 K=2048 N=4096 group_size=128 iters=200 warmup=20 bufs=4 flush_mb=32
Dynamic quantization: ON (group_size=128)
Input tensors allocated in USM_DEVICE (VRAM) via RemoteContext.
L2/L3 flush kernel: 32 MB f16 Relu between every FC infer.
Median_ms: 0.4572
Min_ms: 0.4221
Avg_ms: 0.457473
GFLOPS: 37576.3
BW_GBs: 36.9823
AI: 1016.06
WeightBytes: 4.1943e+06
TotalBytes: 1.69083e+07
TotalFLOPs: 1.71799e+10
Total Enqueues: 890


Device Performance Timing Results for Intel(R) Arc(TM) B390 GPU (96CUs, 2400MHz):

Total Time (ns): 202589915

                                   Function Name,  Calls,     Time (ns), Time (%),  Average (ns),      Min (ns),      Max (ns)
          activation_opt_8800612436721346785_0_0,    221,     124259592,   61.34%,        562260,        548437,        862812
                      clEnqueueMemFillINTEL( D ),      3,         24582,    0.01%,          8194,          2083,         20104
                      clEnqueueMemFillINTEL( H ),      5,        848852,    0.42%,        169770,         10000,        392083
dynamic_quantize_gpu_opt_4100218749697792179_0_0,    220,      10182301,    5.03%,         46283,         42812,        114166
                                     gemm_kernel,    220,      67251047,   33.20%,        305686,        276145,        389166
            reorder_data_3688057459662647360_0_0,      1,         23541,    0.01%,         23541,         23541,         23541
CLIntercept is shutting down...
... shutdown complete.
