-=-=-=-=-=-=-=-=-=-=-=-=-=-=-=-=-=-=-=-=-=-=-=-=-=-=-=-=-=-=-=-=
CLIntercept (64-bit) is loading...
CLIntercept file location: C:\Users\Local_Admin\Downloads\clintercept-3.0.6-win64\Release\opencl.dll
CLIntercept URL: https://github.com/intel/opencl-intercept-layer
CLIntercept git description: v3.0.6
CLIntercept git refspec: 
CLIntercept git hash: 1c86da258a3de21c88abb8d81953febcef50991f
CLIntercept optional features:
    cliloader(supported)
    cliprof(supported)
    kernel overrides(supported)
    ITT tracing(NOT supported)
    MDAPI(supported)
    Demangling(NOT supported)
    clock(steady_clock)
CLIntercept environment variable prefix: CLI_
CLIntercept registry key: SOFTWARE\INTEL\IGFX\CLINTERCEPT
Trying to load dispatch from: real_opencl.dll
Couldn't get exported function pointer to: clGetGLContextInfoKHR
... success!
Control ReportToStderr is set to non-default value: true
Control DevicePerformanceTiming is set to non-default value: true
Timer Started!
... loading complete.
Total Enqueues: 0

=== FC Benchmark (precision=u4) ===
M=4096 K=2048 N=8192 group_size=128 iters=25 warmup=3 bufs=4 flush_mb=32
Dynamic quantization: ON (group_size=128)
Input tensors allocated in USM_DEVICE (VRAM) via RemoteContext.
L2/L3 flush kernel: 32 MB f16 Relu between every FC infer.
Median_ms: 2.834
Min_ms: 2.7363
Avg_ms: 2.91231
GFLOPS: 48496.5
BW_GBs: 32.6524
AI: 1485.24
WeightBytes: 8.38861e+06
TotalBytes: 9.25368e+07
TotalFLOPs: 1.37439e+11
Total Enqueues: 122


Device Performance Timing Results for Intel(R) Arc(TM) B390 GPU (96CUs, 2400MHz):

Total Time (ns): 96447666

                                   Function Name,  Calls,     Time (ns), Time (%),  Average (ns),      Min (ns),      Max (ns)
          activation_opt_8800612436721346785_0_0,     29,      17942799,   18.60%,        618717,        558333,        870208
                      clEnqueueMemFillINTEL( D ),      3,         51457,    0.05%,         17152,          4687,         38958
                      clEnqueueMemFillINTEL( H ),      5,       1919581,    1.99%,        383916,          9791,       1054583
dynamic_quantize_gpu_opt_6678991754660010091_0_0,     28,       6248425,    6.48%,        223158,        169687,        430833
                                     gemm_kernel,     28,      70240509,   72.83%,       2508589,       2352812,       2881458
            reorder_data_5215625823259377527_0_0,      1,         44895,    0.05%,         44895,         44895,         44895
CLIntercept is shutting down...
... shutdown complete.
