-=-=-=-=-=-=-=-=-=-=-=-=-=-=-=-=-=-=-=-=-=-=-=-=-=-=-=-=-=-=-=-=
CLIntercept (64-bit) is loading...
CLIntercept file location: C:\Users\Local_Admin\Downloads\clintercept-3.0.6-win64\Release\opencl.dll
CLIntercept URL: https://github.com/intel/opencl-intercept-layer
CLIntercept git description: v3.0.6
CLIntercept git refspec: 
CLIntercept git hash: 1c86da258a3de21c88abb8d81953febcef50991f
CLIntercept optional features:
    cliloader(supported)
    cliprof(supported)
    kernel overrides(supported)
    ITT tracing(NOT supported)
    MDAPI(supported)
    Demangling(NOT supported)
    clock(steady_clock)
CLIntercept environment variable prefix: CLI_
CLIntercept registry key: SOFTWARE\INTEL\IGFX\CLINTERCEPT
Trying to load dispatch from: real_opencl.dll
Couldn't get exported function pointer to: clGetGLContextInfoKHR
... success!
Control ReportToStderr is set to non-default value: true
Control DevicePerformanceTiming is set to non-default value: true
Timer Started!
... loading complete.
Total Enqueues: 0

=== FC Benchmark (precision=u4) ===
M=32768 K=2048 N=8192 group_size=128 iters=4 warmup=1 bufs=1 flush_mb=32
Dynamic quantization: ON (group_size=128)
Input tensors allocated in USM_DEVICE (VRAM) via RemoteContext.
L2/L3 flush kernel: 32 MB f16 Relu between every FC infer.
Median_ms: 25.1908
Min_ms: 22.0347
Avg_ms: 24.2538
GFLOPS: 43647.3
BW_GBs: 26.9836
AI: 1617.55
WeightBytes: 8.38861e+06
TotalBytes: 6.79739e+08
TotalFLOPs: 1.09951e+12
Total Enqueues: 30


Device Performance Timing Results for Intel(R) Arc(TM) B390 GPU (96CUs, 2400MHz):

Total Time (ns): 134828530

                                   Function Name,  Calls,     Time (ns), Time (%),  Average (ns),      Min (ns),      Max (ns)
          activation_opt_8800612436721346785_0_0,      6,       4297706,    3.19%,        716284,        582708,        869895
                      clEnqueueMemFillINTEL( D ),      3,        274998,    0.20%,         91666,         14062,        244791
                      clEnqueueMemFillINTEL( H ),      5,      10009061,    7.42%,       2001812,         10312,       8001354
dynamic_quantize_gpu_opt_3476964983906125131_0_0,      5,      10249163,    7.60%,       2049832,       1417291,       3483645
                                     gemm_kernel,      5,     109957707,   81.55%,      21991541,      20205937,      25229479
            reorder_data_5215625823259377527_0_0,      1,         39895,    0.03%,         39895,         39895,         39895
CLIntercept is shutting down...
... shutdown complete.
