-=-=-=-=-=-=-=-=-=-=-=-=-=-=-=-=-=-=-=-=-=-=-=-=-=-=-=-=-=-=-=-=
CLIntercept (64-bit) is loading...
CLIntercept file location: C:\Users\Local_Admin\Downloads\clintercept-3.0.6-win64\Release\opencl.dll
CLIntercept URL: https://github.com/intel/opencl-intercept-layer
CLIntercept git description: v3.0.6
CLIntercept git refspec: 
CLIntercept git hash: 1c86da258a3de21c88abb8d81953febcef50991f
CLIntercept optional features:
    cliloader(supported)
    cliprof(supported)
    kernel overrides(supported)
    ITT tracing(NOT supported)
    MDAPI(supported)
    Demangling(NOT supported)
    clock(steady_clock)
CLIntercept environment variable prefix: CLI_
CLIntercept registry key: SOFTWARE\INTEL\IGFX\CLINTERCEPT
Trying to load dispatch from: real_opencl.dll
Couldn't get exported function pointer to: clGetGLContextInfoKHR
... success!
Control ReportToStderr is set to non-default value: true
Control DevicePerformanceTiming is set to non-default value: true
Timer Started!
... loading complete.
Total Enqueues: 0

=== FC Benchmark (precision=u4) ===
M=16384 K=4096 N=2048 group_size=128 iters=15 warmup=2 bufs=1 flush_mb=32
Dynamic quantization: ON (group_size=128)
Input tensors allocated in USM_DEVICE (VRAM) via RemoteContext.
L2/L3 flush kernel: 32 MB f16 Relu between every FC infer.
Median_ms: 5.0101
Min_ms: 4.9234
Avg_ms: 5.01039
GFLOPS: 54864.8
BW_GBs: 41.0475
AI: 1336.62
WeightBytes: 4.1943e+06
TotalBytes: 2.05652e+08
TotalFLOPs: 2.74878e+11
Total Enqueues: 78


Device Performance Timing Results for Intel(R) Arc(TM) B390 GPU (96CUs, 2400MHz):

Total Time (ns): 100666117

                                   Function Name,  Calls,     Time (ns), Time (%),  Average (ns),      Min (ns),      Max (ns)
          activation_opt_8800612436721346785_0_0,     18,      10708116,   10.64%,        594895,        554791,        847916
                      clEnqueueMemFillINTEL( D ),      3,        313437,    0.31%,        104479,         15104,        281979
                      clEnqueueMemFillINTEL( H ),      5,       4258852,    4.23%,        851770,         11458,       2415520
dynamic_quantize_gpu_opt_5790446330686255747_0_0,     17,      26025825,   25.85%,       1530930,       1364583,       3293958
                                     gemm_kernel,     17,      59331867,   58.94%,       3490109,       3390520,       3763541
           reorder_data_17535196316214898668_0_0,      1,         28020,    0.03%,         28020,         28020,         28020
CLIntercept is shutting down...
... shutdown complete.
