-=-=-=-=-=-=-=-=-=-=-=-=-=-=-=-=-=-=-=-=-=-=-=-=-=-=-=-=-=-=-=-=
CLIntercept (64-bit) is loading...
CLIntercept file location: C:\Users\Local_Admin\Downloads\clintercept-3.0.6-win64\Release\opencl.dll
CLIntercept URL: https://github.com/intel/opencl-intercept-layer
CLIntercept git description: v3.0.6
CLIntercept git refspec: 
CLIntercept git hash: 1c86da258a3de21c88abb8d81953febcef50991f
CLIntercept optional features:
    cliloader(supported)
    cliprof(supported)
    kernel overrides(supported)
    ITT tracing(NOT supported)
    MDAPI(supported)
    Demangling(NOT supported)
    clock(steady_clock)
CLIntercept environment variable prefix: CLI_
CLIntercept registry key: SOFTWARE\INTEL\IGFX\CLINTERCEPT
Trying to load dispatch from: real_opencl.dll
Couldn't get exported function pointer to: clGetGLContextInfoKHR
... success!
Control ReportToStderr is set to non-default value: true
Control DevicePerformanceTiming is set to non-default value: true
Timer Started!
... loading complete.
Total Enqueues: 0

=== FC Benchmark (precision=u4) ===
M=32768 K=4096 N=2048 group_size=128 iters=8 warmup=1 bufs=1 flush_mb=32
Dynamic quantization: ON (group_size=128)
Input tensors allocated in USM_DEVICE (VRAM) via RemoteContext.
L2/L3 flush kernel: 32 MB f16 Relu between every FC infer.
Median_ms: 9.7918
Min_ms: 9.6595
Avg_ms: 9.92185
GFLOPS: 56144.5
BW_GBs: 41.5632
AI: 1350.82
WeightBytes: 4.1943e+06
TotalBytes: 4.06979e+08
TotalFLOPs: 5.49756e+11
Total Enqueues: 46


Device Performance Timing Results for Intel(R) Arc(TM) B390 GPU (96CUs, 2400MHz):

Total Time (ns): 106412485

                                   Function Name,  Calls,     Time (ns), Time (%),  Average (ns),      Min (ns),      Max (ns)
          activation_opt_8800612436721346785_0_0,     10,       6266351,    5.89%,        626635,        566979,        870104
                      clEnqueueMemFillINTEL( D ),      3,        639790,    0.60%,        213263,         21145,        592708
                      clEnqueueMemFillINTEL( H ),      5,       8354790,    7.85%,       1670958,         13958,       5137187
dynamic_quantize_gpu_opt_7387113980111986926_0_0,      9,      29574788,   27.79%,       3286087,       2770312,       6046666
                                     gemm_kernel,      9,      61549371,   57.84%,       6838819,       6740625,       7065312
           reorder_data_17535196316214898668_0_0,      1,         27395,    0.03%,         27395,         27395,         27395
CLIntercept is shutting down...
... shutdown complete.
