-=-=-=-=-=-=-=-=-=-=-=-=-=-=-=-=-=-=-=-=-=-=-=-=-=-=-=-=-=-=-=-=
CLIntercept (64-bit) is loading...
CLIntercept file location: C:\Users\Local_Admin\Downloads\clintercept-3.0.6-win64\Release\opencl.dll
CLIntercept URL: https://github.com/intel/opencl-intercept-layer
CLIntercept git description: v3.0.6
CLIntercept git refspec: 
CLIntercept git hash: 1c86da258a3de21c88abb8d81953febcef50991f
CLIntercept optional features:
    cliloader(supported)
    cliprof(supported)
    kernel overrides(supported)
    ITT tracing(NOT supported)
    MDAPI(supported)
    Demangling(NOT supported)
    clock(steady_clock)
CLIntercept environment variable prefix: CLI_
CLIntercept registry key: SOFTWARE\INTEL\IGFX\CLINTERCEPT
Trying to load dispatch from: real_opencl.dll
Couldn't get exported function pointer to: clGetGLContextInfoKHR
... success!
Control ReportToStderr is set to non-default value: true
Control DevicePerformanceTiming is set to non-default value: true
Timer Started!
... loading complete.
Total Enqueues: 0

=== FC Benchmark (precision=u4) ===
M=65536 K=4096 N=2048 group_size=128 iters=4 warmup=1 bufs=1 flush_mb=32
Dynamic quantization: ON (group_size=128)
Input tensors allocated in USM_DEVICE (VRAM) via RemoteContext.
L2/L3 flush kernel: 32 MB f16 Relu between every FC infer.
Median_ms: 19.8958
Min_ms: 19.6539
Avg_ms: 19.9722
GFLOPS: 55263.5
BW_GBs: 40.6936
AI: 1358.04
WeightBytes: 4.1943e+06
TotalBytes: 8.09632e+08
TotalFLOPs: 1.09951e+12
Total Enqueues: 30


Device Performance Timing Results for Intel(R) Arc(TM) B390 GPU (96CUs, 2400MHz):

Total Time (ns): 122019156

                                    Function Name,  Calls,     Time (ns), Time (%),  Average (ns),      Min (ns),      Max (ns)
           activation_opt_8800612436721346785_0_0,      6,       4004581,    3.28%,        667430,        572395,        855833
                       clEnqueueMemFillINTEL( D ),      3,       1329061,    1.09%,        443020,         25833,       1266145
                       clEnqueueMemFillINTEL( H ),      5,      13869060,   11.37%,       2773812,         11666,       7943958
dynamic_quantize_gpu_opt_12117265296633979035_0_0,      5,      34314998,   28.12%,       6862999,       5958541,       9562604
                                      gemm_kernel,      5,      68475936,   56.12%,      13695187,      13460104,      13907916
            reorder_data_17535196316214898668_0_0,      1,         25520,    0.02%,         25520,         25520,         25520
CLIntercept is shutting down...
... shutdown complete.
