-=-=-=-=-=-=-=-=-=-=-=-=-=-=-=-=-=-=-=-=-=-=-=-=-=-=-=-=-=-=-=-=
CLIntercept (64-bit) is loading...
CLIntercept file location: C:\Users\Local_Admin\Downloads\clintercept-3.0.6-win64\Release\opencl.dll
CLIntercept URL: https://github.com/intel/opencl-intercept-layer
CLIntercept git description: v3.0.6
CLIntercept git refspec: 
CLIntercept git hash: 1c86da258a3de21c88abb8d81953febcef50991f
CLIntercept optional features:
    cliloader(supported)
    cliprof(supported)
    kernel overrides(supported)
    ITT tracing(NOT supported)
    MDAPI(supported)
    Demangling(NOT supported)
    clock(steady_clock)
CLIntercept environment variable prefix: CLI_
CLIntercept registry key: SOFTWARE\INTEL\IGFX\CLINTERCEPT
Trying to load dispatch from: real_opencl.dll
Couldn't get exported function pointer to: clGetGLContextInfoKHR
... success!
Control ReportToStderr is set to non-default value: true
Control DevicePerformanceTiming is set to non-default value: true
Timer Started!
... loading complete.
Total Enqueues: 0

=== FC Benchmark (precision=u4) ===
M=2048 K=2048 N=4096 group_size=128 iters=100 warmup=10 bufs=4 flush_mb=32
Dynamic quantization: ON (group_size=128)
Input tensors allocated in USM_DEVICE (VRAM) via RemoteContext.
L2/L3 flush kernel: 32 MB f16 Relu between every FC infer.
Median_ms: 0.8028
Min_ms: 0.7519
Avg_ms: 0.805825
GFLOPS: 42799.9
BW_GBs: 36.7354
AI: 1165.08
WeightBytes: 4.1943e+06
TotalBytes: 2.94912e+07
TotalFLOPs: 3.43597e+10
Total Enqueues: 450


Device Performance Timing Results for Intel(R) Arc(TM) B390 GPU (96CUs, 2400MHz):

Total Time (ns): 137419548

                                    Function Name,  Calls,     Time (ns), Time (%),  Average (ns),      Min (ns),      Max (ns)
           activation_opt_8800612436721346785_0_0,    111,      62859122,   45.74%,        566298,        548750,        864062
                       clEnqueueMemFillINTEL( D ),      3,         37081,    0.03%,         12360,          2916,         28020
                       clEnqueueMemFillINTEL( H ),      5,        920727,    0.67%,        184145,         10000,        392395
dynamic_quantize_gpu_opt_12687164865045755295_0_0,    110,       9989749,    7.27%,         90815,         83437,        220416
                                      gemm_kernel,    110,      63588599,   46.27%,        578078,        525416,        677395
             reorder_data_3688057459662647360_0_0,      1,         24270,    0.02%,         24270,         24270,         24270
CLIntercept is shutting down...
... shutdown complete.
