-=-=-=-=-=-=-=-=-=-=-=-=-=-=-=-=-=-=-=-=-=-=-=-=-=-=-=-=-=-=-=-=
CLIntercept (64-bit) is loading...
CLIntercept file location: C:\Users\Local_Admin\Downloads\clintercept-3.0.6-win64\Release\opencl.dll
CLIntercept URL: https://github.com/intel/opencl-intercept-layer
CLIntercept git description: v3.0.6
CLIntercept git refspec: 
CLIntercept git hash: 1c86da258a3de21c88abb8d81953febcef50991f
CLIntercept optional features:
    cliloader(supported)
    cliprof(supported)
    kernel overrides(supported)
    ITT tracing(NOT supported)
    MDAPI(supported)
    Demangling(NOT supported)
    clock(steady_clock)
CLIntercept environment variable prefix: CLI_
CLIntercept registry key: SOFTWARE\INTEL\IGFX\CLINTERCEPT
Trying to load dispatch from: real_opencl.dll
Couldn't get exported function pointer to: clGetGLContextInfoKHR
... success!
Control ReportToStderr is set to non-default value: true
Control DevicePerformanceTiming is set to non-default value: true
Timer Started!
... loading complete.
Total Enqueues: 0

=== FC Benchmark (precision=u4) ===
M=131072 K=2048 N=4096 group_size=128 iters=2 warmup=1 bufs=1 flush_mb=32
Dynamic quantization: ON (group_size=128)
Input tensors allocated in USM_DEVICE (VRAM) via RemoteContext.
L2/L3 flush kernel: 32 MB f16 Relu between every FC infer.
Median_ms: 46.8297
Min_ms: 46.4696
Avg_ms: 46.6497
GFLOPS: 46957.9
BW_GBs: 34.4853
AI: 1361.68
WeightBytes: 4.1943e+06
TotalBytes: 1.61494e+09
TotalFLOPs: 2.19902e+12
Total Enqueues: 22


Device Performance Timing Results for Intel(R) Arc(TM) B390 GPU (96CUs, 2400MHz):

Total Time (ns): 168930511

                                    Function Name,  Calls,     Time (ns), Time (%),  Average (ns),      Min (ns),      Max (ns)
           activation_opt_8800612436721346785_0_0,      4,       2850415,    1.69%,        712603,        580625,        866666
                       clEnqueueMemFillINTEL( D ),      3,       1205936,    0.71%,        401978,         27604,       1139687
                       clEnqueueMemFillINTEL( H ),      5,      22229164,   13.16%,       4445832,         11770,      13268020
dynamic_quantize_gpu_opt_12302449436175351242_0_0,      3,      24111977,   14.27%,       8037325,       7051145,       9944791
                                      gemm_kernel,      3,     118507707,   70.15%,      39502569,      39258645,      39718750
             reorder_data_3688057459662647360_0_0,      1,         25312,    0.01%,         25312,         25312,         25312
CLIntercept is shutting down...
... shutdown complete.
