-=-=-=-=-=-=-=-=-=-=-=-=-=-=-=-=-=-=-=-=-=-=-=-=-=-=-=-=-=-=-=-=
CLIntercept (64-bit) is loading...
CLIntercept file location: C:\Users\Local_Admin\Downloads\clintercept-3.0.6-win64\Release\opencl.dll
CLIntercept URL: https://github.com/intel/opencl-intercept-layer
CLIntercept git description: v3.0.6
CLIntercept git refspec: 
CLIntercept git hash: 1c86da258a3de21c88abb8d81953febcef50991f
CLIntercept optional features:
    cliloader(supported)
    cliprof(supported)
    kernel overrides(supported)
    ITT tracing(NOT supported)
    MDAPI(supported)
    Demangling(NOT supported)
    clock(steady_clock)
CLIntercept environment variable prefix: CLI_
CLIntercept registry key: SOFTWARE\INTEL\IGFX\CLINTERCEPT
Trying to load dispatch from: real_opencl.dll
Couldn't get exported function pointer to: clGetGLContextInfoKHR
... success!
Control ReportToStderr is set to non-default value: true
Control DevicePerformanceTiming is set to non-default value: true
Timer Started!
... loading complete.
Total Enqueues: 0

=== FC Benchmark (precision=u4) ===
M=1 K=2048 N=4096 group_size=128 iters=20000 warmup=500 bufs=8 flush_mb=32
Dynamic quantization: OFF (decode mode, group_size=0)
Input tensors allocated in USM_DEVICE (VRAM) via RemoteContext.
L2/L3 flush kernel: 32 MB f16 Relu between every FC infer.
Median_ms: 0.0806
Min_ms: 0.0752
Avg_ms: 0.0841239
GFLOPS: 208.154
BW_GBs: 53.8172
AI: 3.8678
WeightBytes: 4.1943e+06
TotalBytes: 4.33766e+06
TotalFLOPs: 1.67772e+07
Total Enqueues: 61507


Device Performance Timing Results for Intel(R) Arc(TM) B390 GPU (96CUs, 2400MHz):

Total Time (ns): 12351126953

                         Function Name,  Calls,     Time (ns), Time (%),  Average (ns),      Min (ns),      Max (ns)
activation_opt_8800612436721346785_0_0,  20501,   11435926671,   92.59%,        557822,        547916,        942395
            clEnqueueMemFillINTEL( H ),      5,        794894,    0.01%,        158978,          1145,        395833
                           gemm_kernel,  20500,     914380493,    7.40%,         44603,         43333,        105625
  reorder_data_3688057459662647360_0_0,      1,         24895,    0.00%,         24895,         24895,         24895
CLIntercept is shutting down...
... shutdown complete.
