-=-=-=-=-=-=-=-=-=-=-=-=-=-=-=-=-=-=-=-=-=-=-=-=-=-=-=-=-=-=-=-=
CLIntercept (64-bit) is loading...
CLIntercept file location: C:\Users\Local_Admin\Downloads\clintercept-3.0.6-win64\Release\opencl.dll
CLIntercept URL: https://github.com/intel/opencl-intercept-layer
CLIntercept git description: v3.0.6
CLIntercept git refspec: 
CLIntercept git hash: 1c86da258a3de21c88abb8d81953febcef50991f
CLIntercept optional features:
    cliloader(supported)
    cliprof(supported)
    kernel overrides(supported)
    ITT tracing(NOT supported)
    MDAPI(supported)
    Demangling(NOT supported)
    clock(steady_clock)
CLIntercept environment variable prefix: CLI_
CLIntercept registry key: SOFTWARE\INTEL\IGFX\CLINTERCEPT
Trying to load dispatch from: real_opencl.dll
Couldn't get exported function pointer to: clGetGLContextInfoKHR
... success!
Control ReportToStderr is set to non-default value: true
Control DevicePerformanceTiming is set to non-default value: true
Timer Started!
... loading complete.
Total Enqueues: 0

=== FC Benchmark (precision=u4) ===
M=8192 K=2048 N=4096 group_size=128 iters=25 warmup=3 bufs=2 flush_mb=32
Dynamic quantization: ON (group_size=128)
Input tensors allocated in USM_DEVICE (VRAM) via RemoteContext.
L2/L3 flush kernel: 32 MB f16 Relu between every FC infer.
Median_ms: 2.9807
Min_ms: 2.8416
Avg_ms: 2.95794
GFLOPS: 46109.6
BW_GBs: 35.2228
AI: 1309.08
WeightBytes: 4.1943e+06
TotalBytes: 1.04989e+08
TotalFLOPs: 1.37439e+11
Total Enqueues: 122


Device Performance Timing Results for Intel(R) Arc(TM) B390 GPU (96CUs, 2400MHz):

Total Time (ns): 98758294

                                   Function Name,  Calls,     Time (ns), Time (%),  Average (ns),      Min (ns),      Max (ns)
          activation_opt_8800612436721346785_0_0,     29,      17071758,   17.29%,        588681,        549791,        853437
                      clEnqueueMemFillINTEL( D ),      3,         82186,    0.08%,         27395,          5520,         69166
                      clEnqueueMemFillINTEL( H ),      5,       2231353,    2.26%,        446270,         10833,       1069583
dynamic_quantize_gpu_opt_8502581394328941662_0_0,     28,      10424361,   10.56%,        372298,        336979,        848645
                                     gemm_kernel,     28,      68924366,   69.79%,       2461584,       2270000,       2771458
            reorder_data_3688057459662647360_0_0,      1,         24270,    0.02%,         24270,         24270,         24270
CLIntercept is shutting down...
... shutdown complete.
