-=-=-=-=-=-=-=-=-=-=-=-=-=-=-=-=-=-=-=-=-=-=-=-=-=-=-=-=-=-=-=-=
CLIntercept (64-bit) is loading...
CLIntercept file location: C:\Users\Local_Admin\Downloads\clintercept-3.0.6-win64\Release\opencl.dll
CLIntercept URL: https://github.com/intel/opencl-intercept-layer
CLIntercept git description: v3.0.6
CLIntercept git refspec: 
CLIntercept git hash: 1c86da258a3de21c88abb8d81953febcef50991f
CLIntercept optional features:
    cliloader(supported)
    cliprof(supported)
    kernel overrides(supported)
    ITT tracing(NOT supported)
    MDAPI(supported)
    Demangling(NOT supported)
    clock(steady_clock)
CLIntercept environment variable prefix: CLI_
CLIntercept registry key: SOFTWARE\INTEL\IGFX\CLINTERCEPT
Trying to load dispatch from: real_opencl.dll
Couldn't get exported function pointer to: clGetGLContextInfoKHR
... success!
Control ReportToStderr is set to non-default value: true
Control DevicePerformanceTiming is set to non-default value: true
Timer Started!
... loading complete.
Total Enqueues: 0

=== FC Benchmark (precision=u8) ===
M=1 K=2048 N=248320 group_size=128 iters=30 warmup=5 bufs=2 flush_mb=32
Dynamic quantization: OFF (decode mode, group_size=0)
Input tensors allocated in USM_DEVICE (VRAM) via RemoteContext.
L2/L3 flush kernel: 32 MB f16 Relu between every FC infer.
Median_ms: 5.1829
Min_ms: 5.1295
Avg_ms: 5.19221
GFLOPS: 196.245
BW_GBs: 99.7523
AI: 1.96732
WeightBytes: 5.08559e+08
TotalBytes: 5.17006e+08
TotalFLOPs: 1.01712e+09
Total Enqueues: 112


Device Performance Timing Results for Intel(R) Arc(TM) B390 GPU (96CUs, 2400MHz):

Total Time (ns): 204517368

                         Function Name,  Calls,     Time (ns), Time (%),  Average (ns),      Min (ns),      Max (ns)
activation_opt_8800612436721346785_0_0,     36,      20700925,   10.12%,        575025,        552812,        851770
            clEnqueueMemFillINTEL( H ),      5,        878226,    0.43%,        175645,          1145,        393541
                           gemm_kernel,     35,     181979259,   88.98%,       5199407,       5091979,       6873750
  reorder_data_3097296941322900110_0_0,      1,        958958,    0.47%,        958958,        958958,        958958
CLIntercept is shutting down...
... shutdown complete.
