-=-=-=-=-=-=-=-=-=-=-=-=-=-=-=-=-=-=-=-=-=-=-=-=-=-=-=-=-=-=-=-=
CLIntercept (64-bit) is loading...
CLIntercept file location: C:\Users\Local_Admin\Downloads\clintercept-3.0.6-win64\Release\opencl.dll
CLIntercept URL: https://github.com/intel/opencl-intercept-layer
CLIntercept git description: v3.0.6
CLIntercept git refspec: 
CLIntercept git hash: 1c86da258a3de21c88abb8d81953febcef50991f
CLIntercept optional features:
    cliloader(supported)
    cliprof(supported)
    kernel overrides(supported)
    ITT tracing(NOT supported)
    MDAPI(supported)
    Demangling(NOT supported)
    clock(steady_clock)
CLIntercept environment variable prefix: CLI_
CLIntercept registry key: SOFTWARE\INTEL\IGFX\CLINTERCEPT
Trying to load dispatch from: real_opencl.dll
Couldn't get exported function pointer to: clGetGLContextInfoKHR
... success!
Control ReportToStderr is set to non-default value: true
Control DevicePerformanceTiming is set to non-default value: true
Timer Started!
... loading complete.
Total Enqueues: 0

MoE bench: B=1 S=131072 H=2048 I=512 NE=256 TK=8 g=128 iters=1 warm=1 bufs=1 flush=64MB shared_I=512 [shared expert ENABLED] shared_quant=u4
[FUSION OK] Runtime node: MOE3GemmFusedCompressed_1405 layer_type=moe_3gemm_fused_compressed
[SHARED-EXPERT FUSION OK] no residual SharedGate/Up/Down MatMul nodes
[INPUT SEED] filled 1 USM_DEVICE input buffer(s) with random f32 in [-1,1] (B*S*H=268435456 elems each)
warmup 1 iters...
measuring 1 iters...
total host wallclock = 468.652 ms (468.652 ms/iter host-side)
=> rely on cliloader DevicePerformanceTiming for fused MoE kernel avg
Total Enqueues: 85


Device Performance Timing Results for Intel(R) Arc(TM) B390 GPU (96CUs, 2400MHz):

Total Time (ns): 1273332309

                                                           Function Name,  Calls,     Time (ns), Time (%),  Average (ns),      Min (ns),      Max (ns)
                                   activation_opt_477147924471330069_0_0,      2,       3380832,    0.27%,       1690416,       1270416,       2110416
                                              clEnqueueMemFillINTEL( D ),      8,     119323435,    9.37%,      14915429,          9583,      52234166
                                              clEnqueueMemFillINTEL( H ),     21,      41691449,    3.27%,       1985307,          1250,      13649062
                                            clEnqueueMemcpyINTEL( HtoM ),      2,        283697,    0.02%,        141848,        125468,        158229
                                            clEnqueueMemcpyINTEL( MtoD ),      2,         10103,    0.00%,          5051,          4843,          5260
                                            clEnqueueMemcpyINTEL( MtoH ),     10,        410674,    0.03%,         41067,          3177,        195989
                                                    clEnqueueWriteBuffer,      1,     157512968,   12.37%,     157512968,     157512968,     157512968
                        dynamic_quantize_gpu_opt_3529958020671960413_0_0,      2,      17840832,    1.40%,       8920416,       8314895,       9525937
                                                             gemm_kernel,     10,      74633433,    5.86%,       7463343,       3423020,      13357812
                                                      grouped_micro_gemm,      6,     365935309,   28.74%,      60989218,      54875208,      69923958
               moe_3gemm_swiglu_fuse_prefill_swiglu_11469337222080225030,      2,      67673541,    5.31%,      33836770,      32945104,      34728437
                 moe_3gemm_swiglu_fuse_softmax_topk_11469337222080225030,      2,      21381562,    1.68%,      10690781,      10636875,      10744687
                      moe_gather_ref_prefill_gather_11469337222080225030,      2,     189146353,   14.85%,      94573176,      86303437,     102842916
moe_scatter_reduction_opt_moe_scatter_reduction_ref_11469337222080225030,      2,     134123333,   10.53%,      67061666,      66900833,      67222500
                                   reorder_data_15907123265688206209_0_0,      2,       4133645,    0.32%,       2066822,       2057083,       2076562
                                    reorder_data_3844535482877867613_0_0,      1,          8333,    0.00%,          8333,          8333,          8333
                                    reorder_data_4276258359916679856_0_0,      1,       2591458,    0.20%,       2591458,       2591458,       2591458
                                    reorder_data_9083820050427312823_0_0,      2,        979582,    0.08%,        489791,        482395,        497187
                                    reorder_data_9913930329184528500_0_0,      1,        361354,    0.03%,        361354,        361354,        361354
                           reorder_data_fast_b1_13185696510603783633_0_0,      2,      34731562,    2.73%,      17365781,      17064687,      17666875
                           reorder_data_fast_b1_13344438873494756860_0_0,      2,      37178854,    2.92%,      18589427,      17286250,      19892604
CLIntercept is shutting down...
... shutdown complete.
