-=-=-=-=-=-=-=-=-=-=-=-=-=-=-=-=-=-=-=-=-=-=-=-=-=-=-=-=-=-=-=-=
CLIntercept (64-bit) is loading...
CLIntercept file location: C:\Users\Local_Admin\Downloads\clintercept-3.0.6-win64\Release\opencl.dll
CLIntercept URL: https://github.com/intel/opencl-intercept-layer
CLIntercept git description: v3.0.6
CLIntercept git refspec: 
CLIntercept git hash: 1c86da258a3de21c88abb8d81953febcef50991f
CLIntercept optional features:
    cliloader(supported)
    cliprof(supported)
    kernel overrides(supported)
    ITT tracing(NOT supported)
    MDAPI(supported)
    Demangling(NOT supported)
    clock(steady_clock)
CLIntercept environment variable prefix: CLI_
CLIntercept registry key: SOFTWARE\INTEL\IGFX\CLINTERCEPT
Trying to load dispatch from: real_opencl.dll
Couldn't get exported function pointer to: clGetGLContextInfoKHR
... success!
Control ReportToStderr is set to non-default value: true
Control DevicePerformanceTiming is set to non-default value: true
Timer Started!
... loading complete.
Total Enqueues: 0

MoE bench: B=1 S=32768 H=2048 I=512 NE=256 TK=8 g=128 iters=2 warm=1 bufs=1 flush=64MB shared_I=512 [shared expert ENABLED] shared_quant=u4
[FUSION OK] Runtime node: MOE3GemmFusedCompressed_1405 layer_type=moe_3gemm_fused_compressed
[SHARED-EXPERT FUSION OK] no residual SharedGate/Up/Down MatMul nodes
[INPUT SEED] filled 1 USM_DEVICE input buffer(s) with random f32 in [-1,1] (B*S*H=67108864 elems each)
warmup 1 iters...
measuring 2 iters...
total host wallclock = 250.032 ms (125.016 ms/iter host-side)
=> rely on cliloader DevicePerformanceTiming for fused MoE kernel avg
Total Enqueues: 109


Device Performance Timing Results for Intel(R) Arc(TM) B390 GPU (96CUs, 2400MHz):

Total Time (ns): 415606989

                                                          Function Name,  Calls,     Time (ns), Time (%),  Average (ns),      Min (ns),      Max (ns)
                                  activation_opt_477147924471330069_0_0,      3,       4842187,    1.17%,       1614062,       1266354,       1830000
                                             clEnqueueMemFillINTEL( D ),      8,      14755725,    3.55%,       1844465,          7291,       5431666
                                             clEnqueueMemFillINTEL( H ),     21,      14393847,    3.46%,        685421,          1250,       5099270
                                           clEnqueueMemcpyINTEL( HtoM ),      3,         88905,    0.02%,         29635,         24062,         37135
                                           clEnqueueMemcpyINTEL( MtoD ),      3,         10051,    0.00%,          3350,          2604,          4739
                                           clEnqueueMemcpyINTEL( MtoH ),     15,        130357,    0.03%,          8690,           989,         43593
                                                   clEnqueueWriteBuffer,      1,      14269895,    3.43%,      14269895,      14269895,      14269895
                       dynamic_quantize_gpu_opt_1979065671819344536_0_0,      3,       6632291,    1.60%,       2210763,       1875416,       2783750
                                                            gemm_kernel,     15,      35460931,    8.53%,       2364062,        819895,       4507916
                                                     grouped_micro_gemm,      9,     149691455,   36.02%,      16632383,      14756770,      18792604
               moe_3gemm_swiglu_fuse_prefill_swiglu_1494381358764931505,      3,      24537499,    5.90%,       8179166,       7964583,       8373958
                 moe_3gemm_swiglu_fuse_softmax_topk_1494381358764931505,      3,       8036457,    1.93%,       2678819,       2649791,       2727812
                      moe_gather_ref_prefill_gather_1494381358764931505,      3,      65198228,   15.69%,      21732742,      20701458,      22351354
moe_scatter_reduction_opt_moe_scatter_reduction_ref_1494381358764931505,      3,      39236666,    9.44%,      13078888,      13027708,      13142083
                                  reorder_data_15907123265688206209_0_0,      2,       4095207,    0.99%,       2047603,       2045312,       2049895
                                   reorder_data_3844535482877867613_0_0,      1,          8645,    0.00%,          8645,          8645,          8645
                                   reorder_data_4276258359916679856_0_0,      1,       2605625,    0.63%,       2605625,       2605625,       2605625
                                   reorder_data_9083820050427312823_0_0,      2,        952187,    0.23%,        476093,        474062,        478125
                                   reorder_data_9913930329184528500_0_0,      1,        340000,    0.08%,        340000,        340000,        340000
                          reorder_data_fast_b1_10365012715572419650_0_0,      3,      15713228,    3.78%,       5237742,       4122500,       6006041
                          reorder_data_fast_b1_13703208347899818675_0_0,      3,      14607603,    3.51%,       4869201,       4054479,       6247083
CLIntercept is shutting down...
... shutdown complete.
