-=-=-=-=-=-=-=-=-=-=-=-=-=-=-=-=-=-=-=-=-=-=-=-=-=-=-=-=-=-=-=-=
CLIntercept (64-bit) is loading...
CLIntercept file location: C:\Users\Local_Admin\Downloads\clintercept-3.0.6-win64\Release\opencl.dll
CLIntercept URL: https://github.com/intel/opencl-intercept-layer
CLIntercept git description: v3.0.6
CLIntercept git refspec: 
CLIntercept git hash: 1c86da258a3de21c88abb8d81953febcef50991f
CLIntercept optional features:
    cliloader(supported)
    cliprof(supported)
    kernel overrides(supported)
    ITT tracing(NOT supported)
    MDAPI(supported)
    Demangling(NOT supported)
    clock(steady_clock)
CLIntercept environment variable prefix: CLI_
CLIntercept registry key: SOFTWARE\INTEL\IGFX\CLINTERCEPT
Trying to load dispatch from: real_opencl.dll
Couldn't get exported function pointer to: clGetGLContextInfoKHR
... success!
Control ReportToStderr is set to non-default value: true
Control DevicePerformanceTiming is set to non-default value: true
Timer Started!
... loading complete.
Total Enqueues: 0

=== FC Benchmark (precision=u4) ===
M=8192 K=4096 N=2048 group_size=128 iters=30 warmup=5 bufs=8 flush_mb=64
Dynamic quantization: ON (group_size=128)
Input tensors allocated in USM_DEVICE (VRAM) via RemoteContext.
L2/L3 flush kernel: 64 MB f16 Relu between every FC infer.
Median_ms: 2.7411
Min_ms: 2.5637
Avg_ms: 3.4176
GFLOPS: 50140.1
BW_GBs: 38.3017
AI: 1309.08
WeightBytes: 4.1943e+06
TotalBytes: 1.04989e+08
TotalFLOPs: 1.37439e+11
Total Enqueues: 150


Device Performance Timing Results for Intel(R) Arc(TM) B390 GPU (96CUs, 2400MHz):

Total Time (ns): 141754225

                                   Function Name,  Calls,     Time (ns), Time (%),  Average (ns),      Min (ns),      Max (ns)
           activation_opt_477147924471330069_0_0,     36,      46987172,   33.15%,       1305199,       1217604,       1762083
                      clEnqueueMemFillINTEL( D ),      3,        149686,    0.11%,         49895,          8437,        132083
                      clEnqueueMemFillINTEL( H ),      5,       3588435,    2.53%,        717687,         11354,       1067916
dynamic_quantize_gpu_opt_1534384422443530166_0_0,     35,      29708840,   20.96%,        848824,        699687,       1631666
                                     gemm_kernel,     35,      61291030,   43.24%,       1751172,       1668750,       2046562
           reorder_data_17535196316214898668_0_0,      1,         29062,    0.02%,         29062,         29062,         29062
CLIntercept is shutting down...
... shutdown complete.
