-=-=-=-=-=-=-=-=-=-=-=-=-=-=-=-=-=-=-=-=-=-=-=-=-=-=-=-=-=-=-=-=
CLIntercept (64-bit) is loading...
CLIntercept file location: C:\Users\Local_Admin\Downloads\clintercept-3.0.6-win64\Release\opencl.dll
CLIntercept URL: https://github.com/intel/opencl-intercept-layer
CLIntercept git description: v3.0.6
CLIntercept git refspec: 
CLIntercept git hash: 1c86da258a3de21c88abb8d81953febcef50991f
CLIntercept optional features:
    cliloader(supported)
    cliprof(supported)
    kernel overrides(supported)
    ITT tracing(NOT supported)
    MDAPI(supported)
    Demangling(NOT supported)
    clock(steady_clock)
CLIntercept environment variable prefix: CLI_
CLIntercept registry key: SOFTWARE\INTEL\IGFX\CLINTERCEPT
Trying to load dispatch from: real_opencl.dll
Couldn't get exported function pointer to: clGetGLContextInfoKHR
... success!
Control ReportToStderr is set to non-default value: true
Control DevicePerformanceTiming is set to non-default value: true
Timer Started!
... loading complete.
Total Enqueues: 0

=== FC Benchmark (precision=u4) ===
M=32768 K=4096 N=2048 group_size=128 iters=10 warmup=2 bufs=2 flush_mb=64
Dynamic quantization: ON (group_size=128)
Input tensors allocated in USM_DEVICE (VRAM) via RemoteContext.
L2/L3 flush kernel: 64 MB f16 Relu between every FC infer.
Median_ms: 10.0226
Min_ms: 9.7384
Avg_ms: 10.0466
GFLOPS: 54851.6
BW_GBs: 40.6061
AI: 1350.82
WeightBytes: 4.1943e+06
TotalBytes: 4.06979e+08
TotalFLOPs: 5.49756e+11
Total Enqueues: 58


Device Performance Timing Results for Intel(R) Arc(TM) B390 GPU (96CUs, 2400MHz):

Total Time (ns): 152781335

                                   Function Name,  Calls,     Time (ns), Time (%),  Average (ns),      Min (ns),      Max (ns)
           activation_opt_477147924471330069_0_0,     13,      17174056,   11.24%,       1321081,       1234687,       1754791
                      clEnqueueMemFillINTEL( D ),      3,        655520,    0.43%,        218506,         20312,        603333
                      clEnqueueMemFillINTEL( H ),      5,       9829790,    6.43%,       1965958,          9791,       5305312
dynamic_quantize_gpu_opt_7387113980111986926_0_0,     12,      41960099,   27.46%,       3496674,       2820833,       6383541
                                     gemm_kernel,     12,      83134995,   54.41%,       6927916,       6765520,       7111250
           reorder_data_17535196316214898668_0_0,      1,         26875,    0.02%,         26875,         26875,         26875
CLIntercept is shutting down...
... shutdown complete.
