-=-=-=-=-=-=-=-=-=-=-=-=-=-=-=-=-=-=-=-=-=-=-=-=-=-=-=-=-=-=-=-=
CLIntercept (64-bit) is loading...
CLIntercept file location: C:\Users\Local_Admin\Downloads\clintercept-3.0.6-win64\Release\opencl.dll
CLIntercept URL: https://github.com/intel/opencl-intercept-layer
CLIntercept git description: v3.0.6
CLIntercept git refspec: 
CLIntercept git hash: 1c86da258a3de21c88abb8d81953febcef50991f
CLIntercept optional features:
    cliloader(supported)
    cliprof(supported)
    kernel overrides(supported)
    ITT tracing(NOT supported)
    MDAPI(supported)
    Demangling(NOT supported)
    clock(steady_clock)
CLIntercept environment variable prefix: CLI_
CLIntercept registry key: SOFTWARE\INTEL\IGFX\CLINTERCEPT
Trying to load dispatch from: real_opencl.dll
Couldn't get exported function pointer to: clGetGLContextInfoKHR
... success!
Control ReportToStderr is set to non-default value: true
Control DevicePerformanceTiming is set to non-default value: true
Timer Started!
... loading complete.
Total Enqueues: 0

=== FC Benchmark (precision=u4) ===
M=16384 K=2048 N=5120 group_size=128 iters=10 warmup=2 bufs=2 flush_mb=64
Dynamic quantization: ON (group_size=128)
Input tensors allocated in USM_DEVICE (VRAM) via RemoteContext.
L2/L3 flush kernel: 64 MB f16 Relu between every FC infer.
Median_ms: 6.9564
Min_ms: 6.8688
Avg_ms: 6.96798
GFLOPS: 49393
BW_GBs: 34.542
AI: 1429.94
WeightBytes: 5.24288e+06
TotalBytes: 2.40288e+08
TotalFLOPs: 3.43597e+11
Total Enqueues: 58


Device Performance Timing Results for Intel(R) Arc(TM) B390 GPU (96CUs, 2400MHz):

Total Time (ns): 106308522

                                    Function Name,  Calls,     Time (ns), Time (%),  Average (ns),      Min (ns),      Max (ns)
            activation_opt_477147924471330069_0_0,     13,      16912288,   15.91%,       1300945,       1220104,       1748645
                       clEnqueueMemFillINTEL( D ),      3,        153019,    0.14%,         51006,          8854,        134895
                       clEnqueueMemFillINTEL( H ),      5,       6284580,    5.91%,       1256916,         16770,       3091666
dynamic_quantize_gpu_opt_18175967313154158316_0_0,     12,      10074057,    9.48%,        839504,        691562,       1716458
                                      gemm_kernel,     12,      72856141,   68.53%,       6071345,       5886666,       6211770
            reorder_data_12169823518499039792_0_0,      1,         28437,    0.03%,         28437,         28437,         28437
CLIntercept is shutting down...
... shutdown complete.
