-=-=-=-=-=-=-=-=-=-=-=-=-=-=-=-=-=-=-=-=-=-=-=-=-=-=-=-=-=-=-=-=
CLIntercept (64-bit) is loading...
CLIntercept file location: C:\Users\Local_Admin\Downloads\clintercept-3.0.6-win64\Release\opencl.dll
CLIntercept URL: https://github.com/intel/opencl-intercept-layer
CLIntercept git description: v3.0.6
CLIntercept git refspec: 
CLIntercept git hash: 1c86da258a3de21c88abb8d81953febcef50991f
CLIntercept optional features:
    cliloader(supported)
    cliprof(supported)
    kernel overrides(supported)
    ITT tracing(NOT supported)
    MDAPI(supported)
    Demangling(NOT supported)
    clock(steady_clock)
CLIntercept environment variable prefix: CLI_
CLIntercept registry key: SOFTWARE\INTEL\IGFX\CLINTERCEPT
Trying to load dispatch from: real_opencl.dll
Couldn't get exported function pointer to: clGetGLContextInfoKHR
... success!
Control ReportToStderr is set to non-default value: true
Control DevicePerformanceTiming is set to non-default value: true
Timer Started!
... loading complete.
Total Enqueues: 0

=== GDN Benchmark ===
B=1 T=1024 HK=32 H=32 K=128 iters=20 warmup=5 bufs=2
Median_ms: 4.2529
Avg_ms: 4.26355
GFLOPS: 1009.89
BW_GBs: 8.41371
AI: 120.029
TotalFLOPs: 4.29497e+09
TotalBytes: 3.57827e+07
Total Enqueues: 225


Device Performance Timing Results for Intel(R) Arc(TM) B390 GPU (96CUs, 2400MHz):

Total Time (ns): 97427508

                               Function Name,  Calls,     Time (ns), Time (%),  Average (ns),      Min (ns),      Max (ns)
                clEnqueueMemcpyINTEL( HtoH ),     50,       5406695,    5.55%,        108133,         20364,        328020
                clEnqueueMemcpyINTEL( MtoD ),    150,      28263219,   29.01%,        188421,          2343,        451145
gated_delta_net_ref__8629349849706163749__sa,     25,      63757594,   65.44%,       2550303,       2477291,       2865833
CLIntercept is shutting down...
... shutdown complete.
