-=-=-=-=-=-=-=-=-=-=-=-=-=-=-=-=-=-=-=-=-=-=-=-=-=-=-=-=-=-=-=-=
CLIntercept (64-bit) is loading...
CLIntercept file location: C:\Users\Local_Admin\Downloads\clintercept-3.0.6-win64\Release\opencl.dll
CLIntercept URL: https://github.com/intel/opencl-intercept-layer
CLIntercept git description: v3.0.6
CLIntercept git refspec: 
CLIntercept git hash: 1c86da258a3de21c88abb8d81953febcef50991f
CLIntercept optional features:
    cliloader(supported)
    cliprof(supported)
    kernel overrides(supported)
    ITT tracing(NOT supported)
    MDAPI(supported)
    Demangling(NOT supported)
    clock(steady_clock)
CLIntercept environment variable prefix: CLI_
CLIntercept registry key: SOFTWARE\INTEL\IGFX\CLINTERCEPT
Trying to load dispatch from: real_opencl.dll
Couldn't get exported function pointer to: clGetGLContextInfoKHR
... success!
Control ReportToStderr is set to non-default value: true
Control DevicePerformanceTiming is set to non-default value: true
Timer Started!
... loading complete.
Total Enqueues: 0

=== GDN Benchmark ===
B=1 T=131072 HK=32 H=32 K=128 iters=8 warmup=2 bufs=2
Median_ms: 569.031
Avg_ms: 662.764
GFLOPS: 966.127
BW_GBs: 7.58104
AI: 127.44
TotalFLOPs: 5.49756e+11
TotalBytes: 4.31384e+09
Total Enqueues: 90


Device Performance Timing Results for Intel(R) Arc(TM) B390 GPU (96CUs, 2400MHz):

Total Time (ns): 6490960691

                               Function Name,  Calls,     Time (ns), Time (%),  Average (ns),      Min (ns),      Max (ns)
                clEnqueueMemcpyINTEL( HtoH ),     20,     282757752,    4.36%,      14137887,         24479,      31967864
                clEnqueueMemcpyINTEL( MtoD ),     60,    2643576275,   40.73%,      44059604,         24427,     219298697
gated_delta_net_ref__8629349849706163749__sa,     10,    3564626664,   54.92%,     356462666,     336580520,     376849479
CLIntercept is shutting down...
... shutdown complete.
