-=-=-=-=-=-=-=-=-=-=-=-=-=-=-=-=-=-=-=-=-=-=-=-=-=-=-=-=-=-=-=-=
CLIntercept (64-bit) is loading...
CLIntercept file location: C:\Users\Local_Admin\Downloads\clintercept-3.0.6-win64\Release\opencl.dll
CLIntercept URL: https://github.com/intel/opencl-intercept-layer
CLIntercept git description: v3.0.6
CLIntercept git refspec: 
CLIntercept git hash: 1c86da258a3de21c88abb8d81953febcef50991f
CLIntercept optional features:
    cliloader(supported)
    cliprof(supported)
    kernel overrides(supported)
    ITT tracing(NOT supported)
    MDAPI(supported)
    Demangling(NOT supported)
    clock(steady_clock)
CLIntercept environment variable prefix: CLI_
CLIntercept registry key: SOFTWARE\INTEL\IGFX\CLINTERCEPT
Trying to load dispatch from: real_opencl.dll
Couldn't get exported function pointer to: clGetGLContextInfoKHR
... success!
Control ReportToStderr is set to non-default value: true
Control DevicePerformanceTiming is set to non-default value: true
Timer Started!
... loading complete.
Total Enqueues: 0

MoE bench: B=1 S=1024 H=2048 I=512 NE=512 TK=10 g=128 iters=20 warm=5 bufs=2 flush=64MB shared_I=512 [shared expert ENABLED]
[FUSION OK] Runtime node: MOE3GemmFusedCompressed_1391 layer_type=moe_3gemm_fused_compressed
[SHARED-EXPERT FUSION OK] no residual SharedGate/Up/Down MatMul nodes
[INPUT SEED] filled 2 USM_DEVICE input buffer(s) with random f32 in [-1,1] (B*S*H=2097152 elems each)
warmup 5 iters...
measuring 20 iters...
total host wallclock = 403.441 ms (20.1721 ms/iter host-side)
=> rely on cliloader DevicePerformanceTiming for fused MoE kernel avg
Total Enqueues: 626


Device Performance Timing Results for Intel(R) Arc(TM) B390 GPU (96CUs, 2400MHz):

Total Time (ns): 469725213

                                                           Function Name,  Calls,     Time (ns), Time (%),  Average (ns),      Min (ns),      Max (ns)
                                   activation_opt_477147924471330069_0_0,     25,      32839467,    6.99%,       1313578,       1237916,       1860937
                                              clEnqueueMemFillINTEL( D ),      8,        539579,    0.11%,         67447,          4687,        187291
                                              clEnqueueMemFillINTEL( H ),     15,       2358326,    0.50%,        157221,          1145,       1096354
                                            clEnqueueMemcpyINTEL( HtoM ),     25,         70406,    0.01%,          2816,          2395,          4583
                                            clEnqueueMemcpyINTEL( MtoD ),     25,         59727,    0.01%,          2389,          1979,          5000
                                            clEnqueueMemcpyINTEL( MtoH ),    125,        274680,    0.06%,          2197,           937,          9375
                                                    clEnqueueWriteBuffer,      2,        923385,    0.20%,        461692,        355625,        567760
                        dynamic_quantize_gpu_opt_1484759769825727959_0_0,     25,        689155,    0.15%,         27566,         21875,        103229
                                                             gemm_kernel,    125,       7883076,    1.68%,         63064,         13333,        181458
                                                      grouped_micro_gemm,     75,     375642267,   79.97%,       5008563,       4531562,       6788958
               moe_3gemm_swiglu_fuse_prefill_swiglu_14425143956606418838,     25,       5690093,    1.21%,        227603,        223125,        271666
                 moe_3gemm_swiglu_fuse_softmax_topk_14425143956606418838,     25,       7934572,    1.69%,        317382,        313229,        327187
                      moe_gather_ref_prefill_gather_14425143956606418838,     25,      10800511,    2.30%,        432020,        396562,        674062
moe_scatter_reduction_opt_moe_scatter_reduction_ref_14425143956606418838,     25,      19318115,    4.11%,        772724,        764166,        806041
                                    reorder_data_2820173756788856300_0_0,      1,         11979,    0.00%,         11979,         11979,         11979
                           reorder_data_fast_b1_10104925323869219766_0_0,     25,       1582489,    0.34%,         63299,         59479,        121666
                            reorder_data_fast_b1_5947558306529159710_0_0,     25,       3107386,    0.66%,        124295,        113229,        226354
CLIntercept is shutting down...
... shutdown complete.
