-=-=-=-=-=-=-=-=-=-=-=-=-=-=-=-=-=-=-=-=-=-=-=-=-=-=-=-=-=-=-=-=
CLIntercept (64-bit) is loading...
CLIntercept file location: C:\Users\Local_Admin\Downloads\clintercept-3.0.6-win64\Release\opencl.dll
CLIntercept URL: https://github.com/intel/opencl-intercept-layer
CLIntercept git description: v3.0.6
CLIntercept git refspec: 
CLIntercept git hash: 1c86da258a3de21c88abb8d81953febcef50991f
CLIntercept optional features:
    cliloader(supported)
    cliprof(supported)
    kernel overrides(supported)
    ITT tracing(NOT supported)
    MDAPI(supported)
    Demangling(NOT supported)
    clock(steady_clock)
CLIntercept environment variable prefix: CLI_
CLIntercept registry key: SOFTWARE\INTEL\IGFX\CLINTERCEPT
Trying to load dispatch from: real_opencl.dll
Couldn't get exported function pointer to: clGetGLContextInfoKHR
... success!
Control ReportToStderr is set to non-default value: true
Control DevicePerformanceTiming is set to non-default value: true
Timer Started!
... loading complete.
Total Enqueues: 0

=== PA Benchmark ===
NH=16 NKV=2 HD=256
Mode=decode S_q=1 S_kv=2048 blocks=129 kv_type=i8 iters=8000 warmup=200 bufs=4
[1;30mGPU_Debug: [1;34mexecution_config.cpp:[1;35m233:[1;36moperator (): [0m[Warning] BY_CHANNEL quant mode is not supported for cache rotation yet. Switching to BY_TOKEN mode.
[1;30mGPU_Debug: [1;34mexecution_config.cpp:[1;35m233:[1;36moperator (): [0m[Warning] BY_CHANNEL quant mode is not supported for cache rotation yet. Switching to BY_TOKEN mode.
KV cache key type=i8 shape=[?,2,256,20]
KV cache val type=i8 shape=[?,2,16,260]
Resolved KC shape: [129,2,256,20]
Median_ms: 0.3963
Min_ms: 0.3636
Avg_ms: 0.409873
GFLOPS: 86.7787
BW_GBs: 5.37968
AI: 16.1308
TotalFLOPs: 3.43904e+07
TotalBytes: 2.13197e+06
Total Enqueues: 104551


Device Performance Timing Results for Intel(R) Arc(TM) B390 GPU (96CUs, 2400MHz):

Total Time (ns): 1500014525

                                                          Function Name,  Calls,     Time (ns), Time (%),  Average (ns),      Min (ns),      Max (ns)
                                             clEnqueueMemFillINTEL( H ),      1,          3333,    0.00%,          3333,          3333,          3333
                                           clEnqueueMemcpyINTEL( HtoH ),   6150,       9339574,    0.62%,          1518,           989,          2968
                                           clEnqueueMemcpyINTEL( MtoD ),  57400,     566297523,   37.75%,          9865,           885,        219218
                                           clEnqueueMemcpyINTEL( MtoH ),  16400,      16613046,    1.11%,          1012,           937,          3906
                       pa_kv_cache_update_ref__15856477779756318941__sa,   8200,      32504429,    2.17%,          3963,          3333,         12708
             paged_attention_opt__single_token_15856477779756318941__sa,   8200,     844158286,   56.28%,        102946,         95625,        805416
paged_attention_opt__single_token_finalization_15856477779756318941__sa,   8200,      31098334,    2.07%,          3792,          3645,         13958
CLIntercept is shutting down...
... shutdown complete.
