-=-=-=-=-=-=-=-=-=-=-=-=-=-=-=-=-=-=-=-=-=-=-=-=-=-=-=-=-=-=-=-=
CLIntercept (64-bit) is loading...
CLIntercept file location: C:\Users\Local_Admin\Downloads\clintercept-3.0.6-win64\Release\opencl.dll
CLIntercept URL: https://github.com/intel/opencl-intercept-layer
CLIntercept git description: v3.0.6
CLIntercept git refspec: 
CLIntercept git hash: 1c86da258a3de21c88abb8d81953febcef50991f
CLIntercept optional features:
    cliloader(supported)
    cliprof(supported)
    kernel overrides(supported)
    ITT tracing(NOT supported)
    MDAPI(supported)
    Demangling(NOT supported)
    clock(steady_clock)
CLIntercept environment variable prefix: CLI_
CLIntercept registry key: SOFTWARE\INTEL\IGFX\CLINTERCEPT
Trying to load dispatch from: real_opencl.dll
Couldn't get exported function pointer to: clGetGLContextInfoKHR
... success!
Control ReportToStderr is set to non-default value: true
Control DevicePerformanceTiming is set to non-default value: true
Timer Started!
... loading complete.
Total Enqueues: 0

=== PA Benchmark ===
NH=16 NKV=2 HD=256
Mode=prefill S_q=1024 S_kv=0 blocks=64 kv_type=i8 iters=25 warmup=5 bufs=4
[1;30mGPU_Debug: [1;34mexecution_config.cpp:[1;35m233:[1;36moperator (): [0m[Warning] BY_CHANNEL quant mode is not supported for cache rotation yet. Switching to BY_TOKEN mode.
[1;30mGPU_Debug: [1;34mexecution_config.cpp:[1;35m233:[1;36moperator (): [0m[Warning] BY_CHANNEL quant mode is not supported for cache rotation yet. Switching to BY_TOKEN mode.
KV cache key type=i8 shape=[?,2,256,20]
KV cache val type=i8 shape=[?,2,16,260]
Resolved KC shape: [64,2,256,20]
Median_ms: 1.7434
Min_ms: 1.4962
Avg_ms: 1.70028
GFLOPS: 10094.8
BW_GBs: 11.4276
AI: 883.368
TotalFLOPs: 1.75993e+10
TotalBytes: 1.99229e+07
Total Enqueues: 352


Device Performance Timing Results for Intel(R) Arc(TM) B390 GPU (96CUs, 2400MHz):

Total Time (ns): 38653044

                                   Function Name,  Calls,     Time (ns), Time (%),  Average (ns),      Min (ns),      Max (ns)
                      clEnqueueMemFillINTEL( H ),      1,         38958,    0.10%,         38958,         38958,         38958
                    clEnqueueMemcpyINTEL( HtoH ),     21,       3953428,   10.23%,        188258,        160781,        332395
                    clEnqueueMemcpyINTEL( MtoD ),    210,      13899314,   35.96%,         66187,           937,        419166
                    clEnqueueMemcpyINTEL( MtoH ),     60,         72203,    0.19%,          1203,           937,          3697
pa_kv_cache_update_ref__15856477779756318941__sa,     30,       1142385,    2.96%,         38079,         31250,         64687
    sdpa_micro__prefill_15856477779756318941__sa,     30,      19546756,   50.57%,        651558,        621770,        774062
CLIntercept is shutting down...
... shutdown complete.
