-=-=-=-=-=-=-=-=-=-=-=-=-=-=-=-=-=-=-=-=-=-=-=-=-=-=-=-=-=-=-=-=
CLIntercept (64-bit) is loading...
CLIntercept file location: C:\Users\Local_Admin\Downloads\clintercept-3.0.6-win64\Release\opencl.dll
CLIntercept URL: https://github.com/intel/opencl-intercept-layer
CLIntercept git description: v3.0.6
CLIntercept git refspec: 
CLIntercept git hash: 1c86da258a3de21c88abb8d81953febcef50991f
CLIntercept optional features:
    cliloader(supported)
    cliprof(supported)
    kernel overrides(supported)
    ITT tracing(NOT supported)
    MDAPI(supported)
    Demangling(NOT supported)
    clock(steady_clock)
CLIntercept environment variable prefix: CLI_
CLIntercept registry key: SOFTWARE\INTEL\IGFX\CLINTERCEPT
Trying to load dispatch from: real_opencl.dll
Couldn't get exported function pointer to: clGetGLContextInfoKHR
... success!
Control ReportToStderr is set to non-default value: true
Control DevicePerformanceTiming is set to non-default value: true
Timer Started!
... loading complete.
Total Enqueues: 0

=== PA Benchmark ===
NH=16 NKV=2 HD=256
Mode=prefill S_q=131072 S_kv=0 blocks=8192 kv_type=i8 iters=1 warmup=1 bufs=1
[1;30mGPU_Debug: [1;34mexecution_config.cpp:[1;35m233:[1;36moperator (): [0m[Warning] BY_CHANNEL quant mode is not supported for cache rotation yet. Switching to BY_TOKEN mode.
[1;30mGPU_Debug: [1;34mexecution_config.cpp:[1;35m233:[1;36moperator (): [0m[Warning] BY_CHANNEL quant mode is not supported for cache rotation yet. Switching to BY_TOKEN mode.
KV cache key type=i8 shape=[?,2,256,20]
KV cache val type=i8 shape=[?,2,16,260]
Resolved KC shape: [8192,2,256,20]
Median_ms: 12324.7
Min_ms: 12324.7
Avg_ms: 12324.7
GFLOPS: 23395.8
BW_GBs: 0.206912
AI: 113071
TotalFLOPs: 2.88347e+14
TotalBytes: 2.55014e+09
Total Enqueues: 23


Device Performance Timing Results for Intel(R) Arc(TM) B390 GPU (96CUs, 2400MHz):

Total Time (ns): 22927569520

                                   Function Name,  Calls,     Time (ns), Time (%),  Average (ns),      Min (ns),      Max (ns)
                      clEnqueueMemFillINTEL( H ),      1,      13377395,    0.06%,      13377395,      13377395,      13377395
                    clEnqueueMemcpyINTEL( MtoD ),     14,     310427233,    1.35%,      22173373,          1302,     212099010
                    clEnqueueMemcpyINTEL( MtoH ),      4,          8019,    0.00%,          2004,           989,          2812
pa_kv_cache_update_ref__15856477779756318941__sa,      2,       8231353,    0.04%,       4115676,       4103437,       4127916
    sdpa_micro__prefill_15856477779756318941__sa,      2,   22595525520,   98.55%,   11297762760,   10512269791,   12083255729
CLIntercept is shutting down...
... shutdown complete.
