-=-=-=-=-=-=-=-=-=-=-=-=-=-=-=-=-=-=-=-=-=-=-=-=-=-=-=-=-=-=-=-=
CLIntercept (64-bit) is loading...
CLIntercept file location: C:\Users\Local_Admin\Downloads\clintercept-3.0.6-win64\Release\opencl.dll
CLIntercept URL: https://github.com/intel/opencl-intercept-layer
CLIntercept git description: v3.0.6
CLIntercept git refspec: 
CLIntercept git hash: 1c86da258a3de21c88abb8d81953febcef50991f
CLIntercept optional features:
    cliloader(supported)
    cliprof(supported)
    kernel overrides(supported)
    ITT tracing(NOT supported)
    MDAPI(supported)
    Demangling(NOT supported)
    clock(steady_clock)
CLIntercept environment variable prefix: CLI_
CLIntercept registry key: SOFTWARE\INTEL\IGFX\CLINTERCEPT
Trying to load dispatch from: real_opencl.dll
Couldn't get exported function pointer to: clGetGLContextInfoKHR
... success!
Control ReportToStderr is set to non-default value: true
Control DevicePerformanceTiming is set to non-default value: true
Timer Started!
... loading complete.
Total Enqueues: 0

=== PA Benchmark ===
NH=16 NKV=2 HD=256
Mode=prefill S_q=65536 S_kv=0 blocks=4096 kv_type=i8 iters=2 warmup=1 bufs=1
[1;30mGPU_Debug: [1;34mexecution_config.cpp:[1;35m233:[1;36moperator (): [0m[Warning] BY_CHANNEL quant mode is not supported for cache rotation yet. Switching to BY_TOKEN mode.
[1;30mGPU_Debug: [1;34mexecution_config.cpp:[1;35m233:[1;36moperator (): [0m[Warning] BY_CHANNEL quant mode is not supported for cache rotation yet. Switching to BY_TOKEN mode.
KV cache key type=i8 shape=[?,2,256,20]
KV cache val type=i8 shape=[?,2,16,260]
Resolved KC shape: [4096,2,256,20]
Median_ms: 2525.57
Min_ms: 2522.27
Avg_ms: 2523.92
GFLOPS: 28542.8
BW_GBs: 0.504864
AI: 56535.6
TotalFLOPs: 7.20867e+13
TotalBytes: 1.27507e+09
Total Enqueues: 34


Device Performance Timing Results for Intel(R) Arc(TM) B390 GPU (96CUs, 2400MHz):

Total Time (ns): 7609722952

                                   Function Name,  Calls,     Time (ns), Time (%),  Average (ns),      Min (ns),      Max (ns)
                      clEnqueueMemFillINTEL( H ),      1,       7830208,    0.10%,       7830208,       7830208,       7830208
                    clEnqueueMemcpyINTEL( MtoD ),     21,     132915718,    1.75%,       6329319,          1093,      36815312
                    clEnqueueMemcpyINTEL( MtoH ),      6,          9216,    0.00%,          1536,           989,          2083
pa_kv_cache_update_ref__15856477779756318941__sa,      3,       6113228,    0.08%,       2037742,       2020833,       2069791
    sdpa_micro__prefill_15856477779756318941__sa,      3,    7462854582,   98.07%,    2487618194,    2471890208,    2517896562
CLIntercept is shutting down...
... shutdown complete.
