-=-=-=-=-=-=-=-=-=-=-=-=-=-=-=-=-=-=-=-=-=-=-=-=-=-=-=-=-=-=-=-=
CLIntercept (64-bit) is loading...
CLIntercept file location: C:\Users\Local_Admin\Downloads\clintercept-3.0.6-win64\Release\opencl.dll
CLIntercept URL: https://github.com/intel/opencl-intercept-layer
CLIntercept git description: v3.0.6
CLIntercept git refspec: 
CLIntercept git hash: 1c86da258a3de21c88abb8d81953febcef50991f
CLIntercept optional features:
    cliloader(supported)
    cliprof(supported)
    kernel overrides(supported)
    ITT tracing(NOT supported)
    MDAPI(supported)
    Demangling(NOT supported)
    clock(steady_clock)
CLIntercept environment variable prefix: CLI_
CLIntercept registry key: SOFTWARE\INTEL\IGFX\CLINTERCEPT
Trying to load dispatch from: real_opencl.dll
Couldn't get exported function pointer to: clGetGLContextInfoKHR
... success!
Control ReportToStderr is set to non-default value: true
Control DevicePerformanceTiming is set to non-default value: true
Timer Started!
... loading complete.
Total Enqueues: 0

=== FC Benchmark (precision=u4) ===
M=1024 K=2560 N=6144 group_size=128 iters=200 warmup=10 bufs=4 flush_mb=64
Dynamic quantization: ON (group_size=128)
Input tensors allocated in USM_DEVICE (VRAM) via RemoteContext.
L2/L3 flush kernel: 64 MB f16 Relu between every FC infer.
Median_ms: 0.6966
Min_ms: 0.6715
Avg_ms: 0.70099
GFLOPS: 46242.1
BW_GBs: 37.2321
AI: 1242
WeightBytes: 7.86432e+06
TotalBytes: 2.59359e+07
TotalFLOPs: 3.22123e+10
Total Enqueues: 850


Device Performance Timing Results for Intel(R) Arc(TM) B390 GPU (96CUs, 2400MHz):

Total Time (ns): 382293892

                                    Function Name,  Calls,     Time (ns), Time (%),  Average (ns),      Min (ns),      Max (ns)
            activation_opt_477147924471330069_0_0,    211,     259040327,   67.76%,       1227679,       1200729,       1787500
                       clEnqueueMemFillINTEL( D ),      3,         29269,    0.01%,          9756,          2291,         21562
                       clEnqueueMemFillINTEL( H ),      5,       2265519,    0.59%,        453103,         11250,       1068333
dynamic_quantize_gpu_opt_10581345156242166228_0_0,    210,      12380223,    3.24%,         58953,         55104,         99687
                                      gemm_kernel,    210,     108543659,   28.39%,        516874,        487083,        567604
             reorder_data_2612619380033832560_0_0,      1,         34895,    0.01%,         34895,         34895,         34895
CLIntercept is shutting down...
... shutdown complete.
