-=-=-=-=-=-=-=-=-=-=-=-=-=-=-=-=-=-=-=-=-=-=-=-=-=-=-=-=-=-=-=-=
CLIntercept (64-bit) is loading...
CLIntercept file location: C:\Users\Local_Admin\Downloads\clintercept-3.0.6-win64\Release\opencl.dll
CLIntercept URL: https://github.com/intel/opencl-intercept-layer
CLIntercept git description: v3.0.6
CLIntercept git refspec: 
CLIntercept git hash: 1c86da258a3de21c88abb8d81953febcef50991f
CLIntercept optional features:
    cliloader(supported)
    cliprof(supported)
    kernel overrides(supported)
    ITT tracing(NOT supported)
    MDAPI(supported)
    Demangling(NOT supported)
    clock(steady_clock)
CLIntercept environment variable prefix: CLI_
CLIntercept registry key: SOFTWARE\INTEL\IGFX\CLINTERCEPT
Trying to load dispatch from: real_opencl.dll
Couldn't get exported function pointer to: clGetGLContextInfoKHR
... success!
Control ReportToStderr is set to non-default value: true
Control DevicePerformanceTiming is set to non-default value: true
Timer Started!
... loading complete.
Total Enqueues: 0

=== FC Benchmark (precision=u4) ===
M=1024 K=9728 N=2560 group_size=128 iters=200 warmup=10 bufs=4 flush_mb=64
Dynamic quantization: ON (group_size=128)
Input tensors allocated in USM_DEVICE (VRAM) via RemoteContext.
L2/L3 flush kernel: 64 MB f16 Relu between every FC infer.
Median_ms: 1.0459
Min_ms: 1.0215
Avg_ms: 1.05172
GFLOPS: 48764.4
BW_GBs: 36.3388
AI: 1341.94
WeightBytes: 1.24518e+07
TotalBytes: 3.80068e+07
TotalFLOPs: 5.10027e+10
Total Enqueues: 850


Device Performance Timing Results for Intel(R) Arc(TM) B390 GPU (96CUs, 2400MHz):

Total Time (ns): 472097336

                                   Function Name,  Calls,     Time (ns), Time (%),  Average (ns),      Min (ns),      Max (ns)
           activation_opt_477147924471330069_0_0,    211,     261561364,   55.40%,       1239627,       1204687,       1781875
                      clEnqueueMemFillINTEL( D ),      3,         56666,    0.01%,         18888,          4687,         43750
                      clEnqueueMemFillINTEL( H ),      5,       2301664,    0.49%,        460332,         14166,       1064479
dynamic_quantize_gpu_opt_5346335417216936797_0_0,    210,      46878972,    9.93%,        223233,        207395,        520520
                                     gemm_kernel,    210,     161258462,   34.16%,        767897,        743125,        967291
           reorder_data_14812358111389413935_0_0,      1,         40208,    0.01%,         40208,         40208,         40208
CLIntercept is shutting down...
... shutdown complete.
