-=-=-=-=-=-=-=-=-=-=-=-=-=-=-=-=-=-=-=-=-=-=-=-=-=-=-=-=-=-=-=-=
CLIntercept (64-bit) is loading...
CLIntercept file location: C:\Users\Local_Admin\Downloads\clintercept-3.0.6-win64\Release\opencl.dll
CLIntercept URL: https://github.com/intel/opencl-intercept-layer
CLIntercept git description: v3.0.6
CLIntercept git refspec: 
CLIntercept git hash: 1c86da258a3de21c88abb8d81953febcef50991f
CLIntercept optional features:
    cliloader(supported)
    cliprof(supported)
    kernel overrides(supported)
    ITT tracing(NOT supported)
    MDAPI(supported)
    Demangling(NOT supported)
    clock(steady_clock)
CLIntercept environment variable prefix: CLI_
CLIntercept registry key: SOFTWARE\INTEL\IGFX\CLINTERCEPT
Trying to load dispatch from: real_opencl.dll
Couldn't get exported function pointer to: clGetGLContextInfoKHR
... success!
Control ReportToStderr is set to non-default value: true
Control DevicePerformanceTiming is set to non-default value: true
Timer Started!
... loading complete.
Total Enqueues: 0

[auto-bufs] kv_per_buf=4 MiB, target_resident=256 MiB -> num_bufs=16
=== PA Benchmark ===
NH=32 NKV=8 HD=128
Mode=decode S_q=1 S_kv=2048 blocks=129 kv_type=i8 impl=cm iters=300 warmup=30 bufs=16
[1;30mGPU_Debug: [1;34mexecution_config.cpp:[1;35m233:[1;36moperator (): [0m[Warning] BY_CHANNEL quant mode is not supported for cache rotation yet. Switching to BY_TOKEN mode.
[1;30mGPU_Debug: [1;34mexecution_config.cpp:[1;35m233:[1;36moperator (): [0m[Warning] BY_CHANNEL quant mode is not supported for cache rotation yet. Switching to BY_TOKEN mode.
KV cache key type=i8 shape=[?,8,320,128]
KV cache val type=i8 shape=[?,8,256,132]
Resolved KC shape: [9,8,320,128]
Median_ms: 0.5283
Min_ms: 0.5028
Avg_ms: 0.534799
GFLOPS: 66.6478
BW_GBs: 8.106
AI: 8.22203
TotalFLOPs: 3.521e+07
TotalBytes: 4.2824e+06
Total Enqueues: 5262


Device Performance Timing Results for Intel(R) Arc(TM) B390 GPU (96CUs, 2400MHz):

Total Time (ns): 72051797

                                         Function Name,  Calls,     Time (ns), Time (%),  Average (ns),      Min (ns),      Max (ns)
                            clEnqueueMemFillINTEL( H ),      3,         23228,    0.03%,          7742,          1458,         16250
                          clEnqueueMemcpyINTEL( HtoH ),    309,        508103,    0.71%,          1644,          1041,          4427
                          clEnqueueMemcpyINTEL( MtoD ),   2640,      52014917,   72.19%,         19702,           989,        189895
                          clEnqueueMemcpyINTEL( MtoH ),   1320,       1477463,    2.05%,          1119,           989,          2968
      pa_kv_cache_update_ref_cm_228860230557743626__sa,    330,       2096541,    2.91%,          6353,          5312,         14166
             pa_single_token_cm_228860230557743626__sa,    330,      15096191,   20.95%,         45746,         43854,         54479
pa_single_token_finalization_cm_228860230557743626__sa,    330,        835354,    1.16%,          2531,          2083,          8854
CLIntercept is shutting down...
... shutdown complete.
