-=-=-=-=-=-=-=-=-=-=-=-=-=-=-=-=-=-=-=-=-=-=-=-=-=-=-=-=-=-=-=-=
CLIntercept (64-bit) is loading...
CLIntercept file location: C:\Users\Local_Admin\Downloads\clintercept-3.0.6-win64\Release\opencl.dll
CLIntercept URL: https://github.com/intel/opencl-intercept-layer
CLIntercept git description: v3.0.6
CLIntercept git refspec: 
CLIntercept git hash: 1c86da258a3de21c88abb8d81953febcef50991f
CLIntercept optional features:
    cliloader(supported)
    cliprof(supported)
    kernel overrides(supported)
    ITT tracing(NOT supported)
    MDAPI(supported)
    Demangling(NOT supported)
    clock(steady_clock)
CLIntercept environment variable prefix: CLI_
CLIntercept registry key: SOFTWARE\INTEL\IGFX\CLINTERCEPT
Trying to load dispatch from: real_opencl.dll
Couldn't get exported function pointer to: clGetGLContextInfoKHR
... success!
Control ReportToStderr is set to non-default value: true
Control DevicePerformanceTiming is set to non-default value: true
Timer Started!
... loading complete.
Total Enqueues: 0

[auto-bufs] kv_per_buf=16 MiB, target_resident=256 MiB -> num_bufs=16
=== PA Benchmark ===
NH=32 NKV=8 HD=128
Mode=decode S_q=1 S_kv=8192 blocks=513 kv_type=i8 impl=cm iters=150 warmup=15 bufs=16
[1;30mGPU_Debug: [1;34mexecution_config.cpp:[1;35m233:[1;36moperator (): [0m[Warning] BY_CHANNEL quant mode is not supported for cache rotation yet. Switching to BY_TOKEN mode.
[1;30mGPU_Debug: [1;34mexecution_config.cpp:[1;35m233:[1;36moperator (): [0m[Warning] BY_CHANNEL quant mode is not supported for cache rotation yet. Switching to BY_TOKEN mode.
KV cache key type=i8 shape=[?,8,320,128]
KV cache val type=i8 shape=[?,8,256,132]
Resolved KC shape: [33,8,320,128]
Median_ms: 1.322
Min_ms: 1.2802
Avg_ms: 1.34696
GFLOPS: 106.497
BW_GBs: 12.9061
AI: 8.25162
TotalFLOPs: 1.40789e+08
TotalBytes: 1.70619e+07
Total Enqueues: 2632


Device Performance Timing Results for Intel(R) Arc(TM) B390 GPU (96CUs, 2400MHz):

Total Time (ns): 161477391

                                         Function Name,  Calls,     Time (ns), Time (%),  Average (ns),      Min (ns),      Max (ns)
                            clEnqueueMemFillINTEL( H ),      3,         20833,    0.01%,          6944,          1458,         14375
                          clEnqueueMemcpyINTEL( HtoH ),    154,        260285,    0.16%,          1690,          1041,          3802
                          clEnqueueMemcpyINTEL( MtoD ),   1320,     145235891,   89.94%,        110027,           937,       1247239
                          clEnqueueMemcpyINTEL( MtoH ),    660,        715176,    0.44%,          1083,           937,          2968
      pa_kv_cache_update_ref_cm_228860230557743626__sa,    165,       1214311,    0.75%,          7359,          5312,         14687
             pa_single_token_cm_228860230557743626__sa,    165,      13527226,    8.38%,         81983,         79791,         96458
pa_single_token_finalization_cm_228860230557743626__sa,    165,        503669,    0.31%,          3052,          2708,         10104
CLIntercept is shutting down...
... shutdown complete.
