-=-=-=-=-=-=-=-=-=-=-=-=-=-=-=-=-=-=-=-=-=-=-=-=-=-=-=-=-=-=-=-=
CLIntercept (64-bit) is loading...
CLIntercept file location: C:\Users\Local_Admin\Downloads\clintercept-3.0.6-win64\Release\opencl.dll
CLIntercept URL: https://github.com/intel/opencl-intercept-layer
CLIntercept git description: v3.0.6
CLIntercept git refspec: 
CLIntercept git hash: 1c86da258a3de21c88abb8d81953febcef50991f
CLIntercept optional features:
    cliloader(supported)
    cliprof(supported)
    kernel overrides(supported)
    ITT tracing(NOT supported)
    MDAPI(supported)
    Demangling(NOT supported)
    clock(steady_clock)
CLIntercept environment variable prefix: CLI_
CLIntercept registry key: SOFTWARE\INTEL\IGFX\CLINTERCEPT
Trying to load dispatch from: real_opencl.dll
Couldn't get exported function pointer to: clGetGLContextInfoKHR
... success!
Control ReportToStderr is set to non-default value: true
Control DevicePerformanceTiming is set to non-default value: true
Timer Started!
... loading complete.
Total Enqueues: 0

[auto-bufs] kv_per_buf=2 MiB, target_resident=256 MiB -> num_bufs=16
=== PA Benchmark ===
NH=32 NKV=8 HD=128
Mode=decode S_q=1 S_kv=1024 blocks=65 kv_type=i8 impl=cm iters=300 warmup=30 bufs=16
[1;30mGPU_Debug: [1;34mexecution_config.cpp:[1;35m233:[1;36moperator (): [0m[Warning] BY_CHANNEL quant mode is not supported for cache rotation yet. Switching to BY_TOKEN mode.
[1;30mGPU_Debug: [1;34mexecution_config.cpp:[1;35m233:[1;36moperator (): [0m[Warning] BY_CHANNEL quant mode is not supported for cache rotation yet. Switching to BY_TOKEN mode.
KV cache key type=i8 shape=[?,8,320,128]
KV cache val type=i8 shape=[?,8,256,132]
Resolved KC shape: [5,8,320,128]
Median_ms: 0.4077
Min_ms: 0.3861
Avg_ms: 0.413803
GFLOPS: 43.2024
BW_GBs: 5.27957
AI: 8.18293
TotalFLOPs: 1.76136e+07
TotalBytes: 2.15248e+06
Total Enqueues: 5262


Device Performance Timing Results for Intel(R) Arc(TM) B390 GPU (96CUs, 2400MHz):

Total Time (ns): 44717593

                                         Function Name,  Calls,     Time (ns), Time (%),  Average (ns),      Min (ns),      Max (ns)
                            clEnqueueMemFillINTEL( H ),      3,         18436,    0.04%,          6145,          1458,         12187
                          clEnqueueMemcpyINTEL( HtoH ),    309,        557731,    1.25%,          1804,          1197,          3593
                          clEnqueueMemcpyINTEL( MtoD ),   2640,      24297265,   54.33%,          9203,          1145,         74427
                          clEnqueueMemcpyINTEL( MtoH ),   1320,       1615969,    3.61%,          1224,          1145,          3750
      pa_kv_cache_update_ref_cm_228860230557743626__sa,    330,       2152246,    4.81%,          6521,          5729,         14062
             pa_single_token_cm_228860230557743626__sa,    330,      15193732,   33.98%,         46041,         44166,         54687
pa_single_token_finalization_cm_228860230557743626__sa,    330,        882214,    1.97%,          2673,          2187,          9166
CLIntercept is shutting down...
... shutdown complete.
