-=-=-=-=-=-=-=-=-=-=-=-=-=-=-=-=-=-=-=-=-=-=-=-=-=-=-=-=-=-=-=-=
CLIntercept (64-bit) is loading...
CLIntercept file location: C:\Users\Local_Admin\Downloads\clintercept-3.0.6-win64\Release\opencl.dll
CLIntercept URL: https://github.com/intel/opencl-intercept-layer
CLIntercept git description: v3.0.6
CLIntercept git refspec: 
CLIntercept git hash: 1c86da258a3de21c88abb8d81953febcef50991f
CLIntercept optional features:
    cliloader(supported)
    cliprof(supported)
    kernel overrides(supported)
    ITT tracing(NOT supported)
    MDAPI(supported)
    Demangling(NOT supported)
    clock(steady_clock)
CLIntercept environment variable prefix: CLI_
CLIntercept registry key: SOFTWARE\INTEL\IGFX\CLINTERCEPT
Trying to load dispatch from: real_opencl.dll
Couldn't get exported function pointer to: clGetGLContextInfoKHR
... success!
Control ReportToStderr is set to non-default value: true
Control DevicePerformanceTiming is set to non-default value: true
Timer Started!
... loading complete.
Total Enqueues: 0

[auto-bufs] kv_per_buf=2 MiB, target_resident=256 MiB -> num_bufs=16
=== PA Benchmark ===
NH=32 NKV=8 HD=128
Mode=prefill S_q=1024 S_kv=0 blocks=64 kv_type=i8 impl=cm iters=100 warmup=10 bufs=16
[1;30mGPU_Debug: [1;34mexecution_config.cpp:[1;35m233:[1;36moperator (): [0m[Warning] BY_CHANNEL quant mode is not supported for cache rotation yet. Switching to BY_TOKEN mode.
[1;30mGPU_Debug: [1;34mexecution_config.cpp:[1;35m233:[1;36moperator (): [0m[Warning] BY_CHANNEL quant mode is not supported for cache rotation yet. Switching to BY_TOKEN mode.
KV cache key type=i8 shape=[?,8,320,128]
KV cache val type=i8 shape=[?,8,256,132]
Resolved KC shape: [4,8,320,128]
Median_ms: 1.7283
Min_ms: 1.5073
Avg_ms: 1.84969
GFLOPS: 10425.7
BW_GBs: 13.3666
AI: 779.983
TotalFLOPs: 1.80187e+10
TotalBytes: 2.31014e+07
Total Enqueues: 1645


Device Performance Timing Results for Intel(R) Arc(TM) B390 GPU (96CUs, 2400MHz):

Total Time (ns): 130945937

                                   Function Name,  Calls,     Time (ns), Time (%),  Average (ns),      Min (ns),      Max (ns)
                      clEnqueueMemFillINTEL( H ),      3,         56978,    0.04%,         18992,          1458,         41250
                    clEnqueueMemcpyINTEL( HtoH ),    102,      19311357,   14.75%,        189327,        160520,        323750
                    clEnqueueMemcpyINTEL( MtoD ),    880,      57389251,   43.83%,         65215,          1041,        410000
                    clEnqueueMemcpyINTEL( MtoH ),    440,        482808,    0.37%,          1097,           937,          8281
pa_kv_cache_update_ref_cm_228860230557743626__sa,    110,       6743396,    5.15%,         61303,         55208,        114687
    pa_multi_token_cm_bs1_228860230557743626__sa,    110,      46962147,   35.86%,        426928,        399895,        561875
CLIntercept is shutting down...
... shutdown complete.
