-=-=-=-=-=-=-=-=-=-=-=-=-=-=-=-=-=-=-=-=-=-=-=-=-=-=-=-=-=-=-=-=
CLIntercept (64-bit) is loading...
CLIntercept file location: C:\Users\Local_Admin\Downloads\clintercept-3.0.6-win64\Release\opencl.dll
CLIntercept URL: https://github.com/intel/opencl-intercept-layer
CLIntercept git description: v3.0.6
CLIntercept git refspec: 
CLIntercept git hash: 1c86da258a3de21c88abb8d81953febcef50991f
CLIntercept optional features:
    cliloader(supported)
    cliprof(supported)
    kernel overrides(supported)
    ITT tracing(NOT supported)
    MDAPI(supported)
    Demangling(NOT supported)
    clock(steady_clock)
CLIntercept environment variable prefix: CLI_
CLIntercept registry key: SOFTWARE\INTEL\IGFX\CLINTERCEPT
Trying to load dispatch from: real_opencl.dll
Couldn't get exported function pointer to: clGetGLContextInfoKHR
... success!
Control ReportToStderr is set to non-default value: true
Control DevicePerformanceTiming is set to non-default value: true
Timer Started!
... loading complete.
Total Enqueues: 0

=== Small Ops Benchmark ===
RMSNorm3D M=8192 NH=32 HD=128 iters=200 warmup=30 bufs=8
Input tensors allocated in USM_DEVICE (VRAM) via RemoteContext.
Median_us: 1743.9
Min_us: 1617.4
Avg_us: 1732.08
BW_GBs: 76.9643
TotalBytes: 1.34218e+08
Total Enqueues: 232


Device Performance Timing Results for Intel(R) Arc(TM) B390 GPU (96CUs, 2400MHz):

Total Time (ns): 380085737

                           Function Name,  Calls,     Time (ns), Time (%),  Average (ns),      Min (ns),      Max (ns)
              clEnqueueMemFillINTEL( H ),      2,       2134791,    0.56%,       1067395,       1052916,       1081875
rms_gpu_bfyx_opt_7428737018733941909_0_0,    230,     377950946,   99.44%,       1643264,       1509895,       2307291
CLIntercept is shutting down...
... shutdown complete.
