-=-=-=-=-=-=-=-=-=-=-=-=-=-=-=-=-=-=-=-=-=-=-=-=-=-=-=-=-=-=-=-=
CLIntercept (64-bit) is loading...
CLIntercept file location: C:\Users\Local_Admin\Downloads\clintercept-3.0.6-win64\Release\opencl.dll
CLIntercept URL: https://github.com/intel/opencl-intercept-layer
CLIntercept git description: v3.0.6
CLIntercept git refspec: 
CLIntercept git hash: 1c86da258a3de21c88abb8d81953febcef50991f
CLIntercept optional features:
    cliloader(supported)
    cliprof(supported)
    kernel overrides(supported)
    ITT tracing(NOT supported)
    MDAPI(supported)
    Demangling(NOT supported)
    clock(steady_clock)
CLIntercept environment variable prefix: CLI_
CLIntercept registry key: SOFTWARE\INTEL\IGFX\CLINTERCEPT
Trying to load dispatch from: real_opencl.dll
Couldn't get exported function pointer to: clGetGLContextInfoKHR
... success!
Control ReportToStderr is set to non-default value: true
Control DevicePerformanceTiming is set to non-default value: true
Timer Started!
... loading complete.
Total Enqueues: 0

=== FC Benchmark (precision=u4) ===
M=8192 K=4096 N=2048 group_size=128 iters=20 warmup=5 bufs=4 flush_mb=64
Dynamic quantization: ON (group_size=128)
Input tensors allocated in USM_DEVICE (VRAM) via RemoteContext.
L2/L3 flush kernel: 64 MB f16 Relu between every FC infer.
Median_ms: 2.5574
Min_ms: 2.5076
Avg_ms: 2.60733
GFLOPS: 53741.7
BW_GBs: 41.0529
AI: 1309.08
WeightBytes: 4.1943e+06
TotalBytes: 1.04989e+08
TotalFLOPs: 1.37439e+11
Total Enqueues: 110


Device Performance Timing Results for Intel(R) Arc(TM) B390 GPU (96CUs, 2400MHz):

Total Time (ns): 100547989

                                   Function Name,  Calls,     Time (ns), Time (%),  Average (ns),      Min (ns),      Max (ns)
           activation_opt_477147924471330069_0_0,     26,      33446552,   33.26%,       1286405,       1212500,       1763437
                      clEnqueueMemFillINTEL( D ),      3,        154166,    0.15%,         51388,          8854,        135104
                      clEnqueueMemFillINTEL( H ),      5,       3593122,    3.57%,        718624,          9166,       1075416
dynamic_quantize_gpu_opt_1534384422443530166_0_0,     25,      19836868,   19.73%,        793474,        685729,       1621875
                                     gemm_kernel,     25,      43490511,   43.25%,       1739620,       1686250,       1947083
           reorder_data_17535196316214898668_0_0,      1,         26770,    0.03%,         26770,         26770,         26770
CLIntercept is shutting down...
... shutdown complete.
