-=-=-=-=-=-=-=-=-=-=-=-=-=-=-=-=-=-=-=-=-=-=-=-=-=-=-=-=-=-=-=-=
CLIntercept (64-bit) is loading...
CLIntercept file location: C:\Users\Local_Admin\Downloads\clintercept-3.0.6-win64\Release\opencl.dll
CLIntercept URL: https://github.com/intel/opencl-intercept-layer
CLIntercept git description: v3.0.6
CLIntercept git refspec: 
CLIntercept git hash: 1c86da258a3de21c88abb8d81953febcef50991f
CLIntercept optional features:
    cliloader(supported)
    cliprof(supported)
    kernel overrides(supported)
    ITT tracing(NOT supported)
    MDAPI(supported)
    Demangling(NOT supported)
    clock(steady_clock)
CLIntercept environment variable prefix: CLI_
CLIntercept registry key: SOFTWARE\INTEL\IGFX\CLINTERCEPT
Trying to load dispatch from: real_opencl.dll
Couldn't get exported function pointer to: clGetGLContextInfoKHR
... success!
Control ReportToStderr is set to non-default value: true
Control DevicePerformanceTiming is set to non-default value: true
Timer Started!
... loading complete.
Total Enqueues: 0

=== FC Benchmark (precision=u4) ===
M=131072 K=4096 N=2048 group_size=128 iters=15 warmup=3 bufs=2 flush_mb=64
Dynamic quantization: ON (group_size=128)
Input tensors allocated in USM_DEVICE (VRAM) via RemoteContext.
L2/L3 flush kernel: 64 MB f16 Relu between every FC infer.
Median_ms: 41.0348
Min_ms: 40.3398
Avg_ms: 41.5496
GFLOPS: 53589.2
BW_GBs: 39.3553
AI: 1361.68
WeightBytes: 4.1943e+06
TotalBytes: 1.61494e+09
TotalFLOPs: 2.19902e+12
Total Enqueues: 82


Device Performance Timing Results for Intel(R) Arc(TM) B390 GPU (96CUs, 2400MHz):

Total Time (ns): 800473204

                                   Function Name,  Calls,     Time (ns), Time (%),  Average (ns),      Min (ns),      Max (ns)
           activation_opt_477147924471330069_0_0,     19,      25216972,    3.15%,       1327209,       1229479,       1825520
                      clEnqueueMemFillINTEL( D ),      3,       2518436,    0.31%,        839478,         40520,       2411875
                      clEnqueueMemFillINTEL( H ),      5,      23353644,    2.92%,       4670728,         12604,      13320000
dynamic_quantize_gpu_opt_6320102350818167405_0_0,     18,     254189576,   31.75%,      14121643,      13329062,      19825000
                                     gemm_kernel,     18,     495168118,   61.86%,      27509339,      26822708,      29037187
           reorder_data_17535196316214898668_0_0,      1,         26458,    0.00%,         26458,         26458,         26458
CLIntercept is shutting down...
... shutdown complete.
