-=-=-=-=-=-=-=-=-=-=-=-=-=-=-=-=-=-=-=-=-=-=-=-=-=-=-=-=-=-=-=-=
CLIntercept (64-bit) is loading...
CLIntercept file location: C:\Users\Local_Admin\Downloads\clintercept-3.0.6-win64\Release\opencl.dll
CLIntercept URL: https://github.com/intel/opencl-intercept-layer
CLIntercept git description: v3.0.6
CLIntercept git refspec: 
CLIntercept git hash: 1c86da258a3de21c88abb8d81953febcef50991f
CLIntercept optional features:
    cliloader(supported)
    cliprof(supported)
    kernel overrides(supported)
    ITT tracing(NOT supported)
    MDAPI(supported)
    Demangling(NOT supported)
    clock(steady_clock)
CLIntercept environment variable prefix: CLI_
CLIntercept registry key: SOFTWARE\INTEL\IGFX\CLINTERCEPT
Trying to load dispatch from: real_opencl.dll
Couldn't get exported function pointer to: clGetGLContextInfoKHR
... success!
Control ReportToStderr is set to non-default value: true
Control DevicePerformanceTiming is set to non-default value: true
Timer Started!
... loading complete.
Total Enqueues: 0

=== FC Benchmark (precision=u4) ===
M=4096 K=4096 N=2048 group_size=128 iters=20 warmup=5 bufs=4 flush_mb=64
Dynamic quantization: ON (group_size=128)
Input tensors allocated in USM_DEVICE (VRAM) via RemoteContext.
L2/L3 flush kernel: 64 MB f16 Relu between every FC infer.
Median_ms: 1.4404
Min_ms: 1.3228
Avg_ms: 1.4434
GFLOPS: 47708.6
BW_GBs: 37.9457
AI: 1257.29
WeightBytes: 4.1943e+06
TotalBytes: 5.4657e+07
TotalFLOPs: 6.87195e+10
Total Enqueues: 110


Device Performance Timing Results for Intel(R) Arc(TM) B390 GPU (96CUs, 2400MHz):

Total Time (ns): 73943085

                                   Function Name,  Calls,     Time (ns), Time (%),  Average (ns),      Min (ns),      Max (ns)
           activation_opt_477147924471330069_0_0,     26,      36029468,   48.73%,       1385748,       1234166,       2080729
                      clEnqueueMemFillINTEL( D ),      3,         81665,    0.11%,         27221,          5520,         67500
                      clEnqueueMemFillINTEL( H ),      5,       2632914,    3.56%,        526582,          9270,       1071041
dynamic_quantize_gpu_opt_2457997582419023691_0_0,     25,      11751134,   15.89%,        470045,        341666,        822708
                                     gemm_kernel,     25,      23421342,   31.67%,        936853,        847604,       1295208
           reorder_data_17535196316214898668_0_0,      1,         26562,    0.04%,         26562,         26562,         26562
CLIntercept is shutting down...
... shutdown complete.
