-=-=-=-=-=-=-=-=-=-=-=-=-=-=-=-=-=-=-=-=-=-=-=-=-=-=-=-=-=-=-=-=
CLIntercept (64-bit) is loading...
CLIntercept file location: C:\Users\Local_Admin\Downloads\clintercept-3.0.6-win64\Release\opencl.dll
CLIntercept URL: https://github.com/intel/opencl-intercept-layer
CLIntercept git description: v3.0.6
CLIntercept git refspec: 
CLIntercept git hash: 1c86da258a3de21c88abb8d81953febcef50991f
CLIntercept optional features:
    cliloader(supported)
    cliprof(supported)
    kernel overrides(supported)
    ITT tracing(NOT supported)
    MDAPI(supported)
    Demangling(NOT supported)
    clock(steady_clock)
CLIntercept environment variable prefix: CLI_
CLIntercept registry key: SOFTWARE\INTEL\IGFX\CLINTERCEPT
Trying to load dispatch from: real_opencl.dll
Couldn't get exported function pointer to: clGetGLContextInfoKHR
... success!
Control ReportToStderr is set to non-default value: true
Control DevicePerformanceTiming is set to non-default value: true
Timer Started!
... loading complete.
Total Enqueues: 0

=== FC Benchmark (precision=u4) ===
M=8192 K=2048 N=5120 group_size=128 iters=20 warmup=5 bufs=4 flush_mb=64
Dynamic quantization: ON (group_size=128)
Input tensors allocated in USM_DEVICE (VRAM) via RemoteContext.
L2/L3 flush kernel: 64 MB f16 Relu between every FC infer.
Median_ms: 3.5926
Min_ms: 3.4692
Avg_ms: 3.7976
GFLOPS: 47820.2
BW_GBs: 34.1945
AI: 1398.47
WeightBytes: 5.24288e+06
TotalBytes: 1.22847e+08
TotalFLOPs: 1.71799e+11
Total Enqueues: 110


Device Performance Timing Results for Intel(R) Arc(TM) B390 GPU (96CUs, 2400MHz):

Total Time (ns): 128251841

                                   Function Name,  Calls,     Time (ns), Time (%),  Average (ns),      Min (ns),      Max (ns)
           activation_opt_477147924471330069_0_0,     26,      34341446,   26.78%,       1320824,       1219895,       1969375
                      clEnqueueMemFillINTEL( D ),      3,         82186,    0.06%,         27395,          5312,         68854
                      clEnqueueMemFillINTEL( H ),      5,       3944165,    3.08%,        788833,         12083,       1405729
dynamic_quantize_gpu_opt_8502581394328941662_0_0,     25,      11242074,    8.77%,        449682,        347604,        851666
                                     gemm_kernel,     25,      78611241,   61.29%,       3144449,       2879687,       4762604
           reorder_data_12169823518499039792_0_0,      1,         30729,    0.02%,         30729,         30729,         30729
CLIntercept is shutting down...
... shutdown complete.
