-=-=-=-=-=-=-=-=-=-=-=-=-=-=-=-=-=-=-=-=-=-=-=-=-=-=-=-=-=-=-=-=
CLIntercept (64-bit) is loading...
CLIntercept file location: C:\Users\Local_Admin\Downloads\clintercept-3.0.6-win64\Release\opencl.dll
CLIntercept URL: https://github.com/intel/opencl-intercept-layer
CLIntercept git description: v3.0.6
CLIntercept git refspec: 
CLIntercept git hash: 1c86da258a3de21c88abb8d81953febcef50991f
CLIntercept optional features:
    cliloader(supported)
    cliprof(supported)
    kernel overrides(supported)
    ITT tracing(NOT supported)
    MDAPI(supported)
    Demangling(NOT supported)
    clock(steady_clock)
CLIntercept environment variable prefix: CLI_
CLIntercept registry key: SOFTWARE\INTEL\IGFX\CLINTERCEPT
Trying to load dispatch from: real_opencl.dll
Couldn't get exported function pointer to: clGetGLContextInfoKHR
... success!
Control ReportToStderr is set to non-default value: true
Control DevicePerformanceTiming is set to non-default value: true
Timer Started!
... loading complete.
Total Enqueues: 0

=== FC Benchmark (precision=u8) ===
M=1 K=2048 N=151936 group_size=128 iters=500 warmup=50 bufs=8 flush_mb=64
Dynamic quantization: OFF (decode mode, group_size=0)
Input tensors allocated in USM_DEVICE (VRAM) via RemoteContext.
L2/L3 flush kernel: 64 MB f16 Relu between every FC infer.
Median_ms: 3.1829
Min_ms: 3.1073
Avg_ms: 3.21795
GFLOPS: 195.523
BW_GBs: 99.3857
AI: 1.96731
WeightBytes: 3.11165e+08
TotalBytes: 3.16335e+08
TotalFLOPs: 6.2233e+08
Total Enqueues: 1657


Device Performance Timing Results for Intel(R) Arc(TM) B390 GPU (96CUs, 2400MHz):

Total Time (ns): 2432693811

                        Function Name,  Calls,     Time (ns), Time (%),  Average (ns),      Min (ns),      Max (ns)
activation_opt_477147924471330069_0_0,    551,     686318199,   28.21%,       1245586,       1201770,       1760104
           clEnqueueMemFillINTEL( H ),      5,       2214373,    0.09%,        442874,          1250,       1073854
                          gemm_kernel,    550,    1743580198,   71.67%,       3170145,       3067812,       3955416
reorder_data_12514309167359819595_0_0,      1,        581041,    0.02%,        581041,        581041,        581041
CLIntercept is shutting down...
... shutdown complete.
