-=-=-=-=-=-=-=-=-=-=-=-=-=-=-=-=-=-=-=-=-=-=-=-=-=-=-=-=-=-=-=-=
CLIntercept (64-bit) is loading...
CLIntercept file location: C:\Users\Local_Admin\Downloads\clintercept-3.0.6-win64\Release\opencl.dll
CLIntercept URL: https://github.com/intel/opencl-intercept-layer
CLIntercept git description: v3.0.6
CLIntercept git refspec: 
CLIntercept git hash: 1c86da258a3de21c88abb8d81953febcef50991f
CLIntercept optional features:
    cliloader(supported)
    cliprof(supported)
    kernel overrides(supported)
    ITT tracing(NOT supported)
    MDAPI(supported)
    Demangling(NOT supported)
    clock(steady_clock)
CLIntercept environment variable prefix: CLI_
CLIntercept registry key: SOFTWARE\INTEL\IGFX\CLINTERCEPT
Trying to load dispatch from: real_opencl.dll
Couldn't get exported function pointer to: clGetGLContextInfoKHR
... success!
Control ReportToStderr is set to non-default value: true
Control DevicePerformanceTiming is set to non-default value: true
Timer Started!
... loading complete.
Total Enqueues: 0

=== PA Benchmark ===
NH=32 NKV=8 HD=128
Mode=decode S_q=1 S_kv=16384 blocks=1025 kv_type=i8 iters=4000 warmup=100 bufs=4
[1;30mGPU_Debug: [1;34mexecution_config.cpp:[1;35m233:[1;36moperator (): [0m[Warning] BY_CHANNEL quant mode is not supported for cache rotation yet. Switching to BY_TOKEN mode.
[1;30mGPU_Debug: [1;34mexecution_config.cpp:[1;35m233:[1;36moperator (): [0m[Warning] BY_CHANNEL quant mode is not supported for cache rotation yet. Switching to BY_TOKEN mode.
KV cache key type=i8 shape=[?,8,128,20]
KV cache val type=i8 shape=[?,8,16,132]
Resolved KC shape: [1025,8,128,20]
Median_ms: 2.6364
Min_ms: 2.5382
Avg_ms: 2.66299
GFLOPS: 106.797
BW_GBs: 12.7476
AI: 8.37784
TotalFLOPs: 2.8156e+08
TotalBytes: 3.36077e+07
Total Enqueues: 52276


Device Performance Timing Results for Intel(R) Arc(TM) B390 GPU (96CUs, 2400MHz):

Total Time (ns): 9555846178

                                                          Function Name,  Calls,     Time (ns), Time (%),  Average (ns),      Min (ns),      Max (ns)
                                             clEnqueueMemFillINTEL( H ),      1,          3437,    0.00%,          3437,          3437,          3437
                                           clEnqueueMemcpyINTEL( HtoH ),   3075,       3877677,    0.04%,          1261,          1041,          3281
                                           clEnqueueMemcpyINTEL( MtoD ),  28700,    7860558547,   82.26%,        273887,           937,       2054270
                                           clEnqueueMemcpyINTEL( MtoH ),   8200,       8201271,    0.09%,          1000,           937,          4687
                       pa_kv_cache_update_ref__10292547650165516455__sa,   4100,      25723530,    0.27%,          6274,          3541,         16979
         paged_attention_opt__gqa_single_token_10292547650165516455__sa,   4100,    1560086208,   16.33%,        380508,        369687,        992395
paged_attention_opt__single_token_finalization_10292547650165516455__sa,   4100,      97395508,    1.02%,         23755,         22395,        238541
CLIntercept is shutting down...
... shutdown complete.
