-=-=-=-=-=-=-=-=-=-=-=-=-=-=-=-=-=-=-=-=-=-=-=-=-=-=-=-=-=-=-=-=
CLIntercept (64-bit) is loading...
CLIntercept file location: C:\Users\Local_Admin\Downloads\clintercept-3.0.6-win64\Release\opencl.dll
CLIntercept URL: https://github.com/intel/opencl-intercept-layer
CLIntercept git description: v3.0.6
CLIntercept git refspec: 
CLIntercept git hash: 1c86da258a3de21c88abb8d81953febcef50991f
CLIntercept optional features:
    cliloader(supported)
    cliprof(supported)
    kernel overrides(supported)
    ITT tracing(NOT supported)
    MDAPI(supported)
    Demangling(NOT supported)
    clock(steady_clock)
CLIntercept environment variable prefix: CLI_
CLIntercept registry key: SOFTWARE\INTEL\IGFX\CLINTERCEPT
Trying to load dispatch from: real_opencl.dll
Couldn't get exported function pointer to: clGetGLContextInfoKHR
... success!
Control ReportToStderr is set to non-default value: true
Control DevicePerformanceTiming is set to non-default value: true
Timer Started!
... loading complete.
Total Enqueues: 0

=== PA Benchmark ===
NH=32 NKV=8 HD=128
Mode=decode S_q=1 S_kv=2048 blocks=129 kv_type=i8 iters=5000 warmup=200 bufs=4
[1;30mGPU_Debug: [1;34mexecution_config.cpp:[1;35m233:[1;36moperator (): [0m[Warning] BY_CHANNEL quant mode is not supported for cache rotation yet. Switching to BY_TOKEN mode.
[1;30mGPU_Debug: [1;34mexecution_config.cpp:[1;35m233:[1;36moperator (): [0m[Warning] BY_CHANNEL quant mode is not supported for cache rotation yet. Switching to BY_TOKEN mode.
KV cache key type=i8 shape=[?,8,128,20]
KV cache val type=i8 shape=[?,8,16,132]
Resolved KC shape: [129,8,128,20]
Median_ms: 0.4617
Min_ms: 0.4224
Avg_ms: 0.470672
GFLOPS: 76.2617
BW_GBs: 9.19981
AI: 8.28948
TotalFLOPs: 3.521e+07
TotalBytes: 4.24755e+06
Total Enqueues: 66301


Device Performance Timing Results for Intel(R) Arc(TM) B390 GPU (96CUs, 2400MHz):

Total Time (ns): 1097609079

                                                          Function Name,  Calls,     Time (ns), Time (%),  Average (ns),      Min (ns),      Max (ns)
                                             clEnqueueMemFillINTEL( H ),      1,          4375,    0.00%,          4375,          4375,          4375
                                           clEnqueueMemcpyINTEL( HtoH ),   3900,       5762075,    0.52%,          1477,          1041,          2760
                                           clEnqueueMemcpyINTEL( MtoD ),  36400,     609140215,   55.50%,         16734,           937,        260000
                                           clEnqueueMemcpyINTEL( MtoH ),  10400,      10412934,    0.95%,          1001,           937,          3333
                       pa_kv_cache_update_ref__10292547650165516455__sa,   5200,      20005459,    1.82%,          3847,          3437,         11041
             paged_attention_opt__single_token_10292547650165516455__sa,   5200,     432586902,   39.41%,         83189,         76979,        424166
paged_attention_opt__single_token_finalization_10292547650165516455__sa,   5200,      19697119,    1.79%,          3787,          3645,         13541
CLIntercept is shutting down...
... shutdown complete.
