-=-=-=-=-=-=-=-=-=-=-=-=-=-=-=-=-=-=-=-=-=-=-=-=-=-=-=-=-=-=-=-=
CLIntercept (64-bit) is loading...
CLIntercept file location: C:\Users\Local_Admin\Downloads\clintercept-3.0.6-win64\Release\opencl.dll
CLIntercept URL: https://github.com/intel/opencl-intercept-layer
CLIntercept git description: v3.0.6
CLIntercept git refspec: 
CLIntercept git hash: 1c86da258a3de21c88abb8d81953febcef50991f
CLIntercept optional features:
    cliloader(supported)
    cliprof(supported)
    kernel overrides(supported)
    ITT tracing(NOT supported)
    MDAPI(supported)
    Demangling(NOT supported)
    clock(steady_clock)
CLIntercept environment variable prefix: CLI_
CLIntercept registry key: SOFTWARE\INTEL\IGFX\CLINTERCEPT
Trying to load dispatch from: real_opencl.dll
Couldn't get exported function pointer to: clGetGLContextInfoKHR
... success!
Control ReportToStderr is set to non-default value: true
Control DevicePerformanceTiming is set to non-default value: true
Timer Started!
... loading complete.
Total Enqueues: 0

=== PA Benchmark ===
NH=32 NKV=8 HD=128
Mode=prefill S_q=16384 S_kv=0 blocks=1024 kv_type=i8 iters=10 warmup=2 bufs=2
[1;30mGPU_Debug: [1;34mexecution_config.cpp:[1;35m233:[1;36moperator (): [0m[Warning] BY_CHANNEL quant mode is not supported for cache rotation yet. Switching to BY_TOKEN mode.
[1;30mGPU_Debug: [1;34mexecution_config.cpp:[1;35m233:[1;36moperator (): [0m[Warning] BY_CHANNEL quant mode is not supported for cache rotation yet. Switching to BY_TOKEN mode.
KV cache key type=i8 shape=[?,8,128,20]
KV cache val type=i8 shape=[?,8,16,132]
Resolved KC shape: [1024,8,128,20]
Median_ms: 157.408
Min_ms: 151.986
Avg_ms: 155.797
GFLOPS: 29304.6
BW_GBs: 2.34485
AI: 12497.5
TotalFLOPs: 4.61279e+12
TotalBytes: 3.69099e+08
Total Enqueues: 139


Device Performance Timing Results for Intel(R) Arc(TM) B390 GPU (96CUs, 2400MHz):

Total Time (ns): 1861903320

                                   Function Name,  Calls,     Time (ns), Time (%),  Average (ns),      Min (ns),      Max (ns)
                      clEnqueueMemFillINTEL( H ),      1,       2412604,    0.13%,       2412604,       2412604,       2412604
                    clEnqueueMemcpyINTEL( HtoH ),      6,      32716560,    1.76%,       5452760,       5283854,       5528385
                    clEnqueueMemcpyINTEL( MtoD ),     84,     144699491,    7.77%,       1722612,          1093,       7445572
                    clEnqueueMemcpyINTEL( MtoH ),     24,         31446,    0.00%,          1310,           937,          2031
pa_kv_cache_update_ref__10292547650165516455__sa,     12,      12801244,    0.69%,       1066770,        994791,       1713541
    sdpa_micro__prefill_10292547650165516455__sa,     12,    1669241975,   89.65%,     139103497,     137719583,     142822812
CLIntercept is shutting down...
... shutdown complete.
