-=-=-=-=-=-=-=-=-=-=-=-=-=-=-=-=-=-=-=-=-=-=-=-=-=-=-=-=-=-=-=-=
CLIntercept (64-bit) is loading...
CLIntercept file location: C:\Users\Local_Admin\Downloads\clintercept-3.0.6-win64\Release\opencl.dll
CLIntercept URL: https://github.com/intel/opencl-intercept-layer
CLIntercept git description: v3.0.6
CLIntercept git refspec: 
CLIntercept git hash: 1c86da258a3de21c88abb8d81953febcef50991f
CLIntercept optional features:
    cliloader(supported)
    cliprof(supported)
    kernel overrides(supported)
    ITT tracing(NOT supported)
    MDAPI(supported)
    Demangling(NOT supported)
    clock(steady_clock)
CLIntercept environment variable prefix: CLI_
CLIntercept registry key: SOFTWARE\INTEL\IGFX\CLINTERCEPT
Trying to load dispatch from: real_opencl.dll
Couldn't get exported function pointer to: clGetGLContextInfoKHR
... success!
Control ReportToStderr is set to non-default value: true
Control DevicePerformanceTiming is set to non-default value: true
Timer Started!
... loading complete.
Total Enqueues: 0

=== PA Benchmark ===
NH=32 NKV=8 HD=128
Mode=prefill S_q=131072 S_kv=0 blocks=8192 kv_type=i8 iters=2 warmup=1 bufs=1
[1;30mGPU_Debug: [1;34mexecution_config.cpp:[1;35m233:[1;36moperator (): [0m[Warning] BY_CHANNEL quant mode is not supported for cache rotation yet. Switching to BY_TOKEN mode.
[1;30mGPU_Debug: [1;34mexecution_config.cpp:[1;35m233:[1;36moperator (): [0m[Warning] BY_CHANNEL quant mode is not supported for cache rotation yet. Switching to BY_TOKEN mode.
KV cache key type=i8 shape=[?,8,128,20]
KV cache val type=i8 shape=[?,8,16,132]
Resolved KC shape: [8192,8,128,20]
Median_ms: 12795.1
Min_ms: 12719.8
Avg_ms: 12757.4
GFLOPS: 23072.8
BW_GBs: 0.230775
AI: 99979.6
TotalFLOPs: 2.95219e+14
TotalBytes: 2.95279e+09
Total Enqueues: 34


Device Performance Timing Results for Intel(R) Arc(TM) B390 GPU (96CUs, 2400MHz):

Total Time (ns): 36573166806

                                   Function Name,  Calls,     Time (ns), Time (%),  Average (ns),      Min (ns),      Max (ns)
                      clEnqueueMemFillINTEL( H ),      1,      13241354,    0.04%,      13241354,      13241354,      13241354
                    clEnqueueMemcpyINTEL( MtoD ),     21,     399235561,    1.09%,      19011217,          1145,     102884166
                    clEnqueueMemcpyINTEL( MtoH ),      6,          9998,    0.00%,          1666,          1041,          2552
pa_kv_cache_update_ref__10292547650165516455__sa,      3,      27263541,    0.07%,       9087847,       8857604,       9535625
    sdpa_micro__prefill_10292547650165516455__sa,      3,   36133416352,   98.80%,   12044472117,   10935679270,   12637478645
CLIntercept is shutting down...
... shutdown complete.
