-=-=-=-=-=-=-=-=-=-=-=-=-=-=-=-=-=-=-=-=-=-=-=-=-=-=-=-=-=-=-=-=
CLIntercept (64-bit) is loading...
CLIntercept file location: C:\Users\Local_Admin\Downloads\clintercept-3.0.6-win64\Release\opencl.dll
CLIntercept URL: https://github.com/intel/opencl-intercept-layer
CLIntercept git description: v3.0.6
CLIntercept git refspec: 
CLIntercept git hash: 1c86da258a3de21c88abb8d81953febcef50991f
CLIntercept optional features:
    cliloader(supported)
    cliprof(supported)
    kernel overrides(supported)
    ITT tracing(NOT supported)
    MDAPI(supported)
    Demangling(NOT supported)
    clock(steady_clock)
CLIntercept environment variable prefix: CLI_
CLIntercept registry key: SOFTWARE\INTEL\IGFX\CLINTERCEPT
Trying to load dispatch from: real_opencl.dll
Couldn't get exported function pointer to: clGetGLContextInfoKHR
... success!
Control ReportToStderr is set to non-default value: true
Control DevicePerformanceTiming is set to non-default value: true
Timer Started!
... loading complete.
Total Enqueues: 0

=== PA Benchmark ===
NH=32 NKV=8 HD=128
Mode=prefill S_q=65536 S_kv=0 blocks=4096 kv_type=i8 iters=3 warmup=1 bufs=2
[1;30mGPU_Debug: [1;34mexecution_config.cpp:[1;35m233:[1;36moperator (): [0m[Warning] BY_CHANNEL quant mode is not supported for cache rotation yet. Switching to BY_TOKEN mode.
[1;30mGPU_Debug: [1;34mexecution_config.cpp:[1;35m233:[1;36moperator (): [0m[Warning] BY_CHANNEL quant mode is not supported for cache rotation yet. Switching to BY_TOKEN mode.
KV cache key type=i8 shape=[?,8,128,20]
KV cache val type=i8 shape=[?,8,16,132]
Resolved KC shape: [4096,8,128,20]
Median_ms: 2757.98
Min_ms: 2613.76
Avg_ms: 2812.15
GFLOPS: 26760.4
BW_GBs: 0.535318
AI: 49989.8
TotalFLOPs: 7.38047e+13
TotalBytes: 1.4764e+09
Total Enqueues: 46


Device Performance Timing Results for Intel(R) Arc(TM) B390 GPU (96CUs, 2400MHz):

Total Time (ns): 10925344509

                                   Function Name,  Calls,     Time (ns), Time (%),  Average (ns),      Min (ns),      Max (ns)
                      clEnqueueMemFillINTEL( H ),      1,       7951770,    0.07%,       7951770,       7951770,       7951770
                    clEnqueueMemcpyINTEL( HtoH ),      1,      14913177,    0.14%,      14913177,      14913177,      14913177
                    clEnqueueMemcpyINTEL( MtoD ),     28,     198966859,    1.82%,       7105959,          1093,      31406770
                    clEnqueueMemcpyINTEL( MtoH ),      8,         11664,    0.00%,          1458,           989,          2031
pa_kv_cache_update_ref__10292547650165516455__sa,      4,      17396769,    0.16%,       4349192,       4318541,       4391145
    sdpa_micro__prefill_10292547650165516455__sa,      4,   10686104270,   97.81%,    2671526067,    2552585625,    3005546250
CLIntercept is shutting down...
... shutdown complete.
