-=-=-=-=-=-=-=-=-=-=-=-=-=-=-=-=-=-=-=-=-=-=-=-=-=-=-=-=-=-=-=-=
CLIntercept (64-bit) is loading...
CLIntercept file location: C:\Users\Local_Admin\Downloads\clintercept-3.0.6-win64\Release\opencl.dll
CLIntercept URL: https://github.com/intel/opencl-intercept-layer
CLIntercept git description: v3.0.6
CLIntercept git refspec: 
CLIntercept git hash: 1c86da258a3de21c88abb8d81953febcef50991f
CLIntercept optional features:
    cliloader(supported)
    cliprof(supported)
    kernel overrides(supported)
    ITT tracing(NOT supported)
    MDAPI(supported)
    Demangling(NOT supported)
    clock(steady_clock)
CLIntercept environment variable prefix: CLI_
CLIntercept registry key: SOFTWARE\INTEL\IGFX\CLINTERCEPT
Trying to load dispatch from: real_opencl.dll
Couldn't get exported function pointer to: clGetGLContextInfoKHR
... success!
Control ReportToStderr is set to non-default value: true
Control DevicePerformanceTiming is set to non-default value: true
Timer Started!
... loading complete.
Total Enqueues: 0

=== FC Benchmark (precision=u4) ===
M=2048 K=4096 N=2048 group_size=64 iters=100 warmup=10 bufs=4 flush_mb=32
Dynamic quantization: ON (group_size=64)
Input tensors allocated in USM_DEVICE (VRAM) via RemoteContext.
L2/L3 flush kernel: 32 MB f16 Relu between every FC infer.
Median_ms: 1.2182
Min_ms: 1.1923
Avg_ms: 1.23048
GFLOPS: 28205.3
BW_GBs: 24.3164
AI: 1159.93
WeightBytes: 4.1943e+06
TotalBytes: 2.96223e+07
TotalFLOPs: 3.43597e+10
Total Enqueues: 450


Device Performance Timing Results for Intel(R) Arc(TM) B390 GPU (96CUs, 2400MHz):

Total Time (ns): 189317564

                                    Function Name,  Calls,     Time (ns), Time (%),  Average (ns),      Min (ns),      Max (ns)
           activation_opt_8800612436721346785_0_0,    111,      64567872,   34.11%,        581692,        551250,        865208
                       clEnqueueMemFillINTEL( D ),      3,         53125,    0.03%,         17708,          5625,         38750
                       clEnqueueMemFillINTEL( H ),      5,        939373,    0.50%,        187874,         11145,        407708
dynamic_quantize_gpu_opt_12262775080100382458_0_0,    110,      60070470,   31.73%,        546095,        537395,        631041
                                      gemm_kernel,    110,      63647037,   33.62%,        578609,        554791,        703854
            reorder_data_15001590404870463786_0_0,      1,         39687,    0.02%,         39687,         39687,         39687
CLIntercept is shutting down...
... shutdown complete.
