-=-=-=-=-=-=-=-=-=-=-=-=-=-=-=-=-=-=-=-=-=-=-=-=-=-=-=-=-=-=-=-=
CLIntercept (64-bit) is loading...
CLIntercept file location: C:\Users\Local_Admin\Downloads\clintercept-3.0.6-win64\Release\opencl.dll
CLIntercept URL: https://github.com/intel/opencl-intercept-layer
CLIntercept git description: v3.0.6
CLIntercept git refspec: 
CLIntercept git hash: 1c86da258a3de21c88abb8d81953febcef50991f
CLIntercept optional features:
    cliloader(supported)
    cliprof(supported)
    kernel overrides(supported)
    ITT tracing(NOT supported)
    MDAPI(supported)
    Demangling(NOT supported)
    clock(steady_clock)
CLIntercept environment variable prefix: CLI_
CLIntercept registry key: SOFTWARE\INTEL\IGFX\CLINTERCEPT
Trying to load dispatch from: real_opencl.dll
Couldn't get exported function pointer to: clGetGLContextInfoKHR
... success!
Control ReportToStderr is set to non-default value: true
Control DevicePerformanceTiming is set to non-default value: true
Timer Started!
... loading complete.
Total Enqueues: 0

=== FC Benchmark (precision=u4) ===
M=16384 K=4096 N=2048 group_size=64 iters=15 warmup=2 bufs=1 flush_mb=32
Dynamic quantization: ON (group_size=64)
Input tensors allocated in USM_DEVICE (VRAM) via RemoteContext.
L2/L3 flush kernel: 32 MB f16 Relu between every FC infer.
Median_ms: 9.1286
Min_ms: 9.0494
Avg_ms: 9.13569
GFLOPS: 30111.7
BW_GBs: 22.5427
AI: 1335.77
WeightBytes: 4.1943e+06
TotalBytes: 2.05783e+08
TotalFLOPs: 2.74878e+11
Total Enqueues: 78


Device Performance Timing Results for Intel(R) Arc(TM) B390 GPU (96CUs, 2400MHz):

Total Time (ns): 169994037

                                    Function Name,  Calls,     Time (ns), Time (%),  Average (ns),      Min (ns),      Max (ns)
           activation_opt_8800612436721346785_0_0,     18,      10893845,    6.41%,        605213,        568645,        870208
                       clEnqueueMemFillINTEL( D ),      3,        313853,    0.18%,        104617,         18645,        269375
                       clEnqueueMemFillINTEL( H ),      5,       4330310,    2.55%,        866062,         10000,       2406770
dynamic_quantize_gpu_opt_15722628140980933165_0_0,     17,      86384578,   50.82%,       5081445,       4926875,       6484687
                                      gemm_kernel,     17,      68032076,   40.02%,       4001886,       3920937,       4152291
            reorder_data_15001590404870463786_0_0,      1,         39375,    0.02%,         39375,         39375,         39375
CLIntercept is shutting down...
... shutdown complete.
