-=-=-=-=-=-=-=-=-=-=-=-=-=-=-=-=-=-=-=-=-=-=-=-=-=-=-=-=-=-=-=-=
CLIntercept (64-bit) is loading...
CLIntercept file location: C:\Users\Local_Admin\Downloads\clintercept-3.0.6-win64\Release\opencl.dll
CLIntercept URL: https://github.com/intel/opencl-intercept-layer
CLIntercept git description: v3.0.6
CLIntercept git refspec: 
CLIntercept git hash: 1c86da258a3de21c88abb8d81953febcef50991f
CLIntercept optional features:
    cliloader(supported)
    cliprof(supported)
    kernel overrides(supported)
    ITT tracing(NOT supported)
    MDAPI(supported)
    Demangling(NOT supported)
    clock(steady_clock)
CLIntercept environment variable prefix: CLI_
CLIntercept registry key: SOFTWARE\INTEL\IGFX\CLINTERCEPT
Trying to load dispatch from: real_opencl.dll
Couldn't get exported function pointer to: clGetGLContextInfoKHR
... success!
Control ReportToStderr is set to non-default value: true
Control DevicePerformanceTiming is set to non-default value: true
Timer Started!
... loading complete.
Total Enqueues: 0

=== FC Benchmark (precision=u4) ===
M=131072 K=4096 N=2048 group_size=64 iters=2 warmup=1 bufs=1 flush_mb=32
Dynamic quantization: ON (group_size=64)
Input tensors allocated in USM_DEVICE (VRAM) via RemoteContext.
L2/L3 flush kernel: 32 MB f16 Relu between every FC infer.
Median_ms: 107.77
Min_ms: 107.025
Avg_ms: 107.398
GFLOPS: 20404.7
BW_GBs: 14.9862
AI: 1361.57
WeightBytes: 4.1943e+06
TotalBytes: 1.61507e+09
TotalFLOPs: 2.19902e+12
Total Enqueues: 22


Device Performance Timing Results for Intel(R) Arc(TM) B390 GPU (96CUs, 2400MHz):

Total Time (ns): 361863015

                                   Function Name,  Calls,     Time (ns), Time (%),  Average (ns),      Min (ns),      Max (ns)
          activation_opt_8800612436721346785_0_0,      4,       2928957,    0.81%,        732239,        574062,        867291
                      clEnqueueMemFillINTEL( D ),      3,       2573854,    0.71%,        857951,         69479,       2370000
                      clEnqueueMemFillINTEL( H ),      5,      23190727,    6.41%,       4638145,         11770,      14326458
dynamic_quantize_gpu_opt_7808968657162425665_0_0,      3,     235715624,   65.14%,      78571874,      74651979,      85380729
                                     gemm_kernel,      3,      97413228,   26.92%,      32471076,      31915729,      33289062
           reorder_data_15001590404870463786_0_0,      1,         40625,    0.01%,         40625,         40625,         40625
CLIntercept is shutting down...
... shutdown complete.
