-=-=-=-=-=-=-=-=-=-=-=-=-=-=-=-=-=-=-=-=-=-=-=-=-=-=-=-=-=-=-=-=
CLIntercept (64-bit) is loading...
CLIntercept file location: C:\Users\Local_Admin\Downloads\clintercept-3.0.6-win64\Release\opencl.dll
CLIntercept URL: https://github.com/intel/opencl-intercept-layer
CLIntercept git description: v3.0.6
CLIntercept git refspec: 
CLIntercept git hash: 1c86da258a3de21c88abb8d81953febcef50991f
CLIntercept optional features:
    cliloader(supported)
    cliprof(supported)
    kernel overrides(supported)
    ITT tracing(NOT supported)
    MDAPI(supported)
    Demangling(NOT supported)
    clock(steady_clock)
CLIntercept environment variable prefix: CLI_
CLIntercept registry key: SOFTWARE\INTEL\IGFX\CLINTERCEPT
Trying to load dispatch from: real_opencl.dll
Couldn't get exported function pointer to: clGetGLContextInfoKHR
... success!
Control ReportToStderr is set to non-default value: true
Control DevicePerformanceTiming is set to non-default value: true
Timer Started!
... loading complete.
Total Enqueues: 0

=== FC Benchmark (precision=u4) ===
M=8192 K=4096 N=2048 group_size=64 iters=25 warmup=3 bufs=2 flush_mb=32
Dynamic quantization: ON (group_size=64)
Input tensors allocated in USM_DEVICE (VRAM) via RemoteContext.
L2/L3 flush kernel: 32 MB f16 Relu between every FC infer.
Median_ms: 4.4385
Min_ms: 4.346
Avg_ms: 4.43266
GFLOPS: 30965.2
BW_GBs: 23.6836
AI: 1307.45
WeightBytes: 4.1943e+06
TotalBytes: 1.0512e+08
TotalFLOPs: 1.37439e+11
Total Enqueues: 122


Device Performance Timing Results for Intel(R) Arc(TM) B390 GPU (96CUs, 2400MHz):

Total Time (ns): 140266527

                                   Function Name,  Calls,     Time (ns), Time (%),  Average (ns),      Min (ns),      Max (ns)
          activation_opt_8800612436721346785_0_0,     29,      17191239,   12.26%,        592801,        558125,        865416
                      clEnqueueMemFillINTEL( D ),      3,        165728,    0.12%,         55242,         13958,        135937
                      clEnqueueMemFillINTEL( H ),      5,       2211039,    1.58%,        442207,         11041,       1054791
dynamic_quantize_gpu_opt_1862179630816774010_0_0,     28,      62716657,   44.71%,       2239880,       2187187,       2736250
                                     gemm_kernel,     28,      57941448,   41.31%,       2069337,       2014791,       2321770
           reorder_data_15001590404870463786_0_0,      1,         40416,    0.03%,         40416,         40416,         40416
CLIntercept is shutting down...
... shutdown complete.
