-=-=-=-=-=-=-=-=-=-=-=-=-=-=-=-=-=-=-=-=-=-=-=-=-=-=-=-=-=-=-=-=
CLIntercept (64-bit) is loading...
CLIntercept file location: C:\Users\Local_Admin\Downloads\clintercept-3.0.6-win64\Release\opencl.dll
CLIntercept URL: https://github.com/intel/opencl-intercept-layer
CLIntercept git description: v3.0.6
CLIntercept git refspec: 
CLIntercept git hash: 1c86da258a3de21c88abb8d81953febcef50991f
CLIntercept optional features:
    cliloader(supported)
    cliprof(supported)
    kernel overrides(supported)
    ITT tracing(NOT supported)
    MDAPI(supported)
    Demangling(NOT supported)
    clock(steady_clock)
CLIntercept environment variable prefix: CLI_
CLIntercept registry key: SOFTWARE\INTEL\IGFX\CLINTERCEPT
Trying to load dispatch from: real_opencl.dll
Couldn't get exported function pointer to: clGetGLContextInfoKHR
... success!
Control ReportToStderr is set to non-default value: true
Control DevicePerformanceTiming is set to non-default value: true
Timer Started!
... loading complete.
Total Enqueues: 0

=== FC Benchmark (precision=u4) ===
M=32768 K=4096 N=2048 group_size=64 iters=8 warmup=1 bufs=1 flush_mb=32
Dynamic quantization: ON (group_size=64)
Input tensors allocated in USM_DEVICE (VRAM) via RemoteContext.
L2/L3 flush kernel: 32 MB f16 Relu between every FC infer.
Median_ms: 21.1462
Min_ms: 20.5085
Avg_ms: 22.134
GFLOPS: 25997.9
BW_GBs: 19.2521
AI: 1350.39
WeightBytes: 4.1943e+06
TotalBytes: 4.0711e+08
TotalFLOPs: 5.49756e+11
Total Enqueues: 46


Device Performance Timing Results for Intel(R) Arc(TM) B390 GPU (96CUs, 2400MHz):

Total Time (ns): 214223319

                                   Function Name,  Calls,     Time (ns), Time (%),  Average (ns),      Min (ns),      Max (ns)
          activation_opt_8800612436721346785_0_0,     10,       6859996,    3.20%,        685999,        564479,        931041
                      clEnqueueMemFillINTEL( D ),      3,        632603,    0.30%,        210867,         25729,        568854
                      clEnqueueMemFillINTEL( H ),      5,       8305623,    3.88%,       1661124,         10833,       5109687
dynamic_quantize_gpu_opt_6880882459495883012_0_0,      9,     123921039,   57.85%,      13769004,      12360104,      17804479
                                     gemm_kernel,      9,      74463225,   34.76%,       8273691,       7976979,       8814687
           reorder_data_15001590404870463786_0_0,      1,         40833,    0.02%,         40833,         40833,         40833
CLIntercept is shutting down...
... shutdown complete.
