-=-=-=-=-=-=-=-=-=-=-=-=-=-=-=-=-=-=-=-=-=-=-=-=-=-=-=-=-=-=-=-=
CLIntercept (64-bit) is loading...
CLIntercept file location: C:\Users\Local_Admin\Downloads\clintercept-3.0.6-win64\Release\opencl.dll
CLIntercept URL: https://github.com/intel/opencl-intercept-layer
CLIntercept git description: v3.0.6
CLIntercept git refspec: 
CLIntercept git hash: 1c86da258a3de21c88abb8d81953febcef50991f
CLIntercept optional features:
    cliloader(supported)
    cliprof(supported)
    kernel overrides(supported)
    ITT tracing(NOT supported)
    MDAPI(supported)
    Demangling(NOT supported)
    clock(steady_clock)
CLIntercept environment variable prefix: CLI_
CLIntercept registry key: SOFTWARE\INTEL\IGFX\CLINTERCEPT
Trying to load dispatch from: real_opencl.dll
Couldn't get exported function pointer to: clGetGLContextInfoKHR
... success!
Control ReportToStderr is set to non-default value: true
Control DevicePerformanceTiming is set to non-default value: true
Timer Started!
... loading complete.
Total Enqueues: 0

=== FC Benchmark (precision=u4) ===
M=65536 K=2048 N=5120 group_size=64 iters=2 warmup=1 bufs=1 flush_mb=32
Dynamic quantization: ON (group_size=64)
Input tensors allocated in USM_DEVICE (VRAM) via RemoteContext.
L2/L3 flush kernel: 32 MB f16 Relu between every FC infer.
Median_ms: 35.4638
Min_ms: 35.4587
Avg_ms: 35.4612
GFLOPS: 38754.7
BW_GBs: 26.6496
AI: 1454.23
WeightBytes: 5.24288e+06
TotalBytes: 9.45095e+08
TotalFLOPs: 1.37439e+12
Total Enqueues: 22


Device Performance Timing Results for Intel(R) Arc(TM) B390 GPU (96CUs, 2400MHz):

Total Time (ns): 128799680

                                    Function Name,  Calls,     Time (ns), Time (%),  Average (ns),      Min (ns),      Max (ns)
           activation_opt_8800612436721346785_0_0,      4,       2895311,    2.25%,        723827,        586250,        871145
                       clEnqueueMemFillINTEL( D ),      3,        631144,    0.49%,        210381,         27916,        564791
                       clEnqueueMemFillINTEL( H ),      5,      15894789,   12.34%,       3178957,         15625,       9996145
dynamic_quantize_gpu_opt_17086578705806945331_0_0,      3,      29540937,   22.94%,       9846979,       8820625,      11788125
                                      gemm_kernel,      3,      79788333,   61.95%,      26596111,      26328958,      26978750
             reorder_data_6745897141053308118_0_0,      1,         49166,    0.04%,         49166,         49166,         49166
CLIntercept is shutting down...
... shutdown complete.
