-=-=-=-=-=-=-=-=-=-=-=-=-=-=-=-=-=-=-=-=-=-=-=-=-=-=-=-=-=-=-=-=
CLIntercept (64-bit) is loading...
CLIntercept file location: C:\Users\Local_Admin\Downloads\clintercept-3.0.6-win64\Release\opencl.dll
CLIntercept URL: https://github.com/intel/opencl-intercept-layer
CLIntercept git description: v3.0.6
CLIntercept git refspec: 
CLIntercept git hash: 1c86da258a3de21c88abb8d81953febcef50991f
CLIntercept optional features:
    cliloader(supported)
    cliprof(supported)
    kernel overrides(supported)
    ITT tracing(NOT supported)
    MDAPI(supported)
    Demangling(NOT supported)
    clock(steady_clock)
CLIntercept environment variable prefix: CLI_
CLIntercept registry key: SOFTWARE\INTEL\IGFX\CLINTERCEPT
Trying to load dispatch from: real_opencl.dll
Couldn't get exported function pointer to: clGetGLContextInfoKHR
... success!
Control ReportToStderr is set to non-default value: true
Control DevicePerformanceTiming is set to non-default value: true
Timer Started!
... loading complete.
Total Enqueues: 0

=== FC Benchmark (precision=u4) ===
M=131072 K=2048 N=5120 group_size=64 iters=1 warmup=1 bufs=1 flush_mb=32
Dynamic quantization: ON (group_size=64)
Input tensors allocated in USM_DEVICE (VRAM) via RemoteContext.
L2/L3 flush kernel: 32 MB f16 Relu between every FC infer.
Median_ms: 70.8741
Min_ms: 70.8741
Avg_ms: 70.8741
GFLOPS: 38784
BW_GBs: 26.5911
AI: 1458.53
WeightBytes: 5.24288e+06
TotalBytes: 1.88462e+09
TotalFLOPs: 2.74878e+12
Total Enqueues: 18


Device Performance Timing Results for Intel(R) Arc(TM) B390 GPU (96CUs, 2400MHz):

Total Time (ns): 177612701

                                   Function Name,  Calls,     Time (ns), Time (%),  Average (ns),      Min (ns),      Max (ns)
          activation_opt_8800612436721346785_0_0,      3,       2311666,    1.30%,        770555,        602083,        866250
                      clEnqueueMemFillINTEL( D ),      3,       1257082,    0.71%,        419027,         40833,       1148020
                      clEnqueueMemFillINTEL( H ),      5,      24896665,   14.02%,       4979333,         11250,      16044166
dynamic_quantize_gpu_opt_9366225830136149648_0_0,      2,      41412082,   23.32%,      20706041,      18249895,      23162187
                                     gemm_kernel,      2,     107687811,   60.63%,      53843905,      52423541,      55264270
            reorder_data_6745897141053308118_0_0,      1,         47395,    0.03%,         47395,         47395,         47395
CLIntercept is shutting down...
... shutdown complete.
