-=-=-=-=-=-=-=-=-=-=-=-=-=-=-=-=-=-=-=-=-=-=-=-=-=-=-=-=-=-=-=-=
CLIntercept (64-bit) is loading...
CLIntercept file location: C:\Users\Local_Admin\Downloads\clintercept-3.0.6-win64\Release\opencl.dll
CLIntercept URL: https://github.com/intel/opencl-intercept-layer
CLIntercept git description: v3.0.6
CLIntercept git refspec: 
CLIntercept git hash: 1c86da258a3de21c88abb8d81953febcef50991f
CLIntercept optional features:
    cliloader(supported)
    cliprof(supported)
    kernel overrides(supported)
    ITT tracing(NOT supported)
    MDAPI(supported)
    Demangling(NOT supported)
    clock(steady_clock)
CLIntercept environment variable prefix: CLI_
CLIntercept registry key: SOFTWARE\INTEL\IGFX\CLINTERCEPT
Trying to load dispatch from: real_opencl.dll
Couldn't get exported function pointer to: clGetGLContextInfoKHR
... success!
Control ReportToStderr is set to non-default value: true
Control DevicePerformanceTiming is set to non-default value: true
Timer Started!
... loading complete.
Total Enqueues: 0

=== FC Benchmark (precision=u4) ===
M=4096 K=2048 N=5120 group_size=64 iters=25 warmup=3 bufs=4 flush_mb=32
Dynamic quantization: ON (group_size=64)
Input tensors allocated in USM_DEVICE (VRAM) via RemoteContext.
L2/L3 flush kernel: 32 MB f16 Relu between every FC infer.
Median_ms: 2.2955
Min_ms: 2.221
Avg_ms: 2.37419
GFLOPS: 37420.8
BW_GBs: 28.0073
AI: 1336.11
WeightBytes: 5.24288e+06
TotalBytes: 6.42908e+07
TotalFLOPs: 8.58993e+10
Total Enqueues: 122


Device Performance Timing Results for Intel(R) Arc(TM) B390 GPU (96CUs, 2400MHz):

Total Time (ns): 81044854

                                   Function Name,  Calls,     Time (ns), Time (%),  Average (ns),      Min (ns),      Max (ns)
          activation_opt_8800612436721346785_0_0,     29,      17856340,   22.03%,        615735,        554687,        874895
                      clEnqueueMemFillINTEL( D ),      3,         52394,    0.06%,         17464,          6458,         37916
                      clEnqueueMemFillINTEL( H ),      5,       1438332,    1.77%,        287666,         12604,        558958
dynamic_quantize_gpu_opt_7971189612259839663_0_0,     28,      14263947,   17.60%,        509426,        484791,        627187
                                     gemm_kernel,     28,      47384466,   58.47%,       1692302,       1594270,       2057604
            reorder_data_6745897141053308118_0_0,      1,         49375,    0.06%,         49375,         49375,         49375
CLIntercept is shutting down...
... shutdown complete.
