-=-=-=-=-=-=-=-=-=-=-=-=-=-=-=-=-=-=-=-=-=-=-=-=-=-=-=-=-=-=-=-=
CLIntercept (64-bit) is loading...
CLIntercept file location: C:\Users\Local_Admin\Downloads\clintercept-3.0.6-win64\Release\opencl.dll
CLIntercept URL: https://github.com/intel/opencl-intercept-layer
CLIntercept git description: v3.0.6
CLIntercept git refspec: 
CLIntercept git hash: 1c86da258a3de21c88abb8d81953febcef50991f
CLIntercept optional features:
    cliloader(supported)
    cliprof(supported)
    kernel overrides(supported)
    ITT tracing(NOT supported)
    MDAPI(supported)
    Demangling(NOT supported)
    clock(steady_clock)
CLIntercept environment variable prefix: CLI_
CLIntercept registry key: SOFTWARE\INTEL\IGFX\CLINTERCEPT
Trying to load dispatch from: real_opencl.dll
Couldn't get exported function pointer to: clGetGLContextInfoKHR
... success!
Control ReportToStderr is set to non-default value: true
Control DevicePerformanceTiming is set to non-default value: true
Timer Started!
... loading complete.
Total Enqueues: 0

=== FC Benchmark (precision=u4) ===
M=1 K=2048 N=5120 group_size=64 iters=15000 warmup=500 bufs=8 flush_mb=32
Dynamic quantization: OFF (decode mode, group_size=0)
Input tensors allocated in USM_DEVICE (VRAM) via RemoteContext.
L2/L3 flush kernel: 32 MB f16 Relu between every FC infer.
Median_ms: 0.0984
Min_ms: 0.0895
Avg_ms: 0.102377
GFLOPS: 213.125
BW_GBs: 56.7571
AI: 3.75504
WeightBytes: 5.24288e+06
TotalBytes: 5.5849e+06
TotalFLOPs: 2.09715e+07
Total Enqueues: 46507


Device Performance Timing Results for Intel(R) Arc(TM) B390 GPU (96CUs, 2400MHz):

Total Time (ns): 9688429846

                         Function Name,  Calls,     Time (ns), Time (%),  Average (ns),      Min (ns),      Max (ns)
activation_opt_8800612436721346785_0_0,  15501,    8748478125,   90.30%,        564381,        548750,        858645
            clEnqueueMemFillINTEL( H ),      5,        802186,    0.01%,        160437,          1250,        395729
                           gemm_kernel,  15500,     939100785,    9.69%,         60587,         56666,        137291
  reorder_data_6745897141053308118_0_0,      1,         48750,    0.00%,         48750,         48750,         48750
CLIntercept is shutting down...
... shutdown complete.
