-=-=-=-=-=-=-=-=-=-=-=-=-=-=-=-=-=-=-=-=-=-=-=-=-=-=-=-=-=-=-=-=
CLIntercept (64-bit) is loading...
CLIntercept file location: C:\Users\Local_Admin\Downloads\clintercept-3.0.6-win64\Release\opencl.dll
CLIntercept URL: https://github.com/intel/opencl-intercept-layer
CLIntercept git description: v3.0.6
CLIntercept git refspec: 
CLIntercept git hash: 1c86da258a3de21c88abb8d81953febcef50991f
CLIntercept optional features:
    cliloader(supported)
    cliprof(supported)
    kernel overrides(supported)
    ITT tracing(NOT supported)
    MDAPI(supported)
    Demangling(NOT supported)
    clock(steady_clock)
CLIntercept environment variable prefix: CLI_
CLIntercept registry key: SOFTWARE\INTEL\IGFX\CLINTERCEPT
Trying to load dispatch from: real_opencl.dll
Couldn't get exported function pointer to: clGetGLContextInfoKHR
... success!
Control ReportToStderr is set to non-default value: true
Control DevicePerformanceTiming is set to non-default value: true
Timer Started!
... loading complete.
Total Enqueues: 0

=== FC Benchmark (precision=u4) ===
M=32768 K=2048 N=5120 group_size=64 iters=4 warmup=1 bufs=1 flush_mb=32
Dynamic quantization: ON (group_size=64)
Input tensors allocated in USM_DEVICE (VRAM) via RemoteContext.
L2/L3 flush kernel: 32 MB f16 Relu between every FC infer.
Median_ms: 17.7333
Min_ms: 17.5719
Avg_ms: 17.7117
GFLOPS: 38751.7
BW_GBs: 26.8045
AI: 1445.71
WeightBytes: 5.24288e+06
TotalBytes: 4.75333e+08
TotalFLOPs: 6.87195e+11
Total Enqueues: 30


Device Performance Timing Results for Intel(R) Arc(TM) B390 GPU (96CUs, 2400MHz):

Total Time (ns): 102891343

                                   Function Name,  Calls,     Time (ns), Time (%),  Average (ns),      Min (ns),      Max (ns)
          activation_opt_8800612436721346785_0_0,      6,       3975830,    3.86%,        662638,        567187,        854583
                      clEnqueueMemFillINTEL( D ),      3,        279062,    0.27%,         93020,         19583,        233229
                      clEnqueueMemFillINTEL( H ),      5,       8158123,    7.93%,       1631624,         11354,       6147187
dynamic_quantize_gpu_opt_6320816158346783739_0_0,      5,      24230102,   23.55%,       4846020,       4293437,       6987395
                                     gemm_kernel,      5,      66200414,   64.34%,      13240082,      13119270,      13373541
            reorder_data_6745897141053308118_0_0,      1,         47812,    0.05%,         47812,         47812,         47812
CLIntercept is shutting down...
... shutdown complete.
