-=-=-=-=-=-=-=-=-=-=-=-=-=-=-=-=-=-=-=-=-=-=-=-=-=-=-=-=-=-=-=-=
CLIntercept (64-bit) is loading...
CLIntercept file location: C:\Users\Local_Admin\Downloads\clintercept-3.0.6-win64\Release\opencl.dll
CLIntercept URL: https://github.com/intel/opencl-intercept-layer
CLIntercept git description: v3.0.6
CLIntercept git refspec: 
CLIntercept git hash: 1c86da258a3de21c88abb8d81953febcef50991f
CLIntercept optional features:
    cliloader(supported)
    cliprof(supported)
    kernel overrides(supported)
    ITT tracing(NOT supported)
    MDAPI(supported)
    Demangling(NOT supported)
    clock(steady_clock)
CLIntercept environment variable prefix: CLI_
CLIntercept registry key: SOFTWARE\INTEL\IGFX\CLINTERCEPT
Trying to load dispatch from: real_opencl.dll
Couldn't get exported function pointer to: clGetGLContextInfoKHR
... success!
Control ReportToStderr is set to non-default value: true
Control DevicePerformanceTiming is set to non-default value: true
Timer Started!
... loading complete.
Total Enqueues: 0

=== FC Benchmark (precision=u4) ===
M=1024 K=2048 N=5120 group_size=64 iters=100 warmup=10 bufs=4 flush_mb=32
Dynamic quantization: ON (group_size=64)
Input tensors allocated in USM_DEVICE (VRAM) via RemoteContext.
L2/L3 flush kernel: 32 MB f16 Relu between every FC infer.
Median_ms: 0.7146
Min_ms: 0.6716
Avg_ms: 0.742747
GFLOPS: 30051.5
BW_GBs: 28.3384
AI: 1060.45
WeightBytes: 5.24288e+06
TotalBytes: 2.02506e+07
TotalFLOPs: 2.14748e+10
Total Enqueues: 450


Device Performance Timing Results for Intel(R) Arc(TM) B390 GPU (96CUs, 2400MHz):

Total Time (ns): 132955998

                                    Function Name,  Calls,     Time (ns), Time (%),  Average (ns),      Min (ns),      Max (ns)
           activation_opt_8800612436721346785_0_0,    111,      66546307,   50.05%,        599516,        556979,        860729
                       clEnqueueMemFillINTEL( D ),      3,         25624,    0.02%,          8541,          3020,         18750
                       clEnqueueMemFillINTEL( H ),      5,        865623,    0.65%,        173124,         10416,        387812
dynamic_quantize_gpu_opt_12874072039886259905_0_0,    110,      14835055,   11.16%,        134864,        124791,        506458
                                      gemm_kernel,    110,      50633702,   38.08%,        460306,        424583,        590937
             reorder_data_6745897141053308118_0_0,      1,         49687,    0.04%,         49687,         49687,         49687
CLIntercept is shutting down...
... shutdown complete.
