-=-=-=-=-=-=-=-=-=-=-=-=-=-=-=-=-=-=-=-=-=-=-=-=-=-=-=-=-=-=-=-=
CLIntercept (64-bit) is loading...
CLIntercept file location: C:\Users\Local_Admin\Downloads\clintercept-3.0.6-win64\Release\opencl.dll
CLIntercept URL: https://github.com/intel/opencl-intercept-layer
CLIntercept git description: v3.0.6
CLIntercept git refspec: 
CLIntercept git hash: 1c86da258a3de21c88abb8d81953febcef50991f
CLIntercept optional features:
    cliloader(supported)
    cliprof(supported)
    kernel overrides(supported)
    ITT tracing(NOT supported)
    MDAPI(supported)
    Demangling(NOT supported)
    clock(steady_clock)
CLIntercept environment variable prefix: CLI_
CLIntercept registry key: SOFTWARE\INTEL\IGFX\CLINTERCEPT
Trying to load dispatch from: real_opencl.dll
Couldn't get exported function pointer to: clGetGLContextInfoKHR
... success!
Control ReportToStderr is set to non-default value: true
Control DevicePerformanceTiming is set to non-default value: true
Timer Started!
... loading complete.
Total Enqueues: 0

=== GDN Benchmark ===
B=1 T=2048 HK=32 H=32 K=128 iters=20 warmup=5 bufs=2
Median_ms: 8.5315
Avg_ms: 8.62018
GFLOPS: 1006.85
BW_GBs: 8.14255
AI: 123.653
TotalFLOPs: 8.58993e+09
TotalBytes: 6.94682e+07
Total Enqueues: 225


Device Performance Timing Results for Intel(R) Arc(TM) B390 GPU (96CUs, 2400MHz):

Total Time (ns): 203160516

                               Function Name,  Calls,     Time (ns), Time (%),  Average (ns),      Min (ns),      Max (ns)
                clEnqueueMemcpyINTEL( HtoH ),     50,      10251228,    5.05%,        205024,         22968,        409322
                clEnqueueMemcpyINTEL( MtoD ),    150,      61058781,   30.05%,        407058,          4635,        892968
gated_delta_net_ref__8629349849706163749__sa,     25,     131850507,   64.90%,       5274020,       5086145,       6123645
CLIntercept is shutting down...
... shutdown complete.
