-=-=-=-=-=-=-=-=-=-=-=-=-=-=-=-=-=-=-=-=-=-=-=-=-=-=-=-=-=-=-=-=
CLIntercept (64-bit) is loading...
CLIntercept file location: C:\Users\Local_Admin\Downloads\clintercept-3.0.6-win64\Release\opencl.dll
CLIntercept URL: https://github.com/intel/opencl-intercept-layer
CLIntercept git description: v3.0.6
CLIntercept git refspec: 
CLIntercept git hash: 1c86da258a3de21c88abb8d81953febcef50991f
CLIntercept optional features:
    cliloader(supported)
    cliprof(supported)
    kernel overrides(supported)
    ITT tracing(NOT supported)
    MDAPI(supported)
    Demangling(NOT supported)
    clock(steady_clock)
CLIntercept environment variable prefix: CLI_
CLIntercept registry key: SOFTWARE\INTEL\IGFX\CLINTERCEPT
Trying to load dispatch from: real_opencl.dll
Couldn't get exported function pointer to: clGetGLContextInfoKHR
... success!
Control ReportToStderr is set to non-default value: true
Control DevicePerformanceTiming is set to non-default value: true
Timer Started!
... loading complete.
Total Enqueues: 0

=== GDN Benchmark ===
B=1 T=65536 HK=32 H=32 K=128 iters=8 warmup=2 bufs=2
Median_ms: 323.94
Avg_ms: 312.327
GFLOPS: 848.546
BW_GBs: 6.66164
AI: 127.378
TotalFLOPs: 2.74878e+11
TotalBytes: 2.15797e+09
Total Enqueues: 90


Device Performance Timing Results for Intel(R) Arc(TM) B390 GPU (96CUs, 2400MHz):

Total Time (ns): 3068291835

                               Function Name,  Calls,     Time (ns), Time (%),  Average (ns),      Min (ns),      Max (ns)
                clEnqueueMemcpyINTEL( HtoH ),     20,     136556968,    4.45%,       6827848,         26510,      15435937
                clEnqueueMemcpyINTEL( MtoD ),     60,    1244023829,   40.54%,      20733730,         24479,     108973229
gated_delta_net_ref__8629349849706163749__sa,     10,    1687711038,   55.00%,     168771103,     167978958,     170737500
CLIntercept is shutting down...
... shutdown complete.
