-=-=-=-=-=-=-=-=-=-=-=-=-=-=-=-=-=-=-=-=-=-=-=-=-=-=-=-=-=-=-=-=
CLIntercept (64-bit) is loading...
CLIntercept file location: C:\Users\Local_Admin\Downloads\clintercept-3.0.6-win64\Release\opencl.dll
CLIntercept URL: https://github.com/intel/opencl-intercept-layer
CLIntercept git description: v3.0.6
CLIntercept git refspec: 
CLIntercept git hash: 1c86da258a3de21c88abb8d81953febcef50991f
CLIntercept optional features:
    cliloader(supported)
    cliprof(supported)
    kernel overrides(supported)
    ITT tracing(NOT supported)
    MDAPI(supported)
    Demangling(NOT supported)
    clock(steady_clock)
CLIntercept environment variable prefix: CLI_
CLIntercept registry key: SOFTWARE\INTEL\IGFX\CLINTERCEPT
Trying to load dispatch from: real_opencl.dll
Couldn't get exported function pointer to: clGetGLContextInfoKHR
... success!
Control ReportToStderr is set to non-default value: true
Control DevicePerformanceTiming is set to non-default value: true
Timer Started!
... loading complete.
Total Enqueues: 0

=== GDN Benchmark ===
B=1 T=16384 HK=32 H=32 K=128 iters=8 warmup=2 bufs=2
Median_ms: 66.0511
Avg_ms: 66.1351
GFLOPS: 1040.4
BW_GBs: 8.19162
AI: 127.008
TotalFLOPs: 6.87195e+10
TotalBytes: 5.41065e+08
Total Enqueues: 90


Device Performance Timing Results for Intel(R) Arc(TM) B390 GPU (96CUs, 2400MHz):

Total Time (ns): 651018447

                               Function Name,  Calls,     Time (ns), Time (%),  Average (ns),      Min (ns),      Max (ns)
                clEnqueueMemcpyINTEL( HtoH ),     20,      32559366,    5.00%,       1627968,         25625,       3327500
                clEnqueueMemcpyINTEL( MtoD ),     60,     204613670,   31.43%,       3410227,         21197,       7908177
gated_delta_net_ref__8629349849706163749__sa,     10,     413845411,   63.57%,      41384541,      41103958,      42614062
CLIntercept is shutting down...
... shutdown complete.
