-=-=-=-=-=-=-=-=-=-=-=-=-=-=-=-=-=-=-=-=-=-=-=-=-=-=-=-=-=-=-=-=
CLIntercept (64-bit) is loading...
CLIntercept file location: C:\Users\Local_Admin\Downloads\clintercept-3.0.6-win64\Release\opencl.dll
CLIntercept URL: https://github.com/intel/opencl-intercept-layer
CLIntercept git description: v3.0.6
CLIntercept git refspec: 
CLIntercept git hash: 1c86da258a3de21c88abb8d81953febcef50991f
CLIntercept optional features:
    cliloader(supported)
    cliprof(supported)
    kernel overrides(supported)
    ITT tracing(NOT supported)
    MDAPI(supported)
    Demangling(NOT supported)
    clock(steady_clock)
CLIntercept environment variable prefix: CLI_
CLIntercept registry key: SOFTWARE\INTEL\IGFX\CLINTERCEPT
Trying to load dispatch from: real_opencl.dll
Couldn't get exported function pointer to: clGetGLContextInfoKHR
... success!
Control ReportToStderr is set to non-default value: true
Control DevicePerformanceTiming is set to non-default value: true
Timer Started!
... loading complete.
Total Enqueues: 0

=== GDN Benchmark ===
B=1 T=8192 HK=32 H=32 K=128 iters=20 warmup=5 bufs=2
Median_ms: 33.3461
Avg_ms: 33.3875
GFLOPS: 1030.4
BW_GBs: 8.14432
AI: 126.517
TotalFLOPs: 3.43597e+10
TotalBytes: 2.71581e+08
Total Enqueues: 225


Device Performance Timing Results for Intel(R) Arc(TM) B390 GPU (96CUs, 2400MHz):

Total Time (ns): 817435366

                               Function Name,  Calls,     Time (ns), Time (%),  Average (ns),      Min (ns),      Max (ns)
                clEnqueueMemcpyINTEL( HtoH ),     50,      40905186,    5.00%,        818103,         24062,       1653645
                clEnqueueMemcpyINTEL( MtoD ),    150,     258855503,   31.67%,       1725703,         14375,       3763020
gated_delta_net_ref__8629349849706163749__sa,     25,     517674677,   63.33%,      20706987,      20512604,      21790208
CLIntercept is shutting down...
... shutdown complete.
