-=-=-=-=-=-=-=-=-=-=-=-=-=-=-=-=-=-=-=-=-=-=-=-=-=-=-=-=-=-=-=-=
CLIntercept (64-bit) is loading...
CLIntercept file location: C:\Users\Local_Admin\Downloads\clintercept-3.0.6-win64\Release\opencl.dll
CLIntercept URL: https://github.com/intel/opencl-intercept-layer
CLIntercept git description: v3.0.6
CLIntercept git refspec: 
CLIntercept git hash: 1c86da258a3de21c88abb8d81953febcef50991f
CLIntercept optional features:
    cliloader(supported)
    cliprof(supported)
    kernel overrides(supported)
    ITT tracing(NOT supported)
    MDAPI(supported)
    Demangling(NOT supported)
    clock(steady_clock)
CLIntercept environment variable prefix: CLI_
CLIntercept registry key: SOFTWARE\INTEL\IGFX\CLINTERCEPT
Trying to load dispatch from: real_opencl.dll
Couldn't get exported function pointer to: clGetGLContextInfoKHR
... success!
Control ReportToStderr is set to non-default value: true
Control DevicePerformanceTiming is set to non-default value: true
Timer Started!
... loading complete.
Total Enqueues: 0

=== FC Benchmark (precision=u4) ===
M=8192 K=2048 N=4096 group_size=64 iters=25 warmup=3 bufs=2 flush_mb=32
Dynamic quantization: ON (group_size=64)
Input tensors allocated in USM_DEVICE (VRAM) via RemoteContext.
L2/L3 flush kernel: 32 MB f16 Relu between every FC infer.
Median_ms: 3.8027
Min_ms: 3.6503
Avg_ms: 3.83349
GFLOPS: 36142.5
BW_GBs: 27.6434
AI: 1307.45
WeightBytes: 4.1943e+06
TotalBytes: 1.0512e+08
TotalFLOPs: 1.37439e+11
Total Enqueues: 122


Device Performance Timing Results for Intel(R) Arc(TM) B390 GPU (96CUs, 2400MHz):

Total Time (ns): 126159548

                                   Function Name,  Calls,     Time (ns), Time (%),  Average (ns),      Min (ns),      Max (ns)
          activation_opt_8800612436721346785_0_0,     29,      18296762,   14.50%,        630922,        558125,       1026979
                      clEnqueueMemFillINTEL( D ),      3,         83958,    0.07%,         27986,          8750,         66250
                      clEnqueueMemFillINTEL( H ),      5,       2247080,    1.78%,        449416,         11145,       1071250
dynamic_quantize_gpu_opt_6627171168508981115_0_0,     28,      27825510,   22.06%,        993768,        962395,       1268541
                                     gemm_kernel,     28,      77661134,   61.56%,       2773611,       2536145,       3594791
            reorder_data_8022986047467355601_0_0,      1,         45104,    0.04%,         45104,         45104,         45104
CLIntercept is shutting down...
... shutdown complete.
