-=-=-=-=-=-=-=-=-=-=-=-=-=-=-=-=-=-=-=-=-=-=-=-=-=-=-=-=-=-=-=-=
CLIntercept (64-bit) is loading...
CLIntercept file location: C:\Users\Local_Admin\Downloads\clintercept-3.0.6-win64\Release\opencl.dll
CLIntercept URL: https://github.com/intel/opencl-intercept-layer
CLIntercept git description: v3.0.6
CLIntercept git refspec: 
CLIntercept git hash: 1c86da258a3de21c88abb8d81953febcef50991f
CLIntercept optional features:
    cliloader(supported)
    cliprof(supported)
    kernel overrides(supported)
    ITT tracing(NOT supported)
    MDAPI(supported)
    Demangling(NOT supported)
    clock(steady_clock)
CLIntercept environment variable prefix: CLI_
CLIntercept registry key: SOFTWARE\INTEL\IGFX\CLINTERCEPT
Trying to load dispatch from: real_opencl.dll
Couldn't get exported function pointer to: clGetGLContextInfoKHR
... success!
Control ReportToStderr is set to non-default value: true
Control DevicePerformanceTiming is set to non-default value: true
Timer Started!
... loading complete.
Total Enqueues: 0

=== FC Benchmark (precision=u4) ===
M=2048 K=2048 N=32 group_size=64 iters=1000 warmup=50 bufs=4 flush_mb=32
Dynamic quantization: ON (group_size=64)
Input tensors allocated in USM_DEVICE (VRAM) via RemoteContext.
L2/L3 flush kernel: 32 MB f16 Relu between every FC infer.
Median_ms: 0.3207
Min_ms: 0.314
Avg_ms: 0.324913
GFLOPS: 837.03
BW_GBs: 26.6744
AI: 31.3795
WeightBytes: 32768
TotalBytes: 8.5545e+06
TotalFLOPs: 2.68435e+08
Total Enqueues: 4210


Device Performance Timing Results for Intel(R) Arc(TM) B390 GPU (96CUs, 2400MHz):

Total Time (ns): 884180042

                                   Function Name,  Calls,     Time (ns), Time (%),  Average (ns),      Min (ns),      Max (ns)
          activation_opt_8800612436721346785_0_0,   1051,     595068208,   67.30%,        566192,        550520,        977812
                      clEnqueueMemFillINTEL( D ),      3,         39582,    0.00%,         13194,          5104,         26458
                      clEnqueueMemFillINTEL( H ),      5,        845310,    0.10%,        169062,          4687,        395520
dynamic_quantize_gpu_opt_8618066521418875652_0_0,   1050,     261169659,   29.54%,        248733,        244479,        517708
                                     gemm_kernel,   1050,      27049575,    3.06%,         25761,         24375,         92500
           reorder_data_10501450039128376004_0_0,      1,          7708,    0.00%,          7708,          7708,          7708
CLIntercept is shutting down...
... shutdown complete.
