-=-=-=-=-=-=-=-=-=-=-=-=-=-=-=-=-=-=-=-=-=-=-=-=-=-=-=-=-=-=-=-=
CLIntercept (64-bit) is loading...
CLIntercept file location: C:\Users\Local_Admin\Downloads\clintercept-3.0.6-win64\Release\opencl.dll
CLIntercept URL: https://github.com/intel/opencl-intercept-layer
CLIntercept git description: v3.0.6
CLIntercept git refspec: 
CLIntercept git hash: 1c86da258a3de21c88abb8d81953febcef50991f
CLIntercept optional features:
    cliloader(supported)
    cliprof(supported)
    kernel overrides(supported)
    ITT tracing(NOT supported)
    MDAPI(supported)
    Demangling(NOT supported)
    clock(steady_clock)
CLIntercept environment variable prefix: CLI_
CLIntercept registry key: SOFTWARE\INTEL\IGFX\CLINTERCEPT
Trying to load dispatch from: real_opencl.dll
Couldn't get exported function pointer to: clGetGLContextInfoKHR
... success!
Control ReportToStderr is set to non-default value: true
Control DevicePerformanceTiming is set to non-default value: true
Timer Started!
... loading complete.
Total Enqueues: 0

=== FC Benchmark (precision=u4) ===
M=1024 K=2048 N=8192 group_size=64 iters=100 warmup=10 bufs=4 flush_mb=32
Dynamic quantization: ON (group_size=64)
Input tensors allocated in USM_DEVICE (VRAM) via RemoteContext.
L2/L3 flush kernel: 32 MB f16 Relu between every FC infer.
Median_ms: 1.0074
Min_ms: 0.9692
Avg_ms: 1.00762
GFLOPS: 34107.3
BW_GBs: 29.6649
AI: 1149.75
WeightBytes: 8.38861e+06
TotalBytes: 2.98844e+07
TotalFLOPs: 3.43597e+10
Total Enqueues: 450


Device Performance Timing Results for Intel(R) Arc(TM) B390 GPU (96CUs, 2400MHz):

Total Time (ns): 160222879

                                    Function Name,  Calls,     Time (ns), Time (%),  Average (ns),      Min (ns),      Max (ns)
           activation_opt_8800612436721346785_0_0,    111,      62815059,   39.20%,        565901,        550729,        858229
                       clEnqueueMemFillINTEL( D ),      3,         25520,    0.02%,          8506,          2916,         19375
                       clEnqueueMemFillINTEL( H ),      5,        890727,    0.56%,        178145,         12812,        384166
dynamic_quantize_gpu_opt_12874072039886259905_0_0,    110,      14135478,    8.82%,        128504,        125729,        156562
                                      gemm_kernel,    110,      82274012,   51.35%,        747945,        707812,        906562
            reorder_data_11735036624884079308_0_0,      1,         82083,    0.05%,         82083,         82083,         82083
CLIntercept is shutting down...
... shutdown complete.
