-=-=-=-=-=-=-=-=-=-=-=-=-=-=-=-=-=-=-=-=-=-=-=-=-=-=-=-=-=-=-=-=
CLIntercept (64-bit) is loading...
CLIntercept file location: C:\Users\Local_Admin\Downloads\clintercept-3.0.6-win64\Release\opencl.dll
CLIntercept URL: https://github.com/intel/opencl-intercept-layer
CLIntercept git description: v3.0.6
CLIntercept git refspec: 
CLIntercept git hash: 1c86da258a3de21c88abb8d81953febcef50991f
CLIntercept optional features:
    cliloader(supported)
    cliprof(supported)
    kernel overrides(supported)
    ITT tracing(NOT supported)
    MDAPI(supported)
    Demangling(NOT supported)
    clock(steady_clock)
CLIntercept environment variable prefix: CLI_
CLIntercept registry key: SOFTWARE\INTEL\IGFX\CLINTERCEPT
Trying to load dispatch from: real_opencl.dll
Couldn't get exported function pointer to: clGetGLContextInfoKHR
... success!
Control ReportToStderr is set to non-default value: true
Control DevicePerformanceTiming is set to non-default value: true
Timer Started!
... loading complete.
Total Enqueues: 0

=== FC Benchmark (precision=u4) ===
M=32768 K=2048 N=8192 group_size=64 iters=4 warmup=1 bufs=1 flush_mb=32
Dynamic quantization: ON (group_size=64)
Input tensors allocated in USM_DEVICE (VRAM) via RemoteContext.
L2/L3 flush kernel: 32 MB f16 Relu between every FC infer.
Median_ms: 26.7775
Min_ms: 26.398
Avg_ms: 26.6695
GFLOPS: 41061
BW_GBs: 25.3945
AI: 1616.93
WeightBytes: 8.38861e+06
TotalBytes: 6.80002e+08
TotalFLOPs: 1.09951e+12
Total Enqueues: 30


Device Performance Timing Results for Intel(R) Arc(TM) B390 GPU (96CUs, 2400MHz):

Total Time (ns): 149979576

                                   Function Name,  Calls,     Time (ns), Time (%),  Average (ns),      Min (ns),      Max (ns)
          activation_opt_8800612436721346785_0_0,      6,       3970936,    2.65%,        661822,        568750,        856458
                      clEnqueueMemFillINTEL( D ),      3,        280832,    0.19%,         93610,         20208,        234062
                      clEnqueueMemFillINTEL( H ),      5,      10320207,    6.88%,       2064041,         12291,       8295104
dynamic_quantize_gpu_opt_6320816158346783739_0_0,      5,      23945624,   15.97%,       4789124,       4276250,       6749479
                                     gemm_kernel,      5,     111384477,   74.27%,      22276895,      21952708,      22580520
           reorder_data_11735036624884079308_0_0,      1,         77500,    0.05%,         77500,         77500,         77500
CLIntercept is shutting down...
... shutdown complete.
