-=-=-=-=-=-=-=-=-=-=-=-=-=-=-=-=-=-=-=-=-=-=-=-=-=-=-=-=-=-=-=-=
CLIntercept (64-bit) is loading...
CLIntercept file location: C:\Users\Local_Admin\Downloads\clintercept-3.0.6-win64\Release\opencl.dll
CLIntercept URL: https://github.com/intel/opencl-intercept-layer
CLIntercept git description: v3.0.6
CLIntercept git refspec: 
CLIntercept git hash: 1c86da258a3de21c88abb8d81953febcef50991f
CLIntercept optional features:
    cliloader(supported)
    cliprof(supported)
    kernel overrides(supported)
    ITT tracing(NOT supported)
    MDAPI(supported)
    Demangling(NOT supported)
    clock(steady_clock)
CLIntercept environment variable prefix: CLI_
CLIntercept registry key: SOFTWARE\INTEL\IGFX\CLINTERCEPT
Trying to load dispatch from: real_opencl.dll
Couldn't get exported function pointer to: clGetGLContextInfoKHR
... success!
Control ReportToStderr is set to non-default value: true
Control DevicePerformanceTiming is set to non-default value: true
Timer Started!
... loading complete.
Total Enqueues: 0

=== FC Benchmark (precision=u4) ===
M=1024 K=2048 N=4096 group_size=64 iters=200 warmup=20 bufs=4 flush_mb=32
Dynamic quantization: ON (group_size=64)
Input tensors allocated in USM_DEVICE (VRAM) via RemoteContext.
L2/L3 flush kernel: 32 MB f16 Relu between every FC infer.
Median_ms: 0.6047
Min_ms: 0.579
Avg_ms: 0.614848
GFLOPS: 28410.6
BW_GBs: 28.1782
AI: 1008.25
WeightBytes: 4.1943e+06
TotalBytes: 1.70394e+07
TotalFLOPs: 1.71799e+10
Total Enqueues: 890


Device Performance Timing Results for Intel(R) Arc(TM) B390 GPU (96CUs, 2400MHz):

Total Time (ns): 236172133

                                    Function Name,  Calls,     Time (ns), Time (%),  Average (ns),      Min (ns),      Max (ns)
           activation_opt_8800612436721346785_0_0,    221,     125796681,   53.26%,        569215,        549166,        859895
                       clEnqueueMemFillINTEL( D ),      3,         26666,    0.01%,          8888,          3125,         20208
                       clEnqueueMemFillINTEL( H ),      5,        845830,    0.36%,        169166,         10937,        387395
dynamic_quantize_gpu_opt_12874072039886259905_0_0,    220,      28862935,   12.22%,        131195,        125208,        629062
                                      gemm_kernel,    220,      80596376,   34.13%,        366347,        339166,        451979
             reorder_data_8022986047467355601_0_0,      1,         43645,    0.02%,         43645,         43645,         43645
CLIntercept is shutting down...
... shutdown complete.
