-=-=-=-=-=-=-=-=-=-=-=-=-=-=-=-=-=-=-=-=-=-=-=-=-=-=-=-=-=-=-=-=
CLIntercept (64-bit) is loading...
CLIntercept file location: C:\Users\Local_Admin\Downloads\clintercept-3.0.6-win64\Release\opencl.dll
CLIntercept URL: https://github.com/intel/opencl-intercept-layer
CLIntercept git description: v3.0.6
CLIntercept git refspec: 
CLIntercept git hash: 1c86da258a3de21c88abb8d81953febcef50991f
CLIntercept optional features:
    cliloader(supported)
    cliprof(supported)
    kernel overrides(supported)
    ITT tracing(NOT supported)
    MDAPI(supported)
    Demangling(NOT supported)
    clock(steady_clock)
CLIntercept environment variable prefix: CLI_
CLIntercept registry key: SOFTWARE\INTEL\IGFX\CLINTERCEPT
Trying to load dispatch from: real_opencl.dll
Couldn't get exported function pointer to: clGetGLContextInfoKHR
... success!
Control ReportToStderr is set to non-default value: true
Control DevicePerformanceTiming is set to non-default value: true
Timer Started!
... loading complete.
Total Enqueues: 0

=== FC Benchmark (precision=u4) ===
M=8192 K=2048 N=32 group_size=64 iters=200 warmup=10 bufs=2 flush_mb=32
Dynamic quantization: ON (group_size=64)
Input tensors allocated in USM_DEVICE (VRAM) via RemoteContext.
L2/L3 flush kernel: 32 MB f16 Relu between every FC infer.
Median_ms: 1.0946
Min_ms: 1.0865
Avg_ms: 1.09669
GFLOPS: 980.944
BW_GBs: 31.1653
AI: 31.4755
WeightBytes: 32768
TotalBytes: 3.41135e+07
TotalFLOPs: 1.07374e+09
Total Enqueues: 850


Device Performance Timing Results for Intel(R) Arc(TM) B390 GPU (96CUs, 2400MHz):

Total Time (ns): 340129428

                                   Function Name,  Calls,     Time (ns), Time (%),  Average (ns),      Min (ns),      Max (ns)
          activation_opt_8800612436721346785_0_0,    211,     119028875,   35.00%,        564117,        549791,        874583
                      clEnqueueMemFillINTEL( D ),      3,         86873,    0.03%,         28957,          8437,         69166
                      clEnqueueMemFillINTEL( H ),      5,       1181040,    0.35%,        236208,          5833,        391666
dynamic_quantize_gpu_opt_6627171168508981115_0_0,    210,     203586059,   59.86%,        969457,        960729,       1266562
                                     gemm_kernel,    210,      16239186,    4.77%,         77329,         73125,        103541
           reorder_data_10501450039128376004_0_0,      1,          7395,    0.00%,          7395,          7395,          7395
CLIntercept is shutting down...
... shutdown complete.
