-=-=-=-=-=-=-=-=-=-=-=-=-=-=-=-=-=-=-=-=-=-=-=-=-=-=-=-=-=-=-=-=
CLIntercept (64-bit) is loading...
CLIntercept file location: C:\Users\Local_Admin\Downloads\clintercept-3.0.6-win64\Release\opencl.dll
CLIntercept URL: https://github.com/intel/opencl-intercept-layer
CLIntercept git description: v3.0.6
CLIntercept git refspec: 
CLIntercept git hash: 1c86da258a3de21c88abb8d81953febcef50991f
CLIntercept optional features:
    cliloader(supported)
    cliprof(supported)
    kernel overrides(supported)
    ITT tracing(NOT supported)
    MDAPI(supported)
    Demangling(NOT supported)
    clock(steady_clock)
CLIntercept environment variable prefix: CLI_
CLIntercept registry key: SOFTWARE\INTEL\IGFX\CLINTERCEPT
Trying to load dispatch from: real_opencl.dll
Couldn't get exported function pointer to: clGetGLContextInfoKHR
... success!
Control ReportToStderr is set to non-default value: true
Control DevicePerformanceTiming is set to non-default value: true
Timer Started!
... loading complete.
Total Enqueues: 0

=== FC Benchmark (precision=u4) ===
M=4096 K=2048 N=32 group_size=64 iters=500 warmup=25 bufs=4 flush_mb=32
Dynamic quantization: ON (group_size=64)
Input tensors allocated in USM_DEVICE (VRAM) via RemoteContext.
L2/L3 flush kernel: 32 MB f16 Relu between every FC infer.
Median_ms: 0.5875
Min_ms: 0.5825
Avg_ms: 0.592075
GFLOPS: 913.823
BW_GBs: 29.0624
AI: 31.4434
WeightBytes: 32768
TotalBytes: 1.70742e+07
TotalFLOPs: 5.36871e+08
Total Enqueues: 2110


Device Performance Timing Results for Intel(R) Arc(TM) B390 GPU (96CUs, 2400MHz):

Total Time (ns): 583529234

                                   Function Name,  Calls,     Time (ns), Time (%),  Average (ns),      Min (ns),      Max (ns)
          activation_opt_8800612436721346785_0_0,    526,     299220409,   51.28%,        568860,        550208,       1159166
                      clEnqueueMemFillINTEL( D ),      3,         52500,    0.01%,         17500,          5625,         37500
                      clEnqueueMemFillINTEL( H ),      5,        881144,    0.15%,        176228,          5208,        398437
dynamic_quantize_gpu_opt_7971189612259839663_0_0,    525,     256853118,   44.02%,        489244,        483437,        677812
                                     gemm_kernel,    525,      26514459,    4.54%,         50503,         47291,         69375
           reorder_data_10501450039128376004_0_0,      1,          7604,    0.00%,          7604,          7604,          7604
CLIntercept is shutting down...
... shutdown complete.
