-=-=-=-=-=-=-=-=-=-=-=-=-=-=-=-=-=-=-=-=-=-=-=-=-=-=-=-=-=-=-=-=
CLIntercept (64-bit) is loading...
CLIntercept file location: C:\Users\Local_Admin\Downloads\clintercept-3.0.6-win64\Release\opencl.dll
CLIntercept URL: https://github.com/intel/opencl-intercept-layer
CLIntercept git description: v3.0.6
CLIntercept git refspec: 
CLIntercept git hash: 1c86da258a3de21c88abb8d81953febcef50991f
CLIntercept optional features:
    cliloader(supported)
    cliprof(supported)
    kernel overrides(supported)
    ITT tracing(NOT supported)
    MDAPI(supported)
    Demangling(NOT supported)
    clock(steady_clock)
CLIntercept environment variable prefix: CLI_
CLIntercept registry key: SOFTWARE\INTEL\IGFX\CLINTERCEPT
Trying to load dispatch from: real_opencl.dll
Couldn't get exported function pointer to: clGetGLContextInfoKHR
... success!
Control ReportToStderr is set to non-default value: true
Control DevicePerformanceTiming is set to non-default value: true
Timer Started!
... loading complete.
Total Enqueues: 0

=== FC Benchmark (precision=u4) ===
M=4096 K=4096 N=2048 group_size=64 iters=50 warmup=5 bufs=4 flush_mb=32
Dynamic quantization: ON (group_size=64)
Input tensors allocated in USM_DEVICE (VRAM) via RemoteContext.
L2/L3 flush kernel: 32 MB f16 Relu between every FC infer.
Median_ms: 2.2603
Min_ms: 2.2191
Avg_ms: 2.26665
GFLOPS: 30402.8
BW_GBs: 24.2393
AI: 1254.28
WeightBytes: 4.1943e+06
TotalBytes: 5.47881e+07
TotalFLOPs: 6.87195e+10
Total Enqueues: 230


Device Performance Timing Results for Intel(R) Arc(TM) B390 GPU (96CUs, 2400MHz):

Total Time (ns): 154090341

                                    Function Name,  Calls,     Time (ns), Time (%),  Average (ns),      Min (ns),      Max (ns)
           activation_opt_8800612436721346785_0_0,     56,      33629871,   21.82%,        600533,        554479,        873645
                       clEnqueueMemFillINTEL( D ),      3,         86457,    0.06%,         28819,          9062,         67916
                       clEnqueueMemFillINTEL( H ),      5,       1284790,    0.83%,        256958,         10833,        401145
dynamic_quantize_gpu_opt_13641002643722131644_0_0,     55,      59864352,   38.85%,       1088442,       1060416,       1246770
                                      gemm_kernel,     55,      59183517,   38.41%,       1076063,       1030833,       1282187
            reorder_data_15001590404870463786_0_0,      1,         41354,    0.03%,         41354,         41354,         41354
CLIntercept is shutting down...
... shutdown complete.
