-=-=-=-=-=-=-=-=-=-=-=-=-=-=-=-=-=-=-=-=-=-=-=-=-=-=-=-=-=-=-=-=
CLIntercept (64-bit) is loading...
CLIntercept file location: C:\Users\Local_Admin\Downloads\clintercept-3.0.6-win64\Release\opencl.dll
CLIntercept URL: https://github.com/intel/opencl-intercept-layer
CLIntercept git description: v3.0.6
CLIntercept git refspec: 
CLIntercept git hash: 1c86da258a3de21c88abb8d81953febcef50991f
CLIntercept optional features:
    cliloader(supported)
    cliprof(supported)
    kernel overrides(supported)
    ITT tracing(NOT supported)
    MDAPI(supported)
    Demangling(NOT supported)
    clock(steady_clock)
CLIntercept environment variable prefix: CLI_
CLIntercept registry key: SOFTWARE\INTEL\IGFX\CLINTERCEPT
Trying to load dispatch from: real_opencl.dll
Couldn't get exported function pointer to: clGetGLContextInfoKHR
... success!
Control ReportToStderr is set to non-default value: true
Control DevicePerformanceTiming is set to non-default value: true
Timer Started!
... loading complete.
Total Enqueues: 0

=== FC Benchmark (precision=u4) ===
M=1024 K=2048 N=32 group_size=64 iters=2000 warmup=100 bufs=4 flush_mb=32
Dynamic quantization: ON (group_size=64)
Input tensors allocated in USM_DEVICE (VRAM) via RemoteContext.
L2/L3 flush kernel: 32 MB f16 Relu between every FC infer.
Median_ms: 0.1835
Min_ms: 0.1783
Avg_ms: 0.186632
GFLOPS: 731.432
BW_GBs: 23.4041
AI: 31.2523
WeightBytes: 32768
TotalBytes: 4.29466e+06
TotalFLOPs: 1.34218e+08
Total Enqueues: 8410


Device Performance Timing Results for Intel(R) Arc(TM) B390 GPU (96CUs, 2400MHz):

Total Time (ns): 1489974988

                                    Function Name,  Calls,     Time (ns), Time (%),  Average (ns),      Min (ns),      Max (ns)
           activation_opt_8800612436721346785_0_0,   2101,    1184070911,   79.47%,        563574,        552187,        955312
                       clEnqueueMemFillINTEL( D ),      3,         25311,    0.00%,          8437,          2916,         18645
                       clEnqueueMemFillINTEL( H ),      5,        837394,    0.06%,        167478,          3437,        402187
dynamic_quantize_gpu_opt_12874072039886259905_0_0,   2100,     270125182,   18.13%,        128631,        124687,        541145
                                      gemm_kernel,   2100,      34907857,    2.34%,         16622,         16145,         30000
            reorder_data_10501450039128376004_0_0,      1,          8333,    0.00%,          8333,          8333,          8333
CLIntercept is shutting down...
... shutdown complete.
