-=-=-=-=-=-=-=-=-=-=-=-=-=-=-=-=-=-=-=-=-=-=-=-=-=-=-=-=-=-=-=-=
CLIntercept (64-bit) is loading...
CLIntercept file location: C:\Users\Local_Admin\Downloads\clintercept-3.0.6-win64\Release\opencl.dll
CLIntercept URL: https://github.com/intel/opencl-intercept-layer
CLIntercept git description: v3.0.6
CLIntercept git refspec: 
CLIntercept git hash: 1c86da258a3de21c88abb8d81953febcef50991f
CLIntercept optional features:
    cliloader(supported)
    cliprof(supported)
    kernel overrides(supported)
    ITT tracing(NOT supported)
    MDAPI(supported)
    Demangling(NOT supported)
    clock(steady_clock)
CLIntercept environment variable prefix: CLI_
CLIntercept registry key: SOFTWARE\INTEL\IGFX\CLINTERCEPT
Trying to load dispatch from: real_opencl.dll
Couldn't get exported function pointer to: clGetGLContextInfoKHR
... success!
Control ReportToStderr is set to non-default value: true
Control DevicePerformanceTiming is set to non-default value: true
Timer Started!
... loading complete.
Total Enqueues: 0

=== FC Benchmark (precision=u4) ===
M=131072 K=2048 N=4096 group_size=64 iters=2 warmup=1 bufs=1 flush_mb=32
Dynamic quantization: ON (group_size=64)
Input tensors allocated in USM_DEVICE (VRAM) via RemoteContext.
L2/L3 flush kernel: 32 MB f16 Relu between every FC infer.
Median_ms: 60.416
Min_ms: 60.3982
Avg_ms: 60.4071
GFLOPS: 36398
BW_GBs: 26.7325
AI: 1361.57
WeightBytes: 4.1943e+06
TotalBytes: 1.61507e+09
TotalFLOPs: 2.19902e+12
Total Enqueues: 22


Device Performance Timing Results for Intel(R) Arc(TM) B390 GPU (96CUs, 2400MHz):

Total Time (ns): 210905617

                                   Function Name,  Calls,     Time (ns), Time (%),  Average (ns),      Min (ns),      Max (ns)
          activation_opt_8800612436721346785_0_0,      4,       2848018,    1.35%,        712004,        572916,        862916
                      clEnqueueMemFillINTEL( D ),      3,       1273332,    0.60%,        424444,         39166,       1167291
                      clEnqueueMemFillINTEL( H ),      5,      22265103,   10.56%,       4453020,         12083,      13362187
dynamic_quantize_gpu_opt_9366225830136149648_0_0,      3,      57651874,   27.34%,      19217291,      18129062,      21300625
                                     gemm_kernel,      3,     126825311,   60.13%,      42275103,      41935416,      42833854
            reorder_data_8022986047467355601_0_0,      1,         41979,    0.02%,         41979,         41979,         41979
CLIntercept is shutting down...
... shutdown complete.
