-=-=-=-=-=-=-=-=-=-=-=-=-=-=-=-=-=-=-=-=-=-=-=-=-=-=-=-=-=-=-=-=
CLIntercept (64-bit) is loading...
CLIntercept file location: C:\Users\Local_Admin\Downloads\clintercept-3.0.6-win64\Release\opencl.dll
CLIntercept URL: https://github.com/intel/opencl-intercept-layer
CLIntercept git description: v3.0.6
CLIntercept git refspec: 
CLIntercept git hash: 1c86da258a3de21c88abb8d81953febcef50991f
CLIntercept optional features:
    cliloader(supported)
    cliprof(supported)
    kernel overrides(supported)
    ITT tracing(NOT supported)
    MDAPI(supported)
    Demangling(NOT supported)
    clock(steady_clock)
CLIntercept environment variable prefix: CLI_
CLIntercept registry key: SOFTWARE\INTEL\IGFX\CLINTERCEPT
Trying to load dispatch from: real_opencl.dll
Couldn't get exported function pointer to: clGetGLContextInfoKHR
... success!
Control ReportToStderr is set to non-default value: true
Control DevicePerformanceTiming is set to non-default value: true
Timer Started!
... loading complete.
Total Enqueues: 0

=== PA Benchmark ===
NH=16 NKV=2 HD=256
Mode=decode S_q=1 S_kv=131072 blocks=8193 kv_type=i8 impl=ocl iters=200 warmup=5 bufs=1
KV cache key type=i8 shape=[?,2,256,20]
KV cache val type=i8 shape=[?,2,16,260]
Resolved KC shape: [8193,2,256,20]
Median_ms: 10.5118
Min_ms: 10.3208
Avg_ms: 10.5546
GFLOPS: 209.282
BW_GBs: 12.9696
AI: 16.1363
TotalFLOPs: 2.19993e+09
TotalBytes: 1.36334e+08
Total Enqueues: 2461


Device Performance Timing Results for Intel(R) Arc(TM) B390 GPU (96CUs, 2400MHz):

Total Time (ns): 2070389520

                                                          Function Name,  Calls,     Time (ns), Time (%),  Average (ns),      Min (ns),      Max (ns)
                                             clEnqueueMemFillINTEL( H ),      1,          3229,    0.00%,          3229,          3229,          3229
                                           clEnqueueMemcpyINTEL( MtoD ),   1435,    1613419210,   77.93%,       1124333,           937,       5074114
                                           clEnqueueMemcpyINTEL( MtoH ),    410,        440337,    0.02%,          1073,           937,          2968
                       pa_kv_cache_update_ref__15856477779756318941__sa,    205,       1619087,    0.08%,          7897,          7395,         11250
         paged_attention_opt__gqa_single_token_15856477779756318941__sa,    205,     415719404,   20.08%,       2027899,       1968750,       3738333
paged_attention_opt__single_token_finalization_15856477779756318941__sa,    205,      39188253,    1.89%,        191162,        189375,        280520
CLIntercept is shutting down...
... shutdown complete.
