-=-=-=-=-=-=-=-=-=-=-=-=-=-=-=-=-=-=-=-=-=-=-=-=-=-=-=-=-=-=-=-=
CLIntercept (64-bit) is loading...
CLIntercept file location: C:\Users\Local_Admin\Downloads\clintercept-3.0.6-win64\Release\opencl.dll
CLIntercept URL: https://github.com/intel/opencl-intercept-layer
CLIntercept git description: v3.0.6
CLIntercept git refspec: 
CLIntercept git hash: 1c86da258a3de21c88abb8d81953febcef50991f
CLIntercept optional features:
    cliloader(supported)
    cliprof(supported)
    kernel overrides(supported)
    ITT tracing(NOT supported)
    MDAPI(supported)
    Demangling(NOT supported)
    clock(steady_clock)
CLIntercept environment variable prefix: CLI_
CLIntercept registry key: SOFTWARE\INTEL\IGFX\CLINTERCEPT
Trying to load dispatch from: real_opencl.dll
Couldn't get exported function pointer to: clGetGLContextInfoKHR
... success!
Control ReportToStderr is set to non-default value: true
Control DevicePerformanceTiming is set to non-default value: true
Timer Started!
... loading complete.
Total Enqueues: 0

=== PA Benchmark ===
NH=16 NKV=2 HD=256
Mode=prefill S_q=8192 S_kv=0 blocks=512 kv_type=i8 impl=ocl iters=25 warmup=5 bufs=2
KV cache key type=i8 shape=[?,2,256,20]
KV cache val type=i8 shape=[?,2,16,260]
Resolved KC shape: [512,2,256,20]
Median_ms: 45.2681
Min_ms: 44.4232
Avg_ms: 46.3083
GFLOPS: 12442.5
BW_GBs: 3.52378
AI: 3531
TotalFLOPs: 5.63246e+11
TotalBytes: 1.59515e+08
Total Enqueues: 345


Device Performance Timing Results for Intel(R) Arc(TM) B390 GPU (96CUs, 2400MHz):

Total Time (ns): 1365794197

                                   Function Name,  Calls,     Time (ns), Time (%),  Average (ns),      Min (ns),      Max (ns)
                      clEnqueueMemFillINTEL( H ),      1,       1055520,    0.08%,       1055520,       1055520,       1055520
                    clEnqueueMemcpyINTEL( HtoH ),     14,      38444420,    2.81%,       2746030,       2711770,       2806770
                    clEnqueueMemcpyINTEL( MtoD ),    210,     136318486,    9.98%,        649135,          1041,       3505104
                    clEnqueueMemcpyINTEL( MtoH ),     60,         98505,    0.01%,          1641,           989,          3333
pa_kv_cache_update_ref__15856477779756318941__sa,     30,       8349884,    0.61%,        278329,        217187,        423125
    sdpa_micro__prefill_15856477779756318941__sa,     30,    1181527382,   86.51%,      39384246,      38797500,      41477500
CLIntercept is shutting down...
... shutdown complete.
