-=-=-=-=-=-=-=-=-=-=-=-=-=-=-=-=-=-=-=-=-=-=-=-=-=-=-=-=-=-=-=-=
CLIntercept (64-bit) is loading...
CLIntercept file location: C:\Users\Local_Admin\Downloads\clintercept-3.0.6-win64\Release\opencl.dll
CLIntercept URL: https://github.com/intel/opencl-intercept-layer
CLIntercept git description: v3.0.6
CLIntercept git refspec: 
CLIntercept git hash: 1c86da258a3de21c88abb8d81953febcef50991f
CLIntercept optional features:
    cliloader(supported)
    cliprof(supported)
    kernel overrides(supported)
    ITT tracing(NOT supported)
    MDAPI(supported)
    Demangling(NOT supported)
    clock(steady_clock)
CLIntercept environment variable prefix: CLI_
CLIntercept registry key: SOFTWARE\INTEL\IGFX\CLINTERCEPT
Trying to load dispatch from: real_opencl.dll
Couldn't get exported function pointer to: clGetGLContextInfoKHR
... success!
Control ReportToStderr is set to non-default value: true
Control DevicePerformanceTiming is set to non-default value: true
Timer Started!
... loading complete.
Total Enqueues: 0

=== PA Benchmark ===
NH=16 NKV=2 HD=256
Mode=prefill S_q=4096 S_kv=0 blocks=256 kv_type=i8 impl=ocl iters=25 warmup=5 bufs=4
KV cache key type=i8 shape=[?,2,256,20]
KV cache val type=i8 shape=[?,2,16,260]
Resolved KC shape: [256,2,256,20]
Median_ms: 12.8288
Min_ms: 12.0322
Avg_ms: 12.8375
GFLOPS: 10977.5
BW_GBs: 6.21705
AI: 1765.72
TotalFLOPs: 1.40829e+11
TotalBytes: 7.97573e+07
Total Enqueues: 352


Device Performance Timing Results for Intel(R) Arc(TM) B390 GPU (96CUs, 2400MHz):

Total Time (ns): 369242279

                                   Function Name,  Calls,     Time (ns), Time (%),  Average (ns),      Min (ns),      Max (ns)
                      clEnqueueMemFillINTEL( H ),      1,        391875,    0.11%,        391875,        391875,        391875
                    clEnqueueMemcpyINTEL( HtoH ),     21,      18775246,    5.08%,        894059,        756875,       1347447
                    clEnqueueMemcpyINTEL( MtoD ),    210,      63939895,   17.32%,        304475,          1093,       1762916
                    clEnqueueMemcpyINTEL( MtoH ),     60,         88722,    0.02%,          1478,           989,          3125
pa_kv_cache_update_ref__15856477779756318941__sa,     30,       3721969,    1.01%,        124065,         90520,        210000
    sdpa_micro__prefill_15856477779756318941__sa,     30,     282324572,   76.46%,       9410819,       9131145,      10175833
CLIntercept is shutting down...
... shutdown complete.
