-=-=-=-=-=-=-=-=-=-=-=-=-=-=-=-=-=-=-=-=-=-=-=-=-=-=-=-=-=-=-=-=
CLIntercept (64-bit) is loading...
CLIntercept file location: C:\Users\Local_Admin\Downloads\clintercept-3.0.6-win64\Release\opencl.dll
CLIntercept URL: https://github.com/intel/opencl-intercept-layer
CLIntercept git description: v3.0.6
CLIntercept git refspec: 
CLIntercept git hash: 1c86da258a3de21c88abb8d81953febcef50991f
CLIntercept optional features:
    cliloader(supported)
    cliprof(supported)
    kernel overrides(supported)
    ITT tracing(NOT supported)
    MDAPI(supported)
    Demangling(NOT supported)
    clock(steady_clock)
CLIntercept environment variable prefix: CLI_
CLIntercept registry key: SOFTWARE\INTEL\IGFX\CLINTERCEPT
Trying to load dispatch from: real_opencl.dll
Couldn't get exported function pointer to: clGetGLContextInfoKHR
... success!
Control ReportToStderr is set to non-default value: true
Control DevicePerformanceTiming is set to non-default value: true
Timer Started!
... loading complete.
Total Enqueues: 0

=== FC Benchmark (precision=u4) ===
M=16384 K=12288 N=4096 group_size=128 iters=20 warmup=5 bufs=4 flush_mb=64
Dynamic quantization: ON (group_size=128)
Input tensors allocated in USM_DEVICE (VRAM) via RemoteContext.
L2/L3 flush kernel: 64 MB f16 Relu between every FC infer.
Median_ms: 27.532
Min_ms: 26.6353
Avg_ms: 27.5283
GFLOPS: 59903.7
BW_GBs: 20.4425
AI: 2930.35
WeightBytes: 2.51658e+07
TotalBytes: 5.62823e+08
TotalFLOPs: 1.64927e+12
Total Enqueues: 110


Device Performance Timing Results for Intel(R) Arc(TM) B390 GPU (96CUs, 2400MHz):

Total Time (ns): 743121113

                                    Function Name,  Calls,     Time (ns), Time (%),  Average (ns),      Min (ns),      Max (ns)
            activation_opt_477147924471330069_0_0,     26,      33237073,    4.47%,       1278348,       1235000,       1741875
                       clEnqueueMemFillINTEL( D ),      3,        937082,    0.13%,        312360,         23333,        882708
                       clEnqueueMemFillINTEL( H ),      5,      11363019,    1.53%,       2272603,         17708,       6797708
dynamic_quantize_gpu_opt_16645223670519329404_0_0,     25,     134468531,   18.10%,       5378741,       4213854,       7857708
                                      gemm_kernel,     25,     563015721,   75.76%,      22520628,      22352916,      23035937
             reorder_data_8263849492271753524_0_0,      1,         99687,    0.01%,         99687,         99687,         99687
CLIntercept is shutting down...
... shutdown complete.
