-=-=-=-=-=-=-=-=-=-=-=-=-=-=-=-=-=-=-=-=-=-=-=-=-=-=-=-=-=-=-=-=
CLIntercept (64-bit) is loading...
CLIntercept file location: C:\Users\Local_Admin\Downloads\clintercept-3.0.6-win64\Release\opencl.dll
CLIntercept URL: https://github.com/intel/opencl-intercept-layer
CLIntercept git description: v3.0.6
CLIntercept git refspec: 
CLIntercept git hash: 1c86da258a3de21c88abb8d81953febcef50991f
CLIntercept optional features:
    cliloader(supported)
    cliprof(supported)
    kernel overrides(supported)
    ITT tracing(NOT supported)
    MDAPI(supported)
    Demangling(NOT supported)
    clock(steady_clock)
CLIntercept environment variable prefix: CLI_
CLIntercept registry key: SOFTWARE\INTEL\IGFX\CLINTERCEPT
Trying to load dispatch from: real_opencl.dll
Couldn't get exported function pointer to: clGetGLContextInfoKHR
... success!
Control ReportToStderr is set to non-default value: true
Control DevicePerformanceTiming is set to non-default value: true
Timer Started!
... loading complete.
Total Enqueues: 0

=== FC Benchmark (precision=u4) ===
M=32768 K=12288 N=4096 group_size=128 iters=20 warmup=5 bufs=4 flush_mb=64
Dynamic quantization: ON (group_size=128)
Input tensors allocated in USM_DEVICE (VRAM) via RemoteContext.
L2/L3 flush kernel: 64 MB f16 Relu between every FC infer.
Median_ms: 58.5504
Min_ms: 54.8738
Avg_ms: 62.0026
GFLOPS: 56336.7
BW_GBs: 18.782
AI: 2999.5
WeightBytes: 2.51658e+07
TotalBytes: 1.09969e+09
TotalFLOPs: 3.29853e+12
Total Enqueues: 110


Device Performance Timing Results for Intel(R) Arc(TM) B390 GPU (96CUs, 2400MHz):

Total Time (ns): 1579736523

                                    Function Name,  Calls,     Time (ns), Time (%),  Average (ns),      Min (ns),      Max (ns)
            activation_opt_477147924471330069_0_0,     26,      35022592,    2.22%,       1347022,       1235416,       2111145
                       clEnqueueMemFillINTEL( D ),      3,       1966665,    0.12%,        655555,         39062,       1871562
                       clEnqueueMemFillINTEL( H ),      5,      19707810,    1.25%,       3941562,         21666,      11626979
dynamic_quantize_gpu_opt_16921033861136717072_0_0,     25,     272493009,   17.25%,      10899720,       9988645,      12997812
                                      gemm_kernel,     25,    1250448114,   79.16%,      50017924,      44755104,      65878020
             reorder_data_8263849492271753524_0_0,      1,         98333,    0.01%,         98333,         98333,         98333
CLIntercept is shutting down...
... shutdown complete.
