-=-=-=-=-=-=-=-=-=-=-=-=-=-=-=-=-=-=-=-=-=-=-=-=-=-=-=-=-=-=-=-=
CLIntercept (64-bit) is loading...
CLIntercept file location: C:\Users\Local_Admin\Downloads\clintercept-3.0.6-win64\Release\opencl.dll
CLIntercept URL: https://github.com/intel/opencl-intercept-layer
CLIntercept git description: v3.0.6
CLIntercept git refspec: 
CLIntercept git hash: 1c86da258a3de21c88abb8d81953febcef50991f
CLIntercept optional features:
    cliloader(supported)
    cliprof(supported)
    kernel overrides(supported)
    ITT tracing(NOT supported)
    MDAPI(supported)
    Demangling(NOT supported)
    clock(steady_clock)
CLIntercept environment variable prefix: CLI_
CLIntercept registry key: SOFTWARE\INTEL\IGFX\CLINTERCEPT
Trying to load dispatch from: real_opencl.dll
Couldn't get exported function pointer to: clGetGLContextInfoKHR
... success!
Control ReportToStderr is set to non-default value: true
Control DevicePerformanceTiming is set to non-default value: true
Timer Started!
... loading complete.
Total Enqueues: 0

=== FC Benchmark (precision=u4) ===
M=1 K=4096 N=12288 group_size=128 iters=2500 warmup=150 bufs=8 flush_mb=64
Dynamic quantization: OFF (decode mode, group_size=0)
Input tensors allocated in USM_DEVICE (VRAM) via RemoteContext.
L2/L3 flush kernel: 64 MB f16 Relu between every FC infer.
Median_ms: 0.2913
Min_ms: 0.2834
Avg_ms: 0.300119
GFLOPS: 345.566
BW_GBs: 89.2037
AI: 3.8739
WeightBytes: 2.51658e+07
TotalBytes: 2.5985e+07
TotalFLOPs: 1.00663e+08
Total Enqueues: 7957


Device Performance Timing Results for Intel(R) Arc(TM) B390 GPU (96CUs, 2400MHz):

Total Time (ns): 3901583415

                        Function Name,  Calls,     Time (ns), Time (%),  Average (ns),      Min (ns),      Max (ns)
activation_opt_477147924471330069_0_0,   2651,    3224315348,   82.64%,       1216263,       1198958,       1757395
           clEnqueueMemFillINTEL( H ),      5,       2136458,    0.05%,        427291,          1354,       1062500
                          gemm_kernel,   2650,     675015984,   17.30%,        254723,        250312,        594375
 reorder_data_3982838151091069278_0_0,      1,        115625,    0.00%,        115625,        115625,        115625
CLIntercept is shutting down...
... shutdown complete.
