-=-=-=-=-=-=-=-=-=-=-=-=-=-=-=-=-=-=-=-=-=-=-=-=-=-=-=-=-=-=-=-=
CLIntercept (64-bit) is loading...
CLIntercept file location: C:\Users\Local_Admin\Downloads\clintercept-3.0.6-win64\Release\opencl.dll
CLIntercept URL: https://github.com/intel/opencl-intercept-layer
CLIntercept git description: v3.0.6
CLIntercept git refspec: 
CLIntercept git hash: 1c86da258a3de21c88abb8d81953febcef50991f
CLIntercept optional features:
    cliloader(supported)
    cliprof(supported)
    kernel overrides(supported)
    ITT tracing(NOT supported)
    MDAPI(supported)
    Demangling(NOT supported)
    clock(steady_clock)
CLIntercept environment variable prefix: CLI_
CLIntercept registry key: SOFTWARE\INTEL\IGFX\CLINTERCEPT
Trying to load dispatch from: real_opencl.dll
Couldn't get exported function pointer to: clGetGLContextInfoKHR
... success!
Control ReportToStderr is set to non-default value: true
Control DevicePerformanceTiming is set to non-default value: true
Timer Started!
... loading complete.
Total Enqueues: 0

=== FC Benchmark (precision=u4) ===
M=1024 K=4096 N=12288 group_size=128 iters=20 warmup=5 bufs=4 flush_mb=64
Dynamic quantization: ON (group_size=128)
Input tensors allocated in USM_DEVICE (VRAM) via RemoteContext.
L2/L3 flush kernel: 64 MB f16 Relu between every FC infer.
Median_ms: 1.7131
Min_ms: 1.6451
Avg_ms: 1.706
GFLOPS: 60171.2
BW_GBs: 34.7363
AI: 1732.23
WeightBytes: 2.51658e+07
TotalBytes: 5.95067e+07
TotalFLOPs: 1.03079e+11
Total Enqueues: 110


Device Performance Timing Results for Intel(R) Arc(TM) B390 GPU (96CUs, 2400MHz):

Total Time (ns): 75565377

                                   Function Name,  Calls,     Time (ns), Time (%),  Average (ns),      Min (ns),      Max (ns)
           activation_opt_477147924471330069_0_0,     26,      33116654,   43.83%,       1273717,       1210833,       1751354
                      clEnqueueMemFillINTEL( D ),      3,         37186,    0.05%,         12395,          2916,         28333
                      clEnqueueMemFillINTEL( H ),      5,       2438019,    3.23%,        487603,         16145,       1092083
dynamic_quantize_gpu_opt_4276305079436250453_0_0,     25,       2542281,    3.36%,        101691,         86458,        209479
                                     gemm_kernel,     25,      37311654,   49.38%,       1492466,       1410208,       1546145
            reorder_data_3982838151091069278_0_0,      1,        119583,    0.16%,        119583,        119583,        119583
CLIntercept is shutting down...
... shutdown complete.
