-=-=-=-=-=-=-=-=-=-=-=-=-=-=-=-=-=-=-=-=-=-=-=-=-=-=-=-=-=-=-=-=
CLIntercept (64-bit) is loading...
CLIntercept file location: C:\Users\Local_Admin\Downloads\clintercept-3.0.6-win64\Release\opencl.dll
CLIntercept URL: https://github.com/intel/opencl-intercept-layer
CLIntercept git description: v3.0.6
CLIntercept git refspec: 
CLIntercept git hash: 1c86da258a3de21c88abb8d81953febcef50991f
CLIntercept optional features:
    cliloader(supported)
    cliprof(supported)
    kernel overrides(supported)
    ITT tracing(NOT supported)
    MDAPI(supported)
    Demangling(NOT supported)
    clock(steady_clock)
CLIntercept environment variable prefix: CLI_
CLIntercept registry key: SOFTWARE\INTEL\IGFX\CLINTERCEPT
Trying to load dispatch from: real_opencl.dll
Couldn't get exported function pointer to: clGetGLContextInfoKHR
... success!
Control ReportToStderr is set to non-default value: true
Control DevicePerformanceTiming is set to non-default value: true
Timer Started!
... loading complete.
Total Enqueues: 0

=== FC Benchmark (precision=u4) ===
M=16384 K=4096 N=4096 group_size=128 iters=20 warmup=5 bufs=4 flush_mb=64
Dynamic quantization: ON (group_size=128)
Input tensors allocated in USM_DEVICE (VRAM) via RemoteContext.
L2/L3 flush kernel: 64 MB f16 Relu between every FC infer.
Median_ms: 9.2338
Min_ms: 8.9598
Avg_ms: 9.62305
GFLOPS: 59537.3
BW_GBs: 30.0078
AI: 1984.06
WeightBytes: 8.38861e+06
TotalBytes: 2.77086e+08
TotalFLOPs: 5.49756e+11
Total Enqueues: 110


Device Performance Timing Results for Intel(R) Arc(TM) B390 GPU (96CUs, 2400MHz):

Total Time (ns): 282135903

                                   Function Name,  Calls,     Time (ns), Time (%),  Average (ns),      Min (ns),      Max (ns)
           activation_opt_477147924471330069_0_0,     26,      36122386,   12.80%,       1389322,       1226250,       2061250
                      clEnqueueMemFillINTEL( D ),      3,        315520,    0.11%,        105173,         11875,        287395
                      clEnqueueMemFillINTEL( H ),      5,       6957706,    2.47%,       1391541,         11875,       2412187
dynamic_quantize_gpu_opt_5790446330686255747_0_0,     25,      51259781,   18.17%,       2050391,       1415104,       3295729
                                     gemm_kernel,     25,     187437385,   66.44%,       7497495,       7154270,       8716770
            reorder_data_8022986047467355601_0_0,      1,         43125,    0.02%,         43125,         43125,         43125
CLIntercept is shutting down...
... shutdown complete.
