-=-=-=-=-=-=-=-=-=-=-=-=-=-=-=-=-=-=-=-=-=-=-=-=-=-=-=-=-=-=-=-=
CLIntercept (64-bit) is loading...
CLIntercept file location: C:\Users\Local_Admin\Downloads\clintercept-3.0.6-win64\Release\opencl.dll
CLIntercept URL: https://github.com/intel/opencl-intercept-layer
CLIntercept git description: v3.0.6
CLIntercept git refspec: 
CLIntercept git hash: 1c86da258a3de21c88abb8d81953febcef50991f
CLIntercept optional features:
    cliloader(supported)
    cliprof(supported)
    kernel overrides(supported)
    ITT tracing(NOT supported)
    MDAPI(supported)
    Demangling(NOT supported)
    clock(steady_clock)
CLIntercept environment variable prefix: CLI_
CLIntercept registry key: SOFTWARE\INTEL\IGFX\CLINTERCEPT
Trying to load dispatch from: real_opencl.dll
Couldn't get exported function pointer to: clGetGLContextInfoKHR
... success!
Control ReportToStderr is set to non-default value: true
Control DevicePerformanceTiming is set to non-default value: true
Timer Started!
... loading complete.
Total Enqueues: 0

=== FC Benchmark (precision=u4) ===
M=8192 K=4096 N=4096 group_size=128 iters=20 warmup=5 bufs=4 flush_mb=64
Dynamic quantization: ON (group_size=128)
Input tensors allocated in USM_DEVICE (VRAM) via RemoteContext.
L2/L3 flush kernel: 64 MB f16 Relu between every FC infer.
Median_ms: 4.6748
Min_ms: 4.462
Avg_ms: 4.87482
GFLOPS: 58799.9
BW_GBs: 30.5614
AI: 1923.99
WeightBytes: 8.38861e+06
TotalBytes: 1.42868e+08
TotalFLOPs: 2.74878e+11
Total Enqueues: 110


Device Performance Timing Results for Intel(R) Arc(TM) B390 GPU (96CUs, 2400MHz):

Total Time (ns): 158790487

                                   Function Name,  Calls,     Time (ns), Time (%),  Average (ns),      Min (ns),      Max (ns)
           activation_opt_477147924471330069_0_0,     26,      36344157,   22.89%,       1397852,       1223750,       2151666
                      clEnqueueMemFillINTEL( D ),      3,        155311,    0.10%,         51770,          8437,        137708
                      clEnqueueMemFillINTEL( H ),      5,       4249999,    2.68%,        849999,          8333,       1072291
dynamic_quantize_gpu_opt_1534384422443530166_0_0,     25,      22393425,   14.10%,        895737,        705208,       1641666
                                     gemm_kernel,     25,      95603429,   60.21%,       3824137,       3556562,       4930104
            reorder_data_8022986047467355601_0_0,      1,         44166,    0.03%,         44166,         44166,         44166
CLIntercept is shutting down...
... shutdown complete.
