-=-=-=-=-=-=-=-=-=-=-=-=-=-=-=-=-=-=-=-=-=-=-=-=-=-=-=-=-=-=-=-=
CLIntercept (64-bit) is loading...
CLIntercept file location: C:\Users\Local_Admin\Downloads\clintercept-3.0.6-win64\Release\opencl.dll
CLIntercept URL: https://github.com/intel/opencl-intercept-layer
CLIntercept git description: v3.0.6
CLIntercept git refspec: 
CLIntercept git hash: 1c86da258a3de21c88abb8d81953febcef50991f
CLIntercept optional features:
    cliloader(supported)
    cliprof(supported)
    kernel overrides(supported)
    ITT tracing(NOT supported)
    MDAPI(supported)
    Demangling(NOT supported)
    clock(steady_clock)
CLIntercept environment variable prefix: CLI_
CLIntercept registry key: SOFTWARE\INTEL\IGFX\CLINTERCEPT
Trying to load dispatch from: real_opencl.dll
Couldn't get exported function pointer to: clGetGLContextInfoKHR
... success!
Control ReportToStderr is set to non-default value: true
Control DevicePerformanceTiming is set to non-default value: true
Timer Started!
... loading complete.
Total Enqueues: 0

=== FC Benchmark (precision=u4) ===
M=32768 K=4096 N=6144 group_size=128 iters=20 warmup=5 bufs=4 flush_mb=64
Dynamic quantization: ON (group_size=128)
Input tensors allocated in USM_DEVICE (VRAM) via RemoteContext.
L2/L3 flush kernel: 64 MB f16 Relu between every FC infer.
Median_ms: 24.8571
Min_ms: 24.6821
Avg_ms: 25.0742
GFLOPS: 66350
BW_GBs: 27.5199
AI: 2410.98
WeightBytes: 1.25829e+07
TotalBytes: 6.84065e+08
TotalFLOPs: 1.64927e+12
Total Enqueues: 110


Device Performance Timing Results for Intel(R) Arc(TM) B390 GPU (96CUs, 2400MHz):

Total Time (ns): 680182564

                                   Function Name,  Calls,     Time (ns), Time (%),  Average (ns),      Min (ns),      Max (ns)
           activation_opt_477147924471330069_0_0,     26,      33401967,    4.91%,       1284691,       1225520,       1739479
                      clEnqueueMemFillINTEL( D ),      3,        605832,    0.09%,        201944,         19687,        558229
                      clEnqueueMemFillINTEL( H ),      5,      11608851,    1.71%,       2321770,         15312,       6906145
dynamic_quantize_gpu_opt_7387113980111986926_0_0,     25,      94156342,   13.84%,       3766253,       2864062,       6322812
                                     gemm_kernel,     25,     540344885,   79.44%,      21613795,      21300729,      24845000
           reorder_data_12503675069433754659_0_0,      1,         64687,    0.01%,         64687,         64687,         64687
CLIntercept is shutting down...
... shutdown complete.
