-=-=-=-=-=-=-=-=-=-=-=-=-=-=-=-=-=-=-=-=-=-=-=-=-=-=-=-=-=-=-=-=
CLIntercept (64-bit) is loading...
CLIntercept file location: C:\Users\Local_Admin\Downloads\clintercept-3.0.6-win64\Release\opencl.dll
CLIntercept URL: https://github.com/intel/opencl-intercept-layer
CLIntercept git description: v3.0.6
CLIntercept git refspec: 
CLIntercept git hash: 1c86da258a3de21c88abb8d81953febcef50991f
CLIntercept optional features:
    cliloader(supported)
    cliprof(supported)
    kernel overrides(supported)
    ITT tracing(NOT supported)
    MDAPI(supported)
    Demangling(NOT supported)
    clock(steady_clock)
CLIntercept environment variable prefix: CLI_
CLIntercept registry key: SOFTWARE\INTEL\IGFX\CLINTERCEPT
Trying to load dispatch from: real_opencl.dll
Couldn't get exported function pointer to: clGetGLContextInfoKHR
... success!
Control ReportToStderr is set to non-default value: true
Control DevicePerformanceTiming is set to non-default value: true
Timer Started!
... loading complete.
Total Enqueues: 0

=== FC Benchmark (precision=u4) ===
M=8192 K=4096 N=12288 group_size=128 iters=20 warmup=5 bufs=4 flush_mb=64
Dynamic quantization: ON (group_size=128)
Input tensors allocated in USM_DEVICE (VRAM) via RemoteContext.
L2/L3 flush kernel: 64 MB f16 Relu between every FC infer.
Median_ms: 11.6425
Min_ms: 11.416
Avg_ms: 11.6553
GFLOPS: 70829.6
BW_GBs: 25.2856
AI: 2801.18
WeightBytes: 2.51658e+07
TotalBytes: 2.94388e+08
TotalFLOPs: 8.24634e+11
Total Enqueues: 110


Device Performance Timing Results for Intel(R) Arc(TM) B390 GPU (96CUs, 2400MHz):

Total Time (ns): 329097051

                                   Function Name,  Calls,     Time (ns), Time (%),  Average (ns),      Min (ns),      Max (ns)
           activation_opt_477147924471330069_0_0,     26,      32955511,   10.01%,       1267519,       1224479,       1734062
                      clEnqueueMemFillINTEL( D ),      3,        152499,    0.05%,         50833,          8854,        134583
                      clEnqueueMemFillINTEL( H ),      5,       6954374,    2.11%,       1390874,         18750,       3755729
dynamic_quantize_gpu_opt_1534384422443530166_0_0,     25,      20454782,    6.22%,        818191,        698958,       1615520
                                     gemm_kernel,     25,     268465927,   81.58%,      10738637,      10551041,      11225312
            reorder_data_3982838151091069278_0_0,      1,        113958,    0.03%,        113958,        113958,        113958
CLIntercept is shutting down...
... shutdown complete.
