-=-=-=-=-=-=-=-=-=-=-=-=-=-=-=-=-=-=-=-=-=-=-=-=-=-=-=-=-=-=-=-=
CLIntercept (64-bit) is loading...
CLIntercept file location: C:\Users\Local_Admin\Downloads\clintercept-3.0.6-win64\Release\opencl.dll
CLIntercept URL: https://github.com/intel/opencl-intercept-layer
CLIntercept git description: v3.0.6
CLIntercept git refspec: 
CLIntercept git hash: 1c86da258a3de21c88abb8d81953febcef50991f
CLIntercept optional features:
    cliloader(supported)
    cliprof(supported)
    kernel overrides(supported)
    ITT tracing(NOT supported)
    MDAPI(supported)
    Demangling(NOT supported)
    clock(steady_clock)
CLIntercept environment variable prefix: CLI_
CLIntercept registry key: SOFTWARE\INTEL\IGFX\CLINTERCEPT
Trying to load dispatch from: real_opencl.dll
Couldn't get exported function pointer to: clGetGLContextInfoKHR
... success!
Control ReportToStderr is set to non-default value: true
Control DevicePerformanceTiming is set to non-default value: true
Timer Started!
... loading complete.
Total Enqueues: 0

=== FC Benchmark (precision=u4) ===
M=65536 K=2112 N=2816 group_size=64 iters=2 warmup=1 bufs=1 flush_mb=64
Dynamic quantization: ON (group_size=64)
Input tensors allocated in USM_DEVICE (VRAM) via RemoteContext.
L2/L3 flush kernel: 64 MB f16 Relu between every FC infer.
Median_ms: 25.1771
Min_ms: 25.1041
Avg_ms: 25.1406
GFLOPS: 30962.1
BW_GBs: 25.7807
AI: 1200.98
WeightBytes: 2.9737e+06
TotalBytes: 6.49082e+08
TotalFLOPs: 7.79537e+11
Total Enqueues: 22


Device Performance Timing Results for Intel(R) Arc(TM) B390 GPU (96CUs, 2400MHz):

Total Time (ns): 97841867

                                   Function Name,  Calls,     Time (ns), Time (%),  Average (ns),      Min (ns),      Max (ns)
           activation_opt_477147924471330069_0_0,      4,       5878436,    6.01%,       1469609,       1241250,       1739166
                      clEnqueueMemFillINTEL( D ),      3,        649061,    0.66%,        216353,         28750,        579895
                      clEnqueueMemFillINTEL( H ),      5,      13812289,   14.12%,       2762457,         11562,       6391770
dynamic_quantize_gpu_opt_2772236439966086137_0_0,      3,      30782707,   31.46%,      10260902,       9216875,      12191562
                                     gemm_kernel,      3,      46704374,   47.73%,      15568124,      15356354,      15727812
           reorder_data_17825366539397646563_0_0,      1,         15000,    0.02%,         15000,         15000,         15000
CLIntercept is shutting down...
... shutdown complete.
