-=-=-=-=-=-=-=-=-=-=-=-=-=-=-=-=-=-=-=-=-=-=-=-=-=-=-=-=-=-=-=-=
CLIntercept (64-bit) is loading...
CLIntercept file location: C:\Users\Local_Admin\Downloads\clintercept-3.0.6-win64\Release\opencl.dll
CLIntercept URL: https://github.com/intel/opencl-intercept-layer
CLIntercept git description: v3.0.6
CLIntercept git refspec: 
CLIntercept git hash: 1c86da258a3de21c88abb8d81953febcef50991f
CLIntercept optional features:
    cliloader(supported)
    cliprof(supported)
    kernel overrides(supported)
    ITT tracing(NOT supported)
    MDAPI(supported)
    Demangling(NOT supported)
    clock(steady_clock)
CLIntercept environment variable prefix: CLI_
CLIntercept registry key: SOFTWARE\INTEL\IGFX\CLINTERCEPT
Trying to load dispatch from: real_opencl.dll
Couldn't get exported function pointer to: clGetGLContextInfoKHR
... success!
Control ReportToStderr is set to non-default value: true
Control DevicePerformanceTiming is set to non-default value: true
Timer Started!
... loading complete.
Total Enqueues: 0

=== FC Benchmark (precision=u4) ===
M=131072 K=2816 N=2112 group_size=128 iters=2 warmup=1 bufs=1 flush_mb=64
Dynamic quantization: ON (group_size=128)
Input tensors allocated in USM_DEVICE (VRAM) via RemoteContext.
L2/L3 flush kernel: 64 MB f16 Relu between every FC infer.
Median_ms: 36.6704
Min_ms: 36.3936
Avg_ms: 36.532
GFLOPS: 42515.8
BW_GBs: 35.3122
AI: 1204
WeightBytes: 2.9737e+06
TotalBytes: 1.29491e+09
TotalFLOPs: 1.55907e+12
Total Enqueues: 22


Device Performance Timing Results for Intel(R) Arc(TM) B390 GPU (96CUs, 2400MHz):

Total Time (ns): 139466139

                                    Function Name,  Calls,     Time (ns), Time (%),  Average (ns),      Min (ns),      Max (ns)
            activation_opt_477147924471330069_0_0,      4,       6410623,    4.60%,       1602655,       1518854,       1742291
                       clEnqueueMemFillINTEL( D ),      3,       1712291,    1.23%,        570763,         30729,       1631458
                       clEnqueueMemFillINTEL( H ),      5,      20682707,   14.83%,       4136541,          8750,      10071354
dynamic_quantize_gpu_opt_14206501439705432706_0_0,      3,      34603332,   24.81%,      11534444,      10655312,      13108333
                                      gemm_kernel,      3,      76045728,   54.53%,      25348576,      25037604,      25539895
            reorder_data_14956997026156149341_0_0,      1,         11458,    0.01%,         11458,         11458,         11458
CLIntercept is shutting down...
... shutdown complete.
