-=-=-=-=-=-=-=-=-=-=-=-=-=-=-=-=-=-=-=-=-=-=-=-=-=-=-=-=-=-=-=-=
CLIntercept (64-bit) is loading...
CLIntercept file location: C:\Users\Local_Admin\Downloads\clintercept-3.0.6-win64\Release\opencl.dll
CLIntercept URL: https://github.com/intel/opencl-intercept-layer
CLIntercept git description: v3.0.6
CLIntercept git refspec: 
CLIntercept git hash: 1c86da258a3de21c88abb8d81953febcef50991f
CLIntercept optional features:
    cliloader(supported)
    cliprof(supported)
    kernel overrides(supported)
    ITT tracing(NOT supported)
    MDAPI(supported)
    Demangling(NOT supported)
    clock(steady_clock)
CLIntercept environment variable prefix: CLI_
CLIntercept registry key: SOFTWARE\INTEL\IGFX\CLINTERCEPT
Trying to load dispatch from: real_opencl.dll
Couldn't get exported function pointer to: clGetGLContextInfoKHR
... success!
Control ReportToStderr is set to non-default value: true
Control DevicePerformanceTiming is set to non-default value: true
Timer Started!
... loading complete.
Total Enqueues: 0

=== FC Benchmark (precision=u4) ===
M=8192 K=2816 N=2112 group_size=128 iters=10 warmup=3 bufs=2 flush_mb=64
Dynamic quantization: ON (group_size=128)
Input tensors allocated in USM_DEVICE (VRAM) via RemoteContext.
L2/L3 flush kernel: 64 MB f16 Relu between every FC infer.
Median_ms: 2.183
Min_ms: 2.0521
Avg_ms: 2.16104
GFLOPS: 44636.8
BW_GBs: 38.3907
AI: 1162.7
WeightBytes: 2.9737e+06
TotalBytes: 8.3807e+07
TotalFLOPs: 9.74421e+10
Total Enqueues: 62


Device Performance Timing Results for Intel(R) Arc(TM) B390 GPU (96CUs, 2400MHz):

Total Time (ns): 48944358

                                   Function Name,  Calls,     Time (ns), Time (%),  Average (ns),      Min (ns),      Max (ns)
           activation_opt_477147924471330069_0_0,     14,      18644473,   38.09%,       1331748,       1210104,       1756145
                      clEnqueueMemFillINTEL( D ),      3,        112916,    0.23%,         37638,          6875,         96354
                      clEnqueueMemFillINTEL( H ),      5,       3159582,    6.46%,        631916,          9375,       1061562
dynamic_quantize_gpu_opt_7091185079660280368_0_0,     13,       8009891,   16.37%,        616145,        492708,       1181875
                                     gemm_kernel,     13,      19005934,   38.83%,       1461994,       1398333,       1587187
           reorder_data_14956997026156149341_0_0,      1,         11562,    0.02%,         11562,         11562,         11562
CLIntercept is shutting down...
... shutdown complete.
