-=-=-=-=-=-=-=-=-=-=-=-=-=-=-=-=-=-=-=-=-=-=-=-=-=-=-=-=-=-=-=-=
CLIntercept (64-bit) is loading...
CLIntercept file location: C:\Users\Local_Admin\Downloads\clintercept-3.0.6-win64\Release\opencl.dll
CLIntercept URL: https://github.com/intel/opencl-intercept-layer
CLIntercept git description: v3.0.6
CLIntercept git refspec: 
CLIntercept git hash: 1c86da258a3de21c88abb8d81953febcef50991f
CLIntercept optional features:
    cliloader(supported)
    cliprof(supported)
    kernel overrides(supported)
    ITT tracing(NOT supported)
    MDAPI(supported)
    Demangling(NOT supported)
    clock(steady_clock)
CLIntercept environment variable prefix: CLI_
CLIntercept registry key: SOFTWARE\INTEL\IGFX\CLINTERCEPT
Trying to load dispatch from: real_opencl.dll
Couldn't get exported function pointer to: clGetGLContextInfoKHR
... success!
Control ReportToStderr is set to non-default value: true
Control DevicePerformanceTiming is set to non-default value: true
Timer Started!
... loading complete.
Total Enqueues: 0

=== FC Benchmark (precision=u4) ===
M=1024 K=8192 N=2816 group_size=128 iters=20 warmup=5 bufs=4 flush_mb=64
Dynamic quantization: ON (group_size=128)
Input tensors allocated in USM_DEVICE (VRAM) via RemoteContext.
L2/L3 flush kernel: 64 MB f16 Relu between every FC infer.
Median_ms: 0.8743
Min_ms: 0.8529
Avg_ms: 0.87739
GFLOPS: 54037.1
BW_GBs: 39.3906
AI: 1371.83
WeightBytes: 1.15343e+07
TotalBytes: 3.44392e+07
TotalFLOPs: 4.72446e+10
Total Enqueues: 110


Device Performance Timing Results for Intel(R) Arc(TM) B390 GPU (96CUs, 2400MHz):

Total Time (ns): 60193818

                                   Function Name,  Calls,     Time (ns), Time (%),  Average (ns),      Min (ns),      Max (ns)
           activation_opt_477147924471330069_0_0,     26,      35828010,   59.52%,       1378000,       1199270,       2701979
                      clEnqueueMemFillINTEL( D ),      3,         51665,    0.09%,         17221,          4791,         38020
                      clEnqueueMemFillINTEL( H ),      5,       2288331,    3.80%,        457666,          9166,       1066250
dynamic_quantize_gpu_opt_8283901291740773379_0_0,     25,       5592594,    9.29%,        223703,        167604,        412604
                                     gemm_kernel,     25,      16384989,   27.22%,        655399,        609166,        802395
           reorder_data_14735818225712280195_0_0,      1,         48229,    0.08%,         48229,         48229,         48229
CLIntercept is shutting down...
... shutdown complete.
