-=-=-=-=-=-=-=-=-=-=-=-=-=-=-=-=-=-=-=-=-=-=-=-=-=-=-=-=-=-=-=-=
CLIntercept (64-bit) is loading...
CLIntercept file location: C:\Users\Local_Admin\Downloads\clintercept-3.0.6-win64\Release\opencl.dll
CLIntercept URL: https://github.com/intel/opencl-intercept-layer
CLIntercept git description: v3.0.6
CLIntercept git refspec: 
CLIntercept git hash: 1c86da258a3de21c88abb8d81953febcef50991f
CLIntercept optional features:
    cliloader(supported)
    cliprof(supported)
    kernel overrides(supported)
    ITT tracing(NOT supported)
    MDAPI(supported)
    Demangling(NOT supported)
    clock(steady_clock)
CLIntercept environment variable prefix: CLI_
CLIntercept registry key: SOFTWARE\INTEL\IGFX\CLINTERCEPT
Trying to load dispatch from: real_opencl.dll
Couldn't get exported function pointer to: clGetGLContextInfoKHR
... success!
Control ReportToStderr is set to non-default value: true
Control DevicePerformanceTiming is set to non-default value: true
Timer Started!
... loading complete.
Total Enqueues: 0

=== FC Benchmark (precision=u4) ===
M=4096 K=8192 N=2816 group_size=128 iters=15 warmup=5 bufs=2 flush_mb=64
Dynamic quantization: ON (group_size=128)
Input tensors allocated in USM_DEVICE (VRAM) via RemoteContext.
L2/L3 flush kernel: 64 MB f16 Relu between every FC infer.
Median_ms: 3.1578
Min_ms: 3.1097
Avg_ms: 3.15257
GFLOPS: 59845
BW_GBs: 32.3239
AI: 1851.42
WeightBytes: 1.15343e+07
TotalBytes: 1.02072e+08
TotalFLOPs: 1.88979e+11
Total Enqueues: 90


Device Performance Timing Results for Intel(R) Arc(TM) B390 GPU (96CUs, 2400MHz):

Total Time (ns): 93749557

                                   Function Name,  Calls,     Time (ns), Time (%),  Average (ns),      Min (ns),      Max (ns)
           activation_opt_477147924471330069_0_0,     21,      26969994,   28.77%,       1284285,       1216354,       1737083
                      clEnqueueMemFillINTEL( D ),      3,        152187,    0.16%,         50729,          8958,        133750
                      clEnqueueMemFillINTEL( H ),      5,       3398644,    3.63%,        679728,         11562,       1070625
dynamic_quantize_gpu_opt_7233944374504310859_0_0,     20,      15256971,   16.27%,        762848,        680520,       1624687
                                     gemm_kernel,     20,      47924157,   51.12%,       2396207,       2339062,       2707812
           reorder_data_14735818225712280195_0_0,      1,         47604,    0.05%,         47604,         47604,         47604
CLIntercept is shutting down...
... shutdown complete.
