-=-=-=-=-=-=-=-=-=-=-=-=-=-=-=-=-=-=-=-=-=-=-=-=-=-=-=-=-=-=-=-=
CLIntercept (64-bit) is loading...
CLIntercept file location: C:\Users\Local_Admin\Downloads\clintercept-3.0.6-win64\Release\opencl.dll
CLIntercept URL: https://github.com/intel/opencl-intercept-layer
CLIntercept git description: v3.0.6
CLIntercept git refspec: 
CLIntercept git hash: 1c86da258a3de21c88abb8d81953febcef50991f
CLIntercept optional features:
    cliloader(supported)
    cliprof(supported)
    kernel overrides(supported)
    ITT tracing(NOT supported)
    MDAPI(supported)
    Demangling(NOT supported)
    clock(steady_clock)
CLIntercept environment variable prefix: CLI_
CLIntercept registry key: SOFTWARE\INTEL\IGFX\CLINTERCEPT
Trying to load dispatch from: real_opencl.dll
Couldn't get exported function pointer to: clGetGLContextInfoKHR
... success!
Control ReportToStderr is set to non-default value: true
Control DevicePerformanceTiming is set to non-default value: true
Timer Started!
... loading complete.
Total Enqueues: 0

=== FC Benchmark (precision=u4) ===
M=32768 K=4096 N=2816 group_size=128 iters=5 warmup=2 bufs=1 flush_mb=64
Dynamic quantization: ON (group_size=128)
Input tensors allocated in USM_DEVICE (VRAM) via RemoteContext.
L2/L3 flush kernel: 64 MB f16 Relu between every FC infer.
Median_ms: 13.7707
Min_ms: 12.4554
Avg_ms: 14.4041
GFLOPS: 54892.9
BW_GBs: 33.3267
AI: 1647.12
WeightBytes: 5.76717e+06
TotalBytes: 4.58932e+08
TotalFLOPs: 7.55914e+11
Total Enqueues: 38


Device Performance Timing Results for Intel(R) Arc(TM) B390 GPU (96CUs, 2400MHz):

Total Time (ns): 121733526

                                   Function Name,  Calls,     Time (ns), Time (%),  Average (ns),      Min (ns),      Max (ns)
           activation_opt_477147924471330069_0_0,      8,      12547600,   10.31%,       1568450,       1241562,       2048854
                      clEnqueueMemFillINTEL( D ),      3,        622707,    0.51%,        207569,         19375,        572187
                      clEnqueueMemFillINTEL( H ),      5,       9055831,    7.44%,       1811166,          9687,       5106250
dynamic_quantize_gpu_opt_7387113980111986926_0_0,      7,      27212392,   22.35%,       3887484,       2801770,       5939270
                                     gemm_kernel,      7,      72262080,   59.36%,      10323154,       9495312,      12357291
           reorder_data_12169769436813862721_0_0,      1,         32916,    0.03%,         32916,         32916,         32916
CLIntercept is shutting down...
... shutdown complete.
