-=-=-=-=-=-=-=-=-=-=-=-=-=-=-=-=-=-=-=-=-=-=-=-=-=-=-=-=-=-=-=-=
CLIntercept (64-bit) is loading...
CLIntercept file location: C:\Users\Local_Admin\Downloads\clintercept-3.0.6-win64\Release\opencl.dll
CLIntercept URL: https://github.com/intel/opencl-intercept-layer
CLIntercept git description: v3.0.6
CLIntercept git refspec: 
CLIntercept git hash: 1c86da258a3de21c88abb8d81953febcef50991f
CLIntercept optional features:
    cliloader(supported)
    cliprof(supported)
    kernel overrides(supported)
    ITT tracing(NOT supported)
    MDAPI(supported)
    Demangling(NOT supported)
    clock(steady_clock)
CLIntercept environment variable prefix: CLI_
CLIntercept registry key: SOFTWARE\INTEL\IGFX\CLINTERCEPT
Trying to load dispatch from: real_opencl.dll
Couldn't get exported function pointer to: clGetGLContextInfoKHR
... success!
Control ReportToStderr is set to non-default value: true
Control DevicePerformanceTiming is set to non-default value: true
Timer Started!
... loading complete.
Total Enqueues: 0

=== FC Benchmark (precision=u4) ===
M=65536 K=4096 N=2816 group_size=128 iters=3 warmup=1 bufs=1 flush_mb=64
Dynamic quantization: ON (group_size=128)
Input tensors allocated in USM_DEVICE (VRAM) via RemoteContext.
L2/L3 flush kernel: 64 MB f16 Relu between every FC infer.
Median_ms: 26.3111
Min_ms: 26.1457
Avg_ms: 26.2802
GFLOPS: 57459.7
BW_GBs: 34.659
AI: 1657.86
WeightBytes: 5.76717e+06
TotalBytes: 9.11917e+08
TotalFLOPs: 1.51183e+12
Total Enqueues: 26


Device Performance Timing Results for Intel(R) Arc(TM) B390 GPU (96CUs, 2400MHz):

Total Time (ns): 131871971

                                    Function Name,  Calls,     Time (ns), Time (%),  Average (ns),      Min (ns),      Max (ns)
            activation_opt_477147924471330069_0_0,      5,       7129060,    5.41%,       1425812,       1229895,       1748437
                       clEnqueueMemFillINTEL( D ),      3,       1232707,    0.93%,        410902,         26250,       1166145
                       clEnqueueMemFillINTEL( H ),      5,      16520520,   12.53%,       3304104,          9687,       8041250
dynamic_quantize_gpu_opt_12117265296633979035_0_0,      4,      29309165,   22.23%,       7327291,       6427916,       9319062
                                      gemm_kernel,      4,      77649269,   58.88%,      19412317,      19209270,      19752187
            reorder_data_12169769436813862721_0_0,      1,         31250,    0.02%,         31250,         31250,         31250
CLIntercept is shutting down...
... shutdown complete.
