-=-=-=-=-=-=-=-=-=-=-=-=-=-=-=-=-=-=-=-=-=-=-=-=-=-=-=-=-=-=-=-=
CLIntercept (64-bit) is loading...
CLIntercept file location: C:\Users\Local_Admin\Downloads\clintercept-3.0.6-win64\Release\opencl.dll
CLIntercept URL: https://github.com/intel/opencl-intercept-layer
CLIntercept git description: v3.0.6
CLIntercept git refspec: 
CLIntercept git hash: 1c86da258a3de21c88abb8d81953febcef50991f
CLIntercept optional features:
    cliloader(supported)
    cliprof(supported)
    kernel overrides(supported)
    ITT tracing(NOT supported)
    MDAPI(supported)
    Demangling(NOT supported)
    clock(steady_clock)
CLIntercept environment variable prefix: CLI_
CLIntercept registry key: SOFTWARE\INTEL\IGFX\CLINTERCEPT
Trying to load dispatch from: real_opencl.dll
Couldn't get exported function pointer to: clGetGLContextInfoKHR
... success!
Control ReportToStderr is set to non-default value: true
Control DevicePerformanceTiming is set to non-default value: true
Timer Started!
... loading complete.
Total Enqueues: 0

=== FC Benchmark (precision=u4) ===
M=2048 K=4096 N=2816 group_size=128 iters=20 warmup=5 bufs=4 flush_mb=64
Dynamic quantization: ON (group_size=128)
Input tensors allocated in USM_DEVICE (VRAM) via RemoteContext.
L2/L3 flush kernel: 64 MB f16 Relu between every FC infer.
Median_ms: 0.926
Min_ms: 0.906
Avg_ms: 0.935385
GFLOPS: 51020.1
BW_GBs: 36.9967
AI: 1379.05
WeightBytes: 5.76717e+06
TotalBytes: 3.42589e+07
TotalFLOPs: 4.72446e+10
Total Enqueues: 110


Device Performance Timing Results for Intel(R) Arc(TM) B390 GPU (96CUs, 2400MHz):

Total Time (ns): 59634027

                                   Function Name,  Calls,     Time (ns), Time (%),  Average (ns),      Min (ns),      Max (ns)
           activation_opt_477147924471330069_0_0,     26,      34809572,   58.37%,       1338829,       1203854,       1757500
                      clEnqueueMemFillINTEL( D ),      3,         53019,    0.09%,         17673,          4687,         40312
                      clEnqueueMemFillINTEL( H ),      5,       2280206,    3.82%,        456041,         10208,       1066041
dynamic_quantize_gpu_opt_9457747167103641236_0_0,     25,       5625511,    9.43%,        225020,        167395,        412812
                                     gemm_kernel,     25,      16836032,   28.23%,        673441,        627500,        815416
           reorder_data_12169769436813862721_0_0,      1,         29687,    0.05%,         29687,         29687,         29687
CLIntercept is shutting down...
... shutdown complete.
