-=-=-=-=-=-=-=-=-=-=-=-=-=-=-=-=-=-=-=-=-=-=-=-=-=-=-=-=-=-=-=-=
CLIntercept (64-bit) is loading...
CLIntercept file location: C:\Users\Local_Admin\Downloads\clintercept-3.0.6-win64\Release\opencl.dll
CLIntercept URL: https://github.com/intel/opencl-intercept-layer
CLIntercept git description: v3.0.6
CLIntercept git refspec: 
CLIntercept git hash: 1c86da258a3de21c88abb8d81953febcef50991f
CLIntercept optional features:
    cliloader(supported)
    cliprof(supported)
    kernel overrides(supported)
    ITT tracing(NOT supported)
    MDAPI(supported)
    Demangling(NOT supported)
    clock(steady_clock)
CLIntercept environment variable prefix: CLI_
CLIntercept registry key: SOFTWARE\INTEL\IGFX\CLINTERCEPT
Trying to load dispatch from: real_opencl.dll
Couldn't get exported function pointer to: clGetGLContextInfoKHR
... success!
Control ReportToStderr is set to non-default value: true
Control DevicePerformanceTiming is set to non-default value: true
Timer Started!
... loading complete.
Total Enqueues: 0

=== FC Benchmark (precision=u4) ===
M=1024 K=4096 N=2816 group_size=128 iters=20 warmup=5 bufs=4 flush_mb=64
Dynamic quantization: ON (group_size=128)
Input tensors allocated in USM_DEVICE (VRAM) via RemoteContext.
L2/L3 flush kernel: 64 MB f16 Relu between every FC infer.
Median_ms: 0.52
Min_ms: 0.5036
Avg_ms: 0.524255
GFLOPS: 45427.5
BW_GBs: 38.6599
AI: 1175.05
WeightBytes: 5.76717e+06
TotalBytes: 2.01032e+07
TotalFLOPs: 2.36223e+10
Total Enqueues: 110


Device Performance Timing Results for Intel(R) Arc(TM) B390 GPU (96CUs, 2400MHz):

Total Time (ns): 47387981

                                   Function Name,  Calls,     Time (ns), Time (%),  Average (ns),      Min (ns),      Max (ns)
           activation_opt_477147924471330069_0_0,     26,      33611967,   70.93%,       1292767,       1206458,       1751458
                      clEnqueueMemFillINTEL( D ),      3,         34686,    0.07%,         11562,          3125,         26041
                      clEnqueueMemFillINTEL( H ),      5,       2228332,    4.70%,        445666,         11354,       1069687
dynamic_quantize_gpu_opt_4276305079436250453_0_0,     25,       2548321,    5.38%,        101932,         85937,        207291
                                     gemm_kernel,     25,       8933321,   18.85%,        357332,        335833,        462812
           reorder_data_12169769436813862721_0_0,      1,         31354,    0.07%,         31354,         31354,         31354
CLIntercept is shutting down...
... shutdown complete.
