-=-=-=-=-=-=-=-=-=-=-=-=-=-=-=-=-=-=-=-=-=-=-=-=-=-=-=-=-=-=-=-=
CLIntercept (64-bit) is loading...
CLIntercept file location: C:\Users\Local_Admin\Downloads\clintercept-3.0.6-win64\Release\opencl.dll
CLIntercept URL: https://github.com/intel/opencl-intercept-layer
CLIntercept git description: v3.0.6
CLIntercept git refspec: 
CLIntercept git hash: 1c86da258a3de21c88abb8d81953febcef50991f
CLIntercept optional features:
    cliloader(supported)
    cliprof(supported)
    kernel overrides(supported)
    ITT tracing(NOT supported)
    MDAPI(supported)
    Demangling(NOT supported)
    clock(steady_clock)
CLIntercept environment variable prefix: CLI_
CLIntercept registry key: SOFTWARE\INTEL\IGFX\CLINTERCEPT
Trying to load dispatch from: real_opencl.dll
Couldn't get exported function pointer to: clGetGLContextInfoKHR
... success!
Control ReportToStderr is set to non-default value: true
Control DevicePerformanceTiming is set to non-default value: true
Timer Started!
... loading complete.
Total Enqueues: 0

=== FC Benchmark (precision=u4) ===
M=131072 K=4096 N=2816 group_size=128 iters=2 warmup=1 bufs=1 flush_mb=64
Dynamic quantization: ON (group_size=128)
Input tensors allocated in USM_DEVICE (VRAM) via RemoteContext.
L2/L3 flush kernel: 64 MB f16 Relu between every FC infer.
Median_ms: 52.5712
Min_ms: 51.8831
Avg_ms: 52.2271
GFLOPS: 57515.5
BW_GBs: 34.5795
AI: 1663.28
WeightBytes: 5.76717e+06
TotalBytes: 1.81789e+09
TotalFLOPs: 3.02366e+12
Total Enqueues: 22


Device Performance Timing Results for Intel(R) Arc(TM) B390 GPU (96CUs, 2400MHz):

Total Time (ns): 192271868

                                   Function Name,  Calls,     Time (ns), Time (%),  Average (ns),      Min (ns),      Max (ns)
           activation_opt_477147924471330069_0_0,      4,       5885311,    3.06%,       1471327,       1234479,       1755208
                      clEnqueueMemFillINTEL( D ),      3,       2464166,    1.28%,        821388,         41354,       2355312
                      clEnqueueMemFillINTEL( H ),      5,      25424477,   13.22%,       5084895,         10729,      13228541
dynamic_quantize_gpu_opt_6320102350818167405_0_0,      3,      43479999,   22.61%,      14493333,      13389375,      16343958
                                     gemm_kernel,      3,     114986874,   59.80%,      38328958,      38087500,      38575729
           reorder_data_12169769436813862721_0_0,      1,         31041,    0.02%,         31041,         31041,         31041
CLIntercept is shutting down...
... shutdown complete.
