-=-=-=-=-=-=-=-=-=-=-=-=-=-=-=-=-=-=-=-=-=-=-=-=-=-=-=-=-=-=-=-=
CLIntercept (64-bit) is loading...
CLIntercept file location: C:\Users\Local_Admin\Downloads\clintercept-3.0.6-win64\Release\opencl.dll
CLIntercept URL: https://github.com/intel/opencl-intercept-layer
CLIntercept git description: v3.0.6
CLIntercept git refspec: 
CLIntercept git hash: 1c86da258a3de21c88abb8d81953febcef50991f
CLIntercept optional features:
    cliloader(supported)
    cliprof(supported)
    kernel overrides(supported)
    ITT tracing(NOT supported)
    MDAPI(supported)
    Demangling(NOT supported)
    clock(steady_clock)
CLIntercept environment variable prefix: CLI_
CLIntercept registry key: SOFTWARE\INTEL\IGFX\CLINTERCEPT
Trying to load dispatch from: real_opencl.dll
Couldn't get exported function pointer to: clGetGLContextInfoKHR
... success!
Control ReportToStderr is set to non-default value: true
Control DevicePerformanceTiming is set to non-default value: true
Timer Started!
... loading complete.
Total Enqueues: 0

=== FC Benchmark (precision=u4) ===
M=4096 K=4096 N=2816 group_size=128 iters=20 warmup=5 bufs=4 flush_mb=64
Dynamic quantization: ON (group_size=128)
Input tensors allocated in USM_DEVICE (VRAM) via RemoteContext.
L2/L3 flush kernel: 64 MB f16 Relu between every FC infer.
Median_ms: 1.7048
Min_ms: 1.6536
Avg_ms: 1.70574
GFLOPS: 55425.4
BW_GBs: 36.7025
AI: 1510.13
WeightBytes: 5.76717e+06
TotalBytes: 6.25705e+07
TotalFLOPs: 9.44893e+10
Total Enqueues: 110


Device Performance Timing Results for Intel(R) Arc(TM) B390 GPU (96CUs, 2400MHz):

Total Time (ns): 80484967

                                   Function Name,  Calls,     Time (ns), Time (%),  Average (ns),      Min (ns),      Max (ns)
           activation_opt_477147924471330069_0_0,     26,      34808012,   43.25%,       1338769,       1211354,       1752708
                      clEnqueueMemFillINTEL( D ),      3,         84270,    0.10%,         28090,          5937,         69375
                      clEnqueueMemFillINTEL( H ),      5,       2721873,    3.38%,        544374,          8854,       1075833
dynamic_quantize_gpu_opt_2457997582419023691_0_0,     25,      11144575,   13.85%,        445783,        338750,        812812
                                     gemm_kernel,     25,      31694050,   39.38%,       1267762,       1180520,       1532291
           reorder_data_12169769436813862721_0_0,      1,         32187,    0.04%,         32187,         32187,         32187
CLIntercept is shutting down...
... shutdown complete.
