-=-=-=-=-=-=-=-=-=-=-=-=-=-=-=-=-=-=-=-=-=-=-=-=-=-=-=-=-=-=-=-=
CLIntercept (64-bit) is loading...
CLIntercept file location: C:\Users\Local_Admin\Downloads\clintercept-3.0.6-win64\Release\opencl.dll
CLIntercept URL: https://github.com/intel/opencl-intercept-layer
CLIntercept git description: v3.0.6
CLIntercept git refspec: 
CLIntercept git hash: 1c86da258a3de21c88abb8d81953febcef50991f
CLIntercept optional features:
    cliloader(supported)
    cliprof(supported)
    kernel overrides(supported)
    ITT tracing(NOT supported)
    MDAPI(supported)
    Demangling(NOT supported)
    clock(steady_clock)
CLIntercept environment variable prefix: CLI_
CLIntercept registry key: SOFTWARE\INTEL\IGFX\CLINTERCEPT
Trying to load dispatch from: real_opencl.dll
Couldn't get exported function pointer to: clGetGLContextInfoKHR
... success!
Control ReportToStderr is set to non-default value: true
Control DevicePerformanceTiming is set to non-default value: true
Timer Started!
... loading complete.
Total Enqueues: 0

=== FC Benchmark (precision=u4) ===
M=4096 K=2816 N=9216 group_size=128 iters=15 warmup=5 bufs=2 flush_mb=64
Dynamic quantization: ON (group_size=128)
Input tensors allocated in USM_DEVICE (VRAM) via RemoteContext.
L2/L3 flush kernel: 64 MB f16 Relu between every FC infer.
Median_ms: 3.6523
Min_ms: 3.5178
Avg_ms: 3.65845
GFLOPS: 58210.1
BW_GBs: 30.6513
AI: 1899.11
WeightBytes: 1.29761e+07
TotalBytes: 1.11948e+08
TotalFLOPs: 2.12601e+11
Total Enqueues: 90


Device Performance Timing Results for Intel(R) Arc(TM) B390 GPU (96CUs, 2400MHz):

Total Time (ns): 102339245

                                   Function Name,  Calls,     Time (ns), Time (%),  Average (ns),      Min (ns),      Max (ns)
           activation_opt_477147924471330069_0_0,     21,      27190825,   26.57%,       1294801,       1213958,       1752187
                      clEnqueueMemFillINTEL( D ),      3,         64165,    0.06%,         21388,          4791,         51458
                      clEnqueueMemFillINTEL( H ),      5,       3553436,    3.47%,        710687,         11875,       1226770
dynamic_quantize_gpu_opt_5439520346832200886_0_0,     20,       5625201,    5.50%,        281260,        248541,        590520
                                     gemm_kernel,     20,      65871973,   64.37%,       3293598,       3098854,       3781250
           reorder_data_13391515267204641522_0_0,      1,         33645,    0.03%,         33645,         33645,         33645
CLIntercept is shutting down...
... shutdown complete.
