-=-=-=-=-=-=-=-=-=-=-=-=-=-=-=-=-=-=-=-=-=-=-=-=-=-=-=-=-=-=-=-=
CLIntercept (64-bit) is loading...
CLIntercept file location: C:\Users\Local_Admin\Downloads\clintercept-3.0.6-win64\Release\opencl.dll
CLIntercept URL: https://github.com/intel/opencl-intercept-layer
CLIntercept git description: v3.0.6
CLIntercept git refspec: 
CLIntercept git hash: 1c86da258a3de21c88abb8d81953febcef50991f
CLIntercept optional features:
    cliloader(supported)
    cliprof(supported)
    kernel overrides(supported)
    ITT tracing(NOT supported)
    MDAPI(supported)
    Demangling(NOT supported)
    clock(steady_clock)
CLIntercept environment variable prefix: CLI_
CLIntercept registry key: SOFTWARE\INTEL\IGFX\CLINTERCEPT
Trying to load dispatch from: real_opencl.dll
Couldn't get exported function pointer to: clGetGLContextInfoKHR
... success!
Control ReportToStderr is set to non-default value: true
Control DevicePerformanceTiming is set to non-default value: true
Timer Started!
... loading complete.
Total Enqueues: 0

=== FC Benchmark (precision=u4) ===
M=65536 K=2816 N=8192 group_size=128 iters=3 warmup=1 bufs=1 flush_mb=64
Dynamic quantization: ON (group_size=128)
Input tensors allocated in USM_DEVICE (VRAM) via RemoteContext.
L2/L3 flush kernel: 64 MB f16 Relu between every FC infer.
Median_ms: 50.664
Min_ms: 50.6371
Avg_ms: 50.7231
GFLOPS: 59680.6
BW_GBs: 28.7134
AI: 2078.49
WeightBytes: 1.15343e+07
TotalBytes: 1.45474e+09
TotalFLOPs: 3.02366e+12
Total Enqueues: 26


Device Performance Timing Results for Intel(R) Arc(TM) B390 GPU (96CUs, 2400MHz):

Total Time (ns): 235519679

                                    Function Name,  Calls,     Time (ns), Time (%),  Average (ns),      Min (ns),      Max (ns)
            activation_opt_477147924471330069_0_0,      5,       7123124,    3.02%,       1424624,       1231979,       1751041
                       clEnqueueMemFillINTEL( D ),      3,        832915,    0.35%,        277638,         24062,        778333
                       clEnqueueMemFillINTEL( H ),      5,      21688331,    9.21%,       4337666,         10937,      13317916
dynamic_quantize_gpu_opt_14703477402209357539_0_0,      4,      23208853,    9.85%,       5802213,       5052916,       7839062
                                      gemm_kernel,      4,     182637706,   77.55%,      45659426,      45352916,      46344270
             reorder_data_7816107677864955761_0_0,      1,         28750,    0.01%,         28750,         28750,         28750
CLIntercept is shutting down...
... shutdown complete.
