-=-=-=-=-=-=-=-=-=-=-=-=-=-=-=-=-=-=-=-=-=-=-=-=-=-=-=-=-=-=-=-=
CLIntercept (64-bit) is loading...
CLIntercept file location: C:\Users\Local_Admin\Downloads\clintercept-3.0.6-win64\Release\opencl.dll
CLIntercept URL: https://github.com/intel/opencl-intercept-layer
CLIntercept git description: v3.0.6
CLIntercept git refspec: 
CLIntercept git hash: 1c86da258a3de21c88abb8d81953febcef50991f
CLIntercept optional features:
    cliloader(supported)
    cliprof(supported)
    kernel overrides(supported)
    ITT tracing(NOT supported)
    MDAPI(supported)
    Demangling(NOT supported)
    clock(steady_clock)
CLIntercept environment variable prefix: CLI_
CLIntercept registry key: SOFTWARE\INTEL\IGFX\CLINTERCEPT
Trying to load dispatch from: real_opencl.dll
Couldn't get exported function pointer to: clGetGLContextInfoKHR
... success!
Control ReportToStderr is set to non-default value: true
Control DevicePerformanceTiming is set to non-default value: true
Timer Started!
... loading complete.
Total Enqueues: 0

=== FC Benchmark (precision=u4) ===
M=1024 K=2816 N=2112 group_size=128 iters=30 warmup=5 bufs=4 flush_mb=64
Dynamic quantization: ON (group_size=128)
Input tensors allocated in USM_DEVICE (VRAM) via RemoteContext.
L2/L3 flush kernel: 64 MB f16 Relu between every FC infer.
Median_ms: 0.3509
Min_ms: 0.3393
Avg_ms: 0.356777
GFLOPS: 34711.5
BW_GBs: 37.5012
AI: 925.61
WeightBytes: 2.9737e+06
TotalBytes: 1.31592e+07
TotalFLOPs: 1.21803e+10
Total Enqueues: 150


Device Performance Timing Results for Intel(R) Arc(TM) B390 GPU (96CUs, 2400MHz):

Total Time (ns): 57827036

                                   Function Name,  Calls,     Time (ns), Time (%),  Average (ns),      Min (ns),      Max (ns)
           activation_opt_477147924471330069_0_0,     36,      45795718,   79.19%,       1272103,       1220729,       1765416
                      clEnqueueMemFillINTEL( D ),      3,         31040,    0.05%,         10346,          2708,         22187
                      clEnqueueMemFillINTEL( H ),      5,       2181560,    3.77%,        436312,          8437,       1059687
dynamic_quantize_gpu_opt_2027447204713747728_0_0,     35,       2604671,    4.50%,         74419,         65937,        155104
                                     gemm_kernel,     35,       7202381,   12.46%,        205782,        198750,        248020
           reorder_data_14956997026156149341_0_0,      1,         11666,    0.02%,         11666,         11666,         11666
CLIntercept is shutting down...
... shutdown complete.
