-=-=-=-=-=-=-=-=-=-=-=-=-=-=-=-=-=-=-=-=-=-=-=-=-=-=-=-=-=-=-=-=
CLIntercept (64-bit) is loading...
CLIntercept file location: C:\Users\Local_Admin\Downloads\clintercept-3.0.6-win64\Release\opencl.dll
CLIntercept URL: https://github.com/intel/opencl-intercept-layer
CLIntercept git description: v3.0.6
CLIntercept git refspec: 
CLIntercept git hash: 1c86da258a3de21c88abb8d81953febcef50991f
CLIntercept optional features:
    cliloader(supported)
    cliprof(supported)
    kernel overrides(supported)
    ITT tracing(NOT supported)
    MDAPI(supported)
    Demangling(NOT supported)
    clock(steady_clock)
CLIntercept environment variable prefix: CLI_
CLIntercept registry key: SOFTWARE\INTEL\IGFX\CLINTERCEPT
Trying to load dispatch from: real_opencl.dll
Couldn't get exported function pointer to: clGetGLContextInfoKHR
... success!
Control ReportToStderr is set to non-default value: true
Control DevicePerformanceTiming is set to non-default value: true
Timer Started!
... loading complete.
Total Enqueues: 0

MoE bench: B=1 S=1 H=2816 I=704 NE=128 TK=8 g=64 iters=500 warm=50 bufs=4 flush=64MB shared_I=0 [no shared expert]
[FUSION OK] Runtime node: MOE3GemmFusedCompressed_1303 layer_type=moe_3gemm_fused_compressed
[INPUT SEED] filled 4 USM_DEVICE input buffer(s) with random f32 in [-1,1] (B*S*H=2816 elems each)
warmup 50 iters...
measuring 500 iters...
total host wallclock = 851.981 ms (1.70396 ms/iter host-side)
=> rely on cliloader DevicePerformanceTiming for fused MoE kernel avg
Total Enqueues: 5535


Device Performance Timing Results for Intel(R) Arc(TM) B390 GPU (96CUs, 2400MHz):

Total Time (ns): 844346677

                                         Function Name,  Calls,     Time (ns), Time (%),  Average (ns),      Min (ns),      Max (ns)
                 activation_opt_477147924471330069_0_0,    550,     678758726,   80.39%,       1234106,       1210937,       1819166
                            clEnqueueMemFillINTEL( D ),      8,         20308,    0.00%,          2538,          1145,          6041
                            clEnqueueMemFillINTEL( H ),     16,       2365514,    0.28%,        147844,          1145,       1071875
                                  clEnqueueWriteBuffer,      4,         12239,    0.00%,          3059,          2500,          4375
      dynamic_quantize_gpu_opt_3902222617495451630_0_0,    550,        947027,    0.11%,          1721,          1562,          5729
                                           gemm_kernel,    550,       2463873,    0.29%,          4479,          4062,         13541
moe_3gemm_swiglu_fuse_softmax_topk_9017996336273982355,    550,       2469805,    0.29%,          4490,          4270,          9270
         moe_3gemm_swiglu_mlp_down_9017996336273982355,    550,      50824039,    6.02%,         92407,         86875,        205625
      moe_3gemm_swiglu_mlp_gate_up_9017996336273982355,    550,      98066233,   11.61%,        178302,        172708,        403750
       moe_3gemm_swiglu_mlp_reduce_9017996336273982355,    550,        673213,    0.08%,          1224,           833,          8645
                 reorder_data_14367539815288999332_0_0,      2,       2944791,    0.35%,       1472395,       1470312,       1474479
                 reorder_data_14666591081452198000_0_0,      1,        263854,    0.03%,        263854,        263854,        263854
                 reorder_data_15034121570960639161_0_0,      1,       2410000,    0.29%,       2410000,       2410000,       2410000
                 reorder_data_16510829185963112185_0_0,      1,          7500,    0.00%,          7500,          7500,          7500
                  reorder_data_2326647296185722913_0_0,      2,       1010103,    0.12%,        505051,        504166,        505937
         reorder_data_fast_b1_11828813544549278260_0_0,    550,        447455,    0.05%,           813,           520,          6145
          reorder_data_fast_b1_3959972019941092865_0_0,    550,        661997,    0.08%,          1203,           937,          7291
CLIntercept is shutting down...
... shutdown complete.
