-=-=-=-=-=-=-=-=-=-=-=-=-=-=-=-=-=-=-=-=-=-=-=-=-=-=-=-=-=-=-=-=
CLIntercept (64-bit) is loading...
CLIntercept file location: C:\Users\Local_Admin\Downloads\clintercept-3.0.6-win64\Release\opencl.dll
CLIntercept URL: https://github.com/intel/opencl-intercept-layer
CLIntercept git description: v3.0.6
CLIntercept git refspec: 
CLIntercept git hash: 1c86da258a3de21c88abb8d81953febcef50991f
CLIntercept optional features:
    cliloader(supported)
    cliprof(supported)
    kernel overrides(supported)
    ITT tracing(NOT supported)
    MDAPI(supported)
    Demangling(NOT supported)
    clock(steady_clock)
CLIntercept environment variable prefix: CLI_
CLIntercept registry key: SOFTWARE\INTEL\IGFX\CLINTERCEPT
Trying to load dispatch from: real_opencl.dll
Couldn't get exported function pointer to: clGetGLContextInfoKHR
... success!
Control ReportToStderr is set to non-default value: true
Control DevicePerformanceTiming is set to non-default value: true
Timer Started!
... loading complete.
Total Enqueues: 0

MoE bench: B=1 S=32768 H=2816 I=704 NE=128 TK=8 g=64 iters=3 warm=1 bufs=1 flush=64MB shared_I=0 [no shared expert]
[FUSION OK] Runtime node: MOE3GemmFusedCompressed_1303 layer_type=moe_3gemm_fused_compressed
[INPUT SEED] filled 1 USM_DEVICE input buffer(s) with random f32 in [-1,1] (B*S*H=92274688 elems each)
warmup 1 iters...
measuring 3 iters...
total host wallclock = 531.51 ms (177.17 ms/iter host-side)
=> rely on cliloader DevicePerformanceTiming for fused MoE kernel avg
Total Enqueues: 3652


Device Performance Timing Results for Intel(R) Arc(TM) B390 GPU (96CUs, 2400MHz):

Total Time (ns): 689675637

                                         Function Name,  Calls,     Time (ns), Time (%),  Average (ns),      Min (ns),      Max (ns)
                 activation_opt_477147924471330069_0_0,      4,       5579894,    0.81%,       1394973,       1244687,       1810416
                            clEnqueueMemFillINTEL( D ),     12,      20702496,    3.00%,       1725208,          6041,       6599375
                            clEnqueueMemFillINTEL( H ),     16,      15038015,    2.18%,        939875,          3854,       6401979
                          clEnqueueMemcpyINTEL( HtoM ),      4,        124738,    0.02%,         31184,         24947,         48958
                          clEnqueueMemcpyINTEL( MtoH ),   1024,       2563089,    0.37%,          2503,          1510,          9843
                                  clEnqueueWriteBuffer,      1,      19027447,    2.76%,      19027447,      19027447,      19027447
      dynamic_quantize_gpu_opt_2479515326311834646_0_0,      4,      10668227,    1.55%,       2667056,       2596770,       2846562
                                           gemm_kernel,   1540,     323144365,   46.85%,        209834,        136562,       1043750
      moe_3gemm_swiglu_fuse_gather_2769522187908683689,    512,      83351973,   12.09%,        162796,         92812,        362916
   moe_3gemm_swiglu_fuse_index_add_2769522187908683689,    512,     151196444,   21.92%,        295305,        128854,        584270
moe_3gemm_swiglu_fuse_softmax_topk_2769522187908683689,      4,       3492393,    0.51%,        873098,        856145,        918541
                 reorder_data_11305169664652263371_0_0,      4,      23854269,    3.46%,       5963567,       5789791,       6201250
                 reorder_data_14367539815288999332_0_0,      2,       3019166,    0.44%,       1509583,       1488229,       1530937
                 reorder_data_14666591081452198000_0_0,      1,        278645,    0.04%,        278645,        278645,        278645
                 reorder_data_15034121570960639161_0_0,      1,       2458958,    0.36%,       2458958,       2458958,       2458958
                 reorder_data_16510829185963112185_0_0,      1,          8229,    0.00%,          8229,          8229,          8229
                  reorder_data_2326647296185722913_0_0,      2,       1038957,    0.15%,        519478,        511666,        527291
          reorder_data_fast_b1_5774694482793649909_0_0,      4,      24128332,    3.50%,       6032083,       5615833,       7189895
CLIntercept is shutting down...
... shutdown complete.
