-=-=-=-=-=-=-=-=-=-=-=-=-=-=-=-=-=-=-=-=-=-=-=-=-=-=-=-=-=-=-=-=
CLIntercept (64-bit) is loading...
CLIntercept file location: C:\Users\Local_Admin\Downloads\clintercept-3.0.6-win64\Release\opencl.dll
CLIntercept URL: https://github.com/intel/opencl-intercept-layer
CLIntercept git description: v3.0.6
CLIntercept git refspec: 
CLIntercept git hash: 1c86da258a3de21c88abb8d81953febcef50991f
CLIntercept optional features:
    cliloader(supported)
    cliprof(supported)
    kernel overrides(supported)
    ITT tracing(NOT supported)
    MDAPI(supported)
    Demangling(NOT supported)
    clock(steady_clock)
CLIntercept environment variable prefix: CLI_
CLIntercept registry key: SOFTWARE\INTEL\IGFX\CLINTERCEPT
Trying to load dispatch from: real_opencl.dll
Couldn't get exported function pointer to: clGetGLContextInfoKHR
... success!
Control ReportToStderr is set to non-default value: true
Control DevicePerformanceTiming is set to non-default value: true
Timer Started!
... loading complete.
Total Enqueues: 0

MoE bench: B=1 S=65536 H=2816 I=704 NE=128 TK=8 g=64 iters=2 warm=1 bufs=1 flush=64MB shared_I=0 [no shared expert]
[FUSION OK] Runtime node: MOE3GemmFusedCompressed_1303 layer_type=moe_3gemm_fused_compressed
[INPUT SEED] filled 1 USM_DEVICE input buffer(s) with random f32 in [-1,1] (B*S*H=184549376 elems each)
warmup 1 iters...
measuring 2 iters...
total host wallclock = 742.181 ms (371.09 ms/iter host-side)
=> rely on cliloader DevicePerformanceTiming for fused MoE kernel avg
Total Enqueues: 2747


Device Performance Timing Results for Intel(R) Arc(TM) B390 GPU (96CUs, 2400MHz):

Total Time (ns): 1151983407

                                         Function Name,  Calls,     Time (ns), Time (%),  Average (ns),      Min (ns),      Max (ns)
                 activation_opt_477147924471330069_0_0,      3,       4502291,    0.39%,       1500763,       1313750,       1820000
                            clEnqueueMemFillINTEL( D ),     11,      40323954,    3.50%,       3665814,          8541,      13116458
                            clEnqueueMemFillINTEL( H ),     16,      22970411,    1.99%,       1435650,          3125,       9941145
                          clEnqueueMemcpyINTEL( HtoM ),      3,        174842,    0.02%,         58280,         47656,         76666
                          clEnqueueMemcpyINTEL( MtoH ),    768,       2372672,    0.21%,          3089,          1510,         17187
                                  clEnqueueWriteBuffer,      1,      38708906,    3.36%,      38708906,      38708906,      38708906
      dynamic_quantize_gpu_opt_5424684534465445256_0_0,      3,      18571665,    1.61%,       6190555,       5903020,       6696875
                                           gemm_kernel,   1155,     497711391,   43.20%,        430918,        255833,       2505416
      moe_3gemm_swiglu_fuse_gather_7399851417774197188,    384,     164331296,   14.27%,        427946,        230937,        806666
   moe_3gemm_swiglu_fuse_index_add_7399851417774197188,    384,     271102860,   23.53%,        705997,        367187,       1099270
moe_3gemm_swiglu_fuse_softmax_topk_7399851417774197188,      3,       5190936,    0.45%,       1730312,       1703333,       1781458
                 reorder_data_14367539815288999332_0_0,      2,       2973645,    0.26%,       1486822,       1477708,       1495937
                 reorder_data_14666591081452198000_0_0,      1,        265833,    0.02%,        265833,        265833,        265833
                 reorder_data_15034121570960639161_0_0,      1,       2390104,    0.21%,       2390104,       2390104,       2390104
                 reorder_data_16445705932449675174_0_0,      3,      36619165,    3.18%,      12206388,      12125833,      12254791
                 reorder_data_16510829185963112185_0_0,      1,          8020,    0.00%,          8020,          8020,          8020
                  reorder_data_2326647296185722913_0_0,      2,       1020625,    0.09%,        510312,        510000,        510625
          reorder_data_fast_b1_8025428589151715815_0_0,      3,      42744791,    3.71%,      14248263,      11968854,      18693854
CLIntercept is shutting down...
... shutdown complete.
