-=-=-=-=-=-=-=-=-=-=-=-=-=-=-=-=-=-=-=-=-=-=-=-=-=-=-=-=-=-=-=-=
CLIntercept (64-bit) is loading...
CLIntercept file location: C:\Users\Local_Admin\Downloads\clintercept-3.0.6-win64\Release\opencl.dll
CLIntercept URL: https://github.com/intel/opencl-intercept-layer
CLIntercept git description: v3.0.6
CLIntercept git refspec: 
CLIntercept git hash: 1c86da258a3de21c88abb8d81953febcef50991f
CLIntercept optional features:
    cliloader(supported)
    cliprof(supported)
    kernel overrides(supported)
    ITT tracing(NOT supported)
    MDAPI(supported)
    Demangling(NOT supported)
    clock(steady_clock)
CLIntercept environment variable prefix: CLI_
CLIntercept registry key: SOFTWARE\INTEL\IGFX\CLINTERCEPT
Trying to load dispatch from: real_opencl.dll
Couldn't get exported function pointer to: clGetGLContextInfoKHR
... success!
Control ReportToStderr is set to non-default value: true
Control DevicePerformanceTiming is set to non-default value: true
Timer Started!
... loading complete.
Total Enqueues: 0

MoE bench: B=1 S=2048 H=2816 I=704 NE=128 TK=8 g=64 iters=15 warm=3 bufs=2 flush=64MB shared_I=0 [no shared expert]
[FUSION OK] Runtime node: MOE3GemmFusedCompressed_1303 layer_type=moe_3gemm_fused_compressed
[INPUT SEED] filled 2 USM_DEVICE input buffer(s) with random f32 in [-1,1] (B*S*H=5767168 elems each)
warmup 3 iters...
measuring 15 iters...
total host wallclock = 412.047 ms (27.4698 ms/iter host-side)
=> rely on cliloader DevicePerformanceTiming for fused MoE kernel avg
Total Enqueues: 16323


Device Performance Timing Results for Intel(R) Arc(TM) B390 GPU (96CUs, 2400MHz):

Total Time (ns): 337745655

                                         Function Name,  Calls,     Time (ns), Time (%),  Average (ns),      Min (ns),      Max (ns)
                 activation_opt_477147924471330069_0_0,     18,      23955305,    7.09%,       1330850,       1241770,       2118958
                            clEnqueueMemFillINTEL( D ),     26,       1787696,    0.53%,         68757,          5729,        387083
                            clEnqueueMemFillINTEL( H ),     16,       2712286,    0.80%,        169517,          1562,       1063020
                          clEnqueueMemcpyINTEL( HtoM ),     18,         53276,    0.02%,          2959,          1979,          6875
                          clEnqueueMemcpyINTEL( MtoH ),   4608,       7471796,    2.21%,          1621,           989,          5572
                                  clEnqueueWriteBuffer,      2,       2268280,    0.67%,       1134140,       1044739,       1223541
     dynamic_quantize_gpu_opt_14597272154391215644_0_0,     18,       2415722,    0.72%,        134206,        119270,        276145
                                           gemm_kernel,   6930,     234309097,   69.37%,         33810,         20000,        152395
      moe_3gemm_swiglu_fuse_gather_7441853854101941701,   2304,      24082259,    7.13%,         10452,          6666,         33437
   moe_3gemm_swiglu_fuse_index_add_7441853854101941701,   2304,      20017881,    5.93%,          8688,          4479,         42187
moe_3gemm_swiglu_fuse_softmax_topk_7441853854101941701,     18,       1107387,    0.33%,         61521,         59895,         68020
                 reorder_data_14367539815288999332_0_0,      2,       2933645,    0.87%,       1466822,       1463854,       1469791
                 reorder_data_14666591081452198000_0_0,      1,        262812,    0.08%,        262812,        262812,        262812
                 reorder_data_15034121570960639161_0_0,      1,       2397812,    0.71%,       2397812,       2397812,       2397812
                 reorder_data_16510829185963112185_0_0,      1,          7187,    0.00%,          7187,          7187,          7187
                  reorder_data_2326647296185722913_0_0,      2,       1015624,    0.30%,        507812,        505937,        509687
                   reorder_data_670891792787166303_0_0,     18,       5091972,    1.51%,        282887,        269375,        291562
         reorder_data_fast_b1_11300408779876136101_0_0,     18,       5855618,    1.73%,        325312,        274687,        627291
CLIntercept is shutting down...
... shutdown complete.
