-=-=-=-=-=-=-=-=-=-=-=-=-=-=-=-=-=-=-=-=-=-=-=-=-=-=-=-=-=-=-=-=
CLIntercept (64-bit) is loading...
CLIntercept file location: C:\Users\Local_Admin\Downloads\clintercept-3.0.6-win64\Release\opencl.dll
CLIntercept URL: https://github.com/intel/opencl-intercept-layer
CLIntercept git description: v3.0.6
CLIntercept git refspec: 
CLIntercept git hash: 1c86da258a3de21c88abb8d81953febcef50991f
CLIntercept optional features:
    cliloader(supported)
    cliprof(supported)
    kernel overrides(supported)
    ITT tracing(NOT supported)
    MDAPI(supported)
    Demangling(NOT supported)
    clock(steady_clock)
CLIntercept environment variable prefix: CLI_
CLIntercept registry key: SOFTWARE\INTEL\IGFX\CLINTERCEPT
Trying to load dispatch from: real_opencl.dll
Couldn't get exported function pointer to: clGetGLContextInfoKHR
... success!
Control ReportToStderr is set to non-default value: true
Control DevicePerformanceTiming is set to non-default value: true
Timer Started!
... loading complete.
Total Enqueues: 0

MoE bench: B=1 S=16384 H=2816 I=704 NE=128 TK=8 g=64 iters=5 warm=1 bufs=1 flush=64MB shared_I=0 [no shared expert]
[FUSION OK] Runtime node: MOE3GemmFusedCompressed_1303 layer_type=moe_3gemm_fused_compressed
[INPUT SEED] filled 1 USM_DEVICE input buffer(s) with random f32 in [-1,1] (B*S*H=46137344 elems each)
warmup 1 iters...
measuring 5 iters...
total host wallclock = 491.096 ms (98.2192 ms/iter host-side)
=> rely on cliloader DevicePerformanceTiming for fused MoE kernel avg
Total Enqueues: 5462


Device Performance Timing Results for Intel(R) Arc(TM) B390 GPU (96CUs, 2400MHz):

Total Time (ns): 490834193

                                         Function Name,  Calls,     Time (ns), Time (%),  Average (ns),      Min (ns),      Max (ns)
                 activation_opt_477147924471330069_0_0,      6,       8191144,    1.67%,       1365190,       1239791,       1918229
                            clEnqueueMemFillINTEL( D ),     14,      10990517,    2.24%,        785036,          7604,       3373125
                            clEnqueueMemFillINTEL( H ),     16,       9290931,    1.89%,        580683,          2291,       3471875
                          clEnqueueMemcpyINTEL( HtoM ),      6,         78277,    0.02%,         13046,         12239,         13697
                          clEnqueueMemcpyINTEL( MtoH ),   1536,       3432284,    0.70%,          2234,          1302,         10416
                                  clEnqueueWriteBuffer,      1,       9935156,    2.02%,       9935156,       9935156,       9935156
      dynamic_quantize_gpu_opt_6950339605423652570_0_0,      6,       7931872,    1.62%,       1321978,       1290625,       1393645
                                           gemm_kernel,   2310,     269522174,   54.91%,        116676,         66145,        551354
      moe_3gemm_swiglu_fuse_gather_1193125715374202857,    768,      53894786,   10.98%,         70175,         43750,        185208
   moe_3gemm_swiglu_fuse_index_add_1193125715374202857,    768,      72106333,   14.69%,         93888,         29895,        187291
moe_3gemm_swiglu_fuse_softmax_topk_1193125715374202857,      6,       2613227,    0.53%,        435537,        433020,        440208
                 reorder_data_14367539815288999332_0_0,      2,       2939166,    0.60%,       1469583,       1465729,       1473437
                 reorder_data_14666591081452198000_0_0,      1,        262500,    0.05%,        262500,        262500,        262500
                 reorder_data_15034121570960639161_0_0,      1,       2447708,    0.50%,       2447708,       2447708,       2447708
                 reorder_data_15803513587264930230_0_0,      6,      17762913,    3.62%,       2960485,       2811770,       3024166
                 reorder_data_16510829185963112185_0_0,      1,          7291,    0.00%,          7291,          7291,          7291
                  reorder_data_2326647296185722913_0_0,      2,       1012395,    0.21%,        506197,        504062,        508333
         reorder_data_fast_b1_12389579934373065639_0_0,      6,      18415519,    3.75%,       3069253,       2692187,       4589375
CLIntercept is shutting down...
... shutdown complete.
