-=-=-=-=-=-=-=-=-=-=-=-=-=-=-=-=-=-=-=-=-=-=-=-=-=-=-=-=-=-=-=-=
CLIntercept (64-bit) is loading...
CLIntercept file location: C:\Users\Local_Admin\Downloads\clintercept-3.0.6-win64\Release\opencl.dll
CLIntercept URL: https://github.com/intel/opencl-intercept-layer
CLIntercept git description: v3.0.6
CLIntercept git refspec: 
CLIntercept git hash: 1c86da258a3de21c88abb8d81953febcef50991f
CLIntercept optional features:
    cliloader(supported)
    cliprof(supported)
    kernel overrides(supported)
    ITT tracing(NOT supported)
    MDAPI(supported)
    Demangling(NOT supported)
    clock(steady_clock)
CLIntercept environment variable prefix: CLI_
CLIntercept registry key: SOFTWARE\INTEL\IGFX\CLINTERCEPT
Trying to load dispatch from: real_opencl.dll
Couldn't get exported function pointer to: clGetGLContextInfoKHR
... success!
Control ReportToStderr is set to non-default value: true
Control DevicePerformanceTiming is set to non-default value: true
Timer Started!
... loading complete.
Total Enqueues: 0

=== PA Benchmark ===
NH=16 NKV=2 HD=512 SW=0
Mode=prefill S_q=4096 S_kv=0 blocks=256 kv_type=i8 impl=ocl iters=20 warmup=3 bufs=2
KV cache key type=i8 shape=[?,2,512,20]
KV cache val type=i8 shape=[?,2,16,516]
Resolved KC shape: [256,2,512,20]
Median_ms: 73.5103
Min_ms: 71.8656
Avg_ms: 72.9042
GFLOPS: 3785.88
BW_GBs: 2.16996
AI: 1744.68
TotalFLOPs: 2.78301e+11
TotalBytes: 1.59515e+08
Total Enqueues: 265


Device Performance Timing Results for Intel(R) Arc(TM) B390 GPU (96CUs, 2400MHz):

Total Time (ns): 1657834922

                                  Function Name,  Calls,     Time (ns), Time (%),  Average (ns),      Min (ns),      Max (ns)
                     clEnqueueMemFillINTEL( H ),      1,       1060312,    0.06%,       1060312,       1060312,       1060312
                   clEnqueueMemcpyINTEL( HtoH ),     11,      17100983,    1.03%,       1554634,       1533541,       1589739
                   clEnqueueMemcpyINTEL( MtoD ),    161,     106544505,    6.43%,        661767,          1093,       3779687
                   clEnqueueMemcpyINTEL( MtoH ),     46,         62058,    0.00%,          1349,           989,          3281
pa_kv_cache_update_ref__2302438945628719446__sa,     23,       4912699,    0.30%,        213595,        199166,        408437
 sdpa_opt__multi_tokens_2302438945628719446__sa,     23,    1528154365,   92.18%,      66441494,      66259687,      66915104
CLIntercept is shutting down...
... shutdown complete.
