-=-=-=-=-=-=-=-=-=-=-=-=-=-=-=-=-=-=-=-=-=-=-=-=-=-=-=-=-=-=-=-=
CLIntercept (64-bit) is loading...
CLIntercept file location: C:\Users\Local_Admin\Downloads\clintercept-3.0.6-win64\Release\opencl.dll
CLIntercept URL: https://github.com/intel/opencl-intercept-layer
CLIntercept git description: v3.0.6
CLIntercept git refspec: 
CLIntercept git hash: 1c86da258a3de21c88abb8d81953febcef50991f
CLIntercept optional features:
    cliloader(supported)
    cliprof(supported)
    kernel overrides(supported)
    ITT tracing(NOT supported)
    MDAPI(supported)
    Demangling(NOT supported)
    clock(steady_clock)
CLIntercept environment variable prefix: CLI_
CLIntercept registry key: SOFTWARE\INTEL\IGFX\CLINTERCEPT
Trying to load dispatch from: real_opencl.dll
Couldn't get exported function pointer to: clGetGLContextInfoKHR
... success!
Control ReportToStderr is set to non-default value: true
Control DevicePerformanceTiming is set to non-default value: true
Timer Started!
... loading complete.
Total Enqueues: 0

=== PA Benchmark ===
NH=16 NKV=2 HD=512 SW=0
Mode=decode S_q=1 S_kv=4096 blocks=257 kv_type=i8 impl=ocl iters=2000 warmup=100 bufs=4
KV cache key type=i8 shape=[?,2,512,20]
KV cache val type=i8 shape=[?,2,16,516]
Resolved KC shape: [257,2,512,20]
Median_ms: 0.8053
Min_ms: 0.7648
Avg_ms: 0.81061
GFLOPS: 168.744
BW_GBs: 10.6279
AI: 15.8775
TotalFLOPs: 1.35889e+08
TotalBytes: 8.55862e+06
Total Enqueues: 26776


Device Performance Timing Results for Intel(R) Arc(TM) B390 GPU (96CUs, 2400MHz):

Total Time (ns): 1104136406

                                                         Function Name,  Calls,     Time (ns), Time (%),  Average (ns),      Min (ns),      Max (ns)
                                            clEnqueueMemFillINTEL( H ),      1,          4375,    0.00%,          4375,          4375,          4375
                                          clEnqueueMemcpyINTEL( HtoH ),   1575,       2606610,    0.24%,          1654,          1145,          3645
                                          clEnqueueMemcpyINTEL( MtoD ),  14700,     761039437,   68.93%,         51771,           937,       1051250
                                          clEnqueueMemcpyINTEL( MtoH ),   4200,       4205930,    0.38%,          1001,           937,          3281
                       pa_kv_cache_update_ref__2302438945628719446__sa,   2100,      13760533,    1.25%,          6552,          6041,         15625
         paged_attention_opt__gqa_single_token_2302438945628719446__sa,   2100,     310051528,   28.08%,        147643,        143541,        272395
paged_attention_opt__single_token_finalization_2302438945628719446__sa,   2100,      12467993,    1.13%,          5937,          5520,         20208
CLIntercept is shutting down...
... shutdown complete.
