-=-=-=-=-=-=-=-=-=-=-=-=-=-=-=-=-=-=-=-=-=-=-=-=-=-=-=-=-=-=-=-=
CLIntercept (64-bit) is loading...
CLIntercept file location: C:\Users\Local_Admin\Downloads\clintercept-3.0.6-win64\Release\opencl.dll
CLIntercept URL: https://github.com/intel/opencl-intercept-layer
CLIntercept git description: v3.0.6
CLIntercept git refspec: 
CLIntercept git hash: 1c86da258a3de21c88abb8d81953febcef50991f
CLIntercept optional features:
    cliloader(supported)
    cliprof(supported)
    kernel overrides(supported)
    ITT tracing(NOT supported)
    MDAPI(supported)
    Demangling(NOT supported)
    clock(steady_clock)
CLIntercept environment variable prefix: CLI_
CLIntercept registry key: SOFTWARE\INTEL\IGFX\CLINTERCEPT
Trying to load dispatch from: real_opencl.dll
Couldn't get exported function pointer to: clGetGLContextInfoKHR
... success!
Control ReportToStderr is set to non-default value: true
Control DevicePerformanceTiming is set to non-default value: true
Timer Started!
... loading complete.
Total Enqueues: 0

=== Small Ops Benchmark ===
RMSNorm3D M=2048 NH=2 HD=512 iters=300 warmup=30 bufs=4
Input tensors allocated in USM_DEVICE (VRAM) via RemoteContext.
Median_us: 105.8
Min_us: 97.8
Avg_us: 120.236
BW_GBs: 79.2971
TotalBytes: 8.38963e+06
Total Enqueues: 332


Device Performance Timing Results for Intel(R) Arc(TM) B390 GPU (96CUs, 2400MHz):

Total Time (ns): 18893817

                            Function Name,  Calls,     Time (ns), Time (%),  Average (ns),      Min (ns),      Max (ns)
               clEnqueueMemFillINTEL( H ),      2,         52811,    0.28%,         26405,         24270,         28541
rms_gpu_bfyx_opt_15496804706807354351_0_0,    330,      18841006,   99.72%,         57093,         43437,        115833
CLIntercept is shutting down...
... shutdown complete.
