-=-=-=-=-=-=-=-=-=-=-=-=-=-=-=-=-=-=-=-=-=-=-=-=-=-=-=-=-=-=-=-=
CLIntercept (64-bit) is loading...
CLIntercept file location: /home/intel/river/clintercept-3.0.6-Linux/bin/libOpenCL.so
CLIntercept URL: https://github.com/intel/opencl-intercept-layer
CLIntercept git description: v3.0.6
CLIntercept git refspec: 
CLIntercept git hash: 1c86da258a3de21c88abb8d81953febcef50991f
CLIntercept optional features:
    cliloader(supported)
    cliprof(supported)
    kernel overrides(supported)
    ITT tracing(NOT supported)
    MDAPI(supported)
    Demangling(supported)
    clock(high_resolution_clock)
CLIntercept environment variable prefix: CLI_
CLIntercept config file: clintercept.conf
Trying to load dispatch from: ./real_libOpenCL.so
Couldn't load library: ./real_libOpenCL.so
Trying to load dispatch from: /usr/lib/x86_64-linux-gnu/libOpenCL.so.1
... success!
Control ReportToStderr is set to non-default value: true
Control DevicePerformanceTiming is set to non-default value: true
Timer Started!
... loading complete.
=== FC Benchmark (precision=u4) ===
M=1 K=2560 N=9728 group_size=128 iters=2000 warmup=100 bufs=8 flush_mb=64
Dynamic quantization: OFF (decode mode, group_size=0)
Input tensors allocated in USM_DEVICE (VRAM) via RemoteContext.
L2/L3 flush kernel: 64 MB f16 Relu between every FC infer.
Median_ms: 0.155528
Min_ms: 0.150213
Avg_ms: 0.157136
GFLOPS: 320.247
BW_GBs: 82.7217
AI: 3.87138
WeightBytes: 1.24518e+07
TotalBytes: 1.28655e+07
TotalFLOPs: 4.98074e+07
Total Enqueues: 6307


Device Performance Timing Results for Intel(R) Graphics (32CUs, 2450MHz):

Total Time (ns): 2921105107

                         Function Name,  Calls,     Time (ns), Time (%),  Average (ns),      Min (ns),      Max (ns)
activation_opt_1460339482998420630_0_0,   2101,    2648838585,   90.68%,       1260751,       1246250,       1339895
            clEnqueueMemFillINTEL( H ),      5,       1916873,    0.07%,        383374,          1041,        953958
                           gemm_kernel,   2100,     270274024,    9.25%,        128701,        125520,        208020
  reorder_data_7688209601335918677_0_0,      1,         75625,    0.00%,         75625,         75625,         75625
CLIntercept is shutting down...
... shutdown complete.
