-=-=-=-=-=-=-=-=-=-=-=-=-=-=-=-=-=-=-=-=-=-=-=-=-=-=-=-=-=-=-=-=
CLIntercept (64-bit) is loading...
CLIntercept file location: /home/intel/river/clintercept-3.0.6-Linux/bin/libOpenCL.so
CLIntercept URL: https://github.com/intel/opencl-intercept-layer
CLIntercept git description: v3.0.6
CLIntercept git refspec: 
CLIntercept git hash: 1c86da258a3de21c88abb8d81953febcef50991f
CLIntercept optional features:
    cliloader(supported)
    cliprof(supported)
    kernel overrides(supported)
    ITT tracing(NOT supported)
    MDAPI(supported)
    Demangling(supported)
    clock(high_resolution_clock)
CLIntercept environment variable prefix: CLI_
CLIntercept config file: clintercept.conf
Trying to load dispatch from: ./real_libOpenCL.so
Couldn't load library: ./real_libOpenCL.so
Trying to load dispatch from: /usr/lib/x86_64-linux-gnu/libOpenCL.so.1
... success!
Control ReportToStderr is set to non-default value: true
Control DevicePerformanceTiming is set to non-default value: true
Timer Started!
... loading complete.
=== FC Benchmark (precision=u4) ===
M=2048 K=2560 N=9728 group_size=128 iters=120 warmup=10 bufs=4 flush_mb=64
Dynamic quantization: ON (group_size=128)
Input tensors allocated in USM_DEVICE (VRAM) via RemoteContext.
L2/L3 flush kernel: 64 MB f16 Relu between every FC infer.
Median_ms: 4.36779
Min_ms: 4.30246
Avg_ms: 4.36814
GFLOPS: 23354
BW_GBs: 14.4633
AI: 1614.71
WeightBytes: 1.24518e+07
TotalBytes: 6.31726e+07
TotalFLOPs: 1.02005e+11
Total Enqueues: 530


Device Performance Timing Results for Intel(R) Graphics (32CUs, 2450MHz):

Total Time (ns): 731501914

                                   Function Name,  Calls,     Time (ns), Time (%),  Average (ns),      Min (ns),      Max (ns)
          activation_opt_1460339482998420630_0_0,    131,     165596406,   22.64%,       1264094,       1251875,       1380312
                      clEnqueueMemFillINTEL( D ),      3,         56352,    0.01%,         18784,          2395,         50937
                      clEnqueueMemFillINTEL( H ),      5,       2638748,    0.36%,        527749,         20000,        963541
dynamic_quantize_gpu_opt_7459100988895049757_0_0,    130,      25817546,    3.53%,        198596,        192708,        266666
                                     gemm_kernel,    130,     537305467,   73.45%,       4133118,       4058750,       4672916
            reorder_data_7688209601335918677_0_0,      1,         87395,    0.01%,         87395,         87395,         87395
CLIntercept is shutting down...
... shutdown complete.
