-=-=-=-=-=-=-=-=-=-=-=-=-=-=-=-=-=-=-=-=-=-=-=-=-=-=-=-=-=-=-=-=
CLIntercept (64-bit) is loading...
CLIntercept file location: /home/intel/river/clintercept-3.0.6-Linux/bin/libOpenCL.so
CLIntercept URL: https://github.com/intel/opencl-intercept-layer
CLIntercept git description: v3.0.6
CLIntercept git refspec: 
CLIntercept git hash: 1c86da258a3de21c88abb8d81953febcef50991f
CLIntercept optional features:
    cliloader(supported)
    cliprof(supported)
    kernel overrides(supported)
    ITT tracing(NOT supported)
    MDAPI(supported)
    Demangling(supported)
    clock(high_resolution_clock)
CLIntercept environment variable prefix: CLI_
CLIntercept config file: clintercept.conf
Trying to load dispatch from: ./real_libOpenCL.so
Couldn't load library: ./real_libOpenCL.so
Trying to load dispatch from: /usr/lib/x86_64-linux-gnu/libOpenCL.so.1
... success!
Control ReportToStderr is set to non-default value: true
Control DevicePerformanceTiming is set to non-default value: true
Timer Started!
... loading complete.
=== FC Benchmark (precision=u4) ===
M=1024 K=4096 N=2560 group_size=128 iters=200 warmup=10 bufs=4 flush_mb=64
Dynamic quantization: ON (group_size=128)
Input tensors allocated in USM_DEVICE (VRAM) via RemoteContext.
L2/L3 flush kernel: 64 MB f16 Relu between every FC infer.
Median_ms: 1.01033
Min_ms: 0.993602
Avg_ms: 1.01162
GFLOPS: 21255.3
BW_GBs: 18.8436
AI: 1127.99
WeightBytes: 5.24288e+06
TotalBytes: 1.90382e+07
TotalFLOPs: 2.14748e+10
Total Enqueues: 850


Device Performance Timing Results for Intel(R) Graphics (32CUs, 2450MHz):

Total Time (ns): 473521385

                                    Function Name,  Calls,     Time (ns), Time (%),  Average (ns),      Min (ns),      Max (ns)
           activation_opt_1460339482998420630_0_0,    211,     266752507,   56.33%,       1264229,       1253541,       1366145
                       clEnqueueMemFillINTEL( D ),      3,         36665,    0.01%,         12221,          2187,         30312
                       clEnqueueMemFillINTEL( H ),      5,       2065206,    0.44%,        413041,         11562,        960312
dynamic_quantize_gpu_opt_16297211462962651016_0_0,    210,      37473348,    7.91%,        178444,        175416,        222187
                                      gemm_kernel,    210,     167155430,   35.30%,        795978,        776979,        861562
            reorder_data_17750351545336454372_0_0,      1,         38229,    0.01%,         38229,         38229,         38229
CLIntercept is shutting down...
... shutdown complete.
