-=-=-=-=-=-=-=-=-=-=-=-=-=-=-=-=-=-=-=-=-=-=-=-=-=-=-=-=-=-=-=-=
CLIntercept (64-bit) is loading...
CLIntercept file location: /home/intel/river/clintercept-3.0.6-Linux/bin/libOpenCL.so
CLIntercept URL: https://github.com/intel/opencl-intercept-layer
CLIntercept git description: v3.0.6
CLIntercept git refspec: 
CLIntercept git hash: 1c86da258a3de21c88abb8d81953febcef50991f
CLIntercept optional features:
    cliloader(supported)
    cliprof(supported)
    kernel overrides(supported)
    ITT tracing(NOT supported)
    MDAPI(supported)
    Demangling(supported)
    clock(high_resolution_clock)
CLIntercept environment variable prefix: CLI_
CLIntercept config file: clintercept.conf
Trying to load dispatch from: ./real_libOpenCL.so
Couldn't load library: ./real_libOpenCL.so
Trying to load dispatch from: /usr/lib/x86_64-linux-gnu/libOpenCL.so.1
... success!
Control ReportToStderr is set to non-default value: true
Control DevicePerformanceTiming is set to non-default value: true
Timer Started!
... loading complete.
=== FC Benchmark (precision=u4) ===
M=4096 K=2560 N=6144 group_size=128 iters=60 warmup=10 bufs=4 flush_mb=64
Dynamic quantization: ON (group_size=128)
Input tensors allocated in USM_DEVICE (VRAM) via RemoteContext.
L2/L3 flush kernel: 64 MB f16 Relu between every FC infer.
Median_ms: 5.4638
Min_ms: 5.38504
Avg_ms: 5.46268
GFLOPS: 23582.3
BW_GBs: 14.5344
AI: 1622.51
WeightBytes: 7.86432e+06
TotalBytes: 7.94132e+07
TotalFLOPs: 1.28849e+11
Total Enqueues: 290


Device Performance Timing Results for Intel(R) Graphics (32CUs, 2450MHz):

Total Time (ns): 474119698

                                   Function Name,  Calls,     Time (ns), Time (%),  Average (ns),      Min (ns),      Max (ns)
          activation_opt_1460339482998420630_0_0,     71,      89623613,   18.90%,       1262304,       1250520,       1384062
                      clEnqueueMemFillINTEL( D ),      3,         98957,    0.02%,         32985,          3333,         90416
                      clEnqueueMemFillINTEL( H ),      5,       2941248,    0.62%,        588249,         13333,        966979
dynamic_quantize_gpu_opt_3119411733331607719_0_0,     70,      27627679,    5.83%,        394681,        384270,        555312
                                     gemm_kernel,     70,     353762576,   74.61%,       5053751,       4952395,       5893541
           reorder_data_15447538680697385091_0_0,      1,         65625,    0.01%,         65625,         65625,         65625
CLIntercept is shutting down...
... shutdown complete.
