-=-=-=-=-=-=-=-=-=-=-=-=-=-=-=-=-=-=-=-=-=-=-=-=-=-=-=-=-=-=-=-=
CLIntercept (64-bit) is loading...
CLIntercept file location: /home/intel/river/clintercept-3.0.6-Linux/bin/libOpenCL.so
CLIntercept URL: https://github.com/intel/opencl-intercept-layer
CLIntercept git description: v3.0.6
CLIntercept git refspec: 
CLIntercept git hash: 1c86da258a3de21c88abb8d81953febcef50991f
CLIntercept optional features:
    cliloader(supported)
    cliprof(supported)
    kernel overrides(supported)
    ITT tracing(NOT supported)
    MDAPI(supported)
    Demangling(supported)
    clock(high_resolution_clock)
CLIntercept environment variable prefix: CLI_
CLIntercept config file: clintercept.conf
Trying to load dispatch from: ./real_libOpenCL.so
Couldn't load library: ./real_libOpenCL.so
Trying to load dispatch from: /usr/lib/x86_64-linux-gnu/libOpenCL.so.1
... success!
Control ReportToStderr is set to non-default value: true
Control DevicePerformanceTiming is set to non-default value: true
Timer Started!
... loading complete.
=== FC Benchmark (precision=u4) ===
M=2048 K=4096 N=2560 group_size=128 iters=120 warmup=10 bufs=4 flush_mb=64
Dynamic quantization: ON (group_size=128)
Input tensors allocated in USM_DEVICE (VRAM) via RemoteContext.
L2/L3 flush kernel: 64 MB f16 Relu between every FC infer.
Median_ms: 1.87348
Min_ms: 1.86001
Avg_ms: 1.87741
GFLOPS: 22925.1
BW_GBs: 17.438
AI: 1314.66
WeightBytes: 5.24288e+06
TotalBytes: 3.26697e+07
TotalFLOPs: 4.29497e+10
Total Enqueues: 530


Device Performance Timing Results for Intel(R) Graphics (32CUs, 2450MHz):

Total Time (ns): 408457958

                                   Function Name,  Calls,     Time (ns), Time (%),  Average (ns),      Min (ns),      Max (ns)
          activation_opt_1460339482998420630_0_0,    131,     164698798,   40.32%,       1257242,       1248750,       1384583
                      clEnqueueMemFillINTEL( D ),      3,         87290,    0.02%,         29096,          3020,         79895
                      clEnqueueMemFillINTEL( H ),      5,       2303019,    0.56%,        460603,         11354,        970000
dynamic_quantize_gpu_opt_1276314113474121860_0_0,    130,      46717135,   11.44%,        359362,        351666,        482708
                                     gemm_kernel,    130,     194602341,   47.64%,       1496941,       1471770,       1823645
           reorder_data_17750351545336454372_0_0,      1,         49375,    0.01%,         49375,         49375,         49375
CLIntercept is shutting down...
... shutdown complete.
