-=-=-=-=-=-=-=-=-=-=-=-=-=-=-=-=-=-=-=-=-=-=-=-=-=-=-=-=-=-=-=-=
CLIntercept (64-bit) is loading...
CLIntercept file location: /home/intel/river/clintercept-3.0.6-Linux/bin/libOpenCL.so
CLIntercept URL: https://github.com/intel/opencl-intercept-layer
CLIntercept git description: v3.0.6
CLIntercept git refspec: 
CLIntercept git hash: 1c86da258a3de21c88abb8d81953febcef50991f
CLIntercept optional features:
    cliloader(supported)
    cliprof(supported)
    kernel overrides(supported)
    ITT tracing(NOT supported)
    MDAPI(supported)
    Demangling(supported)
    clock(high_resolution_clock)
CLIntercept environment variable prefix: CLI_
CLIntercept config file: clintercept.conf
Trying to load dispatch from: ./real_libOpenCL.so
Couldn't load library: ./real_libOpenCL.so
Trying to load dispatch from: /usr/lib/x86_64-linux-gnu/libOpenCL.so.1
... success!
Control ReportToStderr is set to non-default value: true
Control DevicePerformanceTiming is set to non-default value: true
Timer Started!
... loading complete.
=== FC Benchmark (precision=u4) ===
M=8192 K=9728 N=2560 group_size=128 iters=30 warmup=10 bufs=4 flush_mb=64
Dynamic quantization: ON (group_size=128)
Input tensors allocated in USM_DEVICE (VRAM) via RemoteContext.
L2/L3 flush kernel: 64 MB f16 Relu between every FC infer.
Median_ms: 19.0136
Min_ms: 18.9722
Avg_ms: 19.0208
GFLOPS: 21459.4
BW_GBs: 11.2639
AI: 1905.15
WeightBytes: 1.24518e+07
TotalBytes: 2.14168e+08
TotalFLOPs: 4.08022e+11
Total Enqueues: 170


Device Performance Timing Results for Intel(R) Graphics (32CUs, 2450MHz):

Total Time (ns): 817326507

                                   Function Name,  Calls,     Time (ns), Time (%),  Average (ns),      Min (ns),      Max (ns)
          activation_opt_1460339482998420630_0_0,     41,      52052482,    6.37%,       1269572,       1256875,       1371041
                      clEnqueueMemFillINTEL( D ),      3,        496145,    0.06%,        165381,         11354,        464479
                      clEnqueueMemFillINTEL( H ),      5,       4801769,    0.59%,        960353,         13645,       2303750
dynamic_quantize_gpu_opt_3091190410173956006_0_0,     40,     137786545,   16.86%,       3444663,       3393541,       3888645
                                     gemm_kernel,     40,     622130400,   76.12%,      15553260,      15456354,      15653854
            reorder_data_9328680831490205512_0_0,      1,         59166,    0.01%,         59166,         59166,         59166
CLIntercept is shutting down...
... shutdown complete.
