-=-=-=-=-=-=-=-=-=-=-=-=-=-=-=-=-=-=-=-=-=-=-=-=-=-=-=-=-=-=-=-=
CLIntercept (64-bit) is loading...
CLIntercept file location: /home/intel/river/clintercept-3.0.6-Linux/bin/libOpenCL.so
CLIntercept URL: https://github.com/intel/opencl-intercept-layer
CLIntercept git description: v3.0.6
CLIntercept git refspec: 
CLIntercept git hash: 1c86da258a3de21c88abb8d81953febcef50991f
CLIntercept optional features:
    cliloader(supported)
    cliprof(supported)
    kernel overrides(supported)
    ITT tracing(NOT supported)
    MDAPI(supported)
    Demangling(supported)
    clock(high_resolution_clock)
CLIntercept environment variable prefix: CLI_
CLIntercept config file: clintercept.conf
Trying to load dispatch from: ./real_libOpenCL.so
Couldn't load library: ./real_libOpenCL.so
Trying to load dispatch from: /usr/lib/x86_64-linux-gnu/libOpenCL.so.1
... success!
Control ReportToStderr is set to non-default value: true
Control DevicePerformanceTiming is set to non-default value: true
Timer Started!
... loading complete.
=== FC Benchmark (precision=u4) ===
M=8192 K=2560 N=6144 group_size=128 iters=30 warmup=10 bufs=4 flush_mb=64
Dynamic quantization: ON (group_size=128)
Input tensors allocated in USM_DEVICE (VRAM) via RemoteContext.
L2/L3 flush kernel: 64 MB f16 Relu between every FC infer.
Median_ms: 11.1446
Min_ms: 11.0883
Avg_ms: 11.172
GFLOPS: 23123.1
BW_GBs: 13.5237
AI: 1709.82
WeightBytes: 7.86432e+06
TotalBytes: 1.50716e+08
TotalFLOPs: 2.57698e+11
Total Enqueues: 170


Device Performance Timing Results for Intel(R) Graphics (32CUs, 2450MHz):

Total Time (ns): 499593697

                                    Function Name,  Calls,     Time (ns), Time (%),  Average (ns),      Min (ns),      Max (ns)
           activation_opt_1460339482998420630_0_0,     41,      51838736,   10.38%,       1264359,       1251354,       1366354
                       clEnqueueMemFillINTEL( D ),      3,        157186,    0.03%,         52395,          4583,        144791
                       clEnqueueMemFillINTEL( H ),      5,       4015415,    0.80%,        803083,         11875,       1501145
dynamic_quantize_gpu_opt_11210897370641145109_0_0,     40,      31492274,    6.30%,        787306,        773645,       1039479
                                      gemm_kernel,     40,     412024357,   82.47%,      10300608,      10209687,      10428854
            reorder_data_15447538680697385091_0_0,      1,         65729,    0.01%,         65729,         65729,         65729
CLIntercept is shutting down...
... shutdown complete.
