-=-=-=-=-=-=-=-=-=-=-=-=-=-=-=-=-=-=-=-=-=-=-=-=-=-=-=-=-=-=-=-=
CLIntercept (64-bit) is loading...
CLIntercept file location: /home/intel/river/clintercept-3.0.6-Linux/bin/libOpenCL.so
CLIntercept URL: https://github.com/intel/opencl-intercept-layer
CLIntercept git description: v3.0.6
CLIntercept git refspec: 
CLIntercept git hash: 1c86da258a3de21c88abb8d81953febcef50991f
CLIntercept optional features:
    cliloader(supported)
    cliprof(supported)
    kernel overrides(supported)
    ITT tracing(NOT supported)
    MDAPI(supported)
    Demangling(supported)
    clock(high_resolution_clock)
CLIntercept environment variable prefix: CLI_
CLIntercept config file: clintercept.conf
Trying to load dispatch from: ./real_libOpenCL.so
Couldn't load library: ./real_libOpenCL.so
Trying to load dispatch from: /usr/lib/x86_64-linux-gnu/libOpenCL.so.1
... success!
Control ReportToStderr is set to non-default value: true
Control DevicePerformanceTiming is set to non-default value: true
Timer Started!
... loading complete.
=== FC Benchmark (precision=u4) ===
M=4096 K=4096 N=2560 group_size=128 iters=60 warmup=10 bufs=4 flush_mb=64
Dynamic quantization: ON (group_size=128)
Input tensors allocated in USM_DEVICE (VRAM) via RemoteContext.
L2/L3 flush kernel: 64 MB f16 Relu between every FC infer.
Median_ms: 3.67946
Min_ms: 3.65366
Avg_ms: 3.67992
GFLOPS: 23345.7
BW_GBs: 16.2885
AI: 1433.26
WeightBytes: 5.24288e+06
TotalBytes: 5.99327e+07
TotalFLOPs: 8.58993e+10
Total Enqueues: 290


Device Performance Timing Results for Intel(R) Graphics (32CUs, 2450MHz):

Total Time (ns): 349644912

                                   Function Name,  Calls,     Time (ns), Time (%),  Average (ns),      Min (ns),      Max (ns)
          activation_opt_1460339482998420630_0_0,     71,      89409137,   25.57%,       1259283,       1249062,       1392500
                      clEnqueueMemFillINTEL( D ),      3,        152603,    0.04%,         50867,          4583,        140416
                      clEnqueueMemFillINTEL( H ),      5,       2696352,    0.77%,        539270,         13125,        966041
dynamic_quantize_gpu_opt_2587540036748385820_0_0,     70,      50521639,   14.45%,        721737,        706875,        959270
                                     gemm_kernel,     70,     206817265,   59.15%,       2954532,       2910520,       3503958
           reorder_data_17750351545336454372_0_0,      1,         47916,    0.01%,         47916,         47916,         47916
CLIntercept is shutting down...
... shutdown complete.
