-=-=-=-=-=-=-=-=-=-=-=-=-=-=-=-=-=-=-=-=-=-=-=-=-=-=-=-=-=-=-=-=
CLIntercept (64-bit) is loading...
CLIntercept file location: /home/intel/river/clintercept-3.0.6-Linux/bin/libOpenCL.so
CLIntercept URL: https://github.com/intel/opencl-intercept-layer
CLIntercept git description: v3.0.6
CLIntercept git refspec: 
CLIntercept git hash: 1c86da258a3de21c88abb8d81953febcef50991f
CLIntercept optional features:
    cliloader(supported)
    cliprof(supported)
    kernel overrides(supported)
    ITT tracing(NOT supported)
    MDAPI(supported)
    Demangling(supported)
    clock(high_resolution_clock)
CLIntercept environment variable prefix: CLI_
CLIntercept config file: clintercept.conf
Trying to load dispatch from: ./real_libOpenCL.so
Couldn't load library: ./real_libOpenCL.so
Trying to load dispatch from: /usr/lib/x86_64-linux-gnu/libOpenCL.so.1
... success!
Control ReportToStderr is set to non-default value: true
Control DevicePerformanceTiming is set to non-default value: true
Timer Started!
... loading complete.
=== FC Benchmark (precision=u4) ===
M=1024 K=2560 N=6144 group_size=128 iters=200 warmup=10 bufs=4 flush_mb=64
Dynamic quantization: ON (group_size=128)
Input tensors allocated in USM_DEVICE (VRAM) via RemoteContext.
L2/L3 flush kernel: 64 MB f16 Relu between every FC infer.
Median_ms: 1.56201
Min_ms: 1.43511
Avg_ms: 1.54686
GFLOPS: 20622.3
BW_GBs: 16.6042
AI: 1242
WeightBytes: 7.86432e+06
TotalBytes: 2.59359e+07
TotalFLOPs: 3.22123e+10
Total Enqueues: 850


Device Performance Timing Results for Intel(R) Graphics (32CUs, 2450MHz):

Total Time (ns): 582520467

                                  Function Name,  Calls,     Time (ns), Time (%),  Average (ns),      Min (ns),      Max (ns)
         activation_opt_1460339482998420630_0_0,    211,     264609811,   45.42%,       1254074,       1245000,       1365312
                     clEnqueueMemFillINTEL( D ),      3,         27811,    0.00%,          9270,          1770,         22083
                     clEnqueueMemFillINTEL( H ),      5,       2117186,    0.36%,        423437,         10833,        958125
dynamic_quantize_gpu_opt_315048142336630743_0_0,    210,      21044596,    3.61%,        100212,         96770,        133020
                                    gemm_kernel,    210,     294660751,   50.58%,       1403146,       1275000,       1605104
          reorder_data_15447538680697385091_0_0,      1,         60312,    0.01%,         60312,         60312,         60312
CLIntercept is shutting down...
... shutdown complete.
