-=-=-=-=-=-=-=-=-=-=-=-=-=-=-=-=-=-=-=-=-=-=-=-=-=-=-=-=-=-=-=-=
CLIntercept (64-bit) is loading...
CLIntercept file location: /home/intel/river/clintercept-3.0.6-Linux/bin/libOpenCL.so
CLIntercept URL: https://github.com/intel/opencl-intercept-layer
CLIntercept git description: v3.0.6
CLIntercept git refspec: 
CLIntercept git hash: 1c86da258a3de21c88abb8d81953febcef50991f
CLIntercept optional features:
    cliloader(supported)
    cliprof(supported)
    kernel overrides(supported)
    ITT tracing(NOT supported)
    MDAPI(supported)
    Demangling(supported)
    clock(high_resolution_clock)
CLIntercept environment variable prefix: CLI_
CLIntercept config file: clintercept.conf
Trying to load dispatch from: ./real_libOpenCL.so
Couldn't load library: ./real_libOpenCL.so
Trying to load dispatch from: /usr/lib/x86_64-linux-gnu/libOpenCL.so.1
... success!
Control ReportToStderr is set to non-default value: true
Control DevicePerformanceTiming is set to non-default value: true
Timer Started!
... loading complete.
=== PA Benchmark ===
NH=32 NKV=8 HD=128
Mode=decode S_q=1 S_kv=2048 blocks=129 kv_type=i8 impl=ocl iters=300 warmup=30 bufs=4
[1;30mGPU_Debug: [1;34mexecution_config.cpp:[1;35m233:[1;36moperator(): [0m[Warning] BY_CHANNEL quant mode is not supported for cache rotation yet. Switching to BY_TOKEN mode.
[1;30mGPU_Debug: [1;34mexecution_config.cpp:[1;35m233:[1;36moperator(): [0m[Warning] BY_CHANNEL quant mode is not supported for cache rotation yet. Switching to BY_TOKEN mode.
KV cache key type=i8 shape=[?,8,128,20]
KV cache val type=i8 shape=[?,8,16,132]
Resolved KC shape: [129,8,128,20]
Median_ms: 0.620933
Min_ms: 0.584606
Avg_ms: 0.626115
GFLOPS: 56.705
BW_GBs: 6.8406
AI: 8.28948
TotalFLOPs: 3.521e+07
TotalBytes: 4.24755e+06
Total Enqueues: 4208


Device Performance Timing Results for Intel(R) Graphics (32CUs, 2450MHz):

Total Time (ns): 110919775

                                                         Function Name,  Calls,     Time (ns), Time (%),  Average (ns),      Min (ns),      Max (ns)
                                            clEnqueueMemFillINTEL( H ),      1,          9479,    0.01%,          9479,          9479,          9479
                                          clEnqueueMemcpyINTEL( HtoH ),    247,        407269,    0.37%,          1648,          1041,          2760
                                          clEnqueueMemcpyINTEL( MtoD ),   2310,      47112715,   42.47%,         20395,           989,        226041
                                          clEnqueueMemcpyINTEL( MtoH ),    660,        696923,    0.63%,          1055,           989,          4739
                       pa_kv_cache_update_ref__7226791864492574839__sa,    330,       1241463,    1.12%,          3762,          3437,         13541
             paged_attention_opt__single_token_7226791864492574839__sa,    330,      60273512,   54.34%,        182647,        166145,        265000
paged_attention_opt__single_token_finalization_7226791864492574839__sa,    330,       1178414,    1.06%,          3570,          2812,          9270
CLIntercept is shutting down...
... shutdown complete.
