-=-=-=-=-=-=-=-=-=-=-=-=-=-=-=-=-=-=-=-=-=-=-=-=-=-=-=-=-=-=-=-=
CLIntercept (64-bit) is loading...
CLIntercept file location: /home/intel/river/clintercept-3.0.6-Linux/bin/libOpenCL.so
CLIntercept URL: https://github.com/intel/opencl-intercept-layer
CLIntercept git description: v3.0.6
CLIntercept git refspec: 
CLIntercept git hash: 1c86da258a3de21c88abb8d81953febcef50991f
CLIntercept optional features:
    cliloader(supported)
    cliprof(supported)
    kernel overrides(supported)
    ITT tracing(NOT supported)
    MDAPI(supported)
    Demangling(supported)
    clock(high_resolution_clock)
CLIntercept environment variable prefix: CLI_
CLIntercept config file: clintercept.conf
Trying to load dispatch from: ./real_libOpenCL.so
Couldn't load library: ./real_libOpenCL.so
Trying to load dispatch from: /usr/lib/x86_64-linux-gnu/libOpenCL.so.1
... success!
Control ReportToStderr is set to non-default value: true
Control DevicePerformanceTiming is set to non-default value: true
Timer Started!
... loading complete.
=== Small Ops Benchmark ===
Multiply M=1 H=9728 iters=5000 warmup=200 bufs=8
Input tensors allocated in USM_DEVICE (VRAM) via RemoteContext.
Median_us: 16.97
Min_us: 16.035
Avg_us: 17.3127
BW_GBs: 3.43948
TotalBytes: 58368
Total Enqueues: 5203


Device Performance Timing Results for Intel(R) Graphics (32CUs, 2450MHz):

Total Time (ns): 9469969

                               Function Name,  Calls,     Time (ns), Time (%),  Average (ns),      Min (ns),      Max (ns)
                  clEnqueueMemFillINTEL( H ),      3,         16144,    0.17%,          5381,          1145,         13854
eltwise_simple_vload8_779234563877081055_0_0,   5200,       9453825,   99.83%,          1818,          1666,          6979
CLIntercept is shutting down...
... shutdown complete.
