-=-=-=-=-=-=-=-=-=-=-=-=-=-=-=-=-=-=-=-=-=-=-=-=-=-=-=-=-=-=-=-=
CLIntercept (64-bit) is loading...
CLIntercept file location: C:\Users\Local_Admin\Downloads\clintercept-3.0.6-win64\Release\opencl.dll
CLIntercept URL: https://github.com/intel/opencl-intercept-layer
CLIntercept git description: v3.0.6
CLIntercept git refspec: 
CLIntercept git hash: 1c86da258a3de21c88abb8d81953febcef50991f
CLIntercept optional features:
    cliloader(supported)
    cliprof(supported)
    kernel overrides(supported)
    ITT tracing(NOT supported)
    MDAPI(supported)
    Demangling(NOT supported)
    clock(steady_clock)
CLIntercept environment variable prefix: CLI_
CLIntercept registry key: SOFTWARE\INTEL\IGFX\CLINTERCEPT
Trying to load dispatch from: real_opencl.dll
Couldn't get exported function pointer to: clGetGLContextInfoKHR
... success!
Control ReportToStderr is set to non-default value: true
Control DevicePerformanceTiming is set to non-default value: true
Timer Started!
... loading complete.
Total Enqueues: 0

=== VLSDPA Benchmark (CM kernel) ===
head_size=80 num_heads=16 total_tokens=4096 num_seqs=1 iters=50 warmup=5 bufs=2
Median_ms: 4.5213
Min_ms: 4.2628
Avg_ms: 4.48251
GFLOPS: 20483.1
BW_GBs: 9.27677
AI: 2208
TotalFLOPs: 9.26102e+10
TotalBytes: 4.1943e+07
Total Enqueues: 358


Device Performance Timing Results for Intel(R) Arc(TM) B390 GPU (96CUs, 2400MHz):

Total Time (ns): 229970299

                        Function Name,  Calls,     Time (ns), Time (%),  Average (ns),      Min (ns),      Max (ns)
           clEnqueueMemFillINTEL( H ),      1,         51875,    0.02%,         51875,         51875,         51875
         clEnqueueMemcpyINTEL( DtoM ),     55,         65428,    0.03%,          1189,          1041,          4479
         clEnqueueMemcpyINTEL( HtoH ),     27,       6296759,    2.74%,        233213,        201927,        254843
         clEnqueueMemcpyINTEL( MtoD ),    220,      77439803,   33.67%,        351999,          1093,        870468
cm_sdpa_vlen_10376755940530348800__sa,     55,     146116434,   63.54%,       2656662,       2565937,       4658541
CLIntercept is shutting down...
... shutdown complete.
