-=-=-=-=-=-=-=-=-=-=-=-=-=-=-=-=-=-=-=-=-=-=-=-=-=-=-=-=-=-=-=-=
CLIntercept (64-bit) is loading...
CLIntercept file location: C:\Users\Local_Admin\Downloads\clintercept-3.0.6-win64\Release\opencl.dll
CLIntercept URL: https://github.com/intel/opencl-intercept-layer
CLIntercept git description: v3.0.6
CLIntercept git refspec: 
CLIntercept git hash: 1c86da258a3de21c88abb8d81953febcef50991f
CLIntercept optional features:
    cliloader(supported)
    cliprof(supported)
    kernel overrides(supported)
    ITT tracing(NOT supported)
    MDAPI(supported)
    Demangling(NOT supported)
    clock(steady_clock)
CLIntercept environment variable prefix: CLI_
CLIntercept registry key: SOFTWARE\INTEL\IGFX\CLINTERCEPT
Trying to load dispatch from: real_opencl.dll
Couldn't get exported function pointer to: clGetGLContextInfoKHR
... success!
Control ReportToStderr is set to non-default value: true
Control DevicePerformanceTiming is set to non-default value: true
Timer Started!
... loading complete.
Total Enqueues: 0

=== VLSDPA Benchmark (CM kernel) ===
head_size=80 num_heads=16 total_tokens=256 num_seqs=1 iters=200 warmup=20 bufs=4
Median_ms: 0.2331
Min_ms: 0.2009
Avg_ms: 0.230929
GFLOPS: 1551.95
BW_GBs: 11.246
AI: 138
TotalFLOPs: 3.61759e+08
TotalBytes: 2.62144e+06
Total Enqueues: 1486


Device Performance Timing Results for Intel(R) Arc(TM) B390 GPU (96CUs, 2400MHz):

Total Time (ns): 24462892

                        Function Name,  Calls,     Time (ns), Time (%),  Average (ns),      Min (ns),      Max (ns)
           clEnqueueMemFillINTEL( H ),      1,         10833,    0.04%,         10833,         10833,         10833
         clEnqueueMemcpyINTEL( DtoM ),    220,        250007,    1.02%,          1136,           989,          3750
         clEnqueueMemcpyINTEL( HtoH ),    165,       2391329,    9.78%,         14492,         13281,         27604
         clEnqueueMemcpyINTEL( MtoD ),    880,      14024776,   57.33%,         15937,          1093,         41250
cm_sdpa_vlen_10376755940530348800__sa,    220,       7785947,   31.83%,         35390,         28333,         57083
CLIntercept is shutting down...
... shutdown complete.
