-=-=-=-=-=-=-=-=-=-=-=-=-=-=-=-=-=-=-=-=-=-=-=-=-=-=-=-=-=-=-=-=
CLIntercept (64-bit) is loading...
CLIntercept file location: C:\Users\Local_Admin\Downloads\clintercept-3.0.6-win64\Release\opencl.dll
CLIntercept URL: https://github.com/intel/opencl-intercept-layer
CLIntercept git description: v3.0.6
CLIntercept git refspec: 
CLIntercept git hash: 1c86da258a3de21c88abb8d81953febcef50991f
CLIntercept optional features:
    cliloader(supported)
    cliprof(supported)
    kernel overrides(supported)
    ITT tracing(NOT supported)
    MDAPI(supported)
    Demangling(NOT supported)
    clock(steady_clock)
CLIntercept environment variable prefix: CLI_
CLIntercept registry key: SOFTWARE\INTEL\IGFX\CLINTERCEPT
Trying to load dispatch from: real_opencl.dll
Couldn't get exported function pointer to: clGetGLContextInfoKHR
... success!
Control ReportToStderr is set to non-default value: true
Control DevicePerformanceTiming is set to non-default value: true
Timer Started!
... loading complete.
Total Enqueues: 0

=== VLSDPA Benchmark (CM kernel) ===
head_size=80 num_heads=16 total_tokens=8192 num_seqs=1 iters=25 warmup=5 bufs=2
Median_ms: 14.4922
Min_ms: 13.8708
Avg_ms: 14.5437
GFLOPS: 25561.4
BW_GBs: 5.78836
AI: 4416
TotalFLOPs: 3.70441e+11
TotalBytes: 8.38861e+07
Total Enqueues: 195


Device Performance Timing Results for Intel(R) Arc(TM) B390 GPU (96CUs, 2400MHz):

Total Time (ns): 425104583

                        Function Name,  Calls,     Time (ns), Time (%),  Average (ns),      Min (ns),      Max (ns)
           clEnqueueMemFillINTEL( H ),      1,        160625,    0.04%,        160625,        160625,        160625
         clEnqueueMemcpyINTEL( DtoM ),     30,         37320,    0.01%,          1244,          1041,          4427
         clEnqueueMemcpyINTEL( HtoH ),     14,       6877702,    1.62%,        491264,        477291,        507604
         clEnqueueMemcpyINTEL( MtoD ),    120,      89568220,   21.07%,        746401,          1510,       1151406
cm_sdpa_vlen_10376755940530348800__sa,     30,     328460716,   77.27%,      10948690,      10425416,      13056562
CLIntercept is shutting down...
... shutdown complete.
