-=-=-=-=-=-=-=-=-=-=-=-=-=-=-=-=-=-=-=-=-=-=-=-=-=-=-=-=-=-=-=-=
CLIntercept (64-bit) is loading...
CLIntercept file location: C:\Users\Local_Admin\Downloads\clintercept-3.0.6-win64\Release\opencl.dll
CLIntercept URL: https://github.com/intel/opencl-intercept-layer
CLIntercept git description: v3.0.6
CLIntercept git refspec: 
CLIntercept git hash: 1c86da258a3de21c88abb8d81953febcef50991f
CLIntercept optional features:
    cliloader(supported)
    cliprof(supported)
    kernel overrides(supported)
    ITT tracing(NOT supported)
    MDAPI(supported)
    Demangling(NOT supported)
    clock(steady_clock)
CLIntercept environment variable prefix: CLI_
CLIntercept registry key: SOFTWARE\INTEL\IGFX\CLINTERCEPT
Trying to load dispatch from: real_opencl.dll
Couldn't get exported function pointer to: clGetGLContextInfoKHR
... success!
Control ReportToStderr is set to non-default value: true
Control DevicePerformanceTiming is set to non-default value: true
Timer Started!
... loading complete.
Total Enqueues: 0

=== VLSDPA Benchmark (CM kernel) ===
head_size=128 num_heads=1 total_tokens=16 num_seqs=1 iters=500 warmup=50 bufs=4
Median_ms: 0.0923
Min_ms: 0.0731
Avg_ms: 0.100697
GFLOPS: 1.4894
BW_GBs: 0.177508
AI: 8.39062
TotalFLOPs: 137472
TotalBytes: 16384
Total Enqueues: 3713


Device Performance Timing Results for Intel(R) Arc(TM) B390 GPU (96CUs, 2400MHz):

Total Time (ns): 8563893

                        Function Name,  Calls,     Time (ns), Time (%),  Average (ns),      Min (ns),      Max (ns)
           clEnqueueMemFillINTEL( H ),      1,          8229,    0.10%,          8229,          8229,          8229
         clEnqueueMemcpyINTEL( DtoM ),    550,        996484,   11.64%,          1811,          1614,          3802
         clEnqueueMemcpyINTEL( HtoH ),    412,        888603,   10.38%,          2156,          1458,          3072
         clEnqueueMemcpyINTEL( MtoD ),   2200,       3827476,   44.69%,          1739,          1614,          8958
cm_sdpa_vlen_12490950533793745136__sa,    550,       2843101,   33.20%,          5169,          4791,         10104
CLIntercept is shutting down...
... shutdown complete.
