-=-=-=-=-=-=-=-=-=-=-=-=-=-=-=-=-=-=-=-=-=-=-=-=-=-=-=-=-=-=-=-=
CLIntercept (64-bit) is loading...
CLIntercept file location: C:\Users\Local_Admin\Downloads\clintercept-3.0.6-win64\Release\opencl.dll
CLIntercept URL: https://github.com/intel/opencl-intercept-layer
CLIntercept git description: v3.0.6
CLIntercept git refspec: 
CLIntercept git hash: 1c86da258a3de21c88abb8d81953febcef50991f
CLIntercept optional features:
    cliloader(supported)
    cliprof(supported)
    kernel overrides(supported)
    ITT tracing(NOT supported)
    MDAPI(supported)
    Demangling(NOT supported)
    clock(steady_clock)
CLIntercept environment variable prefix: CLI_
CLIntercept registry key: SOFTWARE\INTEL\IGFX\CLINTERCEPT
Trying to load dispatch from: real_opencl.dll
Couldn't get exported function pointer to: clGetGLContextInfoKHR
... success!
Control ReportToStderr is set to non-default value: true
Control DevicePerformanceTiming is set to non-default value: true
Timer Started!
... loading complete.
Total Enqueues: 0

=== PA Benchmark ===
NH=32 NKV=8 HD=128
Mode=decode S_q=1 S_kv=16384 blocks=1025 kv_type=i8 impl=cm iters=100 warmup=10 bufs=3
[1;30mGPU_Debug: [1;34mexecution_config.cpp:[1;35m233:[1;36moperator (): [0m[Warning] BY_CHANNEL quant mode is not supported for cache rotation yet. Switching to BY_TOKEN mode.
[1;30mGPU_Debug: [1;34mexecution_config.cpp:[1;35m233:[1;36moperator (): [0m[Warning] BY_CHANNEL quant mode is not supported for cache rotation yet. Switching to BY_TOKEN mode.
KV cache key type=i8 shape=[?,8,320,128]
KV cache val type=i8 shape=[?,8,256,132]
Resolved KC shape: [65,8,320,128]
Median_ms: 2.3701
Min_ms: 2.302
Avg_ms: 2.38701
GFLOPS: 118.797
BW_GBs: 0.907303
AI: 130.934
TotalFLOPs: 2.8156e+08
TotalBytes: 2.1504e+06
Total Enqueues: 1725


Device Performance Timing Results for Intel(R) Arc(TM) B390 GPU (96CUs, 2400MHz):

Total Time (ns): 217997739

                                         Function Name,  Calls,     Time (ns), Time (%),  Average (ns),      Min (ns),      Max (ns)
                            clEnqueueMemFillINTEL( H ),      3,         22082,    0.01%,          7360,          1562,         15729
                          clEnqueueMemcpyINTEL( HtoH ),     72,         86254,    0.04%,          1197,          1041,          3072
                          clEnqueueMemcpyINTEL( MtoD ),    880,     206868690,   94.89%,        235078,           937,       1715312
                          clEnqueueMemcpyINTEL( MtoH ),    440,        454894,    0.21%,          1033,           937,          3958
      pa_kv_cache_update_ref_cm_228860230557743626__sa,    110,        868808,    0.40%,          7898,          5312,         14479
             pa_single_token_cm_228860230557743626__sa,    110,       9306098,    4.27%,         84600,         82500,         99791
pa_single_token_finalization_cm_228860230557743626__sa,    110,        390913,    0.18%,          3553,          3020,         11354
CLIntercept is shutting down...
... shutdown complete.
