-=-=-=-=-=-=-=-=-=-=-=-=-=-=-=-=-=-=-=-=-=-=-=-=-=-=-=-=-=-=-=-=
CLIntercept (64-bit) is loading...
CLIntercept file location: C:\Users\Local_Admin\Downloads\clintercept-3.0.6-win64\Release\opencl.dll
CLIntercept URL: https://github.com/intel/opencl-intercept-layer
CLIntercept git description: v3.0.6
CLIntercept git refspec: 
CLIntercept git hash: 1c86da258a3de21c88abb8d81953febcef50991f
CLIntercept optional features:
    cliloader(supported)
    cliprof(supported)
    kernel overrides(supported)
    ITT tracing(NOT supported)
    MDAPI(supported)
    Demangling(NOT supported)
    clock(steady_clock)
CLIntercept environment variable prefix: CLI_
CLIntercept registry key: SOFTWARE\INTEL\IGFX\CLINTERCEPT
Trying to load dispatch from: real_opencl.dll
Couldn't get exported function pointer to: clGetGLContextInfoKHR
... success!
Control ReportToStderr is set to non-default value: true
Control DevicePerformanceTiming is set to non-default value: true
Timer Started!
... loading complete.
Total Enqueues: 0

=== PA Benchmark ===
NH=32 NKV=8 HD=128
Mode=decode S_q=1 S_kv=8192 blocks=513 kv_type=i8 impl=cm iters=150 warmup=15 bufs=5
[1;30mGPU_Debug: [1;34mexecution_config.cpp:[1;35m233:[1;36moperator (): [0m[Warning] BY_CHANNEL quant mode is not supported for cache rotation yet. Switching to BY_TOKEN mode.
[1;30mGPU_Debug: [1;34mexecution_config.cpp:[1;35m233:[1;36moperator (): [0m[Warning] BY_CHANNEL quant mode is not supported for cache rotation yet. Switching to BY_TOKEN mode.
KV cache key type=i8 shape=[?,8,320,128]
KV cache val type=i8 shape=[?,8,256,132]
Resolved KC shape: [33,8,320,128]
Median_ms: 1.329
Min_ms: 1.2824
Avg_ms: 1.34227
GFLOPS: 105.936
BW_GBs: 0.829062
AI: 127.778
TotalFLOPs: 1.40789e+08
TotalBytes: 1.10182e+06
Total Enqueues: 2610


Device Performance Timing Results for Intel(R) Arc(TM) B390 GPU (96CUs, 2400MHz):

Total Time (ns): 162357584

                                         Function Name,  Calls,     Time (ns), Time (%),  Average (ns),      Min (ns),      Max (ns)
                            clEnqueueMemFillINTEL( H ),      3,         18228,    0.01%,          6076,          1458,          9895
                          clEnqueueMemcpyINTEL( HtoH ),    132,        177833,    0.11%,          1347,          1041,          3229
                          clEnqueueMemcpyINTEL( MtoD ),   1320,     146632546,   90.31%,        111085,           937,        568802
                          clEnqueueMemcpyINTEL( MtoH ),    660,        680648,    0.42%,          1031,           937,          3750
      pa_kv_cache_update_ref_cm_228860230557743626__sa,    165,       1024934,    0.63%,          6211,          5416,         14270
             pa_single_token_cm_228860230557743626__sa,    165,      13347528,    8.22%,         80894,         79687,         95312
pa_single_token_finalization_cm_228860230557743626__sa,    165,        475867,    0.29%,          2884,          2604,         10000
CLIntercept is shutting down...
... shutdown complete.
