-=-=-=-=-=-=-=-=-=-=-=-=-=-=-=-=-=-=-=-=-=-=-=-=-=-=-=-=-=-=-=-=
CLIntercept (64-bit) is loading...
CLIntercept file location: C:\Users\Local_Admin\Downloads\clintercept-3.0.6-win64\Release\opencl.dll
CLIntercept URL: https://github.com/intel/opencl-intercept-layer
CLIntercept git description: v3.0.6
CLIntercept git refspec: 
CLIntercept git hash: 1c86da258a3de21c88abb8d81953febcef50991f
CLIntercept optional features:
    cliloader(supported)
    cliprof(supported)
    kernel overrides(supported)
    ITT tracing(NOT supported)
    MDAPI(supported)
    Demangling(NOT supported)
    clock(steady_clock)
CLIntercept environment variable prefix: CLI_
CLIntercept registry key: SOFTWARE\INTEL\IGFX\CLINTERCEPT
Trying to load dispatch from: real_opencl.dll
Couldn't get exported function pointer to: clGetGLContextInfoKHR
... success!
Control ReportToStderr is set to non-default value: true
Control DevicePerformanceTiming is set to non-default value: true
Timer Started!
... loading complete.
Total Enqueues: 0

=== FC Benchmark (precision=u4) ===
M=8192 K=2048 N=12288 group_size=128 iters=20 warmup=5 bufs=4 flush_mb=64
Dynamic quantization: ON (group_size=128)
Input tensors allocated in USM_DEVICE (VRAM) via RemoteContext.
L2/L3 flush kernel: 64 MB f16 Relu between every FC infer.
Median_ms: 8.0309
Min_ms: 7.8315
Avg_ms: 8.06019
GFLOPS: 51341.3
BW_GBs: 30.8629
AI: 1663.53
WeightBytes: 1.25829e+07
TotalBytes: 2.47857e+08
TotalFLOPs: 4.12317e+11
Total Enqueues: 110


Device Performance Timing Results for Intel(R) Arc(TM) B390 GPU (96CUs, 2400MHz):

Total Time (ns): 238989030

                                   Function Name,  Calls,     Time (ns), Time (%),  Average (ns),      Min (ns),      Max (ns)
           activation_opt_477147924471330069_0_0,     26,      33745095,   14.12%,       1297888,       1226770,       1775000
                      clEnqueueMemFillINTEL( D ),      3,         81353,    0.03%,         27117,          5625,         68020
                      clEnqueueMemFillINTEL( H ),      5,       6318541,    2.64%,       1263708,         12604,       3780729
dynamic_quantize_gpu_opt_8502581394328941662_0_0,     25,      11109367,    4.65%,        444374,        347916,        870208
                                     gemm_kernel,     25,     187673841,   78.53%,       7506953,       7251666,       8220416
           reorder_data_11072595381978175882_0_0,      1,         60833,    0.03%,         60833,         60833,         60833
CLIntercept is shutting down...
... shutdown complete.
