-=-=-=-=-=-=-=-=-=-=-=-=-=-=-=-=-=-=-=-=-=-=-=-=-=-=-=-=-=-=-=-=
CLIntercept (64-bit) is loading...
CLIntercept file location: C:\Users\Local_Admin\Downloads\clintercept-3.0.6-win64\Release\opencl.dll
CLIntercept URL: https://github.com/intel/opencl-intercept-layer
CLIntercept git description: v3.0.6
CLIntercept git refspec: 
CLIntercept git hash: 1c86da258a3de21c88abb8d81953febcef50991f
CLIntercept optional features:
    cliloader(supported)
    cliprof(supported)
    kernel overrides(supported)
    ITT tracing(NOT supported)
    MDAPI(supported)
    Demangling(NOT supported)
    clock(steady_clock)
CLIntercept environment variable prefix: CLI_
CLIntercept registry key: SOFTWARE\INTEL\IGFX\CLINTERCEPT
Trying to load dispatch from: real_opencl.dll
Couldn't get exported function pointer to: clGetGLContextInfoKHR
... success!
Control ReportToStderr is set to non-default value: true
Control DevicePerformanceTiming is set to non-default value: true
Timer Started!
... loading complete.
Total Enqueues: 0

=== FC Benchmark (precision=u4) ===
M=32768 K=2048 N=12288 group_size=128 iters=6 warmup=2 bufs=2 flush_mb=64
Dynamic quantization: ON (group_size=128)
Input tensors allocated in USM_DEVICE (VRAM) via RemoteContext.
L2/L3 flush kernel: 64 MB f16 Relu between every FC infer.
Median_ms: 31.8822
Min_ms: 31.5351
Avg_ms: 31.8239
GFLOPS: 51730
BW_GBs: 29.8756
AI: 1731.51
WeightBytes: 1.25829e+07
TotalBytes: 9.525e+08
TotalFLOPs: 1.64927e+12
Total Enqueues: 42


Device Performance Timing Results for Intel(R) Arc(TM) B390 GPU (96CUs, 2400MHz):

Total Time (ns): 284049258

                                   Function Name,  Calls,     Time (ns), Time (%),  Average (ns),      Min (ns),      Max (ns)
           activation_opt_477147924471330069_0_0,      9,      11981247,    4.22%,       1331249,       1222291,       1744270
                      clEnqueueMemFillINTEL( D ),      3,        260832,    0.09%,         86944,         11666,        231875
                      clEnqueueMemFillINTEL( H ),      5,      14013956,    4.93%,       2802791,         11562,      10663541
dynamic_quantize_gpu_opt_3476964983906125131_0_0,      8,      17392289,    6.12%,       2174036,       1734479,       3500625
                                     gemm_kernel,      8,     240345934,   84.61%,      30043241,      29645104,      30746770
           reorder_data_11072595381978175882_0_0,      1,         55000,    0.02%,         55000,         55000,         55000
CLIntercept is shutting down...
... shutdown complete.
