-=-=-=-=-=-=-=-=-=-=-=-=-=-=-=-=-=-=-=-=-=-=-=-=-=-=-=-=-=-=-=-=
CLIntercept (64-bit) is loading...
CLIntercept file location: C:\Users\Local_Admin\Downloads\clintercept-3.0.6-win64\Release\opencl.dll
CLIntercept URL: https://github.com/intel/opencl-intercept-layer
CLIntercept git description: v3.0.6
CLIntercept git refspec: 
CLIntercept git hash: 1c86da258a3de21c88abb8d81953febcef50991f
CLIntercept optional features:
    cliloader(supported)
    cliprof(supported)
    kernel overrides(supported)
    ITT tracing(NOT supported)
    MDAPI(supported)
    Demangling(NOT supported)
    clock(steady_clock)
CLIntercept environment variable prefix: CLI_
CLIntercept registry key: SOFTWARE\INTEL\IGFX\CLINTERCEPT
Trying to load dispatch from: real_opencl.dll
Couldn't get exported function pointer to: clGetGLContextInfoKHR
... success!
Control ReportToStderr is set to non-default value: true
Control DevicePerformanceTiming is set to non-default value: true
Timer Started!
... loading complete.
Total Enqueues: 0

=== FC Benchmark (precision=u4) ===
M=2048 K=4096 N=2048 group_size=128 iters=30 warmup=5 bufs=8 flush_mb=64
Dynamic quantization: ON (group_size=128)
Input tensors allocated in USM_DEVICE (VRAM) via RemoteContext.
L2/L3 flush kernel: 64 MB f16 Relu between every FC infer.
Median_ms: 0.7947
Min_ms: 0.7454
Avg_ms: 0.987923
GFLOPS: 43236.1
BW_GBs: 37.1099
AI: 1165.08
WeightBytes: 4.1943e+06
TotalBytes: 2.94912e+07
TotalFLOPs: 3.43597e+10
Total Enqueues: 150


Device Performance Timing Results for Intel(R) Arc(TM) B390 GPU (96CUs, 2400MHz):

Total Time (ns): 73957867

                                   Function Name,  Calls,     Time (ns), Time (%),  Average (ns),      Min (ns),      Max (ns)
           activation_opt_477147924471330069_0_0,     36,      47125713,   63.72%,       1309047,       1208333,       1775104
                      clEnqueueMemFillINTEL( D ),      3,         52186,    0.07%,         17395,          4791,         39062
                      clEnqueueMemFillINTEL( H ),      5,       2253956,    3.05%,        450791,         11145,       1059791
dynamic_quantize_gpu_opt_9457747167103641236_0_0,     35,       7670819,   10.37%,        219166,        175104,        411354
                                     gemm_kernel,     35,      16828110,   22.75%,        480803,        455416,        747812
           reorder_data_17535196316214898668_0_0,      1,         27083,    0.04%,         27083,         27083,         27083
CLIntercept is shutting down...
... shutdown complete.
