-=-=-=-=-=-=-=-=-=-=-=-=-=-=-=-=-=-=-=-=-=-=-=-=-=-=-=-=-=-=-=-=
CLIntercept (64-bit) is loading...
CLIntercept file location: C:\Users\Local_Admin\Downloads\clintercept-3.0.6-win64\Release\opencl.dll
CLIntercept URL: https://github.com/intel/opencl-intercept-layer
CLIntercept git description: v3.0.6
CLIntercept git refspec: 
CLIntercept git hash: 1c86da258a3de21c88abb8d81953febcef50991f
CLIntercept optional features:
    cliloader(supported)
    cliprof(supported)
    kernel overrides(supported)
    ITT tracing(NOT supported)
    MDAPI(supported)
    Demangling(NOT supported)
    clock(steady_clock)
CLIntercept environment variable prefix: CLI_
CLIntercept registry key: SOFTWARE\INTEL\IGFX\CLINTERCEPT
Trying to load dispatch from: real_opencl.dll
Couldn't get exported function pointer to: clGetGLContextInfoKHR
... success!
Control ReportToStderr is set to non-default value: true
Control DevicePerformanceTiming is set to non-default value: true
Timer Started!
... loading complete.
Total Enqueues: 0

=== FC Benchmark (precision=u4) ===
M=4096 K=4096 N=2048 group_size=128 iters=30 warmup=5 bufs=8 flush_mb=64
Dynamic quantization: ON (group_size=128)
Input tensors allocated in USM_DEVICE (VRAM) via RemoteContext.
L2/L3 flush kernel: 64 MB f16 Relu between every FC infer.
Median_ms: 1.4298
Min_ms: 1.3187
Avg_ms: 1.78324
GFLOPS: 48062.3
BW_GBs: 38.227
AI: 1257.29
WeightBytes: 4.1943e+06
TotalBytes: 5.4657e+07
TotalFLOPs: 6.87195e+10
Total Enqueues: 150


Device Performance Timing Results for Intel(R) Arc(TM) B390 GPU (96CUs, 2400MHz):

Total Time (ns): 99191620

                                   Function Name,  Calls,     Time (ns), Time (%),  Average (ns),      Min (ns),      Max (ns)
           activation_opt_477147924471330069_0_0,     36,      48043214,   48.43%,       1334533,       1209062,       1783645
                      clEnqueueMemFillINTEL( D ),      3,         87290,    0.09%,         29096,          6354,         71041
                      clEnqueueMemFillINTEL( H ),      5,       2606873,    2.63%,        521374,         11666,       1069583
dynamic_quantize_gpu_opt_2457997582419023691_0_0,     35,      16632488,   16.77%,        475213,        346458,        817395
                                     gemm_kernel,     35,      31793943,   32.05%,        908398,        846145,       1084166
           reorder_data_17535196316214898668_0_0,      1,         27812,    0.03%,         27812,         27812,         27812
CLIntercept is shutting down...
... shutdown complete.
