-=-=-=-=-=-=-=-=-=-=-=-=-=-=-=-=-=-=-=-=-=-=-=-=-=-=-=-=-=-=-=-=
CLIntercept (64-bit) is loading...
CLIntercept file location: C:\Users\Local_Admin\Downloads\clintercept-3.0.6-win64\Release\opencl.dll
CLIntercept URL: https://github.com/intel/opencl-intercept-layer
CLIntercept git description: v3.0.6
CLIntercept git refspec: 
CLIntercept git hash: 1c86da258a3de21c88abb8d81953febcef50991f
CLIntercept optional features:
    cliloader(supported)
    cliprof(supported)
    kernel overrides(supported)
    ITT tracing(NOT supported)
    MDAPI(supported)
    Demangling(NOT supported)
    clock(steady_clock)
CLIntercept environment variable prefix: CLI_
CLIntercept registry key: SOFTWARE\INTEL\IGFX\CLINTERCEPT
Trying to load dispatch from: real_opencl.dll
Couldn't get exported function pointer to: clGetGLContextInfoKHR
... success!
Control ReportToStderr is set to non-default value: true
Control DevicePerformanceTiming is set to non-default value: true
Timer Started!
... loading complete.
Total Enqueues: 0

=== FC Benchmark (precision=u4) ===
M=65536 K=2048 N=5120 group_size=128 iters=10 warmup=2 bufs=2 flush_mb=64
Dynamic quantization: ON (group_size=128)
Input tensors allocated in USM_DEVICE (VRAM) via RemoteContext.
L2/L3 flush kernel: 64 MB f16 Relu between every FC infer.
Median_ms: 27.2721
Min_ms: 26.7443
Avg_ms: 27.2221
GFLOPS: 50395.4
BW_GBs: 34.6483
AI: 1454.49
WeightBytes: 5.24288e+06
TotalBytes: 9.44931e+08
TotalFLOPs: 1.37439e+12
Total Enqueues: 58


Device Performance Timing Results for Intel(R) Arc(TM) B390 GPU (96CUs, 2400MHz):

Total Time (ns): 365181961

                                    Function Name,  Calls,     Time (ns), Time (%),  Average (ns),      Min (ns),      Max (ns)
            activation_opt_477147924471330069_0_0,     13,      17051559,    4.67%,       1311658,       1217083,       1735104
                       clEnqueueMemFillINTEL( D ),      3,        636978,    0.17%,        212326,         18541,        591354
                       clEnqueueMemFillINTEL( H ),      5,      16893748,    4.63%,       3378749,         11041,       9632812
dynamic_quantize_gpu_opt_17790918300917402017_0_0,     12,      47640618,   13.05%,       3970051,       3452812,       6488437
                                      gemm_kernel,     12,     282929683,   77.48%,      23577473,      23119375,      24007187
            reorder_data_12169823518499039792_0_0,      1,         29375,    0.01%,         29375,         29375,         29375
CLIntercept is shutting down...
... shutdown complete.
