-=-=-=-=-=-=-=-=-=-=-=-=-=-=-=-=-=-=-=-=-=-=-=-=-=-=-=-=-=-=-=-=
CLIntercept (64-bit) is loading...
CLIntercept file location: C:\Users\Local_Admin\Downloads\clintercept-3.0.6-win64\Release\opencl.dll
CLIntercept URL: https://github.com/intel/opencl-intercept-layer
CLIntercept git description: v3.0.6
CLIntercept git refspec: 
CLIntercept git hash: 1c86da258a3de21c88abb8d81953febcef50991f
CLIntercept optional features:
    cliloader(supported)
    cliprof(supported)
    kernel overrides(supported)
    ITT tracing(NOT supported)
    MDAPI(supported)
    Demangling(NOT supported)
    clock(steady_clock)
CLIntercept environment variable prefix: CLI_
CLIntercept registry key: SOFTWARE\INTEL\IGFX\CLINTERCEPT
Trying to load dispatch from: real_opencl.dll
Couldn't get exported function pointer to: clGetGLContextInfoKHR
... success!
Control ReportToStderr is set to non-default value: true
Control DevicePerformanceTiming is set to non-default value: true
Timer Started!
... loading complete.
Total Enqueues: 0

=== FC Benchmark (precision=u4) ===
M=8192 K=2048 N=5120 group_size=128 iters=30 warmup=5 bufs=8 flush_mb=64
Dynamic quantization: ON (group_size=128)
Input tensors allocated in USM_DEVICE (VRAM) via RemoteContext.
L2/L3 flush kernel: 64 MB f16 Relu between every FC infer.
Median_ms: 3.6553
Min_ms: 3.4819
Avg_ms: 4.02317
GFLOPS: 46999.9
BW_GBs: 33.608
AI: 1398.47
WeightBytes: 5.24288e+06
TotalBytes: 1.22847e+08
TotalFLOPs: 1.71799e+11
Total Enqueues: 150


Device Performance Timing Results for Intel(R) Arc(TM) B390 GPU (96CUs, 2400MHz):

Total Time (ns): 176604219

                                   Function Name,  Calls,     Time (ns), Time (%),  Average (ns),      Min (ns),      Max (ns)
           activation_opt_477147924471330069_0_0,     36,      47775297,   27.05%,       1327091,       1223958,       1856666
                      clEnqueueMemFillINTEL( D ),      3,         80936,    0.05%,         26978,          5416,         65833
                      clEnqueueMemFillINTEL( H ),      5,       3914686,    2.22%,        782937,         11041,       1396875
dynamic_quantize_gpu_opt_8502581394328941662_0_0,     35,      15861442,    8.98%,        453184,        358020,        875625
                                     gemm_kernel,     35,     108943213,   61.69%,       3112663,       2830208,       4288541
           reorder_data_12169823518499039792_0_0,      1,         28645,    0.02%,         28645,         28645,         28645
CLIntercept is shutting down...
... shutdown complete.
