-=-=-=-=-=-=-=-=-=-=-=-=-=-=-=-=-=-=-=-=-=-=-=-=-=-=-=-=-=-=-=-=
CLIntercept (64-bit) is loading...
CLIntercept file location: C:\Users\Local_Admin\Downloads\clintercept-3.0.6-win64\Release\opencl.dll
CLIntercept URL: https://github.com/intel/opencl-intercept-layer
CLIntercept git description: v3.0.6
CLIntercept git refspec: 
CLIntercept git hash: 1c86da258a3de21c88abb8d81953febcef50991f
CLIntercept optional features:
    cliloader(supported)
    cliprof(supported)
    kernel overrides(supported)
    ITT tracing(NOT supported)
    MDAPI(supported)
    Demangling(NOT supported)
    clock(steady_clock)
CLIntercept environment variable prefix: CLI_
CLIntercept registry key: SOFTWARE\INTEL\IGFX\CLINTERCEPT
Trying to load dispatch from: real_opencl.dll
Couldn't get exported function pointer to: clGetGLContextInfoKHR
... success!
Control ReportToStderr is set to non-default value: true
Control DevicePerformanceTiming is set to non-default value: true
Timer Started!
... loading complete.
Total Enqueues: 0

=== FC Benchmark (precision=u4) ===
M=2048 K=2048 N=5120 group_size=128 iters=30 warmup=5 bufs=8 flush_mb=64
Dynamic quantization: ON (group_size=128)
Input tensors allocated in USM_DEVICE (VRAM) via RemoteContext.
L2/L3 flush kernel: 64 MB f16 Relu between every FC infer.
Median_ms: 0.9599
Min_ms: 0.9065
Avg_ms: 1.07433
GFLOPS: 44743.9
BW_GBs: 36.2192
AI: 1235.36
WeightBytes: 5.24288e+06
TotalBytes: 3.47668e+07
TotalFLOPs: 4.29497e+10
Total Enqueues: 150


Device Performance Timing Results for Intel(R) Arc(TM) B390 GPU (96CUs, 2400MHz):

Total Time (ns): 76162557

                                    Function Name,  Calls,     Time (ns), Time (%),  Average (ns),      Min (ns),      Max (ns)
            activation_opt_477147924471330069_0_0,     36,      45154050,   59.29%,       1254279,       1208020,       1754791
                       clEnqueueMemFillINTEL( D ),      3,         33852,    0.04%,         11284,          3020,         24791
                       clEnqueueMemFillINTEL( H ),      5,       2328228,    3.06%,        465645,          9583,       1074375
dynamic_quantize_gpu_opt_12687164865045755295_0_0,     35,       3927275,    5.16%,        112207,         88645,        219791
                                      gemm_kernel,     35,      24691444,   32.42%,        705469,        651979,        773541
            reorder_data_12169823518499039792_0_0,      1,         27708,    0.04%,         27708,         27708,         27708
CLIntercept is shutting down...
... shutdown complete.
