-=-=-=-=-=-=-=-=-=-=-=-=-=-=-=-=-=-=-=-=-=-=-=-=-=-=-=-=-=-=-=-=
CLIntercept (64-bit) is loading...
CLIntercept file location: C:\Users\Local_Admin\Downloads\clintercept-3.0.6-win64\Release\opencl.dll
CLIntercept URL: https://github.com/intel/opencl-intercept-layer
CLIntercept git description: v3.0.6
CLIntercept git refspec: 
CLIntercept git hash: 1c86da258a3de21c88abb8d81953febcef50991f
CLIntercept optional features:
    cliloader(supported)
    cliprof(supported)
    kernel overrides(supported)
    ITT tracing(NOT supported)
    MDAPI(supported)
    Demangling(NOT supported)
    clock(steady_clock)
CLIntercept environment variable prefix: CLI_
CLIntercept registry key: SOFTWARE\INTEL\IGFX\CLINTERCEPT
Trying to load dispatch from: real_opencl.dll
Couldn't get exported function pointer to: clGetGLContextInfoKHR
... success!
Control ReportToStderr is set to non-default value: true
Control DevicePerformanceTiming is set to non-default value: true
Timer Started!
... loading complete.
Total Enqueues: 0

=== FC Benchmark (precision=u4) ===
M=1024 K=2048 N=5120 group_size=128 iters=30 warmup=5 bufs=8 flush_mb=64
Dynamic quantization: ON (group_size=128)
Input tensors allocated in USM_DEVICE (VRAM) via RemoteContext.
L2/L3 flush kernel: 64 MB f16 Relu between every FC infer.
Median_ms: 0.5305
Min_ms: 0.5102
Avg_ms: 0.607797
GFLOPS: 40480.4
BW_GBs: 37.8639
AI: 1069.1
WeightBytes: 5.24288e+06
TotalBytes: 2.00868e+07
TotalFLOPs: 2.14748e+10
Total Enqueues: 150


Device Performance Timing Results for Intel(R) Arc(TM) B390 GPU (96CUs, 2400MHz):

Total Time (ns): 61673597

                                   Function Name,  Calls,     Time (ns), Time (%),  Average (ns),      Min (ns),      Max (ns)
           activation_opt_477147924471330069_0_0,     36,      44797275,   72.64%,       1244368,       1196250,       1776145
                      clEnqueueMemFillINTEL( D ),      3,         25937,    0.04%,          8645,          2083,         21354
                      clEnqueueMemFillINTEL( H ),      5,       2227082,    3.61%,        445416,         10937,       1070625
dynamic_quantize_gpu_opt_4100218749697792179_0_0,     35,       1934048,    3.14%,         55258,         44375,        122812
                                     gemm_kernel,     35,      12660089,   20.53%,        361716,        341354,        513750
           reorder_data_12169823518499039792_0_0,      1,         29166,    0.05%,         29166,         29166,         29166
CLIntercept is shutting down...
... shutdown complete.
