-=-=-=-=-=-=-=-=-=-=-=-=-=-=-=-=-=-=-=-=-=-=-=-=-=-=-=-=-=-=-=-=
CLIntercept (64-bit) is loading...
CLIntercept file location: C:\Users\Local_Admin\Downloads\clintercept-3.0.6-win64\Release\opencl.dll
CLIntercept URL: https://github.com/intel/opencl-intercept-layer
CLIntercept git description: v3.0.6
CLIntercept git refspec: 
CLIntercept git hash: 1c86da258a3de21c88abb8d81953febcef50991f
CLIntercept optional features:
    cliloader(supported)
    cliprof(supported)
    kernel overrides(supported)
    ITT tracing(NOT supported)
    MDAPI(supported)
    Demangling(NOT supported)
    clock(steady_clock)
CLIntercept environment variable prefix: CLI_
CLIntercept registry key: SOFTWARE\INTEL\IGFX\CLINTERCEPT
Trying to load dispatch from: real_opencl.dll
Couldn't get exported function pointer to: clGetGLContextInfoKHR
... success!
Control ReportToStderr is set to non-default value: true
Control DevicePerformanceTiming is set to non-default value: true
Timer Started!
... loading complete.
Total Enqueues: 0

=== GDN Benchmark ===
B=1 T=65536 HK=32 H=32 K=128 iters=8 warmup=2 bufs=2
Median_ms: 303.581
Avg_ms: 301.978
GFLOPS: 905.451
BW_GBs: 7.10838
AI: 127.378
TotalFLOPs: 2.74878e+11
TotalBytes: 2.15797e+09
Total Enqueues: 90


Device Performance Timing Results for Intel(R) Arc(TM) B390 GPU (96CUs, 2400MHz):

Total Time (ns): 2967068920

                               Function Name,  Calls,     Time (ns), Time (%),  Average (ns),      Min (ns),      Max (ns)
                clEnqueueMemcpyINTEL( HtoH ),     20,     135771864,    4.58%,       6788593,         25208,      15563281
                clEnqueueMemcpyINTEL( MtoD ),     60,    1139707685,   38.41%,      18995128,         23541,     108276354
gated_delta_net_ref__8629349849706163749__sa,     10,    1691589371,   57.01%,     169158937,     168128958,     170995312
CLIntercept is shutting down...
... shutdown complete.
