-=-=-=-=-=-=-=-=-=-=-=-=-=-=-=-=-=-=-=-=-=-=-=-=-=-=-=-=-=-=-=-=
CLIntercept (64-bit) is loading...
CLIntercept file location: C:\Users\Local_Admin\Downloads\clintercept-3.0.6-win64\Release\opencl.dll
CLIntercept URL: https://github.com/intel/opencl-intercept-layer
CLIntercept git description: v3.0.6
CLIntercept git refspec: 
CLIntercept git hash: 1c86da258a3de21c88abb8d81953febcef50991f
CLIntercept optional features:
    cliloader(supported)
    cliprof(supported)
    kernel overrides(supported)
    ITT tracing(NOT supported)
    MDAPI(supported)
    Demangling(NOT supported)
    clock(steady_clock)
CLIntercept environment variable prefix: CLI_
CLIntercept registry key: SOFTWARE\INTEL\IGFX\CLINTERCEPT
Trying to load dispatch from: real_opencl.dll
Couldn't get exported function pointer to: clGetGLContextInfoKHR
... success!
Control ReportToStderr is set to non-default value: true
Control DevicePerformanceTiming is set to non-default value: true
Timer Started!
... loading complete.
Total Enqueues: 0

=== PA Benchmark ===
NH=16 NKV=2 HD=256
Mode=prefill S_q=32768 S_kv=0 blocks=2048 kv_type=i8 iters=3 warmup=1 bufs=2
[1;30mGPU_Debug: [1;34mexecution_config.cpp:[1;35m233:[1;36moperator (): [0m[Warning] BY_CHANNEL quant mode is not supported for cache rotation yet. Switching to BY_TOKEN mode.
[1;30mGPU_Debug: [1;34mexecution_config.cpp:[1;35m233:[1;36moperator (): [0m[Warning] BY_CHANNEL quant mode is not supported for cache rotation yet. Switching to BY_TOKEN mode.
KV cache key type=i8 shape=[?,2,256,20]
KV cache val type=i8 shape=[?,2,16,260]
Resolved KC shape: [2048,2,256,20]
Median_ms: 645.909
Min_ms: 640.614
Avg_ms: 662.49
GFLOPS: 27901.3
BW_GBs: 0.987034
AI: 28267.8
TotalFLOPs: 1.80217e+13
TotalBytes: 6.37534e+08
Total Enqueues: 46


Device Performance Timing Results for Intel(R) Arc(TM) B390 GPU (96CUs, 2400MHz):

Total Time (ns): 2586382322

                                   Function Name,  Calls,     Time (ns), Time (%),  Average (ns),      Min (ns),      Max (ns)
                      clEnqueueMemFillINTEL( H ),      1,       5132916,    0.20%,       5132916,       5132916,       5132916
                    clEnqueueMemcpyINTEL( HtoH ),      1,       8862604,    0.34%,       8862604,       8862604,       8862604
                    clEnqueueMemcpyINTEL( MtoD ),     28,      76736496,    2.97%,       2740589,          1093,      17737968
                    clEnqueueMemcpyINTEL( MtoH ),      8,         11038,    0.00%,          1379,           989,          1927
pa_kv_cache_update_ref__15856477779756318941__sa,      4,       4006665,    0.15%,       1001666,        985104,       1032812
    sdpa_micro__prefill_15856477779756318941__sa,      4,    2491632603,   96.34%,     622908150,     619840416,     626947604
CLIntercept is shutting down...
... shutdown complete.
