-=-=-=-=-=-=-=-=-=-=-=-=-=-=-=-=-=-=-=-=-=-=-=-=-=-=-=-=-=-=-=-=
CLIntercept (64-bit) is loading...
CLIntercept file location: C:\Users\Local_Admin\Downloads\clintercept-3.0.6-win64\Release\opencl.dll
CLIntercept URL: https://github.com/intel/opencl-intercept-layer
CLIntercept git description: v3.0.6
CLIntercept git refspec: 
CLIntercept git hash: 1c86da258a3de21c88abb8d81953febcef50991f
CLIntercept optional features:
    cliloader(supported)
    cliprof(supported)
    kernel overrides(supported)
    ITT tracing(NOT supported)
    MDAPI(supported)
    Demangling(NOT supported)
    clock(steady_clock)
CLIntercept environment variable prefix: CLI_
CLIntercept registry key: SOFTWARE\INTEL\IGFX\CLINTERCEPT
Trying to load dispatch from: real_opencl.dll
Couldn't get exported function pointer to: clGetGLContextInfoKHR
... success!
Control ReportToStderr is set to non-default value: true
Control DevicePerformanceTiming is set to non-default value: true
Timer Started!
... loading complete.
Total Enqueues: 0

=== PA Benchmark ===
NH=16 NKV=2 HD=256
Mode=prefill S_q=8192 S_kv=0 blocks=512 kv_type=i8 iters=25 warmup=5 bufs=4
[1;30mGPU_Debug: [1;34mexecution_config.cpp:[1;35m233:[1;36moperator (): [0m[Warning] BY_CHANNEL quant mode is not supported for cache rotation yet. Switching to BY_TOKEN mode.
[1;30mGPU_Debug: [1;34mexecution_config.cpp:[1;35m233:[1;36moperator (): [0m[Warning] BY_CHANNEL quant mode is not supported for cache rotation yet. Switching to BY_TOKEN mode.
KV cache key type=i8 shape=[?,2,256,20]
KV cache val type=i8 shape=[?,2,16,260]
Resolved KC shape: [512,2,256,20]
Median_ms: 48.367
Min_ms: 44.9028
Avg_ms: 48.3646
GFLOPS: 23287.7
BW_GBs: 3.2953
AI: 7066.95
TotalFLOPs: 1.12636e+12
TotalBytes: 1.59384e+08
Total Enqueues: 352


Device Performance Timing Results for Intel(R) Arc(TM) B390 GPU (96CUs, 2400MHz):

Total Time (ns): 1420221559

                                   Function Name,  Calls,     Time (ns), Time (%),  Average (ns),      Min (ns),      Max (ns)
                      clEnqueueMemFillINTEL( H ),      1,       1083229,    0.08%,       1083229,       1083229,       1083229
                    clEnqueueMemcpyINTEL( HtoH ),     21,      56021554,    3.94%,       2667693,       1602239,       2782395
                    clEnqueueMemcpyINTEL( MtoD ),    210,     153512509,   10.81%,        731011,          1093,       8318802
                    clEnqueueMemcpyINTEL( MtoH ),     60,         94080,    0.01%,          1568,           989,          3385
pa_kv_cache_update_ref__15856477779756318941__sa,     30,       8574679,    0.60%,        285822,        218125,        434895
    sdpa_micro__prefill_15856477779756318941__sa,     30,    1200935508,   84.56%,      40031183,      38798333,      41598750
CLIntercept is shutting down...
... shutdown complete.
