-=-=-=-=-=-=-=-=-=-=-=-=-=-=-=-=-=-=-=-=-=-=-=-=-=-=-=-=-=-=-=-=
CLIntercept (64-bit) is loading...
CLIntercept file location: C:\Users\Local_Admin\Downloads\clintercept-3.0.6-win64\Release\opencl.dll
CLIntercept URL: https://github.com/intel/opencl-intercept-layer
CLIntercept git description: v3.0.6
CLIntercept git refspec: 
CLIntercept git hash: 1c86da258a3de21c88abb8d81953febcef50991f
CLIntercept optional features:
    cliloader(supported)
    cliprof(supported)
    kernel overrides(supported)
    ITT tracing(NOT supported)
    MDAPI(supported)
    Demangling(NOT supported)
    clock(steady_clock)
CLIntercept environment variable prefix: CLI_
CLIntercept registry key: SOFTWARE\INTEL\IGFX\CLINTERCEPT
Trying to load dispatch from: real_opencl.dll
Couldn't get exported function pointer to: clGetGLContextInfoKHR
... success!
Control ReportToStderr is set to non-default value: true
Control DevicePerformanceTiming is set to non-default value: true
Timer Started!
... loading complete.
Total Enqueues: 0

=== PA Benchmark ===
NH=32 NKV=8 HD=128
Mode=decode S_q=1 S_kv=16384 blocks=1025 kv_type=i8 impl=cm iters=100 warmup=10 bufs=4
[1;30mGPU_Debug: [1;34mexecution_config.cpp:[1;35m233:[1;36moperator (): [0m[Warning] BY_CHANNEL quant mode is not supported for cache rotation yet. Switching to BY_TOKEN mode.
[1;30mGPU_Debug: [1;34mexecution_config.cpp:[1;35m233:[1;36moperator (): [0m[Warning] BY_CHANNEL quant mode is not supported for cache rotation yet. Switching to BY_TOKEN mode.
KV cache key type=i8 shape=[?,8,320,128]
KV cache val type=i8 shape=[?,8,256,132]
Resolved KC shape: [65,8,320,128]
Median_ms: 2.404
Min_ms: 2.3461
Avg_ms: 2.41195
GFLOPS: 117.121
BW_GBs: 0.894509
AI: 130.934
TotalFLOPs: 2.8156e+08
TotalBytes: 2.1504e+06
Total Enqueues: 1735


Device Performance Timing Results for Intel(R) Arc(TM) B390 GPU (96CUs, 2400MHz):

Total Time (ns): 223391884

                                         Function Name,  Calls,     Time (ns), Time (%),  Average (ns),      Min (ns),      Max (ns)
                            clEnqueueMemFillINTEL( H ),      3,         14687,    0.01%,          4895,          1562,          8125
                          clEnqueueMemcpyINTEL( HtoH ),     82,        105309,    0.05%,          1284,          1041,          3854
                          clEnqueueMemcpyINTEL( MtoD ),    880,     212096452,   94.94%,        241018,           937,       1497343
                          clEnqueueMemcpyINTEL( MtoH ),    440,        460675,    0.21%,          1046,           937,          4791
      pa_kv_cache_update_ref_cm_228860230557743626__sa,    110,        963077,    0.43%,          8755,          5937,         14687
             pa_single_token_cm_228860230557743626__sa,    110,       9359744,    4.19%,         85088,         82187,         99166
pa_single_token_finalization_cm_228860230557743626__sa,    110,        391940,    0.18%,          3563,          3020,         12395
CLIntercept is shutting down...
... shutdown complete.
