-=-=-=-=-=-=-=-=-=-=-=-=-=-=-=-=-=-=-=-=-=-=-=-=-=-=-=-=-=-=-=-=
CLIntercept (64-bit) is loading...
CLIntercept file location: C:\Users\Local_Admin\Downloads\clintercept-3.0.6-win64\Release\opencl.dll
CLIntercept URL: https://github.com/intel/opencl-intercept-layer
CLIntercept git description: v3.0.6
CLIntercept git refspec: 
CLIntercept git hash: 1c86da258a3de21c88abb8d81953febcef50991f
CLIntercept optional features:
    cliloader(supported)
    cliprof(supported)
    kernel overrides(supported)
    ITT tracing(NOT supported)
    MDAPI(supported)
    Demangling(NOT supported)
    clock(steady_clock)
CLIntercept environment variable prefix: CLI_
CLIntercept registry key: SOFTWARE\INTEL\IGFX\CLINTERCEPT
Trying to load dispatch from: real_opencl.dll
Couldn't get exported function pointer to: clGetGLContextInfoKHR
... success!
Control ReportToStderr is set to non-default value: true
Control DevicePerformanceTiming is set to non-default value: true
Timer Started!
... loading complete.
Total Enqueues: 0

=== PA Benchmark ===
NH=32 NKV=8 HD=128
Mode=decode S_q=1 S_kv=16384 blocks=1025 kv_type=i8 impl=ocl iters=100 warmup=10 bufs=4
[1;30mGPU_Debug: [1;34mexecution_config.cpp:[1;35m233:[1;36moperator (): [0m[Warning] BY_CHANNEL quant mode is not supported for cache rotation yet. Switching to BY_TOKEN mode.
[1;30mGPU_Debug: [1;34mexecution_config.cpp:[1;35m233:[1;36moperator (): [0m[Warning] BY_CHANNEL quant mode is not supported for cache rotation yet. Switching to BY_TOKEN mode.
KV cache key type=i8 shape=[?,8,128,20]
KV cache val type=i8 shape=[?,8,16,132]
Resolved KC shape: [1025,8,128,20]
Median_ms: 2.6361
Min_ms: 2.5476
Avg_ms: 2.6579
GFLOPS: 106.809
BW_GBs: 12.749
AI: 8.37784
TotalFLOPs: 2.8156e+08
TotalBytes: 3.36077e+07
Total Enqueues: 1403


Device Performance Timing Results for Intel(R) Arc(TM) B390 GPU (96CUs, 2400MHz):

Total Time (ns): 254312036

                                                          Function Name,  Calls,     Time (ns), Time (%),  Average (ns),      Min (ns),      Max (ns)
                                             clEnqueueMemFillINTEL( H ),      1,          5312,    0.00%,          5312,          5312,          5312
                                           clEnqueueMemcpyINTEL( HtoH ),     82,        105519,    0.04%,          1286,          1041,          3593
                                           clEnqueueMemcpyINTEL( MtoD ),    770,     206255587,   81.10%,        267864,           937,       1738697
                                           clEnqueueMemcpyINTEL( MtoH ),    220,        236693,    0.09%,          1075,           937,          4375
                       pa_kv_cache_update_ref__10292547650165516455__sa,    110,        812659,    0.32%,          7387,          4166,         13229
         paged_attention_opt__gqa_single_token_10292547650165516455__sa,    110,      44254746,   17.40%,        402315,        373958,        888229
paged_attention_opt__single_token_finalization_10292547650165516455__sa,    110,       2641520,    1.04%,         24013,         22187,         46458
CLIntercept is shutting down...
... shutdown complete.
