-=-=-=-=-=-=-=-=-=-=-=-=-=-=-=-=-=-=-=-=-=-=-=-=-=-=-=-=-=-=-=-=
CLIntercept (64-bit) is loading...
CLIntercept file location: C:\Users\Local_Admin\Downloads\clintercept-3.0.6-win64\Release\opencl.dll
CLIntercept URL: https://github.com/intel/opencl-intercept-layer
CLIntercept git description: v3.0.6
CLIntercept git refspec: 
CLIntercept git hash: 1c86da258a3de21c88abb8d81953febcef50991f
CLIntercept optional features:
    cliloader(supported)
    cliprof(supported)
    kernel overrides(supported)
    ITT tracing(NOT supported)
    MDAPI(supported)
    Demangling(NOT supported)
    clock(steady_clock)
CLIntercept environment variable prefix: CLI_
CLIntercept registry key: SOFTWARE\INTEL\IGFX\CLINTERCEPT
Trying to load dispatch from: real_opencl.dll
Couldn't get exported function pointer to: clGetGLContextInfoKHR
... success!
Control ReportToStderr is set to non-default value: true
Control DevicePerformanceTiming is set to non-default value: true
Timer Started!
... loading complete.
Total Enqueues: 0

=== PA Benchmark ===
NH=32 NKV=8 HD=128
Mode=decode S_q=1 S_kv=8192 blocks=513 kv_type=i8 impl=cm iters=150 warmup=15 bufs=4
[1;30mGPU_Debug: [1;34mexecution_config.cpp:[1;35m233:[1;36moperator (): [0m[Warning] BY_CHANNEL quant mode is not supported for cache rotation yet. Switching to BY_TOKEN mode.
[1;30mGPU_Debug: [1;34mexecution_config.cpp:[1;35m233:[1;36moperator (): [0m[Warning] BY_CHANNEL quant mode is not supported for cache rotation yet. Switching to BY_TOKEN mode.
KV cache key type=i8 shape=[?,8,320,128]
KV cache val type=i8 shape=[?,8,256,132]
Resolved KC shape: [33,8,320,128]
Median_ms: 1.3293
Min_ms: 1.29
Avg_ms: 1.33097
GFLOPS: 105.912
BW_GBs: 0.828875
AI: 127.778
TotalFLOPs: 1.40789e+08
TotalBytes: 1.10182e+06
Total Enqueues: 2601


Device Performance Timing Results for Intel(R) Arc(TM) B390 GPU (96CUs, 2400MHz):

Total Time (ns): 165693262

                                         Function Name,  Calls,     Time (ns), Time (%),  Average (ns),      Min (ns),      Max (ns)
                            clEnqueueMemFillINTEL( H ),      3,         15624,    0.01%,          5208,          1458,          8437
                          clEnqueueMemcpyINTEL( HtoH ),    123,        166647,    0.10%,          1354,          1041,          2864
                          clEnqueueMemcpyINTEL( MtoD ),   1320,     150059161,   90.56%,        113681,           937,       1136562
                          clEnqueueMemcpyINTEL( MtoH ),    660,        678720,    0.41%,          1028,           937,          3906
      pa_kv_cache_update_ref_cm_228860230557743626__sa,    165,        966906,    0.58%,          5860,          5416,         15000
             pa_single_token_cm_228860230557743626__sa,    165,      13325868,    8.04%,         80762,         79583,         95625
pa_single_token_finalization_cm_228860230557743626__sa,    165,        480336,    0.29%,          2911,          2604,         10416
CLIntercept is shutting down...
... shutdown complete.
