-=-=-=-=-=-=-=-=-=-=-=-=-=-=-=-=-=-=-=-=-=-=-=-=-=-=-=-=-=-=-=-=
CLIntercept (64-bit) is loading...
CLIntercept file location: C:\Users\Local_Admin\Downloads\clintercept-3.0.6-win64\Release\opencl.dll
CLIntercept URL: https://github.com/intel/opencl-intercept-layer
CLIntercept git description: v3.0.6
CLIntercept git refspec: 
CLIntercept git hash: 1c86da258a3de21c88abb8d81953febcef50991f
CLIntercept optional features:
    cliloader(supported)
    cliprof(supported)
    kernel overrides(supported)
    ITT tracing(NOT supported)
    MDAPI(supported)
    Demangling(NOT supported)
    clock(steady_clock)
CLIntercept environment variable prefix: CLI_
CLIntercept registry key: SOFTWARE\INTEL\IGFX\CLINTERCEPT
Trying to load dispatch from: real_opencl.dll
Couldn't get exported function pointer to: clGetGLContextInfoKHR
... success!
Control ReportToStderr is set to non-default value: true
Control DevicePerformanceTiming is set to non-default value: true
Timer Started!
... loading complete.
Total Enqueues: 0

=== PA Benchmark ===
NH=32 NKV=8 HD=128
Mode=decode S_q=1 S_kv=32768 blocks=2049 kv_type=i8 impl=ocl iters=50 warmup=10 bufs=4
[1;30mGPU_Debug: [1;34mexecution_config.cpp:[1;35m233:[1;36moperator (): [0m[Warning] BY_CHANNEL quant mode is not supported for cache rotation yet. Switching to BY_TOKEN mode.
[1;30mGPU_Debug: [1;34mexecution_config.cpp:[1;35m233:[1;36moperator (): [0m[Warning] BY_CHANNEL quant mode is not supported for cache rotation yet. Switching to BY_TOKEN mode.
KV cache key type=i8 shape=[?,8,128,20]
KV cache val type=i8 shape=[?,8,16,132]
Resolved KC shape: [2049,8,128,20]
Median_ms: 5.0727
Min_ms: 4.9942
Avg_ms: 5.08461
GFLOPS: 111.006
BW_GBs: 13.2399
AI: 8.38423
TotalFLOPs: 5.63102e+08
TotalBytes: 6.71621e+07
Total Enqueues: 765


Device Performance Timing Results for Intel(R) Arc(TM) B390 GPU (96CUs, 2400MHz):

Total Time (ns): 283042343

                                                          Function Name,  Calls,     Time (ns), Time (%),  Average (ns),      Min (ns),      Max (ns)
                                             clEnqueueMemFillINTEL( H ),      1,          5937,    0.00%,          5937,          5937,          5937
                                           clEnqueueMemcpyINTEL( HtoH ),     44,         56378,    0.02%,          1281,          1041,          3750
                                           clEnqueueMemcpyINTEL( MtoD ),    420,     229661840,   81.14%,        546813,           937,       2457447
                                           clEnqueueMemcpyINTEL( MtoH ),    120,        129512,    0.05%,          1079,           937,          3958
                       pa_kv_cache_update_ref__10292547650165516455__sa,     60,        534976,    0.19%,          8916,          5833,         16354
         paged_attention_opt__gqa_single_token_10292547650165516455__sa,     60,      49525601,   17.50%,        825426,        742708,       1760312
paged_attention_opt__single_token_finalization_10292547650165516455__sa,     60,       3128099,    1.11%,         52134,         49479,         81979
CLIntercept is shutting down...
... shutdown complete.
