-=-=-=-=-=-=-=-=-=-=-=-=-=-=-=-=-=-=-=-=-=-=-=-=-=-=-=-=-=-=-=-=
CLIntercept (64-bit) is loading...
CLIntercept file location: C:\Users\Local_Admin\Downloads\clintercept-3.0.6-win64\Release\opencl.dll
CLIntercept URL: https://github.com/intel/opencl-intercept-layer
CLIntercept git description: v3.0.6
CLIntercept git refspec: 
CLIntercept git hash: 1c86da258a3de21c88abb8d81953febcef50991f
CLIntercept optional features:
    cliloader(supported)
    cliprof(supported)
    kernel overrides(supported)
    ITT tracing(NOT supported)
    MDAPI(supported)
    Demangling(NOT supported)
    clock(steady_clock)
CLIntercept environment variable prefix: CLI_
CLIntercept registry key: SOFTWARE\INTEL\IGFX\CLINTERCEPT
Trying to load dispatch from: real_opencl.dll
Couldn't get exported function pointer to: clGetGLContextInfoKHR
... success!
Control ReportToStderr is set to non-default value: true
Control DevicePerformanceTiming is set to non-default value: true
Timer Started!
... loading complete.
Total Enqueues: 0

=== PA Benchmark ===
NH=32 NKV=8 HD=128
Mode=prefill S_q=2048 S_kv=0 blocks=128 kv_type=i8 impl=ocl iters=60 warmup=10 bufs=4
[1;30mGPU_Debug: [1;34mexecution_config.cpp:[1;35m233:[1;36moperator (): [0m[Warning] BY_CHANNEL quant mode is not supported for cache rotation yet. Switching to BY_TOKEN mode.
[1;30mGPU_Debug: [1;34mexecution_config.cpp:[1;35m233:[1;36moperator (): [0m[Warning] BY_CHANNEL quant mode is not supported for cache rotation yet. Switching to BY_TOKEN mode.
KV cache key type=i8 shape=[?,8,128,20]
KV cache val type=i8 shape=[?,8,16,132]
Resolved KC shape: [128,8,128,20]
Median_ms: 4.8239
Min_ms: 4.2978
Avg_ms: 4.78666
GFLOPS: 14941.2
BW_GBs: 9.56432
AI: 1562.18
TotalFLOPs: 7.20749e+10
TotalBytes: 4.61373e+07
Total Enqueues: 823


Device Performance Timing Results for Intel(R) Arc(TM) B390 GPU (96CUs, 2400MHz):

Total Time (ns): 280609048

                                   Function Name,  Calls,     Time (ns), Time (%),  Average (ns),      Min (ns),      Max (ns)
                      clEnqueueMemFillINTEL( H ),      1,         92708,    0.03%,         92708,         92708,         92708
                    clEnqueueMemcpyINTEL( HtoH ),     52,      19964090,    7.11%,        383924,        363489,        416197
                    clEnqueueMemcpyINTEL( MtoD ),    490,      92840304,   33.09%,        189470,           989,       1197031
                    clEnqueueMemcpyINTEL( MtoH ),    140,        191693,    0.07%,          1369,           989,          4010
pa_kv_cache_update_ref__10292547650165516455__sa,     70,       7958513,    2.84%,        113693,        106354,        223437
    sdpa_micro__prefill_10292547650165516455__sa,     70,     159561740,   56.86%,       2279453,       2256458,       2381562
CLIntercept is shutting down...
... shutdown complete.
