-=-=-=-=-=-=-=-=-=-=-=-=-=-=-=-=-=-=-=-=-=-=-=-=-=-=-=-=-=-=-=-=
CLIntercept (64-bit) is loading...
CLIntercept file location: C:\Users\Local_Admin\Downloads\clintercept-3.0.6-win64\Release\opencl.dll
CLIntercept URL: https://github.com/intel/opencl-intercept-layer
CLIntercept git description: v3.0.6
CLIntercept git refspec: 
CLIntercept git hash: 1c86da258a3de21c88abb8d81953febcef50991f
CLIntercept optional features:
    cliloader(supported)
    cliprof(supported)
    kernel overrides(supported)
    ITT tracing(NOT supported)
    MDAPI(supported)
    Demangling(NOT supported)
    clock(steady_clock)
CLIntercept environment variable prefix: CLI_
CLIntercept registry key: SOFTWARE\INTEL\IGFX\CLINTERCEPT
Trying to load dispatch from: real_opencl.dll
Couldn't get exported function pointer to: clGetGLContextInfoKHR
... success!
Control ReportToStderr is set to non-default value: true
Control DevicePerformanceTiming is set to non-default value: true
Timer Started!
... loading complete.
Total Enqueues: 0

=== PA Benchmark ===
NH=32 NKV=8 HD=128
Mode=prefill S_q=8192 S_kv=0 blocks=512 kv_type=i8 impl=ocl iters=25 warmup=5 bufs=2
[1;30mGPU_Debug: [1;34mexecution_config.cpp:[1;35m233:[1;36moperator (): [0m[Warning] BY_CHANNEL quant mode is not supported for cache rotation yet. Switching to BY_TOKEN mode.
[1;30mGPU_Debug: [1;34mexecution_config.cpp:[1;35m233:[1;36moperator (): [0m[Warning] BY_CHANNEL quant mode is not supported for cache rotation yet. Switching to BY_TOKEN mode.
KV cache key type=i8 shape=[?,8,128,20]
KV cache val type=i8 shape=[?,8,16,132]
Resolved KC shape: [512,8,128,20]
Median_ms: 41.9317
Min_ms: 41.597
Avg_ms: 43.1153
GFLOPS: 27501.8
BW_GBs: 4.40119
AI: 6248.73
TotalFLOPs: 1.1532e+12
TotalBytes: 1.84549e+08
Total Enqueues: 345


Device Performance Timing Results for Intel(R) Arc(TM) B390 GPU (96CUs, 2400MHz):

Total Time (ns): 1268469575

                                   Function Name,  Calls,     Time (ns), Time (%),  Average (ns),      Min (ns),      Max (ns)
                      clEnqueueMemFillINTEL( H ),      1,       1066770,    0.08%,       1066770,       1066770,       1066770
                    clEnqueueMemcpyINTEL( HtoH ),     14,      38848952,    3.06%,       2774925,       2748177,       2834166
                    clEnqueueMemcpyINTEL( MtoD ),    210,     172225882,   13.58%,        820123,          1093,       3614687
                    clEnqueueMemcpyINTEL( MtoH ),     60,         94872,    0.01%,          1581,           937,          3802
pa_kv_cache_update_ref__10292547650165516455__sa,     30,      14867801,    1.17%,        495593,        468229,        830625
    sdpa_micro__prefill_10292547650165516455__sa,     30,    1041365298,   82.10%,      34712176,      34622708,      34907395
CLIntercept is shutting down...
... shutdown complete.
